[2.946s] Invoking command in '/workspace/Grounded-SAM-2': PYTHONPATH=/workspace/build/SAM-2/prefix_override:/usr/lib/python3/dist-packages/colcon_core/task/python/colcon_distutils_commands:/workspace/install/SAM-2/lib/python3.10/site-packages:${PYTHONPATH} /usr/bin/python3 -W ignore:setup.py install is deprecated -W ignore:easy_install command is deprecated setup.py egg_info --egg-base ../build/SAM-2 build --build-base /workspace/build/SAM-2/build install --record /workspace/build/SAM-2/install.log --single-version-externally-managed
[4.363s] running egg_info
[4.363s] writing ../build/SAM-2/SAM_2.egg-info/PKG-INFO
[4.363s] writing dependency_links to ../build/SAM-2/SAM_2.egg-info/dependency_links.txt
[4.363s] writing requirements to ../build/SAM-2/SAM_2.egg-info/requires.txt
[4.363s] writing top-level names to ../build/SAM-2/SAM_2.egg-info/top_level.txt
[4.420s] /usr/local/lib/python3.10/dist-packages/torch/utils/cpp_extension.py:499: UserWarning: Attempted to use ninja as the BuildExtension backend but we could not find ninja.. Falling back to using the slow distutils backend.
[4.420s]   warnings.warn(msg.format('we could not find ninja.'))
[4.421s] reading manifest file '../build/SAM-2/SAM_2.egg-info/SOURCES.txt'
[4.421s] reading manifest template 'MANIFEST.in'
[4.422s] adding license file 'LICENSE'
[4.422s] adding license file 'LICENSE_cctorch'
[4.422s] adding license file 'LICENSE_groundingdino'
[4.422s] adding license file 'LICENSE_sam2'
[4.423s] writing manifest file '../build/SAM-2/SAM_2.egg-info/SOURCES.txt'
[4.423s] running build
[4.423s] running build_py
[4.427s] running build_ext
[4.432s] /usr/local/lib/python3.10/dist-packages/torch/utils/cpp_extension.py:428: UserWarning: There are no x86_64-linux-gnu-g++ version bounds defined for CUDA version 12.1
[4.432s]   warnings.warn(f'There are no {compiler_name} version bounds defined for CUDA version {cuda_str_version}')
[4.436s] running install
[4.436s] running install_lib
[4.436s] running install_egg_info
[4.436s] removing '/workspace/install/SAM-2/lib/python3.10/site-packages/SAM_2-1.0-py3.10.egg-info' (and everything under it)
[4.436s] Copying ../build/SAM-2/SAM_2.egg-info to /workspace/install/SAM-2/lib/python3.10/site-packages/SAM_2-1.0-py3.10.egg-info
[4.437s] running install_scripts
[4.450s] writing list of installed files to '/workspace/build/SAM-2/install.log'
[4.833s] Invoked command in '/workspace/Grounded-SAM-2' returned '0': PYTHONPATH=/workspace/build/SAM-2/prefix_override:/usr/lib/python3/dist-packages/colcon_core/task/python/colcon_distutils_commands:/workspace/install/SAM-2/lib/python3.10/site-packages:${PYTHONPATH} /usr/bin/python3 -W ignore:setup.py install is deprecated -W ignore:easy_install command is deprecated setup.py egg_info --egg-base ../build/SAM-2 build --build-base /workspace/build/SAM-2/build install --record /workspace/build/SAM-2/install.log --single-version-externally-managed
