running egg_info
writing ../build/SAM-2/SAM_2.egg-info/PKG-INFO
writing dependency_links to ../build/SAM-2/SAM_2.egg-info/dependency_links.txt
writing requirements to ../build/SAM-2/SAM_2.egg-info/requires.txt
writing top-level names to ../build/SAM-2/SAM_2.egg-info/top_level.txt
/usr/local/lib/python3.10/dist-packages/torch/utils/cpp_extension.py:499: UserWarning: Attempted to use ninja as the BuildExtension backend but we could not find ninja.. Falling back to using the slow distutils backend.
  warnings.warn(msg.format('we could not find ninja.'))
reading manifest file '../build/SAM-2/SAM_2.egg-info/SOURCES.txt'
reading manifest template 'MANIFEST.in'
adding license file 'LICENSE'
adding license file 'LICENSE_cctorch'
adding license file 'LICENSE_groundingdino'
adding license file 'LICENSE_sam2'
writing manifest file '../build/SAM-2/SAM_2.egg-info/SOURCES.txt'
running build
running build_py
running build_ext
/usr/local/lib/python3.10/dist-packages/torch/utils/cpp_extension.py:428: UserWarning: There are no x86_64-linux-gnu-g++ version bounds defined for CUDA version 12.1
  warnings.warn(f'There are no {compiler_name} version bounds defined for CUDA version {cuda_str_version}')
running install
running install_lib
creating /workspace/install/SAM-2/lib/python3.10/site-packages/sam2
copying /workspace/build/SAM-2/build/lib.linux-x86_64-3.10/sam2/build_sam.py -> /workspace/install/SAM-2/lib/python3.10/site-packages/sam2
copying /workspace/build/SAM-2/build/lib.linux-x86_64-3.10/sam2/_C.so -> /workspace/install/SAM-2/lib/python3.10/site-packages/sam2
creating /workspace/install/SAM-2/lib/python3.10/site-packages/sam2/utils
copying /workspace/build/SAM-2/build/lib.linux-x86_64-3.10/sam2/utils/misc.py -> /workspace/install/SAM-2/lib/python3.10/site-packages/sam2/utils
copying /workspace/build/SAM-2/build/lib.linux-x86_64-3.10/sam2/utils/amg.py -> /workspace/install/SAM-2/lib/python3.10/site-packages/sam2/utils
copying /workspace/build/SAM-2/build/lib.linux-x86_64-3.10/sam2/utils/transforms.py -> /workspace/install/SAM-2/lib/python3.10/site-packages/sam2/utils
copying /workspace/build/SAM-2/build/lib.linux-x86_64-3.10/sam2/utils/__init__.py -> /workspace/install/SAM-2/lib/python3.10/site-packages/sam2/utils
creating /workspace/install/SAM-2/lib/python3.10/site-packages/sam2/modeling
copying /workspace/build/SAM-2/build/lib.linux-x86_64-3.10/sam2/modeling/memory_encoder.py -> /workspace/install/SAM-2/lib/python3.10/site-packages/sam2/modeling
creating /workspace/install/SAM-2/lib/python3.10/site-packages/sam2/modeling/sam
copying /workspace/build/SAM-2/build/lib.linux-x86_64-3.10/sam2/modeling/sam/prompt_encoder.py -> /workspace/install/SAM-2/lib/python3.10/site-packages/sam2/modeling/sam
copying /workspace/build/SAM-2/build/lib.linux-x86_64-3.10/sam2/modeling/sam/transformer.py -> /workspace/install/SAM-2/lib/python3.10/site-packages/sam2/modeling/sam
copying /workspace/build/SAM-2/build/lib.linux-x86_64-3.10/sam2/modeling/sam/mask_decoder.py -> /workspace/install/SAM-2/lib/python3.10/site-packages/sam2/modeling/sam
copying /workspace/build/SAM-2/build/lib.linux-x86_64-3.10/sam2/modeling/sam/__init__.py -> /workspace/install/SAM-2/lib/python3.10/site-packages/sam2/modeling/sam
copying /workspace/build/SAM-2/build/lib.linux-x86_64-3.10/sam2/modeling/position_encoding.py -> /workspace/install/SAM-2/lib/python3.10/site-packages/sam2/modeling
copying /workspace/build/SAM-2/build/lib.linux-x86_64-3.10/sam2/modeling/sam2_base.py -> /workspace/install/SAM-2/lib/python3.10/site-packages/sam2/modeling
copying /workspace/build/SAM-2/build/lib.linux-x86_64-3.10/sam2/modeling/sam2_utils.py -> /workspace/install/SAM-2/lib/python3.10/site-packages/sam2/modeling
copying /workspace/build/SAM-2/build/lib.linux-x86_64-3.10/sam2/modeling/memory_attention.py -> /workspace/install/SAM-2/lib/python3.10/site-packages/sam2/modeling
creating /workspace/install/SAM-2/lib/python3.10/site-packages/sam2/modeling/backbones
copying /workspace/build/SAM-2/build/lib.linux-x86_64-3.10/sam2/modeling/backbones/image_encoder.py -> /workspace/install/SAM-2/lib/python3.10/site-packages/sam2/modeling/backbones
copying /workspace/build/SAM-2/build/lib.linux-x86_64-3.10/sam2/modeling/backbones/utils.py -> /workspace/install/SAM-2/lib/python3.10/site-packages/sam2/modeling/backbones
copying /workspace/build/SAM-2/build/lib.linux-x86_64-3.10/sam2/modeling/backbones/hieradet.py -> /workspace/install/SAM-2/lib/python3.10/site-packages/sam2/modeling/backbones
copying /workspace/build/SAM-2/build/lib.linux-x86_64-3.10/sam2/modeling/backbones/__init__.py -> /workspace/install/SAM-2/lib/python3.10/site-packages/sam2/modeling/backbones
copying /workspace/build/SAM-2/build/lib.linux-x86_64-3.10/sam2/modeling/__init__.py -> /workspace/install/SAM-2/lib/python3.10/site-packages/sam2/modeling
copying /workspace/build/SAM-2/build/lib.linux-x86_64-3.10/sam2/sam2_image_predictor.py -> /workspace/install/SAM-2/lib/python3.10/site-packages/sam2
copying /workspace/build/SAM-2/build/lib.linux-x86_64-3.10/sam2/sam2_hiera_b+.yaml -> /workspace/install/SAM-2/lib/python3.10/site-packages/sam2
copying /workspace/build/SAM-2/build/lib.linux-x86_64-3.10/sam2/sam2_hiera_s.yaml -> /workspace/install/SAM-2/lib/python3.10/site-packages/sam2
creating /workspace/install/SAM-2/lib/python3.10/site-packages/sam2/configs
creating /workspace/install/SAM-2/lib/python3.10/site-packages/sam2/configs/sam2.1_training
copying /workspace/build/SAM-2/build/lib.linux-x86_64-3.10/sam2/configs/sam2.1_training/sam2.1_hiera_b+_MOSE_finetune.yaml -> /workspace/install/SAM-2/lib/python3.10/site-packages/sam2/configs/sam2.1_training
creating /workspace/install/SAM-2/lib/python3.10/site-packages/sam2/configs/sam2
copying /workspace/build/SAM-2/build/lib.linux-x86_64-3.10/sam2/configs/sam2/sam2_hiera_b+.yaml -> /workspace/install/SAM-2/lib/python3.10/site-packages/sam2/configs/sam2
copying /workspace/build/SAM-2/build/lib.linux-x86_64-3.10/sam2/configs/sam2/sam2_hiera_s.yaml -> /workspace/install/SAM-2/lib/python3.10/site-packages/sam2/configs/sam2
copying /workspace/build/SAM-2/build/lib.linux-x86_64-3.10/sam2/configs/sam2/sam2_hiera_t.yaml -> /workspace/install/SAM-2/lib/python3.10/site-packages/sam2/configs/sam2
copying /workspace/build/SAM-2/build/lib.linux-x86_64-3.10/sam2/configs/sam2/sam2_hiera_l.yaml -> /workspace/install/SAM-2/lib/python3.10/site-packages/sam2/configs/sam2
creating /workspace/install/SAM-2/lib/python3.10/site-packages/sam2/configs/sam2.1
copying /workspace/build/SAM-2/build/lib.linux-x86_64-3.10/sam2/configs/sam2.1/sam2.1_hiera_t.yaml -> /workspace/install/SAM-2/lib/python3.10/site-packages/sam2/configs/sam2.1
copying /workspace/build/SAM-2/build/lib.linux-x86_64-3.10/sam2/configs/sam2.1/sam2.1_hiera_l.yaml -> /workspace/install/SAM-2/lib/python3.10/site-packages/sam2/configs/sam2.1
copying /workspace/build/SAM-2/build/lib.linux-x86_64-3.10/sam2/configs/sam2.1/sam2.1_hiera_b+.yaml -> /workspace/install/SAM-2/lib/python3.10/site-packages/sam2/configs/sam2.1
copying /workspace/build/SAM-2/build/lib.linux-x86_64-3.10/sam2/configs/sam2.1/sam2.1_hiera_s.yaml -> /workspace/install/SAM-2/lib/python3.10/site-packages/sam2/configs/sam2.1
creating /workspace/install/SAM-2/lib/python3.10/site-packages/sam2/csrc
copying /workspace/build/SAM-2/build/lib.linux-x86_64-3.10/sam2/csrc/connected_components.cu -> /workspace/install/SAM-2/lib/python3.10/site-packages/sam2/csrc
copying /workspace/build/SAM-2/build/lib.linux-x86_64-3.10/sam2/sam2_video_predictor.py -> /workspace/install/SAM-2/lib/python3.10/site-packages/sam2
copying /workspace/build/SAM-2/build/lib.linux-x86_64-3.10/sam2/__init__.py -> /workspace/install/SAM-2/lib/python3.10/site-packages/sam2
copying /workspace/build/SAM-2/build/lib.linux-x86_64-3.10/sam2/automatic_mask_generator.py -> /workspace/install/SAM-2/lib/python3.10/site-packages/sam2
copying /workspace/build/SAM-2/build/lib.linux-x86_64-3.10/sam2/sam2_hiera_t.yaml -> /workspace/install/SAM-2/lib/python3.10/site-packages/sam2
copying /workspace/build/SAM-2/build/lib.linux-x86_64-3.10/sam2/sam2_hiera_l.yaml -> /workspace/install/SAM-2/lib/python3.10/site-packages/sam2
creating /workspace/install/SAM-2/lib/python3.10/site-packages/training
creating /workspace/install/SAM-2/lib/python3.10/site-packages/training/dataset
copying /workspace/build/SAM-2/build/lib.linux-x86_64-3.10/training/dataset/vos_dataset.py -> /workspace/install/SAM-2/lib/python3.10/site-packages/training/dataset
copying /workspace/build/SAM-2/build/lib.linux-x86_64-3.10/training/dataset/utils.py -> /workspace/install/SAM-2/lib/python3.10/site-packages/training/dataset
copying /workspace/build/SAM-2/build/lib.linux-x86_64-3.10/training/dataset/sam2_datasets.py -> /workspace/install/SAM-2/lib/python3.10/site-packages/training/dataset
copying /workspace/build/SAM-2/build/lib.linux-x86_64-3.10/training/dataset/vos_raw_dataset.py -> /workspace/install/SAM-2/lib/python3.10/site-packages/training/dataset
copying /workspace/build/SAM-2/build/lib.linux-x86_64-3.10/training/dataset/vos_sampler.py -> /workspace/install/SAM-2/lib/python3.10/site-packages/training/dataset
copying /workspace/build/SAM-2/build/lib.linux-x86_64-3.10/training/dataset/vos_segment_loader.py -> /workspace/install/SAM-2/lib/python3.10/site-packages/training/dataset
copying /workspace/build/SAM-2/build/lib.linux-x86_64-3.10/training/dataset/transforms.py -> /workspace/install/SAM-2/lib/python3.10/site-packages/training/dataset
copying /workspace/build/SAM-2/build/lib.linux-x86_64-3.10/training/dataset/__init__.py -> /workspace/install/SAM-2/lib/python3.10/site-packages/training/dataset
creating /workspace/install/SAM-2/lib/python3.10/site-packages/training/utils
copying /workspace/build/SAM-2/build/lib.linux-x86_64-3.10/training/utils/data_utils.py -> /workspace/install/SAM-2/lib/python3.10/site-packages/training/utils
copying /workspace/build/SAM-2/build/lib.linux-x86_64-3.10/training/utils/train_utils.py -> /workspace/install/SAM-2/lib/python3.10/site-packages/training/utils
copying /workspace/build/SAM-2/build/lib.linux-x86_64-3.10/training/utils/checkpoint_utils.py -> /workspace/install/SAM-2/lib/python3.10/site-packages/training/utils
copying /workspace/build/SAM-2/build/lib.linux-x86_64-3.10/training/utils/logger.py -> /workspace/install/SAM-2/lib/python3.10/site-packages/training/utils
copying /workspace/build/SAM-2/build/lib.linux-x86_64-3.10/training/utils/__init__.py -> /workspace/install/SAM-2/lib/python3.10/site-packages/training/utils
copying /workspace/build/SAM-2/build/lib.linux-x86_64-3.10/training/utils/distributed.py -> /workspace/install/SAM-2/lib/python3.10/site-packages/training/utils
copying /workspace/build/SAM-2/build/lib.linux-x86_64-3.10/training/optimizer.py -> /workspace/install/SAM-2/lib/python3.10/site-packages/training
creating /workspace/install/SAM-2/lib/python3.10/site-packages/training/model
copying /workspace/build/SAM-2/build/lib.linux-x86_64-3.10/training/model/__init__.py -> /workspace/install/SAM-2/lib/python3.10/site-packages/training/model
copying /workspace/build/SAM-2/build/lib.linux-x86_64-3.10/training/model/sam2.py -> /workspace/install/SAM-2/lib/python3.10/site-packages/training/model
copying /workspace/build/SAM-2/build/lib.linux-x86_64-3.10/training/trainer.py -> /workspace/install/SAM-2/lib/python3.10/site-packages/training
copying /workspace/build/SAM-2/build/lib.linux-x86_64-3.10/training/train.py -> /workspace/install/SAM-2/lib/python3.10/site-packages/training
copying /workspace/build/SAM-2/build/lib.linux-x86_64-3.10/training/loss_fns.py -> /workspace/install/SAM-2/lib/python3.10/site-packages/training
copying /workspace/build/SAM-2/build/lib.linux-x86_64-3.10/training/__init__.py -> /workspace/install/SAM-2/lib/python3.10/site-packages/training
byte-compiling /workspace/install/SAM-2/lib/python3.10/site-packages/sam2/build_sam.py to build_sam.cpython-310.pyc
byte-compiling /workspace/install/SAM-2/lib/python3.10/site-packages/sam2/utils/misc.py to misc.cpython-310.pyc
byte-compiling /workspace/install/SAM-2/lib/python3.10/site-packages/sam2/utils/amg.py to amg.cpython-310.pyc
byte-compiling /workspace/install/SAM-2/lib/python3.10/site-packages/sam2/utils/transforms.py to transforms.cpython-310.pyc
byte-compiling /workspace/install/SAM-2/lib/python3.10/site-packages/sam2/utils/__init__.py to __init__.cpython-310.pyc
byte-compiling /workspace/install/SAM-2/lib/python3.10/site-packages/sam2/modeling/memory_encoder.py to memory_encoder.cpython-310.pyc
byte-compiling /workspace/install/SAM-2/lib/python3.10/site-packages/sam2/modeling/sam/prompt_encoder.py to prompt_encoder.cpython-310.pyc
byte-compiling /workspace/install/SAM-2/lib/python3.10/site-packages/sam2/modeling/sam/transformer.py to transformer.cpython-310.pyc
byte-compiling /workspace/install/SAM-2/lib/python3.10/site-packages/sam2/modeling/sam/mask_decoder.py to mask_decoder.cpython-310.pyc
byte-compiling /workspace/install/SAM-2/lib/python3.10/site-packages/sam2/modeling/sam/__init__.py to __init__.cpython-310.pyc
byte-compiling /workspace/install/SAM-2/lib/python3.10/site-packages/sam2/modeling/position_encoding.py to position_encoding.cpython-310.pyc
byte-compiling /workspace/install/SAM-2/lib/python3.10/site-packages/sam2/modeling/sam2_base.py to sam2_base.cpython-310.pyc
byte-compiling /workspace/install/SAM-2/lib/python3.10/site-packages/sam2/modeling/sam2_utils.py to sam2_utils.cpython-310.pyc
byte-compiling /workspace/install/SAM-2/lib/python3.10/site-packages/sam2/modeling/memory_attention.py to memory_attention.cpython-310.pyc
byte-compiling /workspace/install/SAM-2/lib/python3.10/site-packages/sam2/modeling/backbones/image_encoder.py to image_encoder.cpython-310.pyc
byte-compiling /workspace/install/SAM-2/lib/python3.10/site-packages/sam2/modeling/backbones/utils.py to utils.cpython-310.pyc
byte-compiling /workspace/install/SAM-2/lib/python3.10/site-packages/sam2/modeling/backbones/hieradet.py to hieradet.cpython-310.pyc
byte-compiling /workspace/install/SAM-2/lib/python3.10/site-packages/sam2/modeling/backbones/__init__.py to __init__.cpython-310.pyc
byte-compiling /workspace/install/SAM-2/lib/python3.10/site-packages/sam2/modeling/__init__.py to __init__.cpython-310.pyc
byte-compiling /workspace/install/SAM-2/lib/python3.10/site-packages/sam2/sam2_image_predictor.py to sam2_image_predictor.cpython-310.pyc
byte-compiling /workspace/install/SAM-2/lib/python3.10/site-packages/sam2/sam2_video_predictor.py to sam2_video_predictor.cpython-310.pyc
byte-compiling /workspace/install/SAM-2/lib/python3.10/site-packages/sam2/__init__.py to __init__.cpython-310.pyc
byte-compiling /workspace/install/SAM-2/lib/python3.10/site-packages/sam2/automatic_mask_generator.py to automatic_mask_generator.cpython-310.pyc
byte-compiling /workspace/install/SAM-2/lib/python3.10/site-packages/training/dataset/vos_dataset.py to vos_dataset.cpython-310.pyc
byte-compiling /workspace/install/SAM-2/lib/python3.10/site-packages/training/dataset/utils.py to utils.cpython-310.pyc
byte-compiling /workspace/install/SAM-2/lib/python3.10/site-packages/training/dataset/sam2_datasets.py to sam2_datasets.cpython-310.pyc
byte-compiling /workspace/install/SAM-2/lib/python3.10/site-packages/training/dataset/vos_raw_dataset.py to vos_raw_dataset.cpython-310.pyc
byte-compiling /workspace/install/SAM-2/lib/python3.10/site-packages/training/dataset/vos_sampler.py to vos_sampler.cpython-310.pyc
byte-compiling /workspace/install/SAM-2/lib/python3.10/site-packages/training/dataset/vos_segment_loader.py to vos_segment_loader.cpython-310.pyc
byte-compiling /workspace/install/SAM-2/lib/python3.10/site-packages/training/dataset/transforms.py to transforms.cpython-310.pyc
byte-compiling /workspace/install/SAM-2/lib/python3.10/site-packages/training/dataset/__init__.py to __init__.cpython-310.pyc
byte-compiling /workspace/install/SAM-2/lib/python3.10/site-packages/training/utils/data_utils.py to data_utils.cpython-310.pyc
byte-compiling /workspace/install/SAM-2/lib/python3.10/site-packages/training/utils/train_utils.py to train_utils.cpython-310.pyc
byte-compiling /workspace/install/SAM-2/lib/python3.10/site-packages/training/utils/checkpoint_utils.py to checkpoint_utils.cpython-310.pyc
byte-compiling /workspace/install/SAM-2/lib/python3.10/site-packages/training/utils/logger.py to logger.cpython-310.pyc
byte-compiling /workspace/install/SAM-2/lib/python3.10/site-packages/training/utils/__init__.py to __init__.cpython-310.pyc
byte-compiling /workspace/install/SAM-2/lib/python3.10/site-packages/training/utils/distributed.py to distributed.cpython-310.pyc
byte-compiling /workspace/install/SAM-2/lib/python3.10/site-packages/training/optimizer.py to optimizer.cpython-310.pyc
byte-compiling /workspace/install/SAM-2/lib/python3.10/site-packages/training/model/__init__.py to __init__.cpython-310.pyc
byte-compiling /workspace/install/SAM-2/lib/python3.10/site-packages/training/model/sam2.py to sam2.cpython-310.pyc
byte-compiling /workspace/install/SAM-2/lib/python3.10/site-packages/training/trainer.py to trainer.cpython-310.pyc
byte-compiling /workspace/install/SAM-2/lib/python3.10/site-packages/training/train.py to train.cpython-310.pyc
byte-compiling /workspace/install/SAM-2/lib/python3.10/site-packages/training/loss_fns.py to loss_fns.cpython-310.pyc
byte-compiling /workspace/install/SAM-2/lib/python3.10/site-packages/training/__init__.py to __init__.cpython-310.pyc
running install_egg_info
Copying ../build/SAM-2/SAM_2.egg-info to /workspace/install/SAM-2/lib/python3.10/site-packages/SAM_2-1.0-py3.10.egg-info
running install_scripts
writing list of installed files to '/workspace/build/SAM-2/install.log'
