[2.438s] Invoking command in '/workspace/Grounded-SAM-2': PYTHONPATH=/workspace/build/SAM-2/prefix_override:/usr/lib/python3/dist-packages/colcon_core/task/python/colcon_distutils_commands:/workspace/install/SAM-2/lib/python3.10/site-packages:${PYTHONPATH} /usr/bin/python3 -W ignore:setup.py install is deprecated -W ignore:easy_install command is deprecated setup.py egg_info --egg-base ../build/SAM-2 build --build-base /workspace/build/SAM-2/build install --record /workspace/build/SAM-2/install.log --single-version-externally-managed
[3.412s] running egg_info
[3.412s] writing ../build/SAM-2/SAM_2.egg-info/PKG-INFO
[3.412s] writing dependency_links to ../build/SAM-2/SAM_2.egg-info/dependency_links.txt
[3.412s] writing requirements to ../build/SAM-2/SAM_2.egg-info/requires.txt
[3.412s] writing top-level names to ../build/SAM-2/SAM_2.egg-info/top_level.txt
[3.451s] /usr/local/lib/python3.10/dist-packages/torch/utils/cpp_extension.py:499: UserWarning: Attempted to use ninja as the BuildExtension backend but we could not find ninja.. Falling back to using the slow distutils backend.
[3.451s]   warnings.warn(msg.format('we could not find ninja.'))
[3.451s] reading manifest file '../build/SAM-2/SAM_2.egg-info/SOURCES.txt'
[3.452s] reading manifest template 'MANIFEST.in'
[3.452s] adding license file 'LICENSE'
[3.452s] adding license file 'LICENSE_cctorch'
[3.452s] adding license file 'LICENSE_groundingdino'
[3.452s] adding license file 'LICENSE_sam2'
[3.452s] writing manifest file '../build/SAM-2/SAM_2.egg-info/SOURCES.txt'
[3.453s] running build
[3.453s] running build_py
[3.454s] running build_ext
[3.458s] /usr/local/lib/python3.10/dist-packages/torch/utils/cpp_extension.py:428: UserWarning: There are no x86_64-linux-gnu-g++ version bounds defined for CUDA version 12.1
[3.459s]   warnings.warn(f'There are no {compiler_name} version bounds defined for CUDA version {cuda_str_version}')
[3.459s] running install
[3.459s] running install_lib
[3.461s] running install_egg_info
[3.461s] removing '/workspace/install/SAM-2/lib/python3.10/site-packages/SAM_2-1.0-py3.10.egg-info' (and everything under it)
[3.461s] Copying ../build/SAM-2/SAM_2.egg-info to /workspace/install/SAM-2/lib/python3.10/site-packages/SAM_2-1.0-py3.10.egg-info
[3.462s] running install_scripts
[3.466s] writing list of installed files to '/workspace/build/SAM-2/install.log'
[3.690s] Invoked command in '/workspace/Grounded-SAM-2' returned '0': PYTHONPATH=/workspace/build/SAM-2/prefix_override:/usr/lib/python3/dist-packages/colcon_core/task/python/colcon_distutils_commands:/workspace/install/SAM-2/lib/python3.10/site-packages:${PYTHONPATH} /usr/bin/python3 -W ignore:setup.py install is deprecated -W ignore:easy_install command is deprecated setup.py egg_info --egg-base ../build/SAM-2 build --build-base /workspace/build/SAM-2/build install --record /workspace/build/SAM-2/install.log --single-version-externally-managed
