[1.410s] Invoking command in '/workspace/build/tm_robot_if': CMAKE_PREFIX_PATH=${CMAKE_PREFIX_PATH}:/workspace/install/groundedsam2:/opt/ros/humble /usr/bin/cmake --build /workspace/build/tm_robot_if -- -j24 -l24
[1.432s] -- Found ament_cmake: 1.3.12 (/opt/ros/humble/share/ament_cmake/cmake)
[1.528s] -- Found sensor_msgs: 4.9.0 (/opt/ros/humble/share/sensor_msgs/cmake)
[1.554s] -- Found rosidl_generator_c: 3.1.7 (/opt/ros/humble/share/rosidl_generator_c/cmake)
[1.556s] -- Found rosidl_adapter: 3.1.7 (/opt/ros/humble/share/rosidl_adapter/cmake)
[1.561s] -- Found rosidl_generator_cpp: 3.1.7 (/opt/ros/humble/share/rosidl_generator_cpp/cmake)
[1.572s] -- Using all available rosidl_typesupport_c: rosidl_typesupport_fastrtps_c;rosidl_typesupport_introspection_c
[1.581s] -- Using all available rosidl_typesupport_cpp: rosidl_typesupport_fastrtps_cpp;rosidl_typesupport_introspection_cpp
[1.629s] -- Found rosidl_default_generators: 1.2.0 (/opt/ros/humble/share/rosidl_default_generators/cmake)
[1.867s] -- Found ament_cmake_ros: 0.10.0 (/opt/ros/humble/share/ament_cmake_ros/cmake)
[2.173s] -- Using all available rosidl_typesupport_c: rosidl_typesupport_fastrtps_c;rosidl_typesupport_introspection_c
[2.280s] -- Using all available rosidl_typesupport_cpp: rosidl_typesupport_fastrtps_cpp;rosidl_typesupport_introspection_cpp
[2.295s] -- Found python_cmake_module: 0.10.0 (/opt/ros/humble/share/python_cmake_module/cmake)
[2.310s] -- Using PYTHON_EXECUTABLE: /usr/bin/python3
[2.310s] -- Using PYTHON_INCLUDE_DIRS: /usr/include/python3.10
[2.310s] -- Using PYTHON_LIBRARIES: /usr/lib/x86_64-linux-gnu/libpython3.10.so
[2.335s] -- Found ament_lint_auto: 0.12.14 (/opt/ros/humble/share/ament_lint_auto/cmake)
[2.344s] -- Added test 'lint_cmake' to check CMake code style
[2.345s] -- Added test 'xmllint' to check XML markup files
[2.346s] -- Configuring done
[2.374s] -- Generating done
[2.380s] -- Build files have been written to: /workspace/build/tm_robot_if
[2.397s] [  3%] [34m[1mGenerating C code for ROS interfaces[0m
[2.403s] [  6%] [34m[1mGenerating C++ code for ROS interfaces[0m
[2.408s] [  6%] Built target ament_cmake_python_copy_tm_robot_if
[2.528s] running egg_info
[2.529s] writing tm_robot_if.egg-info/PKG-INFO
[2.529s] writing dependency_links to tm_robot_if.egg-info/dependency_links.txt
[2.529s] writing top-level names to tm_robot_if.egg-info/top_level.txt
[2.530s] reading manifest file 'tm_robot_if.egg-info/SOURCES.txt'
[2.530s] writing manifest file 'tm_robot_if.egg-info/SOURCES.txt'
[2.552s] [  6%] Built target ament_cmake_python_build_tm_robot_if_egg
[2.563s] [  6%] Built target tm_robot_if__cpp
[2.570s] [  9%] [34m[1mGenerating C++ type support dispatch for ROS interfaces[0m
[2.571s] [ 16%] [34m[1mGenerating C++ type support for eProsima Fast-RTPS[0m
[2.571s] [ 16%] [34m[1mGenerating C++ introspection for ROS interfaces[0m
[2.571s] [35m[1mConsolidate compiler generated dependencies of target tm_robot_if__rosidl_generator_c[0m
[2.582s] [ 19%] [32mBuilding C object CMakeFiles/tm_robot_if__rosidl_generator_c.dir/rosidl_generator_c/tm_robot_if/srv/detail/grounded_sam2_interface__functions.c.o[0m
[2.670s] [ 22%] [32m[1mLinking C shared library libtm_robot_if__rosidl_generator_c.so[0m
[2.703s] [35m[1mConsolidate compiler generated dependencies of target tm_robot_if__rosidl_typesupport_cpp[0m
[2.707s] [ 22%] Built target tm_robot_if__rosidl_generator_c
[2.711s] [ 25%] [32mBuilding CXX object CMakeFiles/tm_robot_if__rosidl_typesupport_cpp.dir/rosidl_typesupport_cpp/tm_robot_if/srv/grounded_sam2_interface__type_support.cpp.o[0m
[2.716s] [ 32%] [34m[1mGenerating C introspection for ROS interfaces[0m
[2.716s] [ 32%] [34m[1mGenerating C type support for eProsima Fast-RTPS[0m
[2.716s] [ 35%] [34m[1mGenerating C type support dispatch for ROS interfaces[0m
[2.733s] [35m[1mConsolidate compiler generated dependencies of target tm_robot_if__rosidl_typesupport_fastrtps_cpp[0m
[2.745s] [ 38%] [32mBuilding CXX object CMakeFiles/tm_robot_if__rosidl_typesupport_fastrtps_cpp.dir/rosidl_typesupport_fastrtps_cpp/tm_robot_if/srv/detail/dds_fastrtps/grounded_sam2_interface__type_support.cpp.o[0m
[2.770s] [35m[1mConsolidate compiler generated dependencies of target tm_robot_if__rosidl_typesupport_introspection_cpp[0m
[2.781s] [ 41%] [32mBuilding CXX object CMakeFiles/tm_robot_if__rosidl_typesupport_introspection_cpp.dir/rosidl_typesupport_introspection_cpp/tm_robot_if/srv/detail/grounded_sam2_interface__type_support.cpp.o[0m
[2.863s] [35m[1mConsolidate compiler generated dependencies of target tm_robot_if__rosidl_typesupport_c[0m
[2.872s] [ 45%] [32mBuilding CXX object CMakeFiles/tm_robot_if__rosidl_typesupport_c.dir/rosidl_typesupport_c/tm_robot_if/srv/grounded_sam2_interface__type_support.cpp.o[0m
[2.891s] [35m[1mConsolidate compiler generated dependencies of target tm_robot_if__rosidl_typesupport_introspection_c[0m
[2.897s] [ 48%] [32m[1mLinking CXX shared library libtm_robot_if__rosidl_typesupport_c.so[0m
[2.900s] [ 51%] [32mBuilding C object CMakeFiles/tm_robot_if__rosidl_typesupport_introspection_c.dir/rosidl_typesupport_introspection_c/tm_robot_if/srv/detail/grounded_sam2_interface__type_support.c.o[0m
[2.930s] [ 54%] [32m[1mLinking C shared library libtm_robot_if__rosidl_typesupport_introspection_c.so[0m
[2.931s] [ 54%] Built target tm_robot_if__rosidl_typesupport_c
[2.946s] [35m[1mConsolidate compiler generated dependencies of target tm_robot_if__rosidl_typesupport_fastrtps_c[0m
[2.948s] [ 58%] [32m[1mLinking CXX shared library libtm_robot_if__rosidl_typesupport_cpp.so[0m
[2.953s] [ 58%] Built target tm_robot_if__rosidl_typesupport_introspection_c
[2.955s] [ 61%] [32mBuilding CXX object CMakeFiles/tm_robot_if__rosidl_typesupport_fastrtps_c.dir/rosidl_typesupport_fastrtps_c/tm_robot_if/srv/detail/grounded_sam2_interface__type_support_c.cpp.o[0m
[2.976s] [ 61%] Built target tm_robot_if__rosidl_typesupport_cpp
[3.051s] [ 64%] [32m[1mLinking CXX shared library libtm_robot_if__rosidl_typesupport_introspection_cpp.so[0m
[3.100s] [ 67%] [32m[1mLinking CXX shared library libtm_robot_if__rosidl_typesupport_fastrtps_cpp.so[0m
[3.104s] [ 67%] Built target tm_robot_if__rosidl_typesupport_introspection_cpp
[3.149s] [ 67%] Built target tm_robot_if__rosidl_typesupport_fastrtps_cpp
[3.150s] [ 70%] [32m[1mLinking CXX shared library libtm_robot_if__rosidl_typesupport_fastrtps_c.so[0m
[3.206s] [ 70%] Built target tm_robot_if__rosidl_typesupport_fastrtps_c
[3.224s] [ 70%] Built target tm_robot_if
[3.237s] [ 74%] [34m[1mGenerating Python code for ROS interfaces[0m
[3.468s] [ 74%] Built target tm_robot_if__py
[3.483s] [35m[1mConsolidate compiler generated dependencies of target tm_robot_if__rosidl_generator_py[0m
[3.498s] [ 77%] [32mBuilding C object CMakeFiles/tm_robot_if__rosidl_generator_py.dir/rosidl_generator_py/tm_robot_if/srv/_grounded_sam2_interface_s.c.o[0m
[3.653s] [ 80%] [32m[1mLinking C shared library rosidl_generator_py/tm_robot_if/libtm_robot_if__rosidl_generator_py.so[0m
[3.681s] [ 80%] Built target tm_robot_if__rosidl_generator_py
[3.688s] [35m[1mConsolidate compiler generated dependencies of target tm_robot_if__rosidl_typesupport_introspection_c__pyext[0m
[3.691s] [35m[1mConsolidate compiler generated dependencies of target tm_robot_if__rosidl_typesupport_c__pyext[0m
[3.691s] [35m[1mConsolidate compiler generated dependencies of target tm_robot_if__rosidl_typesupport_fastrtps_c__pyext[0m
[3.697s] [ 83%] [32mBuilding C object CMakeFiles/tm_robot_if__rosidl_typesupport_introspection_c__pyext.dir/rosidl_generator_py/tm_robot_if/_tm_robot_if_s.ep.rosidl_typesupport_introspection_c.c.o[0m
[3.703s] [ 90%] [32mBuilding C object CMakeFiles/tm_robot_if__rosidl_typesupport_fastrtps_c__pyext.dir/rosidl_generator_py/tm_robot_if/_tm_robot_if_s.ep.rosidl_typesupport_fastrtps_c.c.o[0m
[3.703s] [ 90%] [32mBuilding C object CMakeFiles/tm_robot_if__rosidl_typesupport_c__pyext.dir/rosidl_generator_py/tm_robot_if/_tm_robot_if_s.ep.rosidl_typesupport_c.c.o[0m
[3.776s] [ 93%] [32m[1mLinking C shared library rosidl_generator_py/tm_robot_if/tm_robot_if_s__rosidl_typesupport_c.cpython-310-x86_64-linux-gnu.so[0m
[3.782s] [ 96%] [32m[1mLinking C shared library rosidl_generator_py/tm_robot_if/tm_robot_if_s__rosidl_typesupport_introspection_c.cpython-310-x86_64-linux-gnu.so[0m
[3.794s] [100%] [32m[1mLinking C shared library rosidl_generator_py/tm_robot_if/tm_robot_if_s__rosidl_typesupport_fastrtps_c.cpython-310-x86_64-linux-gnu.so[0m
[3.811s] [100%] Built target tm_robot_if__rosidl_typesupport_c__pyext
[3.815s] [100%] Built target tm_robot_if__rosidl_typesupport_introspection_c__pyext
[3.824s] [100%] Built target tm_robot_if__rosidl_typesupport_fastrtps_c__pyext
[3.837s] Invoked command in '/workspace/build/tm_robot_if' returned '0': CMAKE_PREFIX_PATH=${CMAKE_PREFIX_PATH}:/workspace/install/groundedsam2:/opt/ros/humble /usr/bin/cmake --build /workspace/build/tm_robot_if -- -j24 -l24
[3.843s] Invoking command in '/workspace/build/tm_robot_if': CMAKE_PREFIX_PATH=${CMAKE_PREFIX_PATH}:/workspace/install/groundedsam2:/opt/ros/humble /usr/bin/cmake --install /workspace/build/tm_robot_if
[3.848s] -- Install configuration: ""
[3.848s] -- Up-to-date: /workspace/install/tm_robot_if/share/ament_index/resource_index/rosidl_interfaces/tm_robot_if
[3.848s] -- Up-to-date: /workspace/install/tm_robot_if/include/tm_robot_if/tm_robot_if
[3.848s] -- Up-to-date: /workspace/install/tm_robot_if/include/tm_robot_if/tm_robot_if/srv
[3.848s] -- Installing: /workspace/install/tm_robot_if/include/tm_robot_if/tm_robot_if/srv/grounded_sam2_interface.h
[3.848s] -- Up-to-date: /workspace/install/tm_robot_if/include/tm_robot_if/tm_robot_if/srv/detail
[3.848s] -- Installing: /workspace/install/tm_robot_if/include/tm_robot_if/tm_robot_if/srv/detail/grounded_sam2_interface__type_support.h
[3.848s] -- Installing: /workspace/install/tm_robot_if/include/tm_robot_if/tm_robot_if/srv/detail/grounded_sam2_interface__struct.h
[3.848s] -- Installing: /workspace/install/tm_robot_if/include/tm_robot_if/tm_robot_if/srv/detail/grounded_sam2_interface__functions.c
[3.848s] -- Installing: /workspace/install/tm_robot_if/include/tm_robot_if/tm_robot_if/srv/detail/grounded_sam2_interface__functions.h
[3.848s] -- Up-to-date: /workspace/install/tm_robot_if/include/tm_robot_if/tm_robot_if/msg
[3.848s] -- Up-to-date: /workspace/install/tm_robot_if/include/tm_robot_if/tm_robot_if/msg/rosidl_generator_c__visibility_control.h
[3.848s] -- Up-to-date: /workspace/install/tm_robot_if/share/tm_robot_if/environment/library_path.sh
[3.848s] -- Installing: /workspace/install/tm_robot_if/share/tm_robot_if/environment/library_path.dsv
[3.849s] -- Installing: /workspace/install/tm_robot_if/lib/libtm_robot_if__rosidl_generator_c.so
[3.849s] -- Set runtime path of "/workspace/install/tm_robot_if/lib/libtm_robot_if__rosidl_generator_c.so" to ""
[3.849s] -- Up-to-date: /workspace/install/tm_robot_if/include/tm_robot_if/tm_robot_if
[3.849s] -- Up-to-date: /workspace/install/tm_robot_if/include/tm_robot_if/tm_robot_if/srv
[3.849s] -- Up-to-date: /workspace/install/tm_robot_if/include/tm_robot_if/tm_robot_if/srv/detail
[3.849s] -- Installing: /workspace/install/tm_robot_if/include/tm_robot_if/tm_robot_if/srv/detail/grounded_sam2_interface__rosidl_typesupport_fastrtps_c.h
[3.849s] -- Up-to-date: /workspace/install/tm_robot_if/include/tm_robot_if/tm_robot_if/msg
[3.849s] -- Up-to-date: /workspace/install/tm_robot_if/include/tm_robot_if/tm_robot_if/msg/rosidl_typesupport_fastrtps_c__visibility_control.h
[3.849s] -- Installing: /workspace/install/tm_robot_if/lib/libtm_robot_if__rosidl_typesupport_fastrtps_c.so
[3.849s] -- Set runtime path of "/workspace/install/tm_robot_if/lib/libtm_robot_if__rosidl_typesupport_fastrtps_c.so" to ""
[3.849s] -- Up-to-date: /workspace/install/tm_robot_if/include/tm_robot_if/tm_robot_if
[3.849s] -- Up-to-date: /workspace/install/tm_robot_if/include/tm_robot_if/tm_robot_if/srv
[3.849s] -- Up-to-date: /workspace/install/tm_robot_if/include/tm_robot_if/tm_robot_if/srv/detail
[3.849s] -- Installing: /workspace/install/tm_robot_if/include/tm_robot_if/tm_robot_if/srv/detail/grounded_sam2_interface__traits.hpp
[3.849s] -- Installing: /workspace/install/tm_robot_if/include/tm_robot_if/tm_robot_if/srv/detail/grounded_sam2_interface__type_support.hpp
[3.849s] -- Installing: /workspace/install/tm_robot_if/include/tm_robot_if/tm_robot_if/srv/detail/grounded_sam2_interface__builder.hpp
[3.849s] -- Installing: /workspace/install/tm_robot_if/include/tm_robot_if/tm_robot_if/srv/detail/grounded_sam2_interface__struct.hpp
[3.849s] -- Installing: /workspace/install/tm_robot_if/include/tm_robot_if/tm_robot_if/srv/grounded_sam2_interface.hpp
[3.849s] -- Up-to-date: /workspace/install/tm_robot_if/include/tm_robot_if/tm_robot_if/msg
[3.849s] -- Up-to-date: /workspace/install/tm_robot_if/include/tm_robot_if/tm_robot_if/msg/rosidl_generator_cpp__visibility_control.hpp
[3.849s] -- Up-to-date: /workspace/install/tm_robot_if/include/tm_robot_if/tm_robot_if
[3.849s] -- Up-to-date: /workspace/install/tm_robot_if/include/tm_robot_if/tm_robot_if/srv
[3.849s] -- Up-to-date: /workspace/install/tm_robot_if/include/tm_robot_if/tm_robot_if/srv/detail
[3.849s] -- Up-to-date: /workspace/install/tm_robot_if/include/tm_robot_if/tm_robot_if/srv/detail/dds_fastrtps
[3.850s] -- Installing: /workspace/install/tm_robot_if/include/tm_robot_if/tm_robot_if/srv/detail/grounded_sam2_interface__rosidl_typesupport_fastrtps_cpp.hpp
[3.850s] -- Up-to-date: /workspace/install/tm_robot_if/include/tm_robot_if/tm_robot_if/msg
[3.850s] -- Up-to-date: /workspace/install/tm_robot_if/include/tm_robot_if/tm_robot_if/msg/rosidl_typesupport_fastrtps_cpp__visibility_control.h
[3.850s] -- Installing: /workspace/install/tm_robot_if/lib/libtm_robot_if__rosidl_typesupport_fastrtps_cpp.so
[3.850s] -- Set runtime path of "/workspace/install/tm_robot_if/lib/libtm_robot_if__rosidl_typesupport_fastrtps_cpp.so" to ""
[3.850s] -- Up-to-date: /workspace/install/tm_robot_if/include/tm_robot_if/tm_robot_if
[3.850s] -- Up-to-date: /workspace/install/tm_robot_if/include/tm_robot_if/tm_robot_if/srv
[3.850s] -- Up-to-date: /workspace/install/tm_robot_if/include/tm_robot_if/tm_robot_if/srv/detail
[3.850s] -- Installing: /workspace/install/tm_robot_if/include/tm_robot_if/tm_robot_if/srv/detail/grounded_sam2_interface__rosidl_typesupport_introspection_c.h
[3.850s] -- Installing: /workspace/install/tm_robot_if/include/tm_robot_if/tm_robot_if/srv/detail/grounded_sam2_interface__type_support.c
[3.850s] -- Up-to-date: /workspace/install/tm_robot_if/include/tm_robot_if/tm_robot_if/msg
[3.850s] -- Up-to-date: /workspace/install/tm_robot_if/include/tm_robot_if/tm_robot_if/msg/rosidl_typesupport_introspection_c__visibility_control.h
[3.850s] -- Installing: /workspace/install/tm_robot_if/lib/libtm_robot_if__rosidl_typesupport_introspection_c.so
[3.850s] -- Set runtime path of "/workspace/install/tm_robot_if/lib/libtm_robot_if__rosidl_typesupport_introspection_c.so" to ""
[3.850s] -- Installing: /workspace/install/tm_robot_if/lib/libtm_robot_if__rosidl_typesupport_c.so
[3.850s] -- Set runtime path of "/workspace/install/tm_robot_if/lib/libtm_robot_if__rosidl_typesupport_c.so" to ""
[3.850s] -- Up-to-date: /workspace/install/tm_robot_if/include/tm_robot_if/tm_robot_if
[3.850s] -- Up-to-date: /workspace/install/tm_robot_if/include/tm_robot_if/tm_robot_if/srv
[3.850s] -- Up-to-date: /workspace/install/tm_robot_if/include/tm_robot_if/tm_robot_if/srv/detail
[3.850s] -- Installing: /workspace/install/tm_robot_if/include/tm_robot_if/tm_robot_if/srv/detail/grounded_sam2_interface__type_support.cpp
[3.850s] -- Installing: /workspace/install/tm_robot_if/include/tm_robot_if/tm_robot_if/srv/detail/grounded_sam2_interface__rosidl_typesupport_introspection_cpp.hpp
[3.850s] -- Installing: /workspace/install/tm_robot_if/lib/libtm_robot_if__rosidl_typesupport_introspection_cpp.so
[3.851s] -- Set runtime path of "/workspace/install/tm_robot_if/lib/libtm_robot_if__rosidl_typesupport_introspection_cpp.so" to ""
[3.851s] -- Installing: /workspace/install/tm_robot_if/lib/libtm_robot_if__rosidl_typesupport_cpp.so
[3.851s] -- Set runtime path of "/workspace/install/tm_robot_if/lib/libtm_robot_if__rosidl_typesupport_cpp.so" to ""
[3.851s] -- Up-to-date: /workspace/install/tm_robot_if/share/tm_robot_if/environment/pythonpath.sh
[3.851s] -- Installing: /workspace/install/tm_robot_if/share/tm_robot_if/environment/pythonpath.dsv
[3.851s] -- Up-to-date: /workspace/install/tm_robot_if/local/lib/python3.10/dist-packages/tm_robot_if-0.0.0-py3.10.egg-info
[3.851s] -- Installing: /workspace/install/tm_robot_if/local/lib/python3.10/dist-packages/tm_robot_if-0.0.0-py3.10.egg-info/top_level.txt
[3.851s] -- Installing: /workspace/install/tm_robot_if/local/lib/python3.10/dist-packages/tm_robot_if-0.0.0-py3.10.egg-info/dependency_links.txt
[3.851s] -- Installing: /workspace/install/tm_robot_if/local/lib/python3.10/dist-packages/tm_robot_if-0.0.0-py3.10.egg-info/PKG-INFO
[3.851s] -- Installing: /workspace/install/tm_robot_if/local/lib/python3.10/dist-packages/tm_robot_if-0.0.0-py3.10.egg-info/SOURCES.txt
[3.851s] -- Up-to-date: /workspace/install/tm_robot_if/local/lib/python3.10/dist-packages/tm_robot_if
[3.851s] -- Installing: /workspace/install/tm_robot_if/local/lib/python3.10/dist-packages/tm_robot_if/_tm_robot_if_s.ep.rosidl_typesupport_c.c
[3.851s] -- Installing: /workspace/install/tm_robot_if/local/lib/python3.10/dist-packages/tm_robot_if/libtm_robot_if__rosidl_generator_py.so
[3.851s] -- Up-to-date: /workspace/install/tm_robot_if/local/lib/python3.10/dist-packages/tm_robot_if/srv
[3.851s] -- Installing: /workspace/install/tm_robot_if/local/lib/python3.10/dist-packages/tm_robot_if/srv/__init__.py
[3.851s] -- Installing: /workspace/install/tm_robot_if/local/lib/python3.10/dist-packages/tm_robot_if/srv/_grounded_sam2_interface.py
[3.851s] -- Installing: /workspace/install/tm_robot_if/local/lib/python3.10/dist-packages/tm_robot_if/srv/_grounded_sam2_interface_s.c
[3.851s] -- Installing: /workspace/install/tm_robot_if/local/lib/python3.10/dist-packages/tm_robot_if/__init__.py
[3.851s] -- Installing: /workspace/install/tm_robot_if/local/lib/python3.10/dist-packages/tm_robot_if/tm_robot_if_s__rosidl_typesupport_introspection_c.cpython-310-x86_64-linux-gnu.so
[3.851s] -- Installing: /workspace/install/tm_robot_if/local/lib/python3.10/dist-packages/tm_robot_if/_tm_robot_if_s.ep.rosidl_typesupport_introspection_c.c
[3.851s] -- Installing: /workspace/install/tm_robot_if/local/lib/python3.10/dist-packages/tm_robot_if/_tm_robot_if_s.ep.rosidl_typesupport_fastrtps_c.c
[3.851s] -- Installing: /workspace/install/tm_robot_if/local/lib/python3.10/dist-packages/tm_robot_if/tm_robot_if_s__rosidl_typesupport_c.cpython-310-x86_64-linux-gnu.so
[3.851s] -- Installing: /workspace/install/tm_robot_if/local/lib/python3.10/dist-packages/tm_robot_if/tm_robot_if_s__rosidl_typesupport_fastrtps_c.cpython-310-x86_64-linux-gnu.so
[3.876s] Listing '/workspace/install/tm_robot_if/local/lib/python3.10/dist-packages/tm_robot_if'...
[3.876s] Compiling '/workspace/install/tm_robot_if/local/lib/python3.10/dist-packages/tm_robot_if/__init__.py'...
[3.876s] Listing '/workspace/install/tm_robot_if/local/lib/python3.10/dist-packages/tm_robot_if/srv'...
[3.876s] Compiling '/workspace/install/tm_robot_if/local/lib/python3.10/dist-packages/tm_robot_if/srv/__init__.py'...
[3.876s] Compiling '/workspace/install/tm_robot_if/local/lib/python3.10/dist-packages/tm_robot_if/srv/_grounded_sam2_interface.py'...
[3.881s] -- Installing: /workspace/install/tm_robot_if/local/lib/python3.10/dist-packages/tm_robot_if/tm_robot_if_s__rosidl_typesupport_fastrtps_c.cpython-310-x86_64-linux-gnu.so
[3.881s] -- Set runtime path of "/workspace/install/tm_robot_if/local/lib/python3.10/dist-packages/tm_robot_if/tm_robot_if_s__rosidl_typesupport_fastrtps_c.cpython-310-x86_64-linux-gnu.so" to ""
[3.881s] -- Installing: /workspace/install/tm_robot_if/local/lib/python3.10/dist-packages/tm_robot_if/tm_robot_if_s__rosidl_typesupport_introspection_c.cpython-310-x86_64-linux-gnu.so
[3.881s] -- Set runtime path of "/workspace/install/tm_robot_if/local/lib/python3.10/dist-packages/tm_robot_if/tm_robot_if_s__rosidl_typesupport_introspection_c.cpython-310-x86_64-linux-gnu.so" to ""
[3.881s] -- Installing: /workspace/install/tm_robot_if/local/lib/python3.10/dist-packages/tm_robot_if/tm_robot_if_s__rosidl_typesupport_c.cpython-310-x86_64-linux-gnu.so
[3.881s] -- Set runtime path of "/workspace/install/tm_robot_if/local/lib/python3.10/dist-packages/tm_robot_if/tm_robot_if_s__rosidl_typesupport_c.cpython-310-x86_64-linux-gnu.so" to ""
[3.881s] -- Installing: /workspace/install/tm_robot_if/lib/libtm_robot_if__rosidl_generator_py.so
[3.881s] -- Set runtime path of "/workspace/install/tm_robot_if/lib/libtm_robot_if__rosidl_generator_py.so" to ""
[3.881s] -- Installing: /workspace/install/tm_robot_if/share/tm_robot_if/srv/GroundedSAM2Interface.idl
[3.881s] -- Installing: /workspace/install/tm_robot_if/share/tm_robot_if/srv/GroundedSAM2Interface.srv
[3.881s] -- Up-to-date: /workspace/install/tm_robot_if/share/tm_robot_if/srv/GroundedSAM2Interface_Request.msg
[3.881s] -- Installing: /workspace/install/tm_robot_if/share/tm_robot_if/srv/GroundedSAM2Interface_Response.msg
[3.881s] -- Up-to-date: /workspace/install/tm_robot_if/share/ament_index/resource_index/package_run_dependencies/tm_robot_if
[3.881s] -- Up-to-date: /workspace/install/tm_robot_if/share/ament_index/resource_index/parent_prefix_path/tm_robot_if
[3.881s] -- Up-to-date: /workspace/install/tm_robot_if/share/tm_robot_if/environment/ament_prefix_path.sh
[3.881s] -- Installing: /workspace/install/tm_robot_if/share/tm_robot_if/environment/ament_prefix_path.dsv
[3.881s] -- Up-to-date: /workspace/install/tm_robot_if/share/tm_robot_if/environment/path.sh
[3.881s] -- Installing: /workspace/install/tm_robot_if/share/tm_robot_if/environment/path.dsv
[3.881s] -- Up-to-date: /workspace/install/tm_robot_if/share/tm_robot_if/local_setup.bash
[3.881s] -- Up-to-date: /workspace/install/tm_robot_if/share/tm_robot_if/local_setup.sh
[3.882s] -- Up-to-date: /workspace/install/tm_robot_if/share/tm_robot_if/local_setup.zsh
[3.882s] -- Installing: /workspace/install/tm_robot_if/share/tm_robot_if/local_setup.dsv
[3.882s] -- Installing: /workspace/install/tm_robot_if/share/tm_robot_if/package.dsv
[3.882s] -- Up-to-date: /workspace/install/tm_robot_if/share/ament_index/resource_index/packages/tm_robot_if
[3.882s] -- Up-to-date: /workspace/install/tm_robot_if/share/tm_robot_if/cmake/export_tm_robot_if__rosidl_generator_cExport.cmake
[3.882s] -- Up-to-date: /workspace/install/tm_robot_if/share/tm_robot_if/cmake/export_tm_robot_if__rosidl_generator_cExport-noconfig.cmake
[3.882s] -- Up-to-date: /workspace/install/tm_robot_if/share/tm_robot_if/cmake/export_tm_robot_if__rosidl_typesupport_fastrtps_cExport.cmake
[3.882s] -- Up-to-date: /workspace/install/tm_robot_if/share/tm_robot_if/cmake/export_tm_robot_if__rosidl_typesupport_fastrtps_cExport-noconfig.cmake
[3.882s] -- Up-to-date: /workspace/install/tm_robot_if/share/tm_robot_if/cmake/export_tm_robot_if__rosidl_generator_cppExport.cmake
[3.882s] -- Up-to-date: /workspace/install/tm_robot_if/share/tm_robot_if/cmake/export_tm_robot_if__rosidl_typesupport_fastrtps_cppExport.cmake
[3.882s] -- Up-to-date: /workspace/install/tm_robot_if/share/tm_robot_if/cmake/export_tm_robot_if__rosidl_typesupport_fastrtps_cppExport-noconfig.cmake
[3.882s] -- Up-to-date: /workspace/install/tm_robot_if/share/tm_robot_if/cmake/tm_robot_if__rosidl_typesupport_introspection_cExport.cmake
[3.882s] -- Up-to-date: /workspace/install/tm_robot_if/share/tm_robot_if/cmake/tm_robot_if__rosidl_typesupport_introspection_cExport-noconfig.cmake
[3.882s] -- Up-to-date: /workspace/install/tm_robot_if/share/tm_robot_if/cmake/tm_robot_if__rosidl_typesupport_cExport.cmake
[3.882s] -- Up-to-date: /workspace/install/tm_robot_if/share/tm_robot_if/cmake/tm_robot_if__rosidl_typesupport_cExport-noconfig.cmake
[3.882s] -- Up-to-date: /workspace/install/tm_robot_if/share/tm_robot_if/cmake/tm_robot_if__rosidl_typesupport_introspection_cppExport.cmake
[3.882s] -- Up-to-date: /workspace/install/tm_robot_if/share/tm_robot_if/cmake/tm_robot_if__rosidl_typesupport_introspection_cppExport-noconfig.cmake
[3.882s] -- Up-to-date: /workspace/install/tm_robot_if/share/tm_robot_if/cmake/tm_robot_if__rosidl_typesupport_cppExport.cmake
[3.882s] -- Up-to-date: /workspace/install/tm_robot_if/share/tm_robot_if/cmake/tm_robot_if__rosidl_typesupport_cppExport-noconfig.cmake
[3.882s] -- Up-to-date: /workspace/install/tm_robot_if/share/tm_robot_if/cmake/export_tm_robot_if__rosidl_generator_pyExport.cmake
[3.882s] -- Up-to-date: /workspace/install/tm_robot_if/share/tm_robot_if/cmake/export_tm_robot_if__rosidl_generator_pyExport-noconfig.cmake
[3.882s] -- Up-to-date: /workspace/install/tm_robot_if/share/tm_robot_if/cmake/rosidl_cmake-extras.cmake
[3.882s] -- Up-to-date: /workspace/install/tm_robot_if/share/tm_robot_if/cmake/ament_cmake_export_dependencies-extras.cmake
[3.883s] -- Up-to-date: /workspace/install/tm_robot_if/share/tm_robot_if/cmake/ament_cmake_export_include_directories-extras.cmake
[3.883s] -- Up-to-date: /workspace/install/tm_robot_if/share/tm_robot_if/cmake/ament_cmake_export_libraries-extras.cmake
[3.883s] -- Up-to-date: /workspace/install/tm_robot_if/share/tm_robot_if/cmake/ament_cmake_export_targets-extras.cmake
[3.883s] -- Up-to-date: /workspace/install/tm_robot_if/share/tm_robot_if/cmake/rosidl_cmake_export_typesupport_targets-extras.cmake
[3.883s] -- Up-to-date: /workspace/install/tm_robot_if/share/tm_robot_if/cmake/rosidl_cmake_export_typesupport_libraries-extras.cmake
[3.883s] -- Up-to-date: /workspace/install/tm_robot_if/share/tm_robot_if/cmake/tm_robot_ifConfig.cmake
[3.883s] -- Up-to-date: /workspace/install/tm_robot_if/share/tm_robot_if/cmake/tm_robot_ifConfig-version.cmake
[3.883s] -- Up-to-date: /workspace/install/tm_robot_if/share/tm_robot_if/package.xml
[3.884s] Invoked command in '/workspace/build/tm_robot_if' returned '0': CMAKE_PREFIX_PATH=${CMAKE_PREFIX_PATH}:/workspace/install/groundedsam2:/opt/ros/humble /usr/bin/cmake --install /workspace/build/tm_robot_if
