[1.347s] Invoking command in '/workspace/src/groundedsam2': PYTHONPATH=/workspace/build/groundedsam2/prefix_override:/usr/lib/python3/dist-packages/colcon_core/task/python/colcon_distutils_commands:/workspace/install/groundedsam2/lib/python3.10/site-packages:${PYTHONPATH} /usr/bin/python3 -W ignore:setup.py install is deprecated -W ignore:easy_install command is deprecated setup.py egg_info --egg-base ../../build/groundedsam2 build --build-base /workspace/build/groundedsam2/build install --record /workspace/build/groundedsam2/install.log --single-version-externally-managed install_data
[1.465s] running egg_info
[1.465s] creating ../../build/groundedsam2/groundedsam2.egg-info
[1.465s] writing ../../build/groundedsam2/groundedsam2.egg-info/PKG-INFO
[1.466s] writing dependency_links to ../../build/groundedsam2/groundedsam2.egg-info/dependency_links.txt
[1.466s] writing entry points to ../../build/groundedsam2/groundedsam2.egg-info/entry_points.txt
[1.466s] writing requirements to ../../build/groundedsam2/groundedsam2.egg-info/requires.txt
[1.466s] writing top-level names to ../../build/groundedsam2/groundedsam2.egg-info/top_level.txt
[1.466s] writing manifest file '../../build/groundedsam2/groundedsam2.egg-info/SOURCES.txt'
[1.467s] reading manifest file '../../build/groundedsam2/groundedsam2.egg-info/SOURCES.txt'
[1.467s] writing manifest file '../../build/groundedsam2/groundedsam2.egg-info/SOURCES.txt'
[1.467s] running build
[1.467s] running build_py
[1.468s] creating /workspace/build/groundedsam2/build
[1.468s] creating /workspace/build/groundedsam2/build/lib
[1.468s] creating /workspace/build/groundedsam2/build/lib/groundedsam2
[1.468s] copying groundedsam2/test_groundedsam2_client.py -> /workspace/build/groundedsam2/build/lib/groundedsam2
[1.468s] copying groundedsam2/__init__.py -> /workspace/build/groundedsam2/build/lib/groundedsam2
[1.468s] copying groundedsam2/grounded_sam2_service.py -> /workspace/build/groundedsam2/build/lib/groundedsam2
[1.468s] running install
[1.468s] running install_lib
[1.468s] creating /workspace/install/groundedsam2/lib/python3.10/site-packages/groundedsam2
[1.468s] copying /workspace/build/groundedsam2/build/lib/groundedsam2/test_groundedsam2_client.py -> /workspace/install/groundedsam2/lib/python3.10/site-packages/groundedsam2
[1.469s] copying /workspace/build/groundedsam2/build/lib/groundedsam2/__init__.py -> /workspace/install/groundedsam2/lib/python3.10/site-packages/groundedsam2
[1.469s] copying /workspace/build/groundedsam2/build/lib/groundedsam2/grounded_sam2_service.py -> /workspace/install/groundedsam2/lib/python3.10/site-packages/groundedsam2
[1.469s] byte-compiling /workspace/install/groundedsam2/lib/python3.10/site-packages/groundedsam2/test_groundedsam2_client.py to test_groundedsam2_client.cpython-310.pyc
[1.469s] byte-compiling /workspace/install/groundedsam2/lib/python3.10/site-packages/groundedsam2/__init__.py to __init__.cpython-310.pyc
[1.470s] byte-compiling /workspace/install/groundedsam2/lib/python3.10/site-packages/groundedsam2/grounded_sam2_service.py to grounded_sam2_service.cpython-310.pyc
[1.471s] running install_data
[1.471s] creating /workspace/install/groundedsam2/share/ament_index
[1.471s] creating /workspace/install/groundedsam2/share/ament_index/resource_index
[1.471s] creating /workspace/install/groundedsam2/share/ament_index/resource_index/packages
[1.471s] copying resource/groundedsam2 -> /workspace/install/groundedsam2/share/ament_index/resource_index/packages
[1.471s] copying package.xml -> /workspace/install/groundedsam2/share/groundedsam2
[1.471s] running install_egg_info
[1.472s] Copying ../../build/groundedsam2/groundedsam2.egg-info to /workspace/install/groundedsam2/lib/python3.10/site-packages/groundedsam2-0.0.0-py3.10.egg-info
[1.472s] running install_scripts
[1.486s] Installing service script to /workspace/install/groundedsam2/lib/groundedsam2
[1.486s] Installing test_client script to /workspace/install/groundedsam2/lib/groundedsam2
[1.487s] writing list of installed files to '/workspace/build/groundedsam2/install.log'
[1.499s] Invoked command in '/workspace/src/groundedsam2' returned '0': PYTHONPATH=/workspace/build/groundedsam2/prefix_override:/usr/lib/python3/dist-packages/colcon_core/task/python/colcon_distutils_commands:/workspace/install/groundedsam2/lib/python3.10/site-packages:${PYTHONPATH} /usr/bin/python3 -W ignore:setup.py install is deprecated -W ignore:easy_install command is deprecated setup.py egg_info --egg-base ../../build/groundedsam2 build --build-base /workspace/build/groundedsam2/build install --record /workspace/build/groundedsam2/install.log --single-version-externally-managed install_data
