-- Found ament_cmake: 1.3.12 (/opt/ros/humble/share/ament_cmake/cmake)
-- Found sensor_msgs: 4.9.0 (/opt/ros/humble/share/sensor_msgs/cmake)
-- Found rosidl_generator_c: 3.1.7 (/opt/ros/humble/share/rosidl_generator_c/cmake)
-- Found rosidl_adapter: 3.1.7 (/opt/ros/humble/share/rosidl_adapter/cmake)
-- Found rosidl_generator_cpp: 3.1.7 (/opt/ros/humble/share/rosidl_generator_cpp/cmake)
-- Using all available rosidl_typesupport_c: rosidl_typesupport_fastrtps_c;rosidl_typesupport_introspection_c
-- Using all available rosidl_typesupport_cpp: rosidl_typesupport_fastrtps_cpp;rosidl_typesupport_introspection_cpp
-- Found rosidl_default_generators: 1.2.0 (/opt/ros/humble/share/rosidl_default_generators/cmake)
-- Found ament_cmake_ros: 0.10.0 (/opt/ros/humble/share/ament_cmake_ros/cmake)
-- Using all available rosidl_typesupport_c: rosidl_typesupport_fastrtps_c;rosidl_typesupport_introspection_c
-- Using all available rosidl_typesupport_cpp: rosidl_typesupport_fastrtps_cpp;rosidl_typesupport_introspection_cpp
-- Found python_cmake_module: 0.10.0 (/opt/ros/humble/share/python_cmake_module/cmake)
-- Using PYTHON_EXECUTABLE: /usr/bin/python3
-- Using PYTHON_INCLUDE_DIRS: /usr/include/python3.10
-- Using PYTHON_LIBRARIES: /usr/lib/x86_64-linux-gnu/libpython3.10.so
-- Found ament_lint_auto: 0.12.14 (/opt/ros/humble/share/ament_lint_auto/cmake)
-- Added test 'lint_cmake' to check CMake code style
-- Added test 'xmllint' to check XML markup files
-- Configuring done
-- Generating done
-- Build files have been written to: /workspace/build/tm_robot_if
[  3%] [34m[1mGenerating C code for ROS interfaces[0m
[  6%] [34m[1mGenerating C++ code for ROS interfaces[0m
[  6%] Built target ament_cmake_python_copy_tm_robot_if
running egg_info
writing tm_robot_if.egg-info/PKG-INFO
writing dependency_links to tm_robot_if.egg-info/dependency_links.txt
writing top-level names to tm_robot_if.egg-info/top_level.txt
reading manifest file 'tm_robot_if.egg-info/SOURCES.txt'
writing manifest file 'tm_robot_if.egg-info/SOURCES.txt'
[  6%] Built target ament_cmake_python_build_tm_robot_if_egg
[35m[1mConsolidate compiler generated dependencies of target tm_robot_if__rosidl_generator_c[0m
[  6%] Built target tm_robot_if__cpp
[  9%] [32mBuilding C object CMakeFiles/tm_robot_if__rosidl_generator_c.dir/rosidl_generator_c/tm_robot_if/srv/detail/grounded_sam2_interface__functions.c.o[0m
[ 12%] [34m[1mGenerating C++ type support for eProsima Fast-RTPS[0m
[ 16%] [34m[1mGenerating C++ type support dispatch for ROS interfaces[0m
[ 19%] [34m[1mGenerating C++ introspection for ROS interfaces[0m
[ 22%] [32m[1mLinking C shared library libtm_robot_if__rosidl_generator_c.so[0m
[ 22%] Built target tm_robot_if__rosidl_generator_c
[ 29%] [34m[1mGenerating C type support dispatch for ROS interfaces[0m
[ 29%] [34m[1mGenerating C introspection for ROS interfaces[0m
[ 32%] [34m[1mGenerating C type support for eProsima Fast-RTPS[0m
[35m[1mConsolidate compiler generated dependencies of target tm_robot_if__rosidl_typesupport_cpp[0m
[ 35%] [32mBuilding CXX object CMakeFiles/tm_robot_if__rosidl_typesupport_cpp.dir/rosidl_typesupport_cpp/tm_robot_if/srv/grounded_sam2_interface__type_support.cpp.o[0m
[35m[1mConsolidate compiler generated dependencies of target tm_robot_if__rosidl_typesupport_introspection_cpp[0m
[ 38%] [32mBuilding CXX object CMakeFiles/tm_robot_if__rosidl_typesupport_introspection_cpp.dir/rosidl_typesupport_introspection_cpp/tm_robot_if/srv/detail/grounded_sam2_interface__type_support.cpp.o[0m
[35m[1mConsolidate compiler generated dependencies of target tm_robot_if__rosidl_typesupport_fastrtps_cpp[0m
[35m[1mConsolidate compiler generated dependencies of target tm_robot_if__rosidl_typesupport_c[0m
[ 41%] [32mBuilding CXX object CMakeFiles/tm_robot_if__rosidl_typesupport_fastrtps_cpp.dir/rosidl_typesupport_fastrtps_cpp/tm_robot_if/srv/detail/dds_fastrtps/grounded_sam2_interface__type_support.cpp.o[0m
[ 45%] [32mBuilding CXX object CMakeFiles/tm_robot_if__rosidl_typesupport_c.dir/rosidl_typesupport_c/tm_robot_if/srv/grounded_sam2_interface__type_support.cpp.o[0m
[35m[1mConsolidate compiler generated dependencies of target tm_robot_if__rosidl_typesupport_introspection_c[0m
[35m[1mConsolidate compiler generated dependencies of target tm_robot_if__rosidl_typesupport_fastrtps_c[0m
[ 48%] [32mBuilding C object CMakeFiles/tm_robot_if__rosidl_typesupport_introspection_c.dir/rosidl_typesupport_introspection_c/tm_robot_if/srv/detail/grounded_sam2_interface__type_support.c.o[0m
[ 54%] [32m[1mLinking CXX shared library libtm_robot_if__rosidl_typesupport_c.so[0m
[ 54%] [32mBuilding CXX object CMakeFiles/tm_robot_if__rosidl_typesupport_fastrtps_c.dir/rosidl_typesupport_fastrtps_c/tm_robot_if/srv/detail/grounded_sam2_interface__type_support_c.cpp.o[0m
[ 54%] Built target tm_robot_if__rosidl_typesupport_c
[ 58%] [32m[1mLinking C shared library libtm_robot_if__rosidl_typesupport_introspection_c.so[0m
[ 61%] [32m[1mLinking CXX shared library libtm_robot_if__rosidl_typesupport_cpp.so[0m
[ 61%] Built target tm_robot_if__rosidl_typesupport_introspection_c
[ 61%] Built target tm_robot_if__rosidl_typesupport_cpp
[ 64%] [32m[1mLinking CXX shared library libtm_robot_if__rosidl_typesupport_introspection_cpp.so[0m
[ 67%] [32m[1mLinking CXX shared library libtm_robot_if__rosidl_typesupport_fastrtps_c.so[0m
[ 70%] [32m[1mLinking CXX shared library libtm_robot_if__rosidl_typesupport_fastrtps_cpp.so[0m
[ 70%] Built target tm_robot_if__rosidl_typesupport_introspection_cpp
[ 70%] Built target tm_robot_if__rosidl_typesupport_fastrtps_c
[ 70%] Built target tm_robot_if__rosidl_typesupport_fastrtps_cpp
[ 70%] Built target tm_robot_if
[ 74%] [34m[1mGenerating Python code for ROS interfaces[0m
[ 74%] Built target tm_robot_if__py
[35m[1mConsolidate compiler generated dependencies of target tm_robot_if__rosidl_generator_py[0m
[ 77%] [32mBuilding C object CMakeFiles/tm_robot_if__rosidl_generator_py.dir/rosidl_generator_py/tm_robot_if/srv/_grounded_sam2_interface_s.c.o[0m
[ 80%] [32m[1mLinking C shared library rosidl_generator_py/tm_robot_if/libtm_robot_if__rosidl_generator_py.so[0m
[ 80%] Built target tm_robot_if__rosidl_generator_py
[35m[1mConsolidate compiler generated dependencies of target tm_robot_if__rosidl_typesupport_introspection_c__pyext[0m
[35m[1mConsolidate compiler generated dependencies of target tm_robot_if__rosidl_typesupport_c__pyext[0m
[35m[1mConsolidate compiler generated dependencies of target tm_robot_if__rosidl_typesupport_fastrtps_c__pyext[0m
[ 83%] [32mBuilding C object CMakeFiles/tm_robot_if__rosidl_typesupport_fastrtps_c__pyext.dir/rosidl_generator_py/tm_robot_if/_tm_robot_if_s.ep.rosidl_typesupport_fastrtps_c.c.o[0m
[ 87%] [32mBuilding C object CMakeFiles/tm_robot_if__rosidl_typesupport_introspection_c__pyext.dir/rosidl_generator_py/tm_robot_if/_tm_robot_if_s.ep.rosidl_typesupport_introspection_c.c.o[0m
[ 90%] [32mBuilding C object CMakeFiles/tm_robot_if__rosidl_typesupport_c__pyext.dir/rosidl_generator_py/tm_robot_if/_tm_robot_if_s.ep.rosidl_typesupport_c.c.o[0m
[ 93%] [32m[1mLinking C shared library rosidl_generator_py/tm_robot_if/tm_robot_if_s__rosidl_typesupport_introspection_c.cpython-310-x86_64-linux-gnu.so[0m
[100%] [32m[1mLinking C shared library rosidl_generator_py/tm_robot_if/tm_robot_if_s__rosidl_typesupport_fastrtps_c.cpython-310-x86_64-linux-gnu.so[0m
[100%] [32m[1mLinking C shared library rosidl_generator_py/tm_robot_if/tm_robot_if_s__rosidl_typesupport_c.cpython-310-x86_64-linux-gnu.so[0m
[100%] Built target tm_robot_if__rosidl_typesupport_c__pyext
[100%] Built target tm_robot_if__rosidl_typesupport_fastrtps_c__pyext
[100%] Built target tm_robot_if__rosidl_typesupport_introspection_c__pyext
-- Install configuration: ""
-- Up-to-date: /workspace/install/tm_robot_if/share/ament_index/resource_index/rosidl_interfaces/tm_robot_if
-- Up-to-date: /workspace/install/tm_robot_if/include/tm_robot_if/tm_robot_if
-- Up-to-date: /workspace/install/tm_robot_if/include/tm_robot_if/tm_robot_if/srv
-- Installing: /workspace/install/tm_robot_if/include/tm_robot_if/tm_robot_if/srv/grounded_sam2_interface.h
-- Up-to-date: /workspace/install/tm_robot_if/include/tm_robot_if/tm_robot_if/srv/detail
-- Installing: /workspace/install/tm_robot_if/include/tm_robot_if/tm_robot_if/srv/detail/grounded_sam2_interface__type_support.h
-- Installing: /workspace/install/tm_robot_if/include/tm_robot_if/tm_robot_if/srv/detail/grounded_sam2_interface__struct.h
-- Installing: /workspace/install/tm_robot_if/include/tm_robot_if/tm_robot_if/srv/detail/grounded_sam2_interface__functions.c
-- Installing: /workspace/install/tm_robot_if/include/tm_robot_if/tm_robot_if/srv/detail/grounded_sam2_interface__functions.h
-- Up-to-date: /workspace/install/tm_robot_if/include/tm_robot_if/tm_robot_if/msg
-- Up-to-date: /workspace/install/tm_robot_if/include/tm_robot_if/tm_robot_if/msg/rosidl_generator_c__visibility_control.h
-- Up-to-date: /workspace/install/tm_robot_if/share/tm_robot_if/environment/library_path.sh
-- Installing: /workspace/install/tm_robot_if/share/tm_robot_if/environment/library_path.dsv
-- Installing: /workspace/install/tm_robot_if/lib/libtm_robot_if__rosidl_generator_c.so
-- Set runtime path of "/workspace/install/tm_robot_if/lib/libtm_robot_if__rosidl_generator_c.so" to ""
-- Up-to-date: /workspace/install/tm_robot_if/include/tm_robot_if/tm_robot_if
-- Up-to-date: /workspace/install/tm_robot_if/include/tm_robot_if/tm_robot_if/srv
-- Up-to-date: /workspace/install/tm_robot_if/include/tm_robot_if/tm_robot_if/srv/detail
-- Installing: /workspace/install/tm_robot_if/include/tm_robot_if/tm_robot_if/srv/detail/grounded_sam2_interface__rosidl_typesupport_fastrtps_c.h
-- Up-to-date: /workspace/install/tm_robot_if/include/tm_robot_if/tm_robot_if/msg
-- Up-to-date: /workspace/install/tm_robot_if/include/tm_robot_if/tm_robot_if/msg/rosidl_typesupport_fastrtps_c__visibility_control.h
-- Installing: /workspace/install/tm_robot_if/lib/libtm_robot_if__rosidl_typesupport_fastrtps_c.so
-- Set runtime path of "/workspace/install/tm_robot_if/lib/libtm_robot_if__rosidl_typesupport_fastrtps_c.so" to ""
-- Up-to-date: /workspace/install/tm_robot_if/include/tm_robot_if/tm_robot_if
-- Up-to-date: /workspace/install/tm_robot_if/include/tm_robot_if/tm_robot_if/srv
-- Up-to-date: /workspace/install/tm_robot_if/include/tm_robot_if/tm_robot_if/srv/detail
-- Installing: /workspace/install/tm_robot_if/include/tm_robot_if/tm_robot_if/srv/detail/grounded_sam2_interface__traits.hpp
-- Installing: /workspace/install/tm_robot_if/include/tm_robot_if/tm_robot_if/srv/detail/grounded_sam2_interface__type_support.hpp
-- Installing: /workspace/install/tm_robot_if/include/tm_robot_if/tm_robot_if/srv/detail/grounded_sam2_interface__builder.hpp
-- Installing: /workspace/install/tm_robot_if/include/tm_robot_if/tm_robot_if/srv/detail/grounded_sam2_interface__struct.hpp
-- Installing: /workspace/install/tm_robot_if/include/tm_robot_if/tm_robot_if/srv/grounded_sam2_interface.hpp
-- Up-to-date: /workspace/install/tm_robot_if/include/tm_robot_if/tm_robot_if/msg
-- Up-to-date: /workspace/install/tm_robot_if/include/tm_robot_if/tm_robot_if/msg/rosidl_generator_cpp__visibility_control.hpp
-- Up-to-date: /workspace/install/tm_robot_if/include/tm_robot_if/tm_robot_if
-- Up-to-date: /workspace/install/tm_robot_if/include/tm_robot_if/tm_robot_if/srv
-- Up-to-date: /workspace/install/tm_robot_if/include/tm_robot_if/tm_robot_if/srv/detail
-- Up-to-date: /workspace/install/tm_robot_if/include/tm_robot_if/tm_robot_if/srv/detail/dds_fastrtps
-- Installing: /workspace/install/tm_robot_if/include/tm_robot_if/tm_robot_if/srv/detail/grounded_sam2_interface__rosidl_typesupport_fastrtps_cpp.hpp
-- Up-to-date: /workspace/install/tm_robot_if/include/tm_robot_if/tm_robot_if/msg
-- Up-to-date: /workspace/install/tm_robot_if/include/tm_robot_if/tm_robot_if/msg/rosidl_typesupport_fastrtps_cpp__visibility_control.h
-- Installing: /workspace/install/tm_robot_if/lib/libtm_robot_if__rosidl_typesupport_fastrtps_cpp.so
-- Set runtime path of "/workspace/install/tm_robot_if/lib/libtm_robot_if__rosidl_typesupport_fastrtps_cpp.so" to ""
-- Up-to-date: /workspace/install/tm_robot_if/include/tm_robot_if/tm_robot_if
-- Up-to-date: /workspace/install/tm_robot_if/include/tm_robot_if/tm_robot_if/srv
-- Up-to-date: /workspace/install/tm_robot_if/include/tm_robot_if/tm_robot_if/srv/detail
-- Installing: /workspace/install/tm_robot_if/include/tm_robot_if/tm_robot_if/srv/detail/grounded_sam2_interface__rosidl_typesupport_introspection_c.h
-- Installing: /workspace/install/tm_robot_if/include/tm_robot_if/tm_robot_if/srv/detail/grounded_sam2_interface__type_support.c
-- Up-to-date: /workspace/install/tm_robot_if/include/tm_robot_if/tm_robot_if/msg
-- Up-to-date: /workspace/install/tm_robot_if/include/tm_robot_if/tm_robot_if/msg/rosidl_typesupport_introspection_c__visibility_control.h
-- Installing: /workspace/install/tm_robot_if/lib/libtm_robot_if__rosidl_typesupport_introspection_c.so
-- Set runtime path of "/workspace/install/tm_robot_if/lib/libtm_robot_if__rosidl_typesupport_introspection_c.so" to ""
-- Installing: /workspace/install/tm_robot_if/lib/libtm_robot_if__rosidl_typesupport_c.so
-- Set runtime path of "/workspace/install/tm_robot_if/lib/libtm_robot_if__rosidl_typesupport_c.so" to ""
-- Up-to-date: /workspace/install/tm_robot_if/include/tm_robot_if/tm_robot_if
-- Up-to-date: /workspace/install/tm_robot_if/include/tm_robot_if/tm_robot_if/srv
-- Up-to-date: /workspace/install/tm_robot_if/include/tm_robot_if/tm_robot_if/srv/detail
-- Installing: /workspace/install/tm_robot_if/include/tm_robot_if/tm_robot_if/srv/detail/grounded_sam2_interface__type_support.cpp
-- Installing: /workspace/install/tm_robot_if/include/tm_robot_if/tm_robot_if/srv/detail/grounded_sam2_interface__rosidl_typesupport_introspection_cpp.hpp
-- Installing: /workspace/install/tm_robot_if/lib/libtm_robot_if__rosidl_typesupport_introspection_cpp.so
-- Set runtime path of "/workspace/install/tm_robot_if/lib/libtm_robot_if__rosidl_typesupport_introspection_cpp.so" to ""
-- Installing: /workspace/install/tm_robot_if/lib/libtm_robot_if__rosidl_typesupport_cpp.so
-- Set runtime path of "/workspace/install/tm_robot_if/lib/libtm_robot_if__rosidl_typesupport_cpp.so" to ""
-- Up-to-date: /workspace/install/tm_robot_if/share/tm_robot_if/environment/pythonpath.sh
-- Installing: /workspace/install/tm_robot_if/share/tm_robot_if/environment/pythonpath.dsv
-- Up-to-date: /workspace/install/tm_robot_if/local/lib/python3.10/dist-packages/tm_robot_if-0.0.0-py3.10.egg-info
-- Installing: /workspace/install/tm_robot_if/local/lib/python3.10/dist-packages/tm_robot_if-0.0.0-py3.10.egg-info/top_level.txt
-- Installing: /workspace/install/tm_robot_if/local/lib/python3.10/dist-packages/tm_robot_if-0.0.0-py3.10.egg-info/dependency_links.txt
-- Installing: /workspace/install/tm_robot_if/local/lib/python3.10/dist-packages/tm_robot_if-0.0.0-py3.10.egg-info/PKG-INFO
-- Installing: /workspace/install/tm_robot_if/local/lib/python3.10/dist-packages/tm_robot_if-0.0.0-py3.10.egg-info/SOURCES.txt
-- Up-to-date: /workspace/install/tm_robot_if/local/lib/python3.10/dist-packages/tm_robot_if
-- Installing: /workspace/install/tm_robot_if/local/lib/python3.10/dist-packages/tm_robot_if/_tm_robot_if_s.ep.rosidl_typesupport_c.c
-- Installing: /workspace/install/tm_robot_if/local/lib/python3.10/dist-packages/tm_robot_if/libtm_robot_if__rosidl_generator_py.so
-- Up-to-date: /workspace/install/tm_robot_if/local/lib/python3.10/dist-packages/tm_robot_if/srv
-- Installing: /workspace/install/tm_robot_if/local/lib/python3.10/dist-packages/tm_robot_if/srv/__init__.py
-- Installing: /workspace/install/tm_robot_if/local/lib/python3.10/dist-packages/tm_robot_if/srv/_grounded_sam2_interface.py
-- Installing: /workspace/install/tm_robot_if/local/lib/python3.10/dist-packages/tm_robot_if/srv/_grounded_sam2_interface_s.c
-- Installing: /workspace/install/tm_robot_if/local/lib/python3.10/dist-packages/tm_robot_if/__init__.py
-- Installing: /workspace/install/tm_robot_if/local/lib/python3.10/dist-packages/tm_robot_if/tm_robot_if_s__rosidl_typesupport_introspection_c.cpython-310-x86_64-linux-gnu.so
-- Installing: /workspace/install/tm_robot_if/local/lib/python3.10/dist-packages/tm_robot_if/_tm_robot_if_s.ep.rosidl_typesupport_introspection_c.c
-- Installing: /workspace/install/tm_robot_if/local/lib/python3.10/dist-packages/tm_robot_if/_tm_robot_if_s.ep.rosidl_typesupport_fastrtps_c.c
-- Installing: /workspace/install/tm_robot_if/local/lib/python3.10/dist-packages/tm_robot_if/tm_robot_if_s__rosidl_typesupport_c.cpython-310-x86_64-linux-gnu.so
-- Installing: /workspace/install/tm_robot_if/local/lib/python3.10/dist-packages/tm_robot_if/tm_robot_if_s__rosidl_typesupport_fastrtps_c.cpython-310-x86_64-linux-gnu.so
Listing '/workspace/install/tm_robot_if/local/lib/python3.10/dist-packages/tm_robot_if'...
Compiling '/workspace/install/tm_robot_if/local/lib/python3.10/dist-packages/tm_robot_if/__init__.py'...
Listing '/workspace/install/tm_robot_if/local/lib/python3.10/dist-packages/tm_robot_if/srv'...
Compiling '/workspace/install/tm_robot_if/local/lib/python3.10/dist-packages/tm_robot_if/srv/__init__.py'...
Compiling '/workspace/install/tm_robot_if/local/lib/python3.10/dist-packages/tm_robot_if/srv/_grounded_sam2_interface.py'...
-- Installing: /workspace/install/tm_robot_if/local/lib/python3.10/dist-packages/tm_robot_if/tm_robot_if_s__rosidl_typesupport_fastrtps_c.cpython-310-x86_64-linux-gnu.so
-- Set runtime path of "/workspace/install/tm_robot_if/local/lib/python3.10/dist-packages/tm_robot_if/tm_robot_if_s__rosidl_typesupport_fastrtps_c.cpython-310-x86_64-linux-gnu.so" to ""
-- Installing: /workspace/install/tm_robot_if/local/lib/python3.10/dist-packages/tm_robot_if/tm_robot_if_s__rosidl_typesupport_introspection_c.cpython-310-x86_64-linux-gnu.so
-- Set runtime path of "/workspace/install/tm_robot_if/local/lib/python3.10/dist-packages/tm_robot_if/tm_robot_if_s__rosidl_typesupport_introspection_c.cpython-310-x86_64-linux-gnu.so" to ""
-- Installing: /workspace/install/tm_robot_if/local/lib/python3.10/dist-packages/tm_robot_if/tm_robot_if_s__rosidl_typesupport_c.cpython-310-x86_64-linux-gnu.so
-- Set runtime path of "/workspace/install/tm_robot_if/local/lib/python3.10/dist-packages/tm_robot_if/tm_robot_if_s__rosidl_typesupport_c.cpython-310-x86_64-linux-gnu.so" to ""
-- Installing: /workspace/install/tm_robot_if/lib/libtm_robot_if__rosidl_generator_py.so
-- Set runtime path of "/workspace/install/tm_robot_if/lib/libtm_robot_if__rosidl_generator_py.so" to ""
-- Installing: /workspace/install/tm_robot_if/share/tm_robot_if/srv/GroundedSAM2Interface.idl
-- Installing: /workspace/install/tm_robot_if/share/tm_robot_if/srv/GroundedSAM2Interface.srv
-- Installing: /workspace/install/tm_robot_if/share/tm_robot_if/srv/GroundedSAM2Interface_Request.msg
-- Installing: /workspace/install/tm_robot_if/share/tm_robot_if/srv/GroundedSAM2Interface_Response.msg
-- Up-to-date: /workspace/install/tm_robot_if/share/ament_index/resource_index/package_run_dependencies/tm_robot_if
-- Installing: /workspace/install/tm_robot_if/share/ament_index/resource_index/parent_prefix_path/tm_robot_if
-- Up-to-date: /workspace/install/tm_robot_if/share/tm_robot_if/environment/ament_prefix_path.sh
-- Installing: /workspace/install/tm_robot_if/share/tm_robot_if/environment/ament_prefix_path.dsv
-- Up-to-date: /workspace/install/tm_robot_if/share/tm_robot_if/environment/path.sh
-- Installing: /workspace/install/tm_robot_if/share/tm_robot_if/environment/path.dsv
-- Up-to-date: /workspace/install/tm_robot_if/share/tm_robot_if/local_setup.bash
-- Up-to-date: /workspace/install/tm_robot_if/share/tm_robot_if/local_setup.sh
-- Up-to-date: /workspace/install/tm_robot_if/share/tm_robot_if/local_setup.zsh
-- Installing: /workspace/install/tm_robot_if/share/tm_robot_if/local_setup.dsv
-- Installing: /workspace/install/tm_robot_if/share/tm_robot_if/package.dsv
-- Up-to-date: /workspace/install/tm_robot_if/share/ament_index/resource_index/packages/tm_robot_if
-- Up-to-date: /workspace/install/tm_robot_if/share/tm_robot_if/cmake/export_tm_robot_if__rosidl_generator_cExport.cmake
-- Up-to-date: /workspace/install/tm_robot_if/share/tm_robot_if/cmake/export_tm_robot_if__rosidl_generator_cExport-noconfig.cmake
-- Up-to-date: /workspace/install/tm_robot_if/share/tm_robot_if/cmake/export_tm_robot_if__rosidl_typesupport_fastrtps_cExport.cmake
-- Up-to-date: /workspace/install/tm_robot_if/share/tm_robot_if/cmake/export_tm_robot_if__rosidl_typesupport_fastrtps_cExport-noconfig.cmake
-- Up-to-date: /workspace/install/tm_robot_if/share/tm_robot_if/cmake/export_tm_robot_if__rosidl_generator_cppExport.cmake
-- Up-to-date: /workspace/install/tm_robot_if/share/tm_robot_if/cmake/export_tm_robot_if__rosidl_typesupport_fastrtps_cppExport.cmake
-- Up-to-date: /workspace/install/tm_robot_if/share/tm_robot_if/cmake/export_tm_robot_if__rosidl_typesupport_fastrtps_cppExport-noconfig.cmake
-- Up-to-date: /workspace/install/tm_robot_if/share/tm_robot_if/cmake/tm_robot_if__rosidl_typesupport_introspection_cExport.cmake
-- Up-to-date: /workspace/install/tm_robot_if/share/tm_robot_if/cmake/tm_robot_if__rosidl_typesupport_introspection_cExport-noconfig.cmake
-- Up-to-date: /workspace/install/tm_robot_if/share/tm_robot_if/cmake/tm_robot_if__rosidl_typesupport_cExport.cmake
-- Up-to-date: /workspace/install/tm_robot_if/share/tm_robot_if/cmake/tm_robot_if__rosidl_typesupport_cExport-noconfig.cmake
-- Up-to-date: /workspace/install/tm_robot_if/share/tm_robot_if/cmake/tm_robot_if__rosidl_typesupport_introspection_cppExport.cmake
-- Up-to-date: /workspace/install/tm_robot_if/share/tm_robot_if/cmake/tm_robot_if__rosidl_typesupport_introspection_cppExport-noconfig.cmake
-- Up-to-date: /workspace/install/tm_robot_if/share/tm_robot_if/cmake/tm_robot_if__rosidl_typesupport_cppExport.cmake
-- Up-to-date: /workspace/install/tm_robot_if/share/tm_robot_if/cmake/tm_robot_if__rosidl_typesupport_cppExport-noconfig.cmake
-- Up-to-date: /workspace/install/tm_robot_if/share/tm_robot_if/cmake/export_tm_robot_if__rosidl_generator_pyExport.cmake
-- Up-to-date: /workspace/install/tm_robot_if/share/tm_robot_if/cmake/export_tm_robot_if__rosidl_generator_pyExport-noconfig.cmake
-- Up-to-date: /workspace/install/tm_robot_if/share/tm_robot_if/cmake/rosidl_cmake-extras.cmake
-- Up-to-date: /workspace/install/tm_robot_if/share/tm_robot_if/cmake/ament_cmake_export_dependencies-extras.cmake
-- Up-to-date: /workspace/install/tm_robot_if/share/tm_robot_if/cmake/ament_cmake_export_include_directories-extras.cmake
-- Up-to-date: /workspace/install/tm_robot_if/share/tm_robot_if/cmake/ament_cmake_export_libraries-extras.cmake
-- Up-to-date: /workspace/install/tm_robot_if/share/tm_robot_if/cmake/ament_cmake_export_targets-extras.cmake
-- Up-to-date: /workspace/install/tm_robot_if/share/tm_robot_if/cmake/rosidl_cmake_export_typesupport_targets-extras.cmake
-- Up-to-date: /workspace/install/tm_robot_if/share/tm_robot_if/cmake/rosidl_cmake_export_typesupport_libraries-extras.cmake
-- Up-to-date: /workspace/install/tm_robot_if/share/tm_robot_if/cmake/tm_robot_ifConfig.cmake
-- Up-to-date: /workspace/install/tm_robot_if/share/tm_robot_if/cmake/tm_robot_ifConfig-version.cmake
-- Up-to-date: /workspace/install/tm_robot_if/share/tm_robot_if/package.xml
