[1.190s] Invoking command in '/workspace/build/tm_robot_if': CMAKE_PREFIX_PATH=/opt/ros/humble /usr/bin/cmake /workspace/src/interface -DCMAKE_INSTALL_PREFIX=/workspace/install/tm_robot_if
[1.277s] -- The C compiler identification is GNU 11.4.0
[1.331s] -- The CXX compiler identification is GNU 11.4.0
[1.337s] -- Detecting C compiler ABI info
[1.379s] -- Detecting C compiler ABI info - done
[1.383s] -- Check for working C compiler: /usr/bin/cc - skipped
[1.383s] -- Detecting C compile features
[1.384s] -- Detecting C compile features - done
[1.385s] -- Detecting CXX compiler ABI info
[1.456s] -- Detecting CXX compiler ABI info - done
[1.466s] -- Check for working CXX compiler: /usr/bin/c++ - skipped
[1.466s] -- Detecting CXX compile features
[1.470s] -- Detecting CXX compile features - done
[1.476s] -- Found ament_cmake: 1.3.12 (/opt/ros/humble/share/ament_cmake/cmake)
[1.594s] -- Found Python3: /usr/bin/python3 (found version "3.10.12") found components: Interpreter 
[1.647s] -- Found sensor_msgs: 4.9.0 (/opt/ros/humble/share/sensor_msgs/cmake)
[1.669s] -- Found rosidl_generator_c: 3.1.7 (/opt/ros/humble/share/rosidl_generator_c/cmake)
[1.672s] -- Found rosidl_adapter: 3.1.7 (/opt/ros/humble/share/rosidl_adapter/cmake)
[1.677s] -- Found rosidl_generator_cpp: 3.1.7 (/opt/ros/humble/share/rosidl_generator_cpp/cmake)
[1.685s] -- Using all available rosidl_typesupport_c: rosidl_typesupport_fastrtps_c;rosidl_typesupport_introspection_c
[1.695s] -- Using all available rosidl_typesupport_cpp: rosidl_typesupport_fastrtps_cpp;rosidl_typesupport_introspection_cpp
[1.730s] -- Found rosidl_default_generators: 1.2.0 (/opt/ros/humble/share/rosidl_default_generators/cmake)
[1.893s] -- Found ament_cmake_ros: 0.10.0 (/opt/ros/humble/share/ament_cmake_ros/cmake)
[2.141s] -- Using all available rosidl_typesupport_c: rosidl_typesupport_fastrtps_c;rosidl_typesupport_introspection_c
[2.235s] -- Using all available rosidl_typesupport_cpp: rosidl_typesupport_fastrtps_cpp;rosidl_typesupport_introspection_cpp
[2.247s] -- Found PythonInterp: /usr/bin/python3 (found suitable version "3.10.12", minimum required is "3.6") 
[2.248s] -- Found python_cmake_module: 0.10.0 (/opt/ros/humble/share/python_cmake_module/cmake)
[2.264s] -- Found PythonLibs: /usr/lib/x86_64-linux-gnu/libpython3.10.so (found suitable version "3.10.12", minimum required is "3.5") 
[2.264s] -- Using PYTHON_EXECUTABLE: /usr/bin/python3
[2.264s] -- Using PYTHON_INCLUDE_DIRS: /usr/include/python3.10
[2.264s] -- Using PYTHON_LIBRARIES: /usr/lib/x86_64-linux-gnu/libpython3.10.so
[2.274s] -- Found PythonExtra: .so  
[2.309s] -- Found ament_lint_auto: 0.12.14 (/opt/ros/humble/share/ament_lint_auto/cmake)
[2.320s] -- Added test 'lint_cmake' to check CMake code style
[2.320s] -- Added test 'xmllint' to check XML markup files
[2.321s] -- Configuring done
[2.338s] -- Generating done
[2.344s] -- Build files have been written to: /workspace/build/tm_robot_if
[2.348s] Invoked command in '/workspace/build/tm_robot_if' returned '0': CMAKE_PREFIX_PATH=/opt/ros/humble /usr/bin/cmake /workspace/src/interface -DCMAKE_INSTALL_PREFIX=/workspace/install/tm_robot_if
[2.349s] Invoking command in '/workspace/build/tm_robot_if': CMAKE_PREFIX_PATH=/opt/ros/humble /usr/bin/cmake --build /workspace/build/tm_robot_if -- -j24 -l24
[2.373s] [  3%] [34m[1mGenerating C code for ROS interfaces[0m
[2.376s] [  6%] [34m[1mGenerating C++ code for ROS interfaces[0m
[2.380s] [  6%] Built target ament_cmake_python_copy_tm_robot_if
[2.482s] running egg_info
[2.482s] creating tm_robot_if.egg-info
[2.482s] writing tm_robot_if.egg-info/PKG-INFO
[2.482s] writing dependency_links to tm_robot_if.egg-info/dependency_links.txt
[2.482s] writing top-level names to tm_robot_if.egg-info/top_level.txt
[2.482s] writing manifest file 'tm_robot_if.egg-info/SOURCES.txt'
[2.483s] reading manifest file 'tm_robot_if.egg-info/SOURCES.txt'
[2.483s] writing manifest file 'tm_robot_if.egg-info/SOURCES.txt'
[2.498s] [  6%] Built target ament_cmake_python_build_tm_robot_if_egg
[2.520s] [  6%] Built target tm_robot_if__cpp
[2.520s] [  9%] [32mBuilding C object CMakeFiles/tm_robot_if__rosidl_generator_c.dir/rosidl_generator_c/tm_robot_if/srv/detail/grounded_sam2_interface__functions.c.o[0m
[2.528s] [ 12%] [34m[1mGenerating C++ type support dispatch for ROS interfaces[0m
[2.533s] [ 16%] [34m[1mGenerating C++ introspection for ROS interfaces[0m
[2.537s] [ 19%] [34m[1mGenerating C++ type support for eProsima Fast-RTPS[0m
[2.625s] [ 22%] [32m[1mLinking C shared library libtm_robot_if__rosidl_generator_c.so[0m
[2.657s] [ 22%] Built target tm_robot_if__rosidl_generator_c
[2.664s] [ 25%] [34m[1mGenerating C type support for eProsima Fast-RTPS[0m
[2.664s] [ 29%] [34m[1mGenerating C type support dispatch for ROS interfaces[0m
[2.664s] [ 32%] [34m[1mGenerating C introspection for ROS interfaces[0m
[2.712s] [ 35%] [32mBuilding CXX object CMakeFiles/tm_robot_if__rosidl_typesupport_cpp.dir/rosidl_typesupport_cpp/tm_robot_if/srv/grounded_sam2_interface__type_support.cpp.o[0m
[2.742s] [ 38%] [32mBuilding CXX object CMakeFiles/tm_robot_if__rosidl_typesupport_introspection_cpp.dir/rosidl_typesupport_introspection_cpp/tm_robot_if/srv/detail/grounded_sam2_interface__type_support.cpp.o[0m
[2.745s] [ 41%] [32mBuilding CXX object CMakeFiles/tm_robot_if__rosidl_typesupport_fastrtps_cpp.dir/rosidl_typesupport_fastrtps_cpp/tm_robot_if/srv/detail/dds_fastrtps/grounded_sam2_interface__type_support.cpp.o[0m
[2.786s] [ 45%] [32mBuilding CXX object CMakeFiles/tm_robot_if__rosidl_typesupport_c.dir/rosidl_typesupport_c/tm_robot_if/srv/grounded_sam2_interface__type_support.cpp.o[0m
[2.801s] [ 48%] [32mBuilding C object CMakeFiles/tm_robot_if__rosidl_typesupport_introspection_c.dir/rosidl_typesupport_introspection_c/tm_robot_if/srv/detail/grounded_sam2_interface__type_support.c.o[0m
[2.806s] [ 51%] [32m[1mLinking CXX shared library libtm_robot_if__rosidl_typesupport_c.so[0m
[2.811s] [ 54%] [32mBuilding CXX object CMakeFiles/tm_robot_if__rosidl_typesupport_fastrtps_c.dir/rosidl_typesupport_fastrtps_c/tm_robot_if/srv/detail/grounded_sam2_interface__type_support_c.cpp.o[0m
[2.831s] [ 54%] Built target tm_robot_if__rosidl_typesupport_c
[2.831s] [ 58%] [32m[1mLinking C shared library libtm_robot_if__rosidl_typesupport_introspection_c.so[0m
[2.853s] [ 61%] [32m[1mLinking CXX shared library libtm_robot_if__rosidl_typesupport_cpp.so[0m
[2.854s] [ 61%] Built target tm_robot_if__rosidl_typesupport_introspection_c
[2.878s] [ 61%] Built target tm_robot_if__rosidl_typesupport_cpp
[2.964s] [ 64%] [32m[1mLinking CXX shared library libtm_robot_if__rosidl_typesupport_introspection_cpp.so[0m
[2.978s] [ 67%] [32m[1mLinking CXX shared library libtm_robot_if__rosidl_typesupport_fastrtps_c.so[0m
[2.984s] [ 70%] [32m[1mLinking CXX shared library libtm_robot_if__rosidl_typesupport_fastrtps_cpp.so[0m
[3.003s] [ 70%] Built target tm_robot_if__rosidl_typesupport_introspection_cpp
[3.022s] [ 70%] Built target tm_robot_if__rosidl_typesupport_fastrtps_c
[3.025s] [ 70%] Built target tm_robot_if__rosidl_typesupport_fastrtps_cpp
[3.037s] [ 70%] Built target tm_robot_if
[3.048s] [ 74%] [34m[1mGenerating Python code for ROS interfaces[0m
[3.233s] [ 74%] Built target tm_robot_if__py
[3.243s] [ 77%] [32mBuilding C object CMakeFiles/tm_robot_if__rosidl_generator_py.dir/rosidl_generator_py/tm_robot_if/srv/_grounded_sam2_interface_s.c.o[0m
[3.317s] [ 80%] [32m[1mLinking C shared library rosidl_generator_py/tm_robot_if/libtm_robot_if__rosidl_generator_py.so[0m
[3.340s] [ 80%] Built target tm_robot_if__rosidl_generator_py
[3.351s] [ 83%] [32mBuilding C object CMakeFiles/tm_robot_if__rosidl_typesupport_introspection_c__pyext.dir/rosidl_generator_py/tm_robot_if/_tm_robot_if_s.ep.rosidl_typesupport_introspection_c.c.o[0m
[3.353s] [ 87%] [32mBuilding C object CMakeFiles/tm_robot_if__rosidl_typesupport_fastrtps_c__pyext.dir/rosidl_generator_py/tm_robot_if/_tm_robot_if_s.ep.rosidl_typesupport_fastrtps_c.c.o[0m
[3.353s] [ 90%] [32mBuilding C object CMakeFiles/tm_robot_if__rosidl_typesupport_c__pyext.dir/rosidl_generator_py/tm_robot_if/_tm_robot_if_s.ep.rosidl_typesupport_c.c.o[0m
[3.402s] [ 93%] [32m[1mLinking C shared library rosidl_generator_py/tm_robot_if/tm_robot_if_s__rosidl_typesupport_introspection_c.cpython-310-x86_64-linux-gnu.so[0m
[3.403s] [ 96%] [32m[1mLinking C shared library rosidl_generator_py/tm_robot_if/tm_robot_if_s__rosidl_typesupport_c.cpython-310-x86_64-linux-gnu.so[0m
[3.404s] [100%] [32m[1mLinking C shared library rosidl_generator_py/tm_robot_if/tm_robot_if_s__rosidl_typesupport_fastrtps_c.cpython-310-x86_64-linux-gnu.so[0m
[3.428s] [100%] Built target tm_robot_if__rosidl_typesupport_introspection_c__pyext
[3.428s] [100%] Built target tm_robot_if__rosidl_typesupport_fastrtps_c__pyext
[3.429s] [100%] Built target tm_robot_if__rosidl_typesupport_c__pyext
[3.436s] Invoked command in '/workspace/build/tm_robot_if' returned '0': CMAKE_PREFIX_PATH=/opt/ros/humble /usr/bin/cmake --build /workspace/build/tm_robot_if -- -j24 -l24
[3.441s] Invoking command in '/workspace/build/tm_robot_if': CMAKE_PREFIX_PATH=/opt/ros/humble /usr/bin/cmake --install /workspace/build/tm_robot_if
[3.445s] -- Install configuration: ""
[3.445s] -- Installing: /workspace/install/tm_robot_if/share/ament_index/resource_index/rosidl_interfaces/tm_robot_if
[3.445s] -- Installing: /workspace/install/tm_robot_if/include/tm_robot_if/tm_robot_if
[3.445s] -- Installing: /workspace/install/tm_robot_if/include/tm_robot_if/tm_robot_if/srv
[3.445s] -- Installing: /workspace/install/tm_robot_if/include/tm_robot_if/tm_robot_if/srv/grounded_sam2_interface.h
[3.445s] -- Installing: /workspace/install/tm_robot_if/include/tm_robot_if/tm_robot_if/srv/detail
[3.445s] -- Installing: /workspace/install/tm_robot_if/include/tm_robot_if/tm_robot_if/srv/detail/grounded_sam2_interface__type_support.h
[3.445s] -- Installing: /workspace/install/tm_robot_if/include/tm_robot_if/tm_robot_if/srv/detail/grounded_sam2_interface__struct.h
[3.445s] -- Installing: /workspace/install/tm_robot_if/include/tm_robot_if/tm_robot_if/srv/detail/grounded_sam2_interface__functions.c
[3.445s] -- Installing: /workspace/install/tm_robot_if/include/tm_robot_if/tm_robot_if/srv/detail/grounded_sam2_interface__functions.h
[3.445s] -- Installing: /workspace/install/tm_robot_if/include/tm_robot_if/tm_robot_if/msg
[3.445s] -- Installing: /workspace/install/tm_robot_if/include/tm_robot_if/tm_robot_if/msg/rosidl_generator_c__visibility_control.h
[3.445s] -- Installing: /workspace/install/tm_robot_if/share/tm_robot_if/environment/library_path.sh
[3.445s] -- Installing: /workspace/install/tm_robot_if/share/tm_robot_if/environment/library_path.dsv
[3.445s] -- Installing: /workspace/install/tm_robot_if/lib/libtm_robot_if__rosidl_generator_c.so
[3.445s] -- Set runtime path of "/workspace/install/tm_robot_if/lib/libtm_robot_if__rosidl_generator_c.so" to ""
[3.445s] -- Up-to-date: /workspace/install/tm_robot_if/include/tm_robot_if/tm_robot_if
[3.445s] -- Up-to-date: /workspace/install/tm_robot_if/include/tm_robot_if/tm_robot_if/srv
[3.445s] -- Up-to-date: /workspace/install/tm_robot_if/include/tm_robot_if/tm_robot_if/srv/detail
[3.446s] -- Installing: /workspace/install/tm_robot_if/include/tm_robot_if/tm_robot_if/srv/detail/grounded_sam2_interface__rosidl_typesupport_fastrtps_c.h
[3.446s] -- Up-to-date: /workspace/install/tm_robot_if/include/tm_robot_if/tm_robot_if/msg
[3.446s] -- Installing: /workspace/install/tm_robot_if/include/tm_robot_if/tm_robot_if/msg/rosidl_typesupport_fastrtps_c__visibility_control.h
[3.446s] -- Installing: /workspace/install/tm_robot_if/lib/libtm_robot_if__rosidl_typesupport_fastrtps_c.so
[3.446s] -- Set runtime path of "/workspace/install/tm_robot_if/lib/libtm_robot_if__rosidl_typesupport_fastrtps_c.so" to ""
[3.446s] -- Up-to-date: /workspace/install/tm_robot_if/include/tm_robot_if/tm_robot_if
[3.446s] -- Up-to-date: /workspace/install/tm_robot_if/include/tm_robot_if/tm_robot_if/srv
[3.446s] -- Up-to-date: /workspace/install/tm_robot_if/include/tm_robot_if/tm_robot_if/srv/detail
[3.446s] -- Installing: /workspace/install/tm_robot_if/include/tm_robot_if/tm_robot_if/srv/detail/grounded_sam2_interface__traits.hpp
[3.446s] -- Installing: /workspace/install/tm_robot_if/include/tm_robot_if/tm_robot_if/srv/detail/grounded_sam2_interface__type_support.hpp
[3.446s] -- Installing: /workspace/install/tm_robot_if/include/tm_robot_if/tm_robot_if/srv/detail/grounded_sam2_interface__builder.hpp
[3.446s] -- Installing: /workspace/install/tm_robot_if/include/tm_robot_if/tm_robot_if/srv/detail/grounded_sam2_interface__struct.hpp
[3.446s] -- Installing: /workspace/install/tm_robot_if/include/tm_robot_if/tm_robot_if/srv/grounded_sam2_interface.hpp
[3.446s] -- Up-to-date: /workspace/install/tm_robot_if/include/tm_robot_if/tm_robot_if/msg
[3.446s] -- Installing: /workspace/install/tm_robot_if/include/tm_robot_if/tm_robot_if/msg/rosidl_generator_cpp__visibility_control.hpp
[3.446s] -- Up-to-date: /workspace/install/tm_robot_if/include/tm_robot_if/tm_robot_if
[3.446s] -- Up-to-date: /workspace/install/tm_robot_if/include/tm_robot_if/tm_robot_if/srv
[3.446s] -- Up-to-date: /workspace/install/tm_robot_if/include/tm_robot_if/tm_robot_if/srv/detail
[3.446s] -- Installing: /workspace/install/tm_robot_if/include/tm_robot_if/tm_robot_if/srv/detail/dds_fastrtps
[3.446s] -- Installing: /workspace/install/tm_robot_if/include/tm_robot_if/tm_robot_if/srv/detail/grounded_sam2_interface__rosidl_typesupport_fastrtps_cpp.hpp
[3.446s] -- Up-to-date: /workspace/install/tm_robot_if/include/tm_robot_if/tm_robot_if/msg
[3.446s] -- Installing: /workspace/install/tm_robot_if/include/tm_robot_if/tm_robot_if/msg/rosidl_typesupport_fastrtps_cpp__visibility_control.h
[3.446s] -- Installing: /workspace/install/tm_robot_if/lib/libtm_robot_if__rosidl_typesupport_fastrtps_cpp.so
[3.446s] -- Set runtime path of "/workspace/install/tm_robot_if/lib/libtm_robot_if__rosidl_typesupport_fastrtps_cpp.so" to ""
[3.446s] -- Up-to-date: /workspace/install/tm_robot_if/include/tm_robot_if/tm_robot_if
[3.446s] -- Up-to-date: /workspace/install/tm_robot_if/include/tm_robot_if/tm_robot_if/srv
[3.446s] -- Up-to-date: /workspace/install/tm_robot_if/include/tm_robot_if/tm_robot_if/srv/detail
[3.446s] -- Installing: /workspace/install/tm_robot_if/include/tm_robot_if/tm_robot_if/srv/detail/grounded_sam2_interface__rosidl_typesupport_introspection_c.h
[3.446s] -- Installing: /workspace/install/tm_robot_if/include/tm_robot_if/tm_robot_if/srv/detail/grounded_sam2_interface__type_support.c
[3.446s] -- Up-to-date: /workspace/install/tm_robot_if/include/tm_robot_if/tm_robot_if/msg
[3.446s] -- Installing: /workspace/install/tm_robot_if/include/tm_robot_if/tm_robot_if/msg/rosidl_typesupport_introspection_c__visibility_control.h
[3.446s] -- Installing: /workspace/install/tm_robot_if/lib/libtm_robot_if__rosidl_typesupport_introspection_c.so
[3.447s] -- Set runtime path of "/workspace/install/tm_robot_if/lib/libtm_robot_if__rosidl_typesupport_introspection_c.so" to ""
[3.447s] -- Installing: /workspace/install/tm_robot_if/lib/libtm_robot_if__rosidl_typesupport_c.so
[3.447s] -- Set runtime path of "/workspace/install/tm_robot_if/lib/libtm_robot_if__rosidl_typesupport_c.so" to ""
[3.447s] -- Up-to-date: /workspace/install/tm_robot_if/include/tm_robot_if/tm_robot_if
[3.447s] -- Up-to-date: /workspace/install/tm_robot_if/include/tm_robot_if/tm_robot_if/srv
[3.447s] -- Up-to-date: /workspace/install/tm_robot_if/include/tm_robot_if/tm_robot_if/srv/detail
[3.447s] -- Installing: /workspace/install/tm_robot_if/include/tm_robot_if/tm_robot_if/srv/detail/grounded_sam2_interface__type_support.cpp
[3.447s] -- Installing: /workspace/install/tm_robot_if/include/tm_robot_if/tm_robot_if/srv/detail/grounded_sam2_interface__rosidl_typesupport_introspection_cpp.hpp
[3.447s] -- Installing: /workspace/install/tm_robot_if/lib/libtm_robot_if__rosidl_typesupport_introspection_cpp.so
[3.447s] -- Set runtime path of "/workspace/install/tm_robot_if/lib/libtm_robot_if__rosidl_typesupport_introspection_cpp.so" to ""
[3.447s] -- Installing: /workspace/install/tm_robot_if/lib/libtm_robot_if__rosidl_typesupport_cpp.so
[3.447s] -- Set runtime path of "/workspace/install/tm_robot_if/lib/libtm_robot_if__rosidl_typesupport_cpp.so" to ""
[3.447s] -- Installing: /workspace/install/tm_robot_if/share/tm_robot_if/environment/pythonpath.sh
[3.447s] -- Installing: /workspace/install/tm_robot_if/share/tm_robot_if/environment/pythonpath.dsv
[3.447s] -- Installing: /workspace/install/tm_robot_if/local/lib/python3.10/dist-packages/tm_robot_if-0.0.0-py3.10.egg-info
[3.447s] -- Installing: /workspace/install/tm_robot_if/local/lib/python3.10/dist-packages/tm_robot_if-0.0.0-py3.10.egg-info/top_level.txt
[3.447s] -- Installing: /workspace/install/tm_robot_if/local/lib/python3.10/dist-packages/tm_robot_if-0.0.0-py3.10.egg-info/dependency_links.txt
[3.447s] -- Installing: /workspace/install/tm_robot_if/local/lib/python3.10/dist-packages/tm_robot_if-0.0.0-py3.10.egg-info/PKG-INFO
[3.447s] -- Installing: /workspace/install/tm_robot_if/local/lib/python3.10/dist-packages/tm_robot_if-0.0.0-py3.10.egg-info/SOURCES.txt
[3.447s] -- Installing: /workspace/install/tm_robot_if/local/lib/python3.10/dist-packages/tm_robot_if
[3.447s] -- Installing: /workspace/install/tm_robot_if/local/lib/python3.10/dist-packages/tm_robot_if/_tm_robot_if_s.ep.rosidl_typesupport_c.c
[3.447s] -- Installing: /workspace/install/tm_robot_if/local/lib/python3.10/dist-packages/tm_robot_if/libtm_robot_if__rosidl_generator_py.so
[3.447s] -- Installing: /workspace/install/tm_robot_if/local/lib/python3.10/dist-packages/tm_robot_if/srv
[3.447s] -- Installing: /workspace/install/tm_robot_if/local/lib/python3.10/dist-packages/tm_robot_if/srv/__init__.py
[3.447s] -- Installing: /workspace/install/tm_robot_if/local/lib/python3.10/dist-packages/tm_robot_if/srv/_grounded_sam2_interface.py
[3.447s] -- Installing: /workspace/install/tm_robot_if/local/lib/python3.10/dist-packages/tm_robot_if/srv/_grounded_sam2_interface_s.c
[3.448s] -- Installing: /workspace/install/tm_robot_if/local/lib/python3.10/dist-packages/tm_robot_if/__init__.py
[3.448s] -- Installing: /workspace/install/tm_robot_if/local/lib/python3.10/dist-packages/tm_robot_if/tm_robot_if_s__rosidl_typesupport_introspection_c.cpython-310-x86_64-linux-gnu.so
[3.448s] -- Installing: /workspace/install/tm_robot_if/local/lib/python3.10/dist-packages/tm_robot_if/_tm_robot_if_s.ep.rosidl_typesupport_introspection_c.c
[3.448s] -- Installing: /workspace/install/tm_robot_if/local/lib/python3.10/dist-packages/tm_robot_if/_tm_robot_if_s.ep.rosidl_typesupport_fastrtps_c.c
[3.448s] -- Installing: /workspace/install/tm_robot_if/local/lib/python3.10/dist-packages/tm_robot_if/tm_robot_if_s__rosidl_typesupport_c.cpython-310-x86_64-linux-gnu.so
[3.448s] -- Installing: /workspace/install/tm_robot_if/local/lib/python3.10/dist-packages/tm_robot_if/tm_robot_if_s__rosidl_typesupport_fastrtps_c.cpython-310-x86_64-linux-gnu.so
[3.466s] Listing '/workspace/install/tm_robot_if/local/lib/python3.10/dist-packages/tm_robot_if'...
[3.466s] Compiling '/workspace/install/tm_robot_if/local/lib/python3.10/dist-packages/tm_robot_if/__init__.py'...
[3.466s] Listing '/workspace/install/tm_robot_if/local/lib/python3.10/dist-packages/tm_robot_if/srv'...
[3.466s] Compiling '/workspace/install/tm_robot_if/local/lib/python3.10/dist-packages/tm_robot_if/srv/__init__.py'...
[3.466s] Compiling '/workspace/install/tm_robot_if/local/lib/python3.10/dist-packages/tm_robot_if/srv/_grounded_sam2_interface.py'...
[3.468s] -- Installing: /workspace/install/tm_robot_if/local/lib/python3.10/dist-packages/tm_robot_if/tm_robot_if_s__rosidl_typesupport_fastrtps_c.cpython-310-x86_64-linux-gnu.so
[3.468s] -- Set runtime path of "/workspace/install/tm_robot_if/local/lib/python3.10/dist-packages/tm_robot_if/tm_robot_if_s__rosidl_typesupport_fastrtps_c.cpython-310-x86_64-linux-gnu.so" to ""
[3.468s] -- Installing: /workspace/install/tm_robot_if/local/lib/python3.10/dist-packages/tm_robot_if/tm_robot_if_s__rosidl_typesupport_introspection_c.cpython-310-x86_64-linux-gnu.so
[3.468s] -- Set runtime path of "/workspace/install/tm_robot_if/local/lib/python3.10/dist-packages/tm_robot_if/tm_robot_if_s__rosidl_typesupport_introspection_c.cpython-310-x86_64-linux-gnu.so" to ""
[3.468s] -- Installing: /workspace/install/tm_robot_if/local/lib/python3.10/dist-packages/tm_robot_if/tm_robot_if_s__rosidl_typesupport_c.cpython-310-x86_64-linux-gnu.so
[3.469s] -- Set runtime path of "/workspace/install/tm_robot_if/local/lib/python3.10/dist-packages/tm_robot_if/tm_robot_if_s__rosidl_typesupport_c.cpython-310-x86_64-linux-gnu.so" to ""
[3.469s] -- Installing: /workspace/install/tm_robot_if/lib/libtm_robot_if__rosidl_generator_py.so
[3.469s] -- Set runtime path of "/workspace/install/tm_robot_if/lib/libtm_robot_if__rosidl_generator_py.so" to ""
[3.469s] -- Installing: /workspace/install/tm_robot_if/share/tm_robot_if/srv/GroundedSAM2Interface.idl
[3.469s] -- Installing: /workspace/install/tm_robot_if/share/tm_robot_if/srv/GroundedSAM2Interface.srv
[3.469s] -- Installing: /workspace/install/tm_robot_if/share/tm_robot_if/srv/GroundedSAM2Interface_Request.msg
[3.469s] -- Installing: /workspace/install/tm_robot_if/share/tm_robot_if/srv/GroundedSAM2Interface_Response.msg
[3.469s] -- Installing: /workspace/install/tm_robot_if/share/ament_index/resource_index/package_run_dependencies/tm_robot_if
[3.469s] -- Installing: /workspace/install/tm_robot_if/share/ament_index/resource_index/parent_prefix_path/tm_robot_if
[3.469s] -- Installing: /workspace/install/tm_robot_if/share/tm_robot_if/environment/ament_prefix_path.sh
[3.469s] -- Installing: /workspace/install/tm_robot_if/share/tm_robot_if/environment/ament_prefix_path.dsv
[3.469s] -- Installing: /workspace/install/tm_robot_if/share/tm_robot_if/environment/path.sh
[3.469s] -- Installing: /workspace/install/tm_robot_if/share/tm_robot_if/environment/path.dsv
[3.469s] -- Installing: /workspace/install/tm_robot_if/share/tm_robot_if/local_setup.bash
[3.469s] -- Installing: /workspace/install/tm_robot_if/share/tm_robot_if/local_setup.sh
[3.469s] -- Installing: /workspace/install/tm_robot_if/share/tm_robot_if/local_setup.zsh
[3.469s] -- Installing: /workspace/install/tm_robot_if/share/tm_robot_if/local_setup.dsv
[3.469s] -- Installing: /workspace/install/tm_robot_if/share/tm_robot_if/package.dsv
[3.469s] -- Installing: /workspace/install/tm_robot_if/share/ament_index/resource_index/packages/tm_robot_if
[3.469s] -- Installing: /workspace/install/tm_robot_if/share/tm_robot_if/cmake/export_tm_robot_if__rosidl_generator_cExport.cmake
[3.469s] -- Installing: /workspace/install/tm_robot_if/share/tm_robot_if/cmake/export_tm_robot_if__rosidl_generator_cExport-noconfig.cmake
[3.469s] -- Installing: /workspace/install/tm_robot_if/share/tm_robot_if/cmake/export_tm_robot_if__rosidl_typesupport_fastrtps_cExport.cmake
[3.470s] -- Installing: /workspace/install/tm_robot_if/share/tm_robot_if/cmake/export_tm_robot_if__rosidl_typesupport_fastrtps_cExport-noconfig.cmake
[3.470s] -- Installing: /workspace/install/tm_robot_if/share/tm_robot_if/cmake/export_tm_robot_if__rosidl_generator_cppExport.cmake
[3.470s] -- Installing: /workspace/install/tm_robot_if/share/tm_robot_if/cmake/export_tm_robot_if__rosidl_typesupport_fastrtps_cppExport.cmake
[3.470s] -- Installing: /workspace/install/tm_robot_if/share/tm_robot_if/cmake/export_tm_robot_if__rosidl_typesupport_fastrtps_cppExport-noconfig.cmake
[3.470s] -- Installing: /workspace/install/tm_robot_if/share/tm_robot_if/cmake/tm_robot_if__rosidl_typesupport_introspection_cExport.cmake
[3.470s] -- Installing: /workspace/install/tm_robot_if/share/tm_robot_if/cmake/tm_robot_if__rosidl_typesupport_introspection_cExport-noconfig.cmake
[3.470s] -- Installing: /workspace/install/tm_robot_if/share/tm_robot_if/cmake/tm_robot_if__rosidl_typesupport_cExport.cmake
[3.470s] -- Installing: /workspace/install/tm_robot_if/share/tm_robot_if/cmake/tm_robot_if__rosidl_typesupport_cExport-noconfig.cmake
[3.470s] -- Installing: /workspace/install/tm_robot_if/share/tm_robot_if/cmake/tm_robot_if__rosidl_typesupport_introspection_cppExport.cmake
[3.470s] -- Installing: /workspace/install/tm_robot_if/share/tm_robot_if/cmake/tm_robot_if__rosidl_typesupport_introspection_cppExport-noconfig.cmake
[3.470s] -- Installing: /workspace/install/tm_robot_if/share/tm_robot_if/cmake/tm_robot_if__rosidl_typesupport_cppExport.cmake
[3.470s] -- Installing: /workspace/install/tm_robot_if/share/tm_robot_if/cmake/tm_robot_if__rosidl_typesupport_cppExport-noconfig.cmake
[3.470s] -- Installing: /workspace/install/tm_robot_if/share/tm_robot_if/cmake/export_tm_robot_if__rosidl_generator_pyExport.cmake
[3.470s] -- Installing: /workspace/install/tm_robot_if/share/tm_robot_if/cmake/export_tm_robot_if__rosidl_generator_pyExport-noconfig.cmake
[3.470s] -- Installing: /workspace/install/tm_robot_if/share/tm_robot_if/cmake/rosidl_cmake-extras.cmake
[3.470s] -- Installing: /workspace/install/tm_robot_if/share/tm_robot_if/cmake/ament_cmake_export_dependencies-extras.cmake
[3.470s] -- Installing: /workspace/install/tm_robot_if/share/tm_robot_if/cmake/ament_cmake_export_include_directories-extras.cmake
[3.470s] -- Installing: /workspace/install/tm_robot_if/share/tm_robot_if/cmake/ament_cmake_export_libraries-extras.cmake
[3.470s] -- Installing: /workspace/install/tm_robot_if/share/tm_robot_if/cmake/ament_cmake_export_targets-extras.cmake
[3.470s] -- Installing: /workspace/install/tm_robot_if/share/tm_robot_if/cmake/rosidl_cmake_export_typesupport_targets-extras.cmake
[3.470s] -- Installing: /workspace/install/tm_robot_if/share/tm_robot_if/cmake/rosidl_cmake_export_typesupport_libraries-extras.cmake
[3.470s] -- Installing: /workspace/install/tm_robot_if/share/tm_robot_if/cmake/tm_robot_ifConfig.cmake
[3.470s] -- Installing: /workspace/install/tm_robot_if/share/tm_robot_if/cmake/tm_robot_ifConfig-version.cmake
[3.470s] -- Installing: /workspace/install/tm_robot_if/share/tm_robot_if/package.xml
[3.472s] Invoked command in '/workspace/build/tm_robot_if' returned '0': CMAKE_PREFIX_PATH=/opt/ros/humble /usr/bin/cmake --install /workspace/build/tm_robot_if
