[  6%] Built target tm_robot_if__cpp
[ 12%] Built target tm_robot_if__rosidl_generator_c
[ 12%] Built target ament_cmake_python_copy_tm_robot_if
[ 22%] Built target tm_robot_if__rosidl_typesupport_fastrtps_c
[ 38%] Built target tm_robot_if__rosidl_typesupport_introspection_c
[ 41%] Built target tm_robot_if__rosidl_typesupport_c
[ 51%] Built target tm_robot_if__rosidl_typesupport_introspection_cpp
[ 61%] Built target tm_robot_if__rosidl_typesupport_fastrtps_cpp
[ 70%] Built target tm_robot_if__rosidl_typesupport_cpp
[ 70%] Built target tm_robot_if
[ 74%] Built target tm_robot_if__py
[ 80%] Built target tm_robot_if__rosidl_generator_py
[ 87%] Built target tm_robot_if__rosidl_typesupport_fastrtps_c__pyext
[ 93%] Built target tm_robot_if__rosidl_typesupport_introspection_c__pyext
[100%] Built target tm_robot_if__rosidl_typesupport_c__pyext
running egg_info
writing tm_robot_if.egg-info/PKG-INFO
writing dependency_links to tm_robot_if.egg-info/dependency_links.txt
writing top-level names to tm_robot_if.egg-info/top_level.txt
reading manifest file 'tm_robot_if.egg-info/SOURCES.txt'
writing manifest file 'tm_robot_if.egg-info/SOURCES.txt'
[100%] Built target ament_cmake_python_build_tm_robot_if_egg
-- Install configuration: ""
-- Up-to-date: /workspace/install/tm_robot_if/share/ament_index/resource_index/rosidl_interfaces/tm_robot_if
-- Up-to-date: /workspace/install/tm_robot_if/include/tm_robot_if/tm_robot_if
-- Up-to-date: /workspace/install/tm_robot_if/include/tm_robot_if/tm_robot_if/srv
-- Up-to-date: /workspace/install/tm_robot_if/include/tm_robot_if/tm_robot_if/srv/grounded_sam2_interface.h
-- Up-to-date: /workspace/install/tm_robot_if/include/tm_robot_if/tm_robot_if/srv/detail
-- Up-to-date: /workspace/install/tm_robot_if/include/tm_robot_if/tm_robot_if/srv/detail/grounded_sam2_interface__type_support.h
-- Up-to-date: /workspace/install/tm_robot_if/include/tm_robot_if/tm_robot_if/srv/detail/grounded_sam2_interface__struct.h
-- Up-to-date: /workspace/install/tm_robot_if/include/tm_robot_if/tm_robot_if/srv/detail/grounded_sam2_interface__functions.c
-- Up-to-date: /workspace/install/tm_robot_if/include/tm_robot_if/tm_robot_if/srv/detail/grounded_sam2_interface__functions.h
-- Up-to-date: /workspace/install/tm_robot_if/include/tm_robot_if/tm_robot_if/msg
-- Up-to-date: /workspace/install/tm_robot_if/include/tm_robot_if/tm_robot_if/msg/rosidl_generator_c__visibility_control.h
-- Up-to-date: /workspace/install/tm_robot_if/share/tm_robot_if/environment/library_path.sh
-- Up-to-date: /workspace/install/tm_robot_if/share/tm_robot_if/environment/library_path.dsv
-- Up-to-date: /workspace/install/tm_robot_if/lib/libtm_robot_if__rosidl_generator_c.so
-- Up-to-date: /workspace/install/tm_robot_if/include/tm_robot_if/tm_robot_if
-- Up-to-date: /workspace/install/tm_robot_if/include/tm_robot_if/tm_robot_if/srv
-- Up-to-date: /workspace/install/tm_robot_if/include/tm_robot_if/tm_robot_if/srv/detail
-- Up-to-date: /workspace/install/tm_robot_if/include/tm_robot_if/tm_robot_if/srv/detail/grounded_sam2_interface__rosidl_typesupport_fastrtps_c.h
-- Up-to-date: /workspace/install/tm_robot_if/include/tm_robot_if/tm_robot_if/msg
-- Up-to-date: /workspace/install/tm_robot_if/include/tm_robot_if/tm_robot_if/msg/rosidl_typesupport_fastrtps_c__visibility_control.h
-- Up-to-date: /workspace/install/tm_robot_if/lib/libtm_robot_if__rosidl_typesupport_fastrtps_c.so
-- Up-to-date: /workspace/install/tm_robot_if/include/tm_robot_if/tm_robot_if
-- Up-to-date: /workspace/install/tm_robot_if/include/tm_robot_if/tm_robot_if/srv
-- Up-to-date: /workspace/install/tm_robot_if/include/tm_robot_if/tm_robot_if/srv/detail
-- Up-to-date: /workspace/install/tm_robot_if/include/tm_robot_if/tm_robot_if/srv/detail/grounded_sam2_interface__traits.hpp
-- Up-to-date: /workspace/install/tm_robot_if/include/tm_robot_if/tm_robot_if/srv/detail/grounded_sam2_interface__type_support.hpp
-- Up-to-date: /workspace/install/tm_robot_if/include/tm_robot_if/tm_robot_if/srv/detail/grounded_sam2_interface__builder.hpp
-- Up-to-date: /workspace/install/tm_robot_if/include/tm_robot_if/tm_robot_if/srv/detail/grounded_sam2_interface__struct.hpp
-- Up-to-date: /workspace/install/tm_robot_if/include/tm_robot_if/tm_robot_if/srv/grounded_sam2_interface.hpp
-- Up-to-date: /workspace/install/tm_robot_if/include/tm_robot_if/tm_robot_if/msg
-- Up-to-date: /workspace/install/tm_robot_if/include/tm_robot_if/tm_robot_if/msg/rosidl_generator_cpp__visibility_control.hpp
-- Up-to-date: /workspace/install/tm_robot_if/include/tm_robot_if/tm_robot_if
-- Up-to-date: /workspace/install/tm_robot_if/include/tm_robot_if/tm_robot_if/srv
-- Up-to-date: /workspace/install/tm_robot_if/include/tm_robot_if/tm_robot_if/srv/detail
-- Up-to-date: /workspace/install/tm_robot_if/include/tm_robot_if/tm_robot_if/srv/detail/dds_fastrtps
-- Up-to-date: /workspace/install/tm_robot_if/include/tm_robot_if/tm_robot_if/srv/detail/grounded_sam2_interface__rosidl_typesupport_fastrtps_cpp.hpp
-- Up-to-date: /workspace/install/tm_robot_if/include/tm_robot_if/tm_robot_if/msg
-- Up-to-date: /workspace/install/tm_robot_if/include/tm_robot_if/tm_robot_if/msg/rosidl_typesupport_fastrtps_cpp__visibility_control.h
-- Up-to-date: /workspace/install/tm_robot_if/lib/libtm_robot_if__rosidl_typesupport_fastrtps_cpp.so
-- Up-to-date: /workspace/install/tm_robot_if/include/tm_robot_if/tm_robot_if
-- Up-to-date: /workspace/install/tm_robot_if/include/tm_robot_if/tm_robot_if/srv
-- Up-to-date: /workspace/install/tm_robot_if/include/tm_robot_if/tm_robot_if/srv/detail
-- Up-to-date: /workspace/install/tm_robot_if/include/tm_robot_if/tm_robot_if/srv/detail/grounded_sam2_interface__rosidl_typesupport_introspection_c.h
-- Up-to-date: /workspace/install/tm_robot_if/include/tm_robot_if/tm_robot_if/srv/detail/grounded_sam2_interface__type_support.c
-- Up-to-date: /workspace/install/tm_robot_if/include/tm_robot_if/tm_robot_if/msg
-- Up-to-date: /workspace/install/tm_robot_if/include/tm_robot_if/tm_robot_if/msg/rosidl_typesupport_introspection_c__visibility_control.h
-- Up-to-date: /workspace/install/tm_robot_if/lib/libtm_robot_if__rosidl_typesupport_introspection_c.so
-- Up-to-date: /workspace/install/tm_robot_if/lib/libtm_robot_if__rosidl_typesupport_c.so
-- Up-to-date: /workspace/install/tm_robot_if/include/tm_robot_if/tm_robot_if
-- Up-to-date: /workspace/install/tm_robot_if/include/tm_robot_if/tm_robot_if/srv
-- Up-to-date: /workspace/install/tm_robot_if/include/tm_robot_if/tm_robot_if/srv/detail
-- Up-to-date: /workspace/install/tm_robot_if/include/tm_robot_if/tm_robot_if/srv/detail/grounded_sam2_interface__type_support.cpp
-- Up-to-date: /workspace/install/tm_robot_if/include/tm_robot_if/tm_robot_if/srv/detail/grounded_sam2_interface__rosidl_typesupport_introspection_cpp.hpp
-- Up-to-date: /workspace/install/tm_robot_if/lib/libtm_robot_if__rosidl_typesupport_introspection_cpp.so
-- Up-to-date: /workspace/install/tm_robot_if/lib/libtm_robot_if__rosidl_typesupport_cpp.so
-- Up-to-date: /workspace/install/tm_robot_if/share/tm_robot_if/environment/pythonpath.sh
-- Up-to-date: /workspace/install/tm_robot_if/share/tm_robot_if/environment/pythonpath.dsv
-- Up-to-date: /workspace/install/tm_robot_if/local/lib/python3.10/dist-packages/tm_robot_if-0.0.0-py3.10.egg-info
-- Installing: /workspace/install/tm_robot_if/local/lib/python3.10/dist-packages/tm_robot_if-0.0.0-py3.10.egg-info/top_level.txt
-- Installing: /workspace/install/tm_robot_if/local/lib/python3.10/dist-packages/tm_robot_if-0.0.0-py3.10.egg-info/dependency_links.txt
-- Installing: /workspace/install/tm_robot_if/local/lib/python3.10/dist-packages/tm_robot_if-0.0.0-py3.10.egg-info/PKG-INFO
-- Installing: /workspace/install/tm_robot_if/local/lib/python3.10/dist-packages/tm_robot_if-0.0.0-py3.10.egg-info/SOURCES.txt
-- Up-to-date: /workspace/install/tm_robot_if/local/lib/python3.10/dist-packages/tm_robot_if
-- Up-to-date: /workspace/install/tm_robot_if/local/lib/python3.10/dist-packages/tm_robot_if/_tm_robot_if_s.ep.rosidl_typesupport_c.c
-- Up-to-date: /workspace/install/tm_robot_if/local/lib/python3.10/dist-packages/tm_robot_if/libtm_robot_if__rosidl_generator_py.so
-- Up-to-date: /workspace/install/tm_robot_if/local/lib/python3.10/dist-packages/tm_robot_if/srv
-- Up-to-date: /workspace/install/tm_robot_if/local/lib/python3.10/dist-packages/tm_robot_if/srv/__init__.py
-- Up-to-date: /workspace/install/tm_robot_if/local/lib/python3.10/dist-packages/tm_robot_if/srv/_grounded_sam2_interface.py
-- Up-to-date: /workspace/install/tm_robot_if/local/lib/python3.10/dist-packages/tm_robot_if/srv/_grounded_sam2_interface_s.c
-- Up-to-date: /workspace/install/tm_robot_if/local/lib/python3.10/dist-packages/tm_robot_if/__init__.py
-- Up-to-date: /workspace/install/tm_robot_if/local/lib/python3.10/dist-packages/tm_robot_if/tm_robot_if_s__rosidl_typesupport_introspection_c.cpython-310-x86_64-linux-gnu.so
-- Up-to-date: /workspace/install/tm_robot_if/local/lib/python3.10/dist-packages/tm_robot_if/_tm_robot_if_s.ep.rosidl_typesupport_introspection_c.c
-- Up-to-date: /workspace/install/tm_robot_if/local/lib/python3.10/dist-packages/tm_robot_if/_tm_robot_if_s.ep.rosidl_typesupport_fastrtps_c.c
-- Up-to-date: /workspace/install/tm_robot_if/local/lib/python3.10/dist-packages/tm_robot_if/tm_robot_if_s__rosidl_typesupport_c.cpython-310-x86_64-linux-gnu.so
-- Up-to-date: /workspace/install/tm_robot_if/local/lib/python3.10/dist-packages/tm_robot_if/tm_robot_if_s__rosidl_typesupport_fastrtps_c.cpython-310-x86_64-linux-gnu.so
Listing '/workspace/install/tm_robot_if/local/lib/python3.10/dist-packages/tm_robot_if'...
Listing '/workspace/install/tm_robot_if/local/lib/python3.10/dist-packages/tm_robot_if/srv'...
-- Up-to-date: /workspace/install/tm_robot_if/local/lib/python3.10/dist-packages/tm_robot_if/tm_robot_if_s__rosidl_typesupport_fastrtps_c.cpython-310-x86_64-linux-gnu.so
-- Up-to-date: /workspace/install/tm_robot_if/local/lib/python3.10/dist-packages/tm_robot_if/tm_robot_if_s__rosidl_typesupport_introspection_c.cpython-310-x86_64-linux-gnu.so
-- Up-to-date: /workspace/install/tm_robot_if/local/lib/python3.10/dist-packages/tm_robot_if/tm_robot_if_s__rosidl_typesupport_c.cpython-310-x86_64-linux-gnu.so
-- Up-to-date: /workspace/install/tm_robot_if/lib/libtm_robot_if__rosidl_generator_py.so
-- Up-to-date: /workspace/install/tm_robot_if/share/tm_robot_if/srv/GroundedSAM2Interface.idl
-- Up-to-date: /workspace/install/tm_robot_if/share/tm_robot_if/srv/GroundedSAM2Interface.srv
-- Up-to-date: /workspace/install/tm_robot_if/share/tm_robot_if/srv/GroundedSAM2Interface_Request.msg
-- Up-to-date: /workspace/install/tm_robot_if/share/tm_robot_if/srv/GroundedSAM2Interface_Response.msg
-- Up-to-date: /workspace/install/tm_robot_if/share/ament_index/resource_index/package_run_dependencies/tm_robot_if
-- Up-to-date: /workspace/install/tm_robot_if/share/ament_index/resource_index/parent_prefix_path/tm_robot_if
-- Up-to-date: /workspace/install/tm_robot_if/share/tm_robot_if/environment/ament_prefix_path.sh
-- Up-to-date: /workspace/install/tm_robot_if/share/tm_robot_if/environment/ament_prefix_path.dsv
-- Up-to-date: /workspace/install/tm_robot_if/share/tm_robot_if/environment/path.sh
-- Up-to-date: /workspace/install/tm_robot_if/share/tm_robot_if/environment/path.dsv
-- Up-to-date: /workspace/install/tm_robot_if/share/tm_robot_if/local_setup.bash
-- Up-to-date: /workspace/install/tm_robot_if/share/tm_robot_if/local_setup.sh
-- Up-to-date: /workspace/install/tm_robot_if/share/tm_robot_if/local_setup.zsh
-- Up-to-date: /workspace/install/tm_robot_if/share/tm_robot_if/local_setup.dsv
-- Installing: /workspace/install/tm_robot_if/share/tm_robot_if/package.dsv
-- Up-to-date: /workspace/install/tm_robot_if/share/ament_index/resource_index/packages/tm_robot_if
-- Up-to-date: /workspace/install/tm_robot_if/share/tm_robot_if/cmake/export_tm_robot_if__rosidl_generator_cExport.cmake
-- Up-to-date: /workspace/install/tm_robot_if/share/tm_robot_if/cmake/export_tm_robot_if__rosidl_generator_cExport-noconfig.cmake
-- Up-to-date: /workspace/install/tm_robot_if/share/tm_robot_if/cmake/export_tm_robot_if__rosidl_typesupport_fastrtps_cExport.cmake
-- Up-to-date: /workspace/install/tm_robot_if/share/tm_robot_if/cmake/export_tm_robot_if__rosidl_typesupport_fastrtps_cExport-noconfig.cmake
-- Up-to-date: /workspace/install/tm_robot_if/share/tm_robot_if/cmake/export_tm_robot_if__rosidl_generator_cppExport.cmake
-- Up-to-date: /workspace/install/tm_robot_if/share/tm_robot_if/cmake/export_tm_robot_if__rosidl_typesupport_fastrtps_cppExport.cmake
-- Up-to-date: /workspace/install/tm_robot_if/share/tm_robot_if/cmake/export_tm_robot_if__rosidl_typesupport_fastrtps_cppExport-noconfig.cmake
-- Up-to-date: /workspace/install/tm_robot_if/share/tm_robot_if/cmake/tm_robot_if__rosidl_typesupport_introspection_cExport.cmake
-- Up-to-date: /workspace/install/tm_robot_if/share/tm_robot_if/cmake/tm_robot_if__rosidl_typesupport_introspection_cExport-noconfig.cmake
-- Up-to-date: /workspace/install/tm_robot_if/share/tm_robot_if/cmake/tm_robot_if__rosidl_typesupport_cExport.cmake
-- Up-to-date: /workspace/install/tm_robot_if/share/tm_robot_if/cmake/tm_robot_if__rosidl_typesupport_cExport-noconfig.cmake
-- Up-to-date: /workspace/install/tm_robot_if/share/tm_robot_if/cmake/tm_robot_if__rosidl_typesupport_introspection_cppExport.cmake
-- Up-to-date: /workspace/install/tm_robot_if/share/tm_robot_if/cmake/tm_robot_if__rosidl_typesupport_introspection_cppExport-noconfig.cmake
-- Up-to-date: /workspace/install/tm_robot_if/share/tm_robot_if/cmake/tm_robot_if__rosidl_typesupport_cppExport.cmake
-- Up-to-date: /workspace/install/tm_robot_if/share/tm_robot_if/cmake/tm_robot_if__rosidl_typesupport_cppExport-noconfig.cmake
-- Up-to-date: /workspace/install/tm_robot_if/share/tm_robot_if/cmake/export_tm_robot_if__rosidl_generator_pyExport.cmake
-- Up-to-date: /workspace/install/tm_robot_if/share/tm_robot_if/cmake/export_tm_robot_if__rosidl_generator_pyExport-noconfig.cmake
-- Up-to-date: /workspace/install/tm_robot_if/share/tm_robot_if/cmake/rosidl_cmake-extras.cmake
-- Up-to-date: /workspace/install/tm_robot_if/share/tm_robot_if/cmake/ament_cmake_export_dependencies-extras.cmake
-- Up-to-date: /workspace/install/tm_robot_if/share/tm_robot_if/cmake/ament_cmake_export_include_directories-extras.cmake
-- Up-to-date: /workspace/install/tm_robot_if/share/tm_robot_if/cmake/ament_cmake_export_libraries-extras.cmake
-- Up-to-date: /workspace/install/tm_robot_if/share/tm_robot_if/cmake/ament_cmake_export_targets-extras.cmake
-- Up-to-date: /workspace/install/tm_robot_if/share/tm_robot_if/cmake/rosidl_cmake_export_typesupport_targets-extras.cmake
-- Up-to-date: /workspace/install/tm_robot_if/share/tm_robot_if/cmake/rosidl_cmake_export_typesupport_libraries-extras.cmake
-- Up-to-date: /workspace/install/tm_robot_if/share/tm_robot_if/cmake/tm_robot_ifConfig.cmake
-- Up-to-date: /workspace/install/tm_robot_if/share/tm_robot_if/cmake/tm_robot_ifConfig-version.cmake
-- Up-to-date: /workspace/install/tm_robot_if/share/tm_robot_if/package.xml
