[0.062s] DEBUG:colcon:Command line arguments: ['/usr/bin/colcon', 'build']
[0.062s] DEBUG:colcon:Parsed command line arguments: Namespace(log_base=None, log_level=None, verb_name='build', build_base='build', install_base='install', merge_install=False, symlink_install=False, test_result_base=None, continue_on_error=False, executor='parallel', parallel_workers=24, event_handlers=None, ignore_user_meta=False, metas=['./colcon.meta'], base_paths=['.'], packages_ignore=None, packages_ignore_regex=None, paths=None, packages_up_to=None, packages_up_to_regex=None, packages_above=None, packages_above_and_dependencies=None, packages_above_depth=None, packages_select_by_dep=None, packages_skip_by_dep=None, packages_skip_up_to=None, packages_select_build_failed=False, packages_skip_build_finished=False, packages_select_test_failures=False, packages_skip_test_passed=False, packages_select=None, packages_skip=None, packages_select_regex=None, packages_skip_regex=None, packages_start=None, packages_end=None, allow_overriding=[], cmake_args=None, cmake_target=None, cmake_target_skip_unavailable=False, cmake_clean_cache=False, cmake_clean_first=False, cmake_force_configure=False, ament_cmake_args=None, catkin_cmake_args=None, catkin_skip_building_tests=False, verb_parser=<colcon_defaults.argument_parser.defaults.DefaultArgumentsDecorator object at 0x77167f2b43d0>, verb_extension=<colcon_core.verb.build.BuildVerb object at 0x77167f349480>, main=<bound method BuildVerb.main of <colcon_core.verb.build.BuildVerb object at 0x77167f349480>>)
[0.133s] Level 1:colcon.colcon_core.package_discovery:discover_packages(colcon_meta) check parameters
[0.133s] Level 1:colcon.colcon_core.package_discovery:discover_packages(recursive) check parameters
[0.133s] Level 1:colcon.colcon_core.package_discovery:discover_packages(ignore) check parameters
[0.133s] Level 1:colcon.colcon_core.package_discovery:discover_packages(path) check parameters
[0.133s] Level 1:colcon.colcon_core.package_discovery:discover_packages(colcon_meta) discover
[0.133s] Level 1:colcon.colcon_core.package_discovery:discover_packages(recursive) discover
[0.133s] INFO:colcon.colcon_core.package_discovery:Crawling recursively for packages in '/workspace'
[0.133s] Level 1:colcon.colcon_core.package_identification:_identify(.) by extensions ['ignore', 'ignore_ament_install']
[0.133s] Level 1:colcon.colcon_core.package_identification:_identify(.) by extension 'ignore'
[0.133s] Level 1:colcon.colcon_core.package_identification:_identify(.) by extension 'ignore_ament_install'
[0.133s] Level 1:colcon.colcon_core.package_identification:_identify(.) by extensions ['colcon_pkg']
[0.133s] Level 1:colcon.colcon_core.package_identification:_identify(.) by extension 'colcon_pkg'
[0.133s] Level 1:colcon.colcon_core.package_identification:_identify(.) by extensions ['colcon_meta']
[0.133s] Level 1:colcon.colcon_core.package_identification:_identify(.) by extension 'colcon_meta'
[0.133s] Level 1:colcon.colcon_core.package_identification:_identify(.) by extensions ['ros']
[0.133s] Level 1:colcon.colcon_core.package_identification:_identify(.) by extension 'ros'
[0.139s] Level 1:colcon.colcon_core.package_identification:_identify(.) by extensions ['cmake', 'python']
[0.139s] Level 1:colcon.colcon_core.package_identification:_identify(.) by extension 'cmake'
[0.139s] Level 1:colcon.colcon_core.package_identification:_identify(.) by extension 'python'
[0.139s] Level 1:colcon.colcon_core.package_identification:_identify(.) by extensions ['python_setup_py']
[0.139s] Level 1:colcon.colcon_core.package_identification:_identify(.) by extension 'python_setup_py'
[0.139s] Level 1:colcon.colcon_core.package_identification:_identify(Grounded-SAM-2) by extensions ['ignore', 'ignore_ament_install']
[0.140s] Level 1:colcon.colcon_core.package_identification:_identify(Grounded-SAM-2) by extension 'ignore'
[0.140s] Level 1:colcon.colcon_core.package_identification:_identify(Grounded-SAM-2) by extension 'ignore_ament_install'
[0.140s] Level 1:colcon.colcon_core.package_identification:_identify(Grounded-SAM-2) by extensions ['colcon_pkg']
[0.140s] Level 1:colcon.colcon_core.package_identification:_identify(Grounded-SAM-2) by extension 'colcon_pkg'
[0.140s] Level 1:colcon.colcon_core.package_identification:_identify(Grounded-SAM-2) by extensions ['colcon_meta']
[0.140s] Level 1:colcon.colcon_core.package_identification:_identify(Grounded-SAM-2) by extension 'colcon_meta'
[0.140s] Level 1:colcon.colcon_core.package_identification:_identify(Grounded-SAM-2) by extensions ['ros']
[0.140s] Level 1:colcon.colcon_core.package_identification:_identify(Grounded-SAM-2) by extension 'ros'
[0.140s] Level 1:colcon.colcon_core.package_identification:_identify(Grounded-SAM-2) by extensions ['cmake', 'python']
[0.140s] Level 1:colcon.colcon_core.package_identification:_identify(Grounded-SAM-2) by extension 'cmake'
[0.140s] Level 1:colcon.colcon_core.package_identification:_identify(Grounded-SAM-2) by extension 'python'
[0.140s] Level 1:colcon.colcon_core.package_identification:_identify(Grounded-SAM-2) by extensions ['python_setup_py']
[0.140s] Level 1:colcon.colcon_core.package_identification:_identify(Grounded-SAM-2) by extension 'python_setup_py'
[1.276s] DEBUG:colcon.colcon_core.package_identification:Package 'Grounded-SAM-2' with type 'python' and name 'SAM-2'
[1.277s] Level 1:colcon.colcon_core.package_identification:_identify(build) by extensions ['ignore', 'ignore_ament_install']
[1.277s] Level 1:colcon.colcon_core.package_identification:_identify(build) by extension 'ignore'
[1.277s] Level 1:colcon.colcon_core.package_identification:_identify(build) ignored
[1.277s] Level 1:colcon.colcon_core.package_identification:_identify(docker) by extensions ['ignore', 'ignore_ament_install']
[1.277s] Level 1:colcon.colcon_core.package_identification:_identify(docker) by extension 'ignore'
[1.277s] Level 1:colcon.colcon_core.package_identification:_identify(docker) by extension 'ignore_ament_install'
[1.277s] Level 1:colcon.colcon_core.package_identification:_identify(docker) by extensions ['colcon_pkg']
[1.277s] Level 1:colcon.colcon_core.package_identification:_identify(docker) by extension 'colcon_pkg'
[1.277s] Level 1:colcon.colcon_core.package_identification:_identify(docker) by extensions ['colcon_meta']
[1.277s] Level 1:colcon.colcon_core.package_identification:_identify(docker) by extension 'colcon_meta'
[1.277s] Level 1:colcon.colcon_core.package_identification:_identify(docker) by extensions ['ros']
[1.277s] Level 1:colcon.colcon_core.package_identification:_identify(docker) by extension 'ros'
[1.277s] Level 1:colcon.colcon_core.package_identification:_identify(docker) by extensions ['cmake', 'python']
[1.277s] Level 1:colcon.colcon_core.package_identification:_identify(docker) by extension 'cmake'
[1.277s] Level 1:colcon.colcon_core.package_identification:_identify(docker) by extension 'python'
[1.277s] Level 1:colcon.colcon_core.package_identification:_identify(docker) by extensions ['python_setup_py']
[1.277s] Level 1:colcon.colcon_core.package_identification:_identify(docker) by extension 'python_setup_py'
[1.277s] Level 1:colcon.colcon_core.package_identification:_identify(docker/ubuntu) by extensions ['ignore', 'ignore_ament_install']
[1.277s] Level 1:colcon.colcon_core.package_identification:_identify(docker/ubuntu) by extension 'ignore'
[1.277s] Level 1:colcon.colcon_core.package_identification:_identify(docker/ubuntu) by extension 'ignore_ament_install'
[1.277s] Level 1:colcon.colcon_core.package_identification:_identify(docker/ubuntu) by extensions ['colcon_pkg']
[1.277s] Level 1:colcon.colcon_core.package_identification:_identify(docker/ubuntu) by extension 'colcon_pkg'
[1.277s] Level 1:colcon.colcon_core.package_identification:_identify(docker/ubuntu) by extensions ['colcon_meta']
[1.277s] Level 1:colcon.colcon_core.package_identification:_identify(docker/ubuntu) by extension 'colcon_meta'
[1.277s] Level 1:colcon.colcon_core.package_identification:_identify(docker/ubuntu) by extensions ['ros']
[1.277s] Level 1:colcon.colcon_core.package_identification:_identify(docker/ubuntu) by extension 'ros'
[1.277s] Level 1:colcon.colcon_core.package_identification:_identify(docker/ubuntu) by extensions ['cmake', 'python']
[1.277s] Level 1:colcon.colcon_core.package_identification:_identify(docker/ubuntu) by extension 'cmake'
[1.277s] Level 1:colcon.colcon_core.package_identification:_identify(docker/ubuntu) by extension 'python'
[1.277s] Level 1:colcon.colcon_core.package_identification:_identify(docker/ubuntu) by extensions ['python_setup_py']
[1.277s] Level 1:colcon.colcon_core.package_identification:_identify(docker/ubuntu) by extension 'python_setup_py'
[1.278s] Level 1:colcon.colcon_core.package_identification:_identify(install) by extensions ['ignore', 'ignore_ament_install']
[1.278s] Level 1:colcon.colcon_core.package_identification:_identify(install) by extension 'ignore'
[1.278s] Level 1:colcon.colcon_core.package_identification:_identify(install) ignored
[1.278s] Level 1:colcon.colcon_core.package_identification:_identify(log) by extensions ['ignore', 'ignore_ament_install']
[1.278s] Level 1:colcon.colcon_core.package_identification:_identify(log) by extension 'ignore'
[1.278s] Level 1:colcon.colcon_core.package_identification:_identify(log) ignored
[1.278s] Level 1:colcon.colcon_core.package_identification:_identify(src) by extensions ['ignore', 'ignore_ament_install']
[1.278s] Level 1:colcon.colcon_core.package_identification:_identify(src) by extension 'ignore'
[1.278s] Level 1:colcon.colcon_core.package_identification:_identify(src) by extension 'ignore_ament_install'
[1.278s] Level 1:colcon.colcon_core.package_identification:_identify(src) by extensions ['colcon_pkg']
[1.278s] Level 1:colcon.colcon_core.package_identification:_identify(src) by extension 'colcon_pkg'
[1.278s] Level 1:colcon.colcon_core.package_identification:_identify(src) by extensions ['colcon_meta']
[1.278s] Level 1:colcon.colcon_core.package_identification:_identify(src) by extension 'colcon_meta'
[1.278s] Level 1:colcon.colcon_core.package_identification:_identify(src) by extensions ['ros']
[1.278s] Level 1:colcon.colcon_core.package_identification:_identify(src) by extension 'ros'
[1.278s] Level 1:colcon.colcon_core.package_identification:_identify(src) by extensions ['cmake', 'python']
[1.278s] Level 1:colcon.colcon_core.package_identification:_identify(src) by extension 'cmake'
[1.278s] Level 1:colcon.colcon_core.package_identification:_identify(src) by extension 'python'
[1.278s] Level 1:colcon.colcon_core.package_identification:_identify(src) by extensions ['python_setup_py']
[1.278s] Level 1:colcon.colcon_core.package_identification:_identify(src) by extension 'python_setup_py'
[1.278s] Level 1:colcon.colcon_core.package_identification:_identify(src/groundedsam2) by extensions ['ignore', 'ignore_ament_install']
[1.278s] Level 1:colcon.colcon_core.package_identification:_identify(src/groundedsam2) by extension 'ignore'
[1.278s] Level 1:colcon.colcon_core.package_identification:_identify(src/groundedsam2) by extension 'ignore_ament_install'
[1.278s] Level 1:colcon.colcon_core.package_identification:_identify(src/groundedsam2) by extensions ['colcon_pkg']
[1.278s] Level 1:colcon.colcon_core.package_identification:_identify(src/groundedsam2) by extension 'colcon_pkg'
[1.278s] Level 1:colcon.colcon_core.package_identification:_identify(src/groundedsam2) by extensions ['colcon_meta']
[1.278s] Level 1:colcon.colcon_core.package_identification:_identify(src/groundedsam2) by extension 'colcon_meta'
[1.278s] Level 1:colcon.colcon_core.package_identification:_identify(src/groundedsam2) by extensions ['ros']
[1.278s] Level 1:colcon.colcon_core.package_identification:_identify(src/groundedsam2) by extension 'ros'
[1.280s] DEBUG:colcon.colcon_core.package_identification:Package 'src/groundedsam2' with type 'ros.ament_python' and name 'groundedsam2'
[1.280s] Level 1:colcon.colcon_core.package_identification:_identify(src/interface) by extensions ['ignore', 'ignore_ament_install']
[1.281s] Level 1:colcon.colcon_core.package_identification:_identify(src/interface) by extension 'ignore'
[1.281s] Level 1:colcon.colcon_core.package_identification:_identify(src/interface) by extension 'ignore_ament_install'
[1.281s] Level 1:colcon.colcon_core.package_identification:_identify(src/interface) by extensions ['colcon_pkg']
[1.281s] Level 1:colcon.colcon_core.package_identification:_identify(src/interface) by extension 'colcon_pkg'
[1.281s] Level 1:colcon.colcon_core.package_identification:_identify(src/interface) by extensions ['colcon_meta']
[1.281s] Level 1:colcon.colcon_core.package_identification:_identify(src/interface) by extension 'colcon_meta'
[1.281s] Level 1:colcon.colcon_core.package_identification:_identify(src/interface) by extensions ['ros']
[1.281s] Level 1:colcon.colcon_core.package_identification:_identify(src/interface) by extension 'ros'
[1.281s] DEBUG:colcon.colcon_core.package_identification:Package 'src/interface' with type 'ros.ament_cmake' and name 'interface'
[1.281s] Level 1:colcon.colcon_core.package_identification:_identify(test_img) by extensions ['ignore', 'ignore_ament_install']
[1.281s] Level 1:colcon.colcon_core.package_identification:_identify(test_img) by extension 'ignore'
[1.281s] Level 1:colcon.colcon_core.package_identification:_identify(test_img) by extension 'ignore_ament_install'
[1.281s] Level 1:colcon.colcon_core.package_identification:_identify(test_img) by extensions ['colcon_pkg']
[1.281s] Level 1:colcon.colcon_core.package_identification:_identify(test_img) by extension 'colcon_pkg'
[1.281s] Level 1:colcon.colcon_core.package_identification:_identify(test_img) by extensions ['colcon_meta']
[1.281s] Level 1:colcon.colcon_core.package_identification:_identify(test_img) by extension 'colcon_meta'
[1.281s] Level 1:colcon.colcon_core.package_identification:_identify(test_img) by extensions ['ros']
[1.281s] Level 1:colcon.colcon_core.package_identification:_identify(test_img) by extension 'ros'
[1.281s] Level 1:colcon.colcon_core.package_identification:_identify(test_img) by extensions ['cmake', 'python']
[1.281s] Level 1:colcon.colcon_core.package_identification:_identify(test_img) by extension 'cmake'
[1.281s] Level 1:colcon.colcon_core.package_identification:_identify(test_img) by extension 'python'
[1.281s] Level 1:colcon.colcon_core.package_identification:_identify(test_img) by extensions ['python_setup_py']
[1.281s] Level 1:colcon.colcon_core.package_identification:_identify(test_img) by extension 'python_setup_py'
[1.281s] Level 1:colcon.colcon_core.package_discovery:discover_packages(recursive) using defaults
[1.281s] Level 1:colcon.colcon_core.package_discovery:discover_packages(ignore) discover
[1.281s] Level 1:colcon.colcon_core.package_discovery:discover_packages(ignore) using defaults
[1.281s] Level 1:colcon.colcon_core.package_discovery:discover_packages(path) discover
[1.281s] Level 1:colcon.colcon_core.package_discovery:discover_packages(path) using defaults
[1.293s] Level 1:colcon.colcon_core.package_discovery:discover_packages(prefix_path) check parameters
[1.293s] Level 1:colcon.colcon_core.package_discovery:discover_packages(prefix_path) discover
[1.294s] DEBUG:colcon.colcon_installed_package_information.package_discovery:Found 3 installed packages in /workspace/install
[1.295s] DEBUG:colcon.colcon_installed_package_information.package_discovery:Found 271 installed packages in /opt/ros/humble
[1.296s] Level 1:colcon.colcon_core.package_discovery:discover_packages(prefix_path) using defaults
[1.318s] Level 5:colcon.colcon_core.verb:set package 'SAM-2' build argument 'cmake_args' from command line to 'None'
[1.318s] Level 5:colcon.colcon_core.verb:set package 'SAM-2' build argument 'cmake_target' from command line to 'None'
[1.318s] Level 5:colcon.colcon_core.verb:set package 'SAM-2' build argument 'cmake_target_skip_unavailable' from command line to 'False'
[1.318s] Level 5:colcon.colcon_core.verb:set package 'SAM-2' build argument 'cmake_clean_cache' from command line to 'False'
[1.318s] Level 5:colcon.colcon_core.verb:set package 'SAM-2' build argument 'cmake_clean_first' from command line to 'False'
[1.318s] Level 5:colcon.colcon_core.verb:set package 'SAM-2' build argument 'cmake_force_configure' from command line to 'False'
[1.318s] Level 5:colcon.colcon_core.verb:set package 'SAM-2' build argument 'ament_cmake_args' from command line to 'None'
[1.319s] Level 5:colcon.colcon_core.verb:set package 'SAM-2' build argument 'catkin_cmake_args' from command line to 'None'
[1.319s] Level 5:colcon.colcon_core.verb:set package 'SAM-2' build argument 'catkin_skip_building_tests' from command line to 'False'
[1.319s] DEBUG:colcon.colcon_core.verb:Building package 'SAM-2' with the following arguments: {'ament_cmake_args': None, 'build_base': '/workspace/build/SAM-2', 'catkin_cmake_args': None, 'catkin_skip_building_tests': False, 'cmake_args': None, 'cmake_clean_cache': False, 'cmake_clean_first': False, 'cmake_force_configure': False, 'cmake_target': None, 'cmake_target_skip_unavailable': False, 'install_base': '/workspace/install/SAM-2', 'merge_install': False, 'path': '/workspace/Grounded-SAM-2', 'symlink_install': False, 'test_result_base': None}
[1.319s] Level 5:colcon.colcon_core.verb:set package 'groundedsam2' build argument 'cmake_args' from command line to 'None'
[1.319s] Level 5:colcon.colcon_core.verb:set package 'groundedsam2' build argument 'cmake_target' from command line to 'None'
[1.319s] Level 5:colcon.colcon_core.verb:set package 'groundedsam2' build argument 'cmake_target_skip_unavailable' from command line to 'False'
[1.319s] Level 5:colcon.colcon_core.verb:set package 'groundedsam2' build argument 'cmake_clean_cache' from command line to 'False'
[1.319s] Level 5:colcon.colcon_core.verb:set package 'groundedsam2' build argument 'cmake_clean_first' from command line to 'False'
[1.319s] Level 5:colcon.colcon_core.verb:set package 'groundedsam2' build argument 'cmake_force_configure' from command line to 'False'
[1.319s] Level 5:colcon.colcon_core.verb:set package 'groundedsam2' build argument 'ament_cmake_args' from command line to 'None'
[1.319s] Level 5:colcon.colcon_core.verb:set package 'groundedsam2' build argument 'catkin_cmake_args' from command line to 'None'
[1.319s] Level 5:colcon.colcon_core.verb:set package 'groundedsam2' build argument 'catkin_skip_building_tests' from command line to 'False'
[1.319s] DEBUG:colcon.colcon_core.verb:Building package 'groundedsam2' with the following arguments: {'ament_cmake_args': None, 'build_base': '/workspace/build/groundedsam2', 'catkin_cmake_args': None, 'catkin_skip_building_tests': False, 'cmake_args': None, 'cmake_clean_cache': False, 'cmake_clean_first': False, 'cmake_force_configure': False, 'cmake_target': None, 'cmake_target_skip_unavailable': False, 'install_base': '/workspace/install/groundedsam2', 'merge_install': False, 'path': '/workspace/src/groundedsam2', 'symlink_install': False, 'test_result_base': None}
[1.319s] Level 5:colcon.colcon_core.verb:set package 'interface' build argument 'cmake_args' from command line to 'None'
[1.319s] Level 5:colcon.colcon_core.verb:set package 'interface' build argument 'cmake_target' from command line to 'None'
[1.319s] Level 5:colcon.colcon_core.verb:set package 'interface' build argument 'cmake_target_skip_unavailable' from command line to 'False'
[1.319s] Level 5:colcon.colcon_core.verb:set package 'interface' build argument 'cmake_clean_cache' from command line to 'False'
[1.319s] Level 5:colcon.colcon_core.verb:set package 'interface' build argument 'cmake_clean_first' from command line to 'False'
[1.319s] Level 5:colcon.colcon_core.verb:set package 'interface' build argument 'cmake_force_configure' from command line to 'False'
[1.319s] Level 5:colcon.colcon_core.verb:set package 'interface' build argument 'ament_cmake_args' from command line to 'None'
[1.319s] Level 5:colcon.colcon_core.verb:set package 'interface' build argument 'catkin_cmake_args' from command line to 'None'
[1.319s] Level 5:colcon.colcon_core.verb:set package 'interface' build argument 'catkin_skip_building_tests' from command line to 'False'
[1.319s] DEBUG:colcon.colcon_core.verb:Building package 'interface' with the following arguments: {'ament_cmake_args': None, 'build_base': '/workspace/build/interface', 'catkin_cmake_args': None, 'catkin_skip_building_tests': False, 'cmake_args': None, 'cmake_clean_cache': False, 'cmake_clean_first': False, 'cmake_force_configure': False, 'cmake_target': None, 'cmake_target_skip_unavailable': False, 'install_base': '/workspace/install/interface', 'merge_install': False, 'path': '/workspace/src/interface', 'symlink_install': False, 'test_result_base': None}
[1.319s] INFO:colcon.colcon_core.executor:Executing jobs using 'parallel' executor
[1.320s] DEBUG:colcon.colcon_parallel_executor.executor.parallel:run_until_complete
[1.320s] INFO:colcon.colcon_core.task.python.build:Building Python package in '/workspace/Grounded-SAM-2'
[1.322s] INFO:colcon.colcon_core.plugin_system:Skipping extension 'colcon_core.shell.bat': Not used on non-Windows systems
[1.322s] INFO:colcon.colcon_core.shell:Skip shell extension 'powershell' for command environment: Not usable outside of PowerShell
[1.322s] DEBUG:colcon.colcon_core.shell:Skip shell extension 'dsv' for command environment
[1.323s] INFO:colcon.colcon_ros.task.ament_python.build:Building ROS package in '/workspace/src/groundedsam2' with build type 'ament_python'
[1.324s] Level 1:colcon.colcon_core.shell:create_environment_hook('groundedsam2', 'ament_prefix_path')
[1.324s] INFO:colcon.colcon_core.shell:Creating environment hook '/workspace/install/groundedsam2/share/groundedsam2/hook/ament_prefix_path.ps1'
[1.324s] INFO:colcon.colcon_core.shell:Creating environment descriptor '/workspace/install/groundedsam2/share/groundedsam2/hook/ament_prefix_path.dsv'
[1.324s] INFO:colcon.colcon_core.shell:Creating environment hook '/workspace/install/groundedsam2/share/groundedsam2/hook/ament_prefix_path.sh'
[1.324s] INFO:colcon.colcon_core.shell:Skip shell extension 'powershell' for command environment: Not usable outside of PowerShell
[1.324s] DEBUG:colcon.colcon_core.shell:Skip shell extension 'dsv' for command environment
[1.326s] INFO:colcon.colcon_ros.task.ament_cmake.build:Building ROS package in '/workspace/src/interface' with build type 'ament_cmake'
[1.326s] INFO:colcon.colcon_cmake.task.cmake.build:Building CMake package in '/workspace/src/interface'
[1.326s] INFO:colcon.colcon_core.shell:Skip shell extension 'powershell' for command environment: Not usable outside of PowerShell
[1.326s] DEBUG:colcon.colcon_core.shell:Skip shell extension 'dsv' for command environment
[2.555s] INFO:colcon.colcon_core.task.python.build:Building Python package in '/workspace/src/groundedsam2'
[2.555s] INFO:colcon.colcon_core.shell:Skip shell extension 'powershell' for command environment: Not usable outside of PowerShell
[2.555s] DEBUG:colcon.colcon_core.shell:Skip shell extension 'dsv' for command environment
[2.559s] DEBUG:colcon.colcon_core.event_handler.log_command:Invoking command in '/workspace/build/interface': CMAKE_PREFIX_PATH=${CMAKE_PREFIX_PATH}:/workspace/install/groundedsam2:/opt/ros/humble /usr/bin/cmake --build /workspace/build/interface -- -j24 -l24
[2.717s] DEBUG:colcon.colcon_core.event_handler.log_command:Invoking command in '/workspace/src/groundedsam2': PYTHONPATH=/workspace/build/groundedsam2/prefix_override:/usr/lib/python3/dist-packages/colcon_core/task/python/colcon_distutils_commands:/workspace/install/groundedsam2/lib/python3.10/site-packages:${PYTHONPATH} /usr/bin/python3 -W ignore:setup.py install is deprecated -W ignore:easy_install command is deprecated setup.py egg_info --egg-base ../../build/groundedsam2 build --build-base /workspace/build/groundedsam2/build install --record /workspace/build/groundedsam2/install.log --single-version-externally-managed install_data
[2.738s] DEBUG:colcon.colcon_core.event_handler.log_command:Invoked command in '/workspace/build/interface' returned '0': CMAKE_PREFIX_PATH=${CMAKE_PREFIX_PATH}:/workspace/install/groundedsam2:/opt/ros/humble /usr/bin/cmake --build /workspace/build/interface -- -j24 -l24
[2.744s] DEBUG:colcon.colcon_core.event_handler.log_command:Invoking command in '/workspace/build/interface': CMAKE_PREFIX_PATH=${CMAKE_PREFIX_PATH}:/workspace/install/groundedsam2:/opt/ros/humble /usr/bin/cmake --install /workspace/build/interface
[2.776s] Level 1:colcon.colcon_core.environment:create_environment_scripts_only(interface)
[2.776s] DEBUG:colcon.colcon_core.event_handler.log_command:Invoked command in '/workspace/build/interface' returned '0': CMAKE_PREFIX_PATH=${CMAKE_PREFIX_PATH}:/workspace/install/groundedsam2:/opt/ros/humble /usr/bin/cmake --install /workspace/build/interface
[2.778s] Level 1:colcon.colcon_core.environment:checking '/workspace/install/interface' for CMake module files
[2.778s] Level 1:colcon.colcon_core.environment:checking '/workspace/install/interface' for CMake config files
[2.778s] Level 1:colcon.colcon_core.shell:create_environment_hook('interface', 'cmake_prefix_path')
[2.778s] INFO:colcon.colcon_core.shell:Creating environment hook '/workspace/install/interface/share/interface/hook/cmake_prefix_path.ps1'
[2.779s] INFO:colcon.colcon_core.shell:Creating environment descriptor '/workspace/install/interface/share/interface/hook/cmake_prefix_path.dsv'
[2.779s] INFO:colcon.colcon_core.shell:Creating environment hook '/workspace/install/interface/share/interface/hook/cmake_prefix_path.sh'
[2.779s] Level 1:colcon.colcon_core.environment:checking '/workspace/install/interface/lib'
[2.779s] Level 1:colcon.colcon_core.shell:create_environment_hook('interface', 'ld_library_path_lib')
[2.779s] INFO:colcon.colcon_core.shell:Creating environment hook '/workspace/install/interface/share/interface/hook/ld_library_path_lib.ps1'
[2.780s] INFO:colcon.colcon_core.shell:Creating environment descriptor '/workspace/install/interface/share/interface/hook/ld_library_path_lib.dsv'
[2.780s] INFO:colcon.colcon_core.shell:Creating environment hook '/workspace/install/interface/share/interface/hook/ld_library_path_lib.sh'
[2.780s] Level 1:colcon.colcon_core.environment:checking '/workspace/install/interface/bin'
[2.780s] Level 1:colcon.colcon_core.environment:checking '/workspace/install/interface/lib/pkgconfig/interface.pc'
[2.780s] Level 1:colcon.colcon_core.environment:checking '/workspace/install/interface/lib/python3.10/site-packages'
[2.780s] Level 1:colcon.colcon_core.environment:checking '/workspace/install/interface/bin'
[2.780s] INFO:colcon.colcon_core.shell:Creating package script '/workspace/install/interface/share/interface/package.ps1'
[2.781s] INFO:colcon.colcon_core.shell:Creating package descriptor '/workspace/install/interface/share/interface/package.dsv'
[2.781s] INFO:colcon.colcon_core.shell:Creating package script '/workspace/install/interface/share/interface/package.sh'
[2.781s] INFO:colcon.colcon_core.shell:Creating package script '/workspace/install/interface/share/interface/package.bash'
[2.782s] INFO:colcon.colcon_core.shell:Creating package script '/workspace/install/interface/share/interface/package.zsh'
[2.782s] Level 1:colcon.colcon_core.environment:create_file_with_runtime_dependencies(/workspace/install/interface/share/colcon-core/packages/interface)
[2.782s] Level 1:colcon.colcon_core.environment:create_environment_scripts_only(interface)
[2.782s] Level 1:colcon.colcon_core.environment:checking '/workspace/install/interface' for CMake module files
[2.782s] Level 1:colcon.colcon_core.environment:checking '/workspace/install/interface' for CMake config files
[2.783s] Level 1:colcon.colcon_core.shell:create_environment_hook('interface', 'cmake_prefix_path')
[2.783s] INFO:colcon.colcon_core.shell:Creating environment hook '/workspace/install/interface/share/interface/hook/cmake_prefix_path.ps1'
[2.783s] INFO:colcon.colcon_core.shell:Creating environment descriptor '/workspace/install/interface/share/interface/hook/cmake_prefix_path.dsv'
[2.783s] INFO:colcon.colcon_core.shell:Creating environment hook '/workspace/install/interface/share/interface/hook/cmake_prefix_path.sh'
[2.783s] Level 1:colcon.colcon_core.environment:checking '/workspace/install/interface/lib'
[2.783s] Level 1:colcon.colcon_core.shell:create_environment_hook('interface', 'ld_library_path_lib')
[2.783s] INFO:colcon.colcon_core.shell:Creating environment hook '/workspace/install/interface/share/interface/hook/ld_library_path_lib.ps1'
[2.783s] INFO:colcon.colcon_core.shell:Creating environment descriptor '/workspace/install/interface/share/interface/hook/ld_library_path_lib.dsv'
[2.784s] INFO:colcon.colcon_core.shell:Creating environment hook '/workspace/install/interface/share/interface/hook/ld_library_path_lib.sh'
[2.784s] Level 1:colcon.colcon_core.environment:checking '/workspace/install/interface/bin'
[2.784s] Level 1:colcon.colcon_core.environment:checking '/workspace/install/interface/lib/pkgconfig/interface.pc'
[2.784s] Level 1:colcon.colcon_core.environment:checking '/workspace/install/interface/lib/python3.10/site-packages'
[2.784s] Level 1:colcon.colcon_core.environment:checking '/workspace/install/interface/bin'
[2.784s] INFO:colcon.colcon_core.shell:Creating package script '/workspace/install/interface/share/interface/package.ps1'
[2.784s] INFO:colcon.colcon_core.shell:Creating package descriptor '/workspace/install/interface/share/interface/package.dsv'
[2.785s] INFO:colcon.colcon_core.shell:Creating package script '/workspace/install/interface/share/interface/package.sh'
[2.785s] INFO:colcon.colcon_core.shell:Creating package script '/workspace/install/interface/share/interface/package.bash'
[2.785s] INFO:colcon.colcon_core.shell:Creating package script '/workspace/install/interface/share/interface/package.zsh'
[2.785s] Level 1:colcon.colcon_core.environment:create_file_with_runtime_dependencies(/workspace/install/interface/share/colcon-core/packages/interface)
[2.881s] Level 1:colcon.colcon_core.environment:checking '/workspace/install/groundedsam2' for CMake module files
[2.881s] DEBUG:colcon.colcon_core.event_handler.log_command:Invoked command in '/workspace/src/groundedsam2' returned '0': PYTHONPATH=/workspace/build/groundedsam2/prefix_override:/usr/lib/python3/dist-packages/colcon_core/task/python/colcon_distutils_commands:/workspace/install/groundedsam2/lib/python3.10/site-packages:${PYTHONPATH} /usr/bin/python3 -W ignore:setup.py install is deprecated -W ignore:easy_install command is deprecated setup.py egg_info --egg-base ../../build/groundedsam2 build --build-base /workspace/build/groundedsam2/build install --record /workspace/build/groundedsam2/install.log --single-version-externally-managed install_data
[2.882s] Level 1:colcon.colcon_core.environment:checking '/workspace/install/groundedsam2' for CMake config files
[2.882s] Level 1:colcon.colcon_core.environment:checking '/workspace/install/groundedsam2/lib'
[2.882s] Level 1:colcon.colcon_core.environment:checking '/workspace/install/groundedsam2/bin'
[2.882s] Level 1:colcon.colcon_core.environment:checking '/workspace/install/groundedsam2/lib/pkgconfig/groundedsam2.pc'
[2.882s] Level 1:colcon.colcon_core.environment:checking '/workspace/install/groundedsam2/lib/python3.10/site-packages'
[2.882s] Level 1:colcon.colcon_core.shell:create_environment_hook('groundedsam2', 'pythonpath')
[2.883s] INFO:colcon.colcon_core.shell:Creating environment hook '/workspace/install/groundedsam2/share/groundedsam2/hook/pythonpath.ps1'
[2.883s] INFO:colcon.colcon_core.shell:Creating environment descriptor '/workspace/install/groundedsam2/share/groundedsam2/hook/pythonpath.dsv'
[2.883s] INFO:colcon.colcon_core.shell:Creating environment hook '/workspace/install/groundedsam2/share/groundedsam2/hook/pythonpath.sh'
[2.884s] Level 1:colcon.colcon_core.environment:checking '/workspace/install/groundedsam2/bin'
[2.884s] Level 1:colcon.colcon_core.environment:create_environment_scripts_only(groundedsam2)
[2.885s] INFO:colcon.colcon_core.shell:Creating package script '/workspace/install/groundedsam2/share/groundedsam2/package.ps1'
[2.885s] INFO:colcon.colcon_core.shell:Creating package descriptor '/workspace/install/groundedsam2/share/groundedsam2/package.dsv'
[2.886s] INFO:colcon.colcon_core.shell:Creating package script '/workspace/install/groundedsam2/share/groundedsam2/package.sh'
[2.886s] INFO:colcon.colcon_core.shell:Creating package script '/workspace/install/groundedsam2/share/groundedsam2/package.bash'
[2.886s] INFO:colcon.colcon_core.shell:Creating package script '/workspace/install/groundedsam2/share/groundedsam2/package.zsh'
[2.887s] Level 1:colcon.colcon_core.environment:create_file_with_runtime_dependencies(/workspace/install/groundedsam2/share/colcon-core/packages/groundedsam2)
[3.631s] DEBUG:colcon.colcon_core.event_handler.log_command:Invoking command in '/workspace/Grounded-SAM-2': PYTHONPATH=/workspace/build/SAM-2/prefix_override:/usr/lib/python3/dist-packages/colcon_core/task/python/colcon_distutils_commands:/workspace/install/SAM-2/lib/python3.10/site-packages:${PYTHONPATH} /usr/bin/python3 -W ignore:setup.py install is deprecated -W ignore:easy_install command is deprecated setup.py egg_info --egg-base ../build/SAM-2 build --build-base /workspace/build/SAM-2/build install --record /workspace/build/SAM-2/install.log --single-version-externally-managed
[38.696s] Level 1:colcon.colcon_core.environment:checking '/workspace/install/SAM-2' for CMake module files
[38.696s] DEBUG:colcon.colcon_core.event_handler.log_command:Invoked command in '/workspace/Grounded-SAM-2' returned '0': PYTHONPATH=/workspace/build/SAM-2/prefix_override:/usr/lib/python3/dist-packages/colcon_core/task/python/colcon_distutils_commands:/workspace/install/SAM-2/lib/python3.10/site-packages:${PYTHONPATH} /usr/bin/python3 -W ignore:setup.py install is deprecated -W ignore:easy_install command is deprecated setup.py egg_info --egg-base ../build/SAM-2 build --build-base /workspace/build/SAM-2/build install --record /workspace/build/SAM-2/install.log --single-version-externally-managed
[38.696s] Level 1:colcon.colcon_core.environment:checking '/workspace/install/SAM-2' for CMake config files
[38.697s] Level 1:colcon.colcon_core.environment:checking '/workspace/install/SAM-2/lib'
[38.697s] Level 1:colcon.colcon_core.environment:checking '/workspace/install/SAM-2/bin'
[38.697s] Level 1:colcon.colcon_core.environment:checking '/workspace/install/SAM-2/lib/pkgconfig/SAM-2.pc'
[38.697s] Level 1:colcon.colcon_core.environment:checking '/workspace/install/SAM-2/lib/python3.10/site-packages'
[38.697s] Level 1:colcon.colcon_core.shell:create_environment_hook('SAM-2', 'pythonpath')
[38.697s] INFO:colcon.colcon_core.shell:Creating environment hook '/workspace/install/SAM-2/share/SAM-2/hook/pythonpath.ps1'
[38.697s] INFO:colcon.colcon_core.shell:Creating environment descriptor '/workspace/install/SAM-2/share/SAM-2/hook/pythonpath.dsv'
[38.697s] INFO:colcon.colcon_core.shell:Creating environment hook '/workspace/install/SAM-2/share/SAM-2/hook/pythonpath.sh'
[38.698s] Level 1:colcon.colcon_core.environment:checking '/workspace/install/SAM-2/bin'
[38.698s] Level 1:colcon.colcon_core.environment:create_environment_scripts_only(SAM-2)
[38.698s] INFO:colcon.colcon_core.shell:Creating package script '/workspace/install/SAM-2/share/SAM-2/package.ps1'
[38.698s] INFO:colcon.colcon_core.shell:Creating package descriptor '/workspace/install/SAM-2/share/SAM-2/package.dsv'
[38.698s] INFO:colcon.colcon_core.shell:Creating package script '/workspace/install/SAM-2/share/SAM-2/package.sh'
[38.698s] INFO:colcon.colcon_core.shell:Creating package script '/workspace/install/SAM-2/share/SAM-2/package.bash'
[38.699s] INFO:colcon.colcon_core.shell:Creating package script '/workspace/install/SAM-2/share/SAM-2/package.zsh'
[38.699s] Level 1:colcon.colcon_core.environment:create_file_with_runtime_dependencies(/workspace/install/SAM-2/share/colcon-core/packages/SAM-2)
[38.699s] DEBUG:colcon.colcon_parallel_executor.executor.parallel:closing loop
[38.699s] DEBUG:colcon.colcon_parallel_executor.executor.parallel:loop closed
[38.699s] DEBUG:colcon.colcon_parallel_executor.executor.parallel:run_until_complete finished with '0'
[38.699s] DEBUG:colcon.colcon_core.event_reactor:joining thread
[38.704s] INFO:colcon.colcon_core.plugin_system:Skipping extension 'colcon_notification.desktop_notification.notify_send': Could not find 'notify-send'
[38.704s] INFO:colcon.colcon_core.plugin_system:Skipping extension 'colcon_notification.desktop_notification.terminal_notifier': Not used on non-Darwin systems
[38.704s] INFO:colcon.colcon_core.plugin_system:Skipping extension 'colcon_notification.desktop_notification.win32': Not used on non-Windows systems
[38.704s] INFO:colcon.colcon_notification.desktop_notification:Sending desktop notification using 'notify2'
[38.705s] DEBUG:colcon.colcon_notification.desktop_notification.notify2:Failed to initialize notify2: org.freedesktop.DBus.Error.Spawn.ExecFailed: /usr/bin/dbus-launch terminated abnormally without any error message
[38.705s] DEBUG:colcon.colcon_core.event_reactor:joined thread
[38.706s] INFO:colcon.colcon_core.shell:Creating prefix script '/workspace/install/local_setup.ps1'
[38.706s] INFO:colcon.colcon_core.shell:Creating prefix util module '/workspace/install/_local_setup_util_ps1.py'
[38.707s] INFO:colcon.colcon_core.shell:Creating prefix chain script '/workspace/install/setup.ps1'
[38.708s] INFO:colcon.colcon_core.shell:Creating prefix script '/workspace/install/local_setup.sh'
[38.708s] INFO:colcon.colcon_core.shell:Creating prefix util module '/workspace/install/_local_setup_util_sh.py'
[38.708s] INFO:colcon.colcon_core.shell:Creating prefix chain script '/workspace/install/setup.sh'
[38.709s] INFO:colcon.colcon_core.shell:Creating prefix script '/workspace/install/local_setup.bash'
[38.709s] INFO:colcon.colcon_core.shell:Creating prefix chain script '/workspace/install/setup.bash'
[38.710s] INFO:colcon.colcon_core.shell:Creating prefix script '/workspace/install/local_setup.zsh'
[38.710s] INFO:colcon.colcon_core.shell:Creating prefix chain script '/workspace/install/setup.zsh'
