[  3%] Built target interface__cpp
[ 12%] Built target interface__rosidl_generator_c
[ 12%] Built target ament_cmake_python_copy_interface
[ 22%] Built target interface__rosidl_typesupport_c
[ 32%] Built target interface__rosidl_typesupport_introspection_c
[ 48%] Built target interface__rosidl_typesupport_cpp
[ 51%] Built target interface__rosidl_typesupport_fastrtps_c
[ 61%] Built target interface__rosidl_typesupport_fastrtps_cpp
[ 70%] Built target interface__rosidl_typesupport_introspection_cpp
[ 70%] Built target interface
[ 74%] Built target interface__py
[ 80%] Built target interface__rosidl_generator_py
[ 87%] Built target interface__rosidl_typesupport_fastrtps_c__pyext
[ 93%] Built target interface__rosidl_typesupport_introspection_c__pyext
[100%] Built target interface__rosidl_typesupport_c__pyext
running egg_info
writing interface.egg-info/PKG-INFO
writing dependency_links to interface.egg-info/dependency_links.txt
writing top-level names to interface.egg-info/top_level.txt
reading manifest file 'interface.egg-info/SOURCES.txt'
writing manifest file 'interface.egg-info/SOURCES.txt'
[100%] Built target ament_cmake_python_build_interface_egg
-- Install configuration: ""
-- Installing: /workspace/install/interface/share/ament_index/resource_index/rosidl_interfaces/interface
-- Installing: /workspace/install/interface/include/interface/interface
-- Installing: /workspace/install/interface/include/interface/interface/srv
-- Installing: /workspace/install/interface/include/interface/interface/srv/grounded_sam2_interface.h
-- Installing: /workspace/install/interface/include/interface/interface/srv/detail
-- Installing: /workspace/install/interface/include/interface/interface/srv/detail/grounded_sam2_interface__struct.h
-- Installing: /workspace/install/interface/include/interface/interface/srv/detail/grounded_sam2_interface__functions.h
-- Installing: /workspace/install/interface/include/interface/interface/srv/detail/grounded_sam2_interface__type_support.h
-- Installing: /workspace/install/interface/include/interface/interface/srv/detail/grounded_sam2_interface__functions.c
-- Installing: /workspace/install/interface/include/interface/interface/msg
-- Installing: /workspace/install/interface/include/interface/interface/msg/rosidl_generator_c__visibility_control.h
-- Installing: /workspace/install/interface/share/interface/environment/library_path.sh
-- Installing: /workspace/install/interface/share/interface/environment/library_path.dsv
-- Installing: /workspace/install/interface/lib/libinterface__rosidl_generator_c.so
-- Set runtime path of "/workspace/install/interface/lib/libinterface__rosidl_generator_c.so" to ""
-- Up-to-date: /workspace/install/interface/include/interface/interface
-- Up-to-date: /workspace/install/interface/include/interface/interface/srv
-- Up-to-date: /workspace/install/interface/include/interface/interface/srv/detail
-- Installing: /workspace/install/interface/include/interface/interface/srv/detail/grounded_sam2_interface__rosidl_typesupport_fastrtps_c.h
-- Up-to-date: /workspace/install/interface/include/interface/interface/msg
-- Installing: /workspace/install/interface/include/interface/interface/msg/rosidl_typesupport_fastrtps_c__visibility_control.h
-- Installing: /workspace/install/interface/lib/libinterface__rosidl_typesupport_fastrtps_c.so
-- Set runtime path of "/workspace/install/interface/lib/libinterface__rosidl_typesupport_fastrtps_c.so" to ""
-- Up-to-date: /workspace/install/interface/include/interface/interface
-- Up-to-date: /workspace/install/interface/include/interface/interface/srv
-- Up-to-date: /workspace/install/interface/include/interface/interface/srv/detail
-- Installing: /workspace/install/interface/include/interface/interface/srv/detail/grounded_sam2_interface__builder.hpp
-- Installing: /workspace/install/interface/include/interface/interface/srv/detail/grounded_sam2_interface__traits.hpp
-- Installing: /workspace/install/interface/include/interface/interface/srv/detail/grounded_sam2_interface__type_support.hpp
-- Installing: /workspace/install/interface/include/interface/interface/srv/detail/grounded_sam2_interface__struct.hpp
-- Installing: /workspace/install/interface/include/interface/interface/srv/grounded_sam2_interface.hpp
-- Up-to-date: /workspace/install/interface/include/interface/interface/msg
-- Installing: /workspace/install/interface/include/interface/interface/msg/rosidl_generator_cpp__visibility_control.hpp
-- Up-to-date: /workspace/install/interface/include/interface/interface
-- Up-to-date: /workspace/install/interface/include/interface/interface/srv
-- Up-to-date: /workspace/install/interface/include/interface/interface/srv/detail
-- Installing: /workspace/install/interface/include/interface/interface/srv/detail/grounded_sam2_interface__rosidl_typesupport_fastrtps_cpp.hpp
-- Installing: /workspace/install/interface/include/interface/interface/srv/detail/dds_fastrtps
-- Up-to-date: /workspace/install/interface/include/interface/interface/msg
-- Installing: /workspace/install/interface/include/interface/interface/msg/rosidl_typesupport_fastrtps_cpp__visibility_control.h
-- Installing: /workspace/install/interface/lib/libinterface__rosidl_typesupport_fastrtps_cpp.so
-- Set runtime path of "/workspace/install/interface/lib/libinterface__rosidl_typesupport_fastrtps_cpp.so" to ""
-- Up-to-date: /workspace/install/interface/include/interface/interface
-- Up-to-date: /workspace/install/interface/include/interface/interface/srv
-- Up-to-date: /workspace/install/interface/include/interface/interface/srv/detail
-- Installing: /workspace/install/interface/include/interface/interface/srv/detail/grounded_sam2_interface__rosidl_typesupport_introspection_c.h
-- Installing: /workspace/install/interface/include/interface/interface/srv/detail/grounded_sam2_interface__type_support.c
-- Up-to-date: /workspace/install/interface/include/interface/interface/msg
-- Installing: /workspace/install/interface/include/interface/interface/msg/rosidl_typesupport_introspection_c__visibility_control.h
-- Installing: /workspace/install/interface/lib/libinterface__rosidl_typesupport_introspection_c.so
-- Set runtime path of "/workspace/install/interface/lib/libinterface__rosidl_typesupport_introspection_c.so" to ""
-- Installing: /workspace/install/interface/lib/libinterface__rosidl_typesupport_c.so
-- Set runtime path of "/workspace/install/interface/lib/libinterface__rosidl_typesupport_c.so" to ""
-- Up-to-date: /workspace/install/interface/include/interface/interface
-- Up-to-date: /workspace/install/interface/include/interface/interface/srv
-- Up-to-date: /workspace/install/interface/include/interface/interface/srv/detail
-- Installing: /workspace/install/interface/include/interface/interface/srv/detail/grounded_sam2_interface__rosidl_typesupport_introspection_cpp.hpp
-- Installing: /workspace/install/interface/include/interface/interface/srv/detail/grounded_sam2_interface__type_support.cpp
-- Installing: /workspace/install/interface/lib/libinterface__rosidl_typesupport_introspection_cpp.so
-- Set runtime path of "/workspace/install/interface/lib/libinterface__rosidl_typesupport_introspection_cpp.so" to ""
-- Installing: /workspace/install/interface/lib/libinterface__rosidl_typesupport_cpp.so
-- Set runtime path of "/workspace/install/interface/lib/libinterface__rosidl_typesupport_cpp.so" to ""
-- Installing: /workspace/install/interface/share/interface/environment/pythonpath.sh
-- Installing: /workspace/install/interface/share/interface/environment/pythonpath.dsv
-- Installing: /workspace/install/interface/local/lib/python3.10/dist-packages/interface-0.0.0-py3.10.egg-info
-- Installing: /workspace/install/interface/local/lib/python3.10/dist-packages/interface-0.0.0-py3.10.egg-info/dependency_links.txt
-- Installing: /workspace/install/interface/local/lib/python3.10/dist-packages/interface-0.0.0-py3.10.egg-info/SOURCES.txt
-- Installing: /workspace/install/interface/local/lib/python3.10/dist-packages/interface-0.0.0-py3.10.egg-info/PKG-INFO
-- Installing: /workspace/install/interface/local/lib/python3.10/dist-packages/interface-0.0.0-py3.10.egg-info/top_level.txt
-- Installing: /workspace/install/interface/local/lib/python3.10/dist-packages/interface
-- Installing: /workspace/install/interface/local/lib/python3.10/dist-packages/interface/srv
-- Installing: /workspace/install/interface/local/lib/python3.10/dist-packages/interface/srv/_grounded_sam2_interface_s.c
-- Installing: /workspace/install/interface/local/lib/python3.10/dist-packages/interface/srv/_grounded_sam2_interface.py
-- Installing: /workspace/install/interface/local/lib/python3.10/dist-packages/interface/srv/__init__.py
-- Installing: /workspace/install/interface/local/lib/python3.10/dist-packages/interface/interface_s__rosidl_typesupport_introspection_c.cpython-310-x86_64-linux-gnu.so
-- Installing: /workspace/install/interface/local/lib/python3.10/dist-packages/interface/interface_s__rosidl_typesupport_fastrtps_c.cpython-310-x86_64-linux-gnu.so
-- Installing: /workspace/install/interface/local/lib/python3.10/dist-packages/interface/_interface_s.ep.rosidl_typesupport_c.c
-- Installing: /workspace/install/interface/local/lib/python3.10/dist-packages/interface/interface_s__rosidl_typesupport_c.cpython-310-x86_64-linux-gnu.so
-- Installing: /workspace/install/interface/local/lib/python3.10/dist-packages/interface/_interface_s.ep.rosidl_typesupport_fastrtps_c.c
-- Installing: /workspace/install/interface/local/lib/python3.10/dist-packages/interface/__init__.py
-- Installing: /workspace/install/interface/local/lib/python3.10/dist-packages/interface/_interface_s.ep.rosidl_typesupport_introspection_c.c
-- Installing: /workspace/install/interface/local/lib/python3.10/dist-packages/interface/libinterface__rosidl_generator_py.so
Listing '/workspace/install/interface/local/lib/python3.10/dist-packages/interface'...
Compiling '/workspace/install/interface/local/lib/python3.10/dist-packages/interface/__init__.py'...
Listing '/workspace/install/interface/local/lib/python3.10/dist-packages/interface/srv'...
Compiling '/workspace/install/interface/local/lib/python3.10/dist-packages/interface/srv/__init__.py'...
Compiling '/workspace/install/interface/local/lib/python3.10/dist-packages/interface/srv/_grounded_sam2_interface.py'...
-- Installing: /workspace/install/interface/local/lib/python3.10/dist-packages/interface/interface_s__rosidl_typesupport_fastrtps_c.cpython-310-x86_64-linux-gnu.so
-- Set runtime path of "/workspace/install/interface/local/lib/python3.10/dist-packages/interface/interface_s__rosidl_typesupport_fastrtps_c.cpython-310-x86_64-linux-gnu.so" to ""
-- Installing: /workspace/install/interface/local/lib/python3.10/dist-packages/interface/interface_s__rosidl_typesupport_introspection_c.cpython-310-x86_64-linux-gnu.so
-- Set runtime path of "/workspace/install/interface/local/lib/python3.10/dist-packages/interface/interface_s__rosidl_typesupport_introspection_c.cpython-310-x86_64-linux-gnu.so" to ""
-- Installing: /workspace/install/interface/local/lib/python3.10/dist-packages/interface/interface_s__rosidl_typesupport_c.cpython-310-x86_64-linux-gnu.so
-- Set runtime path of "/workspace/install/interface/local/lib/python3.10/dist-packages/interface/interface_s__rosidl_typesupport_c.cpython-310-x86_64-linux-gnu.so" to ""
-- Installing: /workspace/install/interface/lib/libinterface__rosidl_generator_py.so
-- Set runtime path of "/workspace/install/interface/lib/libinterface__rosidl_generator_py.so" to ""
-- Installing: /workspace/install/interface/share/interface/srv/GroundedSAM2Interface.idl
-- Installing: /workspace/install/interface/share/interface/srv/GroundedSAM2Interface.srv
-- Installing: /workspace/install/interface/share/interface/srv/GroundedSAM2Interface_Request.msg
-- Installing: /workspace/install/interface/share/interface/srv/GroundedSAM2Interface_Response.msg
-- Installing: /workspace/install/interface/share/ament_index/resource_index/package_run_dependencies/interface
-- Installing: /workspace/install/interface/share/ament_index/resource_index/parent_prefix_path/interface
-- Installing: /workspace/install/interface/share/interface/environment/ament_prefix_path.sh
-- Installing: /workspace/install/interface/share/interface/environment/ament_prefix_path.dsv
-- Installing: /workspace/install/interface/share/interface/environment/path.sh
-- Installing: /workspace/install/interface/share/interface/environment/path.dsv
-- Installing: /workspace/install/interface/share/interface/local_setup.bash
-- Installing: /workspace/install/interface/share/interface/local_setup.sh
-- Installing: /workspace/install/interface/share/interface/local_setup.zsh
-- Installing: /workspace/install/interface/share/interface/local_setup.dsv
-- Installing: /workspace/install/interface/share/interface/package.dsv
-- Installing: /workspace/install/interface/share/ament_index/resource_index/packages/interface
-- Installing: /workspace/install/interface/share/interface/cmake/export_interface__rosidl_generator_cExport.cmake
-- Installing: /workspace/install/interface/share/interface/cmake/export_interface__rosidl_generator_cExport-noconfig.cmake
-- Installing: /workspace/install/interface/share/interface/cmake/export_interface__rosidl_typesupport_fastrtps_cExport.cmake
-- Installing: /workspace/install/interface/share/interface/cmake/export_interface__rosidl_typesupport_fastrtps_cExport-noconfig.cmake
-- Installing: /workspace/install/interface/share/interface/cmake/export_interface__rosidl_generator_cppExport.cmake
-- Installing: /workspace/install/interface/share/interface/cmake/export_interface__rosidl_typesupport_fastrtps_cppExport.cmake
-- Installing: /workspace/install/interface/share/interface/cmake/export_interface__rosidl_typesupport_fastrtps_cppExport-noconfig.cmake
-- Installing: /workspace/install/interface/share/interface/cmake/interface__rosidl_typesupport_introspection_cExport.cmake
-- Installing: /workspace/install/interface/share/interface/cmake/interface__rosidl_typesupport_introspection_cExport-noconfig.cmake
-- Installing: /workspace/install/interface/share/interface/cmake/interface__rosidl_typesupport_cExport.cmake
-- Installing: /workspace/install/interface/share/interface/cmake/interface__rosidl_typesupport_cExport-noconfig.cmake
-- Installing: /workspace/install/interface/share/interface/cmake/interface__rosidl_typesupport_introspection_cppExport.cmake
-- Installing: /workspace/install/interface/share/interface/cmake/interface__rosidl_typesupport_introspection_cppExport-noconfig.cmake
-- Installing: /workspace/install/interface/share/interface/cmake/interface__rosidl_typesupport_cppExport.cmake
-- Installing: /workspace/install/interface/share/interface/cmake/interface__rosidl_typesupport_cppExport-noconfig.cmake
-- Installing: /workspace/install/interface/share/interface/cmake/export_interface__rosidl_generator_pyExport.cmake
-- Installing: /workspace/install/interface/share/interface/cmake/export_interface__rosidl_generator_pyExport-noconfig.cmake
-- Installing: /workspace/install/interface/share/interface/cmake/rosidl_cmake-extras.cmake
-- Installing: /workspace/install/interface/share/interface/cmake/ament_cmake_export_dependencies-extras.cmake
-- Installing: /workspace/install/interface/share/interface/cmake/ament_cmake_export_include_directories-extras.cmake
-- Installing: /workspace/install/interface/share/interface/cmake/ament_cmake_export_libraries-extras.cmake
-- Installing: /workspace/install/interface/share/interface/cmake/ament_cmake_export_targets-extras.cmake
-- Installing: /workspace/install/interface/share/interface/cmake/rosidl_cmake_export_typesupport_targets-extras.cmake
-- Installing: /workspace/install/interface/share/interface/cmake/rosidl_cmake_export_typesupport_libraries-extras.cmake
-- Installing: /workspace/install/interface/share/interface/cmake/interfaceConfig.cmake
-- Installing: /workspace/install/interface/share/interface/cmake/interfaceConfig-version.cmake
-- Installing: /workspace/install/interface/share/interface/package.xml
