[1.055s] Invoking command in '/workspace/build/interface': CMAKE_PREFIX_PATH=/opt/ros/humble /usr/bin/cmake --build /workspace/build/interface -- -j28 -l28
[1.088s] [  3%] Built target interface__cpp
[1.090s] [ 12%] Built target interface__rosidl_generator_c
[1.095s] [ 12%] Built target ament_cmake_python_copy_interface
[1.101s] [ 22%] Built target interface__rosidl_typesupport_c
[1.101s] [ 32%] Built target interface__rosidl_typesupport_introspection_c
[1.102s] [ 48%] Built target interface__rosidl_typesupport_cpp
[1.102s] [ 51%] Built target interface__rosidl_typesupport_fastrtps_c
[1.102s] [ 61%] Built target interface__rosidl_typesupport_fastrtps_cpp
[1.103s] [ 70%] Built target interface__rosidl_typesupport_introspection_cpp
[1.113s] [ 70%] Built target interface
[1.125s] [ 74%] Built target interface__py
[1.136s] [ 80%] Built target interface__rosidl_generator_py
[1.149s] [ 87%] Built target interface__rosidl_typesupport_fastrtps_c__pyext
[1.149s] [ 93%] Built target interface__rosidl_typesupport_introspection_c__pyext
[1.150s] [100%] Built target interface__rosidl_typesupport_c__pyext
[1.194s] running egg_info
[1.195s] writing interface.egg-info/PKG-INFO
[1.195s] writing dependency_links to interface.egg-info/dependency_links.txt
[1.195s] writing top-level names to interface.egg-info/top_level.txt
[1.196s] reading manifest file 'interface.egg-info/SOURCES.txt'
[1.196s] writing manifest file 'interface.egg-info/SOURCES.txt'
[1.210s] [100%] Built target ament_cmake_python_build_interface_egg
[1.216s] Invoked command in '/workspace/build/interface' returned '0': CMAKE_PREFIX_PATH=/opt/ros/humble /usr/bin/cmake --build /workspace/build/interface -- -j28 -l28
[1.221s] Invoking command in '/workspace/build/interface': CMAKE_PREFIX_PATH=/opt/ros/humble /usr/bin/cmake --install /workspace/build/interface
[1.225s] -- Install configuration: ""
[1.225s] -- Installing: /workspace/install/interface/share/ament_index/resource_index/rosidl_interfaces/interface
[1.225s] -- Installing: /workspace/install/interface/include/interface/interface
[1.225s] -- Installing: /workspace/install/interface/include/interface/interface/srv
[1.225s] -- Installing: /workspace/install/interface/include/interface/interface/srv/grounded_sam2_interface.h
[1.225s] -- Installing: /workspace/install/interface/include/interface/interface/srv/detail
[1.225s] -- Installing: /workspace/install/interface/include/interface/interface/srv/detail/grounded_sam2_interface__struct.h
[1.225s] -- Installing: /workspace/install/interface/include/interface/interface/srv/detail/grounded_sam2_interface__functions.h
[1.225s] -- Installing: /workspace/install/interface/include/interface/interface/srv/detail/grounded_sam2_interface__type_support.h
[1.225s] -- Installing: /workspace/install/interface/include/interface/interface/srv/detail/grounded_sam2_interface__functions.c
[1.225s] -- Installing: /workspace/install/interface/include/interface/interface/msg
[1.225s] -- Installing: /workspace/install/interface/include/interface/interface/msg/rosidl_generator_c__visibility_control.h
[1.225s] -- Installing: /workspace/install/interface/share/interface/environment/library_path.sh
[1.225s] -- Installing: /workspace/install/interface/share/interface/environment/library_path.dsv
[1.225s] -- Installing: /workspace/install/interface/lib/libinterface__rosidl_generator_c.so
[1.225s] -- Set runtime path of "/workspace/install/interface/lib/libinterface__rosidl_generator_c.so" to ""
[1.225s] -- Up-to-date: /workspace/install/interface/include/interface/interface
[1.225s] -- Up-to-date: /workspace/install/interface/include/interface/interface/srv
[1.226s] -- Up-to-date: /workspace/install/interface/include/interface/interface/srv/detail
[1.226s] -- Installing: /workspace/install/interface/include/interface/interface/srv/detail/grounded_sam2_interface__rosidl_typesupport_fastrtps_c.h
[1.226s] -- Up-to-date: /workspace/install/interface/include/interface/interface/msg
[1.226s] -- Installing: /workspace/install/interface/include/interface/interface/msg/rosidl_typesupport_fastrtps_c__visibility_control.h
[1.226s] -- Installing: /workspace/install/interface/lib/libinterface__rosidl_typesupport_fastrtps_c.so
[1.226s] -- Set runtime path of "/workspace/install/interface/lib/libinterface__rosidl_typesupport_fastrtps_c.so" to ""
[1.226s] -- Up-to-date: /workspace/install/interface/include/interface/interface
[1.226s] -- Up-to-date: /workspace/install/interface/include/interface/interface/srv
[1.226s] -- Up-to-date: /workspace/install/interface/include/interface/interface/srv/detail
[1.226s] -- Installing: /workspace/install/interface/include/interface/interface/srv/detail/grounded_sam2_interface__builder.hpp
[1.226s] -- Installing: /workspace/install/interface/include/interface/interface/srv/detail/grounded_sam2_interface__traits.hpp
[1.226s] -- Installing: /workspace/install/interface/include/interface/interface/srv/detail/grounded_sam2_interface__type_support.hpp
[1.226s] -- Installing: /workspace/install/interface/include/interface/interface/srv/detail/grounded_sam2_interface__struct.hpp
[1.226s] -- Installing: /workspace/install/interface/include/interface/interface/srv/grounded_sam2_interface.hpp
[1.226s] -- Up-to-date: /workspace/install/interface/include/interface/interface/msg
[1.226s] -- Installing: /workspace/install/interface/include/interface/interface/msg/rosidl_generator_cpp__visibility_control.hpp
[1.226s] -- Up-to-date: /workspace/install/interface/include/interface/interface
[1.226s] -- Up-to-date: /workspace/install/interface/include/interface/interface/srv
[1.226s] -- Up-to-date: /workspace/install/interface/include/interface/interface/srv/detail
[1.227s] -- Installing: /workspace/install/interface/include/interface/interface/srv/detail/grounded_sam2_interface__rosidl_typesupport_fastrtps_cpp.hpp
[1.227s] -- Installing: /workspace/install/interface/include/interface/interface/srv/detail/dds_fastrtps
[1.227s] -- Up-to-date: /workspace/install/interface/include/interface/interface/msg
[1.227s] -- Installing: /workspace/install/interface/include/interface/interface/msg/rosidl_typesupport_fastrtps_cpp__visibility_control.h
[1.227s] -- Installing: /workspace/install/interface/lib/libinterface__rosidl_typesupport_fastrtps_cpp.so
[1.227s] -- Set runtime path of "/workspace/install/interface/lib/libinterface__rosidl_typesupport_fastrtps_cpp.so" to ""
[1.227s] -- Up-to-date: /workspace/install/interface/include/interface/interface
[1.227s] -- Up-to-date: /workspace/install/interface/include/interface/interface/srv
[1.227s] -- Up-to-date: /workspace/install/interface/include/interface/interface/srv/detail
[1.227s] -- Installing: /workspace/install/interface/include/interface/interface/srv/detail/grounded_sam2_interface__rosidl_typesupport_introspection_c.h
[1.227s] -- Installing: /workspace/install/interface/include/interface/interface/srv/detail/grounded_sam2_interface__type_support.c
[1.227s] -- Up-to-date: /workspace/install/interface/include/interface/interface/msg
[1.227s] -- Installing: /workspace/install/interface/include/interface/interface/msg/rosidl_typesupport_introspection_c__visibility_control.h
[1.227s] -- Installing: /workspace/install/interface/lib/libinterface__rosidl_typesupport_introspection_c.so
[1.227s] -- Set runtime path of "/workspace/install/interface/lib/libinterface__rosidl_typesupport_introspection_c.so" to ""
[1.227s] -- Installing: /workspace/install/interface/lib/libinterface__rosidl_typesupport_c.so
[1.227s] -- Set runtime path of "/workspace/install/interface/lib/libinterface__rosidl_typesupport_c.so" to ""
[1.227s] -- Up-to-date: /workspace/install/interface/include/interface/interface
[1.227s] -- Up-to-date: /workspace/install/interface/include/interface/interface/srv
[1.228s] -- Up-to-date: /workspace/install/interface/include/interface/interface/srv/detail
[1.228s] -- Installing: /workspace/install/interface/include/interface/interface/srv/detail/grounded_sam2_interface__rosidl_typesupport_introspection_cpp.hpp
[1.228s] -- Installing: /workspace/install/interface/include/interface/interface/srv/detail/grounded_sam2_interface__type_support.cpp
[1.228s] -- Installing: /workspace/install/interface/lib/libinterface__rosidl_typesupport_introspection_cpp.so
[1.228s] -- Set runtime path of "/workspace/install/interface/lib/libinterface__rosidl_typesupport_introspection_cpp.so" to ""
[1.228s] -- Installing: /workspace/install/interface/lib/libinterface__rosidl_typesupport_cpp.so
[1.228s] -- Set runtime path of "/workspace/install/interface/lib/libinterface__rosidl_typesupport_cpp.so" to ""
[1.228s] -- Installing: /workspace/install/interface/share/interface/environment/pythonpath.sh
[1.228s] -- Installing: /workspace/install/interface/share/interface/environment/pythonpath.dsv
[1.228s] -- Installing: /workspace/install/interface/local/lib/python3.10/dist-packages/interface-0.0.0-py3.10.egg-info
[1.228s] -- Installing: /workspace/install/interface/local/lib/python3.10/dist-packages/interface-0.0.0-py3.10.egg-info/dependency_links.txt
[1.228s] -- Installing: /workspace/install/interface/local/lib/python3.10/dist-packages/interface-0.0.0-py3.10.egg-info/SOURCES.txt
[1.228s] -- Installing: /workspace/install/interface/local/lib/python3.10/dist-packages/interface-0.0.0-py3.10.egg-info/PKG-INFO
[1.228s] -- Installing: /workspace/install/interface/local/lib/python3.10/dist-packages/interface-0.0.0-py3.10.egg-info/top_level.txt
[1.228s] -- Installing: /workspace/install/interface/local/lib/python3.10/dist-packages/interface
[1.228s] -- Installing: /workspace/install/interface/local/lib/python3.10/dist-packages/interface/srv
[1.228s] -- Installing: /workspace/install/interface/local/lib/python3.10/dist-packages/interface/srv/_grounded_sam2_interface_s.c
[1.228s] -- Installing: /workspace/install/interface/local/lib/python3.10/dist-packages/interface/srv/_grounded_sam2_interface.py
[1.228s] -- Installing: /workspace/install/interface/local/lib/python3.10/dist-packages/interface/srv/__init__.py
[1.228s] -- Installing: /workspace/install/interface/local/lib/python3.10/dist-packages/interface/interface_s__rosidl_typesupport_introspection_c.cpython-310-x86_64-linux-gnu.so
[1.228s] -- Installing: /workspace/install/interface/local/lib/python3.10/dist-packages/interface/interface_s__rosidl_typesupport_fastrtps_c.cpython-310-x86_64-linux-gnu.so
[1.228s] -- Installing: /workspace/install/interface/local/lib/python3.10/dist-packages/interface/_interface_s.ep.rosidl_typesupport_c.c
[1.228s] -- Installing: /workspace/install/interface/local/lib/python3.10/dist-packages/interface/interface_s__rosidl_typesupport_c.cpython-310-x86_64-linux-gnu.so
[1.229s] -- Installing: /workspace/install/interface/local/lib/python3.10/dist-packages/interface/_interface_s.ep.rosidl_typesupport_fastrtps_c.c
[1.229s] -- Installing: /workspace/install/interface/local/lib/python3.10/dist-packages/interface/__init__.py
[1.229s] -- Installing: /workspace/install/interface/local/lib/python3.10/dist-packages/interface/_interface_s.ep.rosidl_typesupport_introspection_c.c
[1.229s] -- Installing: /workspace/install/interface/local/lib/python3.10/dist-packages/interface/libinterface__rosidl_generator_py.so
[1.247s] Listing '/workspace/install/interface/local/lib/python3.10/dist-packages/interface'...
[1.247s] Compiling '/workspace/install/interface/local/lib/python3.10/dist-packages/interface/__init__.py'...
[1.247s] Listing '/workspace/install/interface/local/lib/python3.10/dist-packages/interface/srv'...
[1.247s] Compiling '/workspace/install/interface/local/lib/python3.10/dist-packages/interface/srv/__init__.py'...
[1.247s] Compiling '/workspace/install/interface/local/lib/python3.10/dist-packages/interface/srv/_grounded_sam2_interface.py'...
[1.249s] -- Installing: /workspace/install/interface/local/lib/python3.10/dist-packages/interface/interface_s__rosidl_typesupport_fastrtps_c.cpython-310-x86_64-linux-gnu.so
[1.249s] -- Set runtime path of "/workspace/install/interface/local/lib/python3.10/dist-packages/interface/interface_s__rosidl_typesupport_fastrtps_c.cpython-310-x86_64-linux-gnu.so" to ""
[1.249s] -- Installing: /workspace/install/interface/local/lib/python3.10/dist-packages/interface/interface_s__rosidl_typesupport_introspection_c.cpython-310-x86_64-linux-gnu.so
[1.249s] -- Set runtime path of "/workspace/install/interface/local/lib/python3.10/dist-packages/interface/interface_s__rosidl_typesupport_introspection_c.cpython-310-x86_64-linux-gnu.so" to ""
[1.249s] -- Installing: /workspace/install/interface/local/lib/python3.10/dist-packages/interface/interface_s__rosidl_typesupport_c.cpython-310-x86_64-linux-gnu.so
[1.249s] -- Set runtime path of "/workspace/install/interface/local/lib/python3.10/dist-packages/interface/interface_s__rosidl_typesupport_c.cpython-310-x86_64-linux-gnu.so" to ""
[1.250s] -- Installing: /workspace/install/interface/lib/libinterface__rosidl_generator_py.so
[1.250s] -- Set runtime path of "/workspace/install/interface/lib/libinterface__rosidl_generator_py.so" to ""
[1.250s] -- Installing: /workspace/install/interface/share/interface/srv/GroundedSAM2Interface.idl
[1.250s] -- Installing: /workspace/install/interface/share/interface/srv/GroundedSAM2Interface.srv
[1.250s] -- Installing: /workspace/install/interface/share/interface/srv/GroundedSAM2Interface_Request.msg
[1.250s] -- Installing: /workspace/install/interface/share/interface/srv/GroundedSAM2Interface_Response.msg
[1.250s] -- Installing: /workspace/install/interface/share/ament_index/resource_index/package_run_dependencies/interface
[1.250s] -- Installing: /workspace/install/interface/share/ament_index/resource_index/parent_prefix_path/interface
[1.250s] -- Installing: /workspace/install/interface/share/interface/environment/ament_prefix_path.sh
[1.250s] -- Installing: /workspace/install/interface/share/interface/environment/ament_prefix_path.dsv
[1.250s] -- Installing: /workspace/install/interface/share/interface/environment/path.sh
[1.250s] -- Installing: /workspace/install/interface/share/interface/environment/path.dsv
[1.250s] -- Installing: /workspace/install/interface/share/interface/local_setup.bash
[1.250s] -- Installing: /workspace/install/interface/share/interface/local_setup.sh
[1.250s] -- Installing: /workspace/install/interface/share/interface/local_setup.zsh
[1.250s] -- Installing: /workspace/install/interface/share/interface/local_setup.dsv
[1.251s] -- Installing: /workspace/install/interface/share/interface/package.dsv
[1.251s] -- Installing: /workspace/install/interface/share/ament_index/resource_index/packages/interface
[1.251s] -- Installing: /workspace/install/interface/share/interface/cmake/export_interface__rosidl_generator_cExport.cmake
[1.251s] -- Installing: /workspace/install/interface/share/interface/cmake/export_interface__rosidl_generator_cExport-noconfig.cmake
[1.251s] -- Installing: /workspace/install/interface/share/interface/cmake/export_interface__rosidl_typesupport_fastrtps_cExport.cmake
[1.251s] -- Installing: /workspace/install/interface/share/interface/cmake/export_interface__rosidl_typesupport_fastrtps_cExport-noconfig.cmake
[1.251s] -- Installing: /workspace/install/interface/share/interface/cmake/export_interface__rosidl_generator_cppExport.cmake
[1.251s] -- Installing: /workspace/install/interface/share/interface/cmake/export_interface__rosidl_typesupport_fastrtps_cppExport.cmake
[1.251s] -- Installing: /workspace/install/interface/share/interface/cmake/export_interface__rosidl_typesupport_fastrtps_cppExport-noconfig.cmake
[1.251s] -- Installing: /workspace/install/interface/share/interface/cmake/interface__rosidl_typesupport_introspection_cExport.cmake
[1.251s] -- Installing: /workspace/install/interface/share/interface/cmake/interface__rosidl_typesupport_introspection_cExport-noconfig.cmake
[1.251s] -- Installing: /workspace/install/interface/share/interface/cmake/interface__rosidl_typesupport_cExport.cmake
[1.251s] -- Installing: /workspace/install/interface/share/interface/cmake/interface__rosidl_typesupport_cExport-noconfig.cmake
[1.251s] -- Installing: /workspace/install/interface/share/interface/cmake/interface__rosidl_typesupport_introspection_cppExport.cmake
[1.251s] -- Installing: /workspace/install/interface/share/interface/cmake/interface__rosidl_typesupport_introspection_cppExport-noconfig.cmake
[1.251s] -- Installing: /workspace/install/interface/share/interface/cmake/interface__rosidl_typesupport_cppExport.cmake
[1.251s] -- Installing: /workspace/install/interface/share/interface/cmake/interface__rosidl_typesupport_cppExport-noconfig.cmake
[1.251s] -- Installing: /workspace/install/interface/share/interface/cmake/export_interface__rosidl_generator_pyExport.cmake
[1.251s] -- Installing: /workspace/install/interface/share/interface/cmake/export_interface__rosidl_generator_pyExport-noconfig.cmake
[1.251s] -- Installing: /workspace/install/interface/share/interface/cmake/rosidl_cmake-extras.cmake
[1.252s] -- Installing: /workspace/install/interface/share/interface/cmake/ament_cmake_export_dependencies-extras.cmake
[1.252s] -- Installing: /workspace/install/interface/share/interface/cmake/ament_cmake_export_include_directories-extras.cmake
[1.252s] -- Installing: /workspace/install/interface/share/interface/cmake/ament_cmake_export_libraries-extras.cmake
[1.252s] -- Installing: /workspace/install/interface/share/interface/cmake/ament_cmake_export_targets-extras.cmake
[1.252s] -- Installing: /workspace/install/interface/share/interface/cmake/rosidl_cmake_export_typesupport_targets-extras.cmake
[1.252s] -- Installing: /workspace/install/interface/share/interface/cmake/rosidl_cmake_export_typesupport_libraries-extras.cmake
[1.252s] -- Installing: /workspace/install/interface/share/interface/cmake/interfaceConfig.cmake
[1.252s] -- Installing: /workspace/install/interface/share/interface/cmake/interfaceConfig-version.cmake
[1.252s] -- Installing: /workspace/install/interface/share/interface/package.xml
[1.252s] Invoked command in '/workspace/build/interface' returned '0': CMAKE_PREFIX_PATH=/opt/ros/humble /usr/bin/cmake --install /workspace/build/interface
