[0.118s] Invoking command in '/workspace/build/interface': CMAKE_PREFIX_PATH=/opt/ros/humble /usr/bin/cmake --build /workspace/build/interface -- -j24 -l24
[0.135s] -- Found ament_cmake: 1.3.12 (/opt/ros/humble/share/ament_cmake/cmake)
[0.204s] -- Found sensor_msgs: 4.9.0 (/opt/ros/humble/share/sensor_msgs/cmake)
[0.216s] -- Found rosidl_generator_c: 3.1.7 (/opt/ros/humble/share/rosidl_generator_c/cmake)
[0.217s] -- Found rosidl_adapter: 3.1.7 (/opt/ros/humble/share/rosidl_adapter/cmake)
[0.220s] -- Found rosidl_generator_cpp: 3.1.7 (/opt/ros/humble/share/rosidl_generator_cpp/cmake)
[0.225s] -- Using all available rosidl_typesupport_c: rosidl_typesupport_fastrtps_c;rosidl_typesupport_introspection_c
[0.231s] -- Using all available rosidl_typesupport_cpp: rosidl_typesupport_fastrtps_cpp;rosidl_typesupport_introspection_cpp
[0.257s] -- Found rosidl_default_generators: 1.2.0 (/opt/ros/humble/share/rosidl_default_generators/cmake)
[0.411s] -- Found ament_cmake_ros: 0.10.0 (/opt/ros/humble/share/ament_cmake_ros/cmake)
[0.647s] -- Using all available rosidl_typesupport_c: rosidl_typesupport_fastrtps_c;rosidl_typesupport_introspection_c
[0.739s] -- Using all available rosidl_typesupport_cpp: rosidl_typesupport_fastrtps_cpp;rosidl_typesupport_introspection_cpp
[0.751s] -- Found python_cmake_module: 0.10.0 (/opt/ros/humble/share/python_cmake_module/cmake)
[0.763s] -- Using PYTHON_EXECUTABLE: /usr/bin/python3
[0.764s] -- Using PYTHON_INCLUDE_DIRS: /usr/include/python3.10
[0.764s] -- Using PYTHON_LIBRARIES: /usr/lib/x86_64-linux-gnu/libpython3.10.so
[0.787s] -- Found ament_lint_auto: 0.12.14 (/opt/ros/humble/share/ament_lint_auto/cmake)
[0.791s] -- Added test 'lint_cmake' to check CMake code style
[0.791s] -- Added test 'xmllint' to check XML markup files
[0.792s] -- Configuring done
[0.817s] -- Generating done
[0.824s] -- Build files have been written to: /workspace/build/interface
[0.840s] [35m[1mConsolidate compiler generated dependencies of target interface__rosidl_generator_c[0m
[0.846s] [  3%] Built target interface__cpp
[0.846s] [  6%] [32mBuilding C object CMakeFiles/interface__rosidl_generator_c.dir/rosidl_generator_c/interface/srv/detail/grounded_sam2_interface__functions.c.o[0m
[0.852s] [35m[1mConsolidate compiler generated dependencies of target interface__rosidl_typesupport_cpp[0m
[0.852s] [  6%] Built target ament_cmake_python_copy_interface
[0.854s] [35m[1mConsolidate compiler generated dependencies of target interface__rosidl_typesupport_introspection_cpp[0m
[0.854s] [35m[1mConsolidate compiler generated dependencies of target interface__rosidl_typesupport_fastrtps_cpp[0m
[0.859s] [  9%] [32mBuilding CXX object CMakeFiles/interface__rosidl_typesupport_cpp.dir/rosidl_typesupport_cpp/interface/srv/grounded_sam2_interface__type_support.cpp.o[0m
[0.860s] [ 12%] [32mBuilding CXX object CMakeFiles/interface__rosidl_typesupport_introspection_cpp.dir/rosidl_typesupport_introspection_cpp/interface/srv/detail/grounded_sam2_interface__type_support.cpp.o[0m
[0.862s] [ 16%] [32mBuilding CXX object CMakeFiles/interface__rosidl_typesupport_fastrtps_cpp.dir/rosidl_typesupport_fastrtps_cpp/interface/srv/detail/dds_fastrtps/grounded_sam2_interface__type_support.cpp.o[0m
[0.956s] [ 19%] [32m[1mLinking C shared library libinterface__rosidl_generator_c.so[0m
[0.959s] running egg_info
[0.959s] writing interface.egg-info/PKG-INFO
[0.959s] writing dependency_links to interface.egg-info/dependency_links.txt
[0.959s] writing top-level names to interface.egg-info/top_level.txt
[0.960s] reading manifest file 'interface.egg-info/SOURCES.txt'
[0.961s] writing manifest file 'interface.egg-info/SOURCES.txt'
[0.978s] [ 19%] Built target ament_cmake_python_build_interface_egg
[0.990s] [ 22%] Built target interface__rosidl_generator_c
[0.998s] [35m[1mConsolidate compiler generated dependencies of target interface__rosidl_typesupport_introspection_c[0m
[0.998s] [35m[1mConsolidate compiler generated dependencies of target interface__rosidl_typesupport_c[0m
[0.998s] [35m[1mConsolidate compiler generated dependencies of target interface__rosidl_typesupport_fastrtps_c[0m
[1.006s] [ 25%] [32mBuilding C object CMakeFiles/interface__rosidl_typesupport_introspection_c.dir/rosidl_typesupport_introspection_c/interface/srv/detail/grounded_sam2_interface__type_support.c.o[0m
[1.006s] [ 32%] [32mBuilding CXX object CMakeFiles/interface__rosidl_typesupport_c.dir/rosidl_typesupport_c/interface/srv/grounded_sam2_interface__type_support.cpp.o[0m
[1.007s] [ 32%] [32mBuilding CXX object CMakeFiles/interface__rosidl_typesupport_fastrtps_c.dir/rosidl_typesupport_fastrtps_c/interface/srv/detail/grounded_sam2_interface__type_support_c.cpp.o[0m
[1.030s] [ 35%] [32m[1mLinking C shared library libinterface__rosidl_typesupport_introspection_c.so[0m
[1.034s] [ 38%] [32m[1mLinking CXX shared library libinterface__rosidl_typesupport_c.so[0m
[1.040s] [ 41%] [32m[1mLinking CXX shared library libinterface__rosidl_typesupport_cpp.so[0m
[1.051s] [ 45%] Built target interface__rosidl_typesupport_introspection_c
[1.059s] [ 48%] Built target interface__rosidl_typesupport_c
[1.068s] [ 51%] Built target interface__rosidl_typesupport_cpp
[1.131s] [ 54%] [32m[1mLinking CXX shared library libinterface__rosidl_typesupport_introspection_cpp.so[0m
[1.143s] [ 58%] [32m[1mLinking CXX shared library libinterface__rosidl_typesupport_fastrtps_cpp.so[0m
[1.177s] [ 61%] Built target interface__rosidl_typesupport_introspection_cpp
[1.190s] [ 64%] Built target interface__rosidl_typesupport_fastrtps_cpp
[1.190s] [ 67%] [32m[1mLinking CXX shared library libinterface__rosidl_typesupport_fastrtps_c.so[0m
[1.230s] [ 70%] Built target interface__rosidl_typesupport_fastrtps_c
[1.242s] [ 70%] Built target interface
[1.253s] [ 74%] Built target interface__py
[1.259s] [35m[1mConsolidate compiler generated dependencies of target interface__rosidl_generator_py[0m
[1.267s] [ 77%] [32mBuilding C object CMakeFiles/interface__rosidl_generator_py.dir/rosidl_generator_py/interface/srv/_grounded_sam2_interface_s.c.o[0m
[1.336s] [ 80%] [32m[1mLinking C shared library rosidl_generator_py/interface/libinterface__rosidl_generator_py.so[0m
[1.359s] [ 80%] Built target interface__rosidl_generator_py
[1.366s] [35m[1mConsolidate compiler generated dependencies of target interface__rosidl_typesupport_introspection_c__pyext[0m
[1.366s] [35m[1mConsolidate compiler generated dependencies of target interface__rosidl_typesupport_fastrtps_c__pyext[0m
[1.366s] [35m[1mConsolidate compiler generated dependencies of target interface__rosidl_typesupport_c__pyext[0m
[1.373s] [ 83%] [32mBuilding C object CMakeFiles/interface__rosidl_typesupport_introspection_c__pyext.dir/rosidl_generator_py/interface/_interface_s.ep.rosidl_typesupport_introspection_c.c.o[0m
[1.374s] [ 87%] [32mBuilding C object CMakeFiles/interface__rosidl_typesupport_c__pyext.dir/rosidl_generator_py/interface/_interface_s.ep.rosidl_typesupport_c.c.o[0m
[1.374s] [ 90%] [32mBuilding C object CMakeFiles/interface__rosidl_typesupport_fastrtps_c__pyext.dir/rosidl_generator_py/interface/_interface_s.ep.rosidl_typesupport_fastrtps_c.c.o[0m
[1.424s] [ 96%] [32m[1mLinking C shared library rosidl_generator_py/interface/interface_s__rosidl_typesupport_introspection_c.cpython-310-x86_64-linux-gnu.so[0m
[1.424s] [ 96%] [32m[1mLinking C shared library rosidl_generator_py/interface/interface_s__rosidl_typesupport_fastrtps_c.cpython-310-x86_64-linux-gnu.so[0m
[1.425s] [100%] [32m[1mLinking C shared library rosidl_generator_py/interface/interface_s__rosidl_typesupport_c.cpython-310-x86_64-linux-gnu.so[0m
[1.450s] [100%] Built target interface__rosidl_typesupport_fastrtps_c__pyext
[1.450s] [100%] Built target interface__rosidl_typesupport_c__pyext
[1.450s] [100%] Built target interface__rosidl_typesupport_introspection_c__pyext
[1.457s] Invoked command in '/workspace/build/interface' returned '0': CMAKE_PREFIX_PATH=/opt/ros/humble /usr/bin/cmake --build /workspace/build/interface -- -j24 -l24
[1.462s] Invoking command in '/workspace/build/interface': CMAKE_PREFIX_PATH=/opt/ros/humble /usr/bin/cmake --install /workspace/build/interface
[1.466s] -- Install configuration: ""
[1.466s] -- Up-to-date: /workspace/install/interface/share/ament_index/resource_index/rosidl_interfaces/interface
[1.466s] -- Up-to-date: /workspace/install/interface/include/interface/interface
[1.466s] -- Up-to-date: /workspace/install/interface/include/interface/interface/srv
[1.466s] -- Up-to-date: /workspace/install/interface/include/interface/interface/srv/grounded_sam2_interface.h
[1.466s] -- Up-to-date: /workspace/install/interface/include/interface/interface/srv/detail
[1.466s] -- Up-to-date: /workspace/install/interface/include/interface/interface/srv/detail/grounded_sam2_interface__type_support.h
[1.466s] -- Up-to-date: /workspace/install/interface/include/interface/interface/srv/detail/grounded_sam2_interface__struct.h
[1.466s] -- Up-to-date: /workspace/install/interface/include/interface/interface/srv/detail/grounded_sam2_interface__functions.c
[1.466s] -- Up-to-date: /workspace/install/interface/include/interface/interface/srv/detail/grounded_sam2_interface__functions.h
[1.466s] -- Up-to-date: /workspace/install/interface/include/interface/interface/msg
[1.466s] -- Up-to-date: /workspace/install/interface/include/interface/interface/msg/rosidl_generator_c__visibility_control.h
[1.466s] -- Installing: /workspace/install/interface/share/interface/environment/library_path.sh
[1.467s] -- Installing: /workspace/install/interface/share/interface/environment/library_path.dsv
[1.467s] -- Installing: /workspace/install/interface/lib/libinterface__rosidl_generator_c.so
[1.467s] -- Set runtime path of "/workspace/install/interface/lib/libinterface__rosidl_generator_c.so" to ""
[1.467s] -- Up-to-date: /workspace/install/interface/include/interface/interface
[1.467s] -- Up-to-date: /workspace/install/interface/include/interface/interface/srv
[1.467s] -- Up-to-date: /workspace/install/interface/include/interface/interface/srv/detail
[1.467s] -- Up-to-date: /workspace/install/interface/include/interface/interface/srv/detail/grounded_sam2_interface__rosidl_typesupport_fastrtps_c.h
[1.467s] -- Up-to-date: /workspace/install/interface/include/interface/interface/msg
[1.467s] -- Up-to-date: /workspace/install/interface/include/interface/interface/msg/rosidl_typesupport_fastrtps_c__visibility_control.h
[1.467s] -- Installing: /workspace/install/interface/lib/libinterface__rosidl_typesupport_fastrtps_c.so
[1.467s] -- Set runtime path of "/workspace/install/interface/lib/libinterface__rosidl_typesupport_fastrtps_c.so" to ""
[1.467s] -- Up-to-date: /workspace/install/interface/include/interface/interface
[1.467s] -- Up-to-date: /workspace/install/interface/include/interface/interface/srv
[1.467s] -- Up-to-date: /workspace/install/interface/include/interface/interface/srv/detail
[1.467s] -- Up-to-date: /workspace/install/interface/include/interface/interface/srv/detail/grounded_sam2_interface__traits.hpp
[1.467s] -- Up-to-date: /workspace/install/interface/include/interface/interface/srv/detail/grounded_sam2_interface__type_support.hpp
[1.467s] -- Up-to-date: /workspace/install/interface/include/interface/interface/srv/detail/grounded_sam2_interface__builder.hpp
[1.467s] -- Up-to-date: /workspace/install/interface/include/interface/interface/srv/detail/grounded_sam2_interface__struct.hpp
[1.467s] -- Up-to-date: /workspace/install/interface/include/interface/interface/srv/grounded_sam2_interface.hpp
[1.467s] -- Up-to-date: /workspace/install/interface/include/interface/interface/msg
[1.467s] -- Up-to-date: /workspace/install/interface/include/interface/interface/msg/rosidl_generator_cpp__visibility_control.hpp
[1.467s] -- Up-to-date: /workspace/install/interface/include/interface/interface
[1.467s] -- Up-to-date: /workspace/install/interface/include/interface/interface/srv
[1.467s] -- Up-to-date: /workspace/install/interface/include/interface/interface/srv/detail
[1.467s] -- Installing: /workspace/install/interface/include/interface/interface/srv/detail/dds_fastrtps
[1.467s] -- Up-to-date: /workspace/install/interface/include/interface/interface/srv/detail/grounded_sam2_interface__rosidl_typesupport_fastrtps_cpp.hpp
[1.467s] -- Up-to-date: /workspace/install/interface/include/interface/interface/msg
[1.467s] -- Up-to-date: /workspace/install/interface/include/interface/interface/msg/rosidl_typesupport_fastrtps_cpp__visibility_control.h
[1.467s] -- Installing: /workspace/install/interface/lib/libinterface__rosidl_typesupport_fastrtps_cpp.so
[1.467s] -- Set runtime path of "/workspace/install/interface/lib/libinterface__rosidl_typesupport_fastrtps_cpp.so" to ""
[1.467s] -- Up-to-date: /workspace/install/interface/include/interface/interface
[1.467s] -- Up-to-date: /workspace/install/interface/include/interface/interface/srv
[1.467s] -- Up-to-date: /workspace/install/interface/include/interface/interface/srv/detail
[1.467s] -- Up-to-date: /workspace/install/interface/include/interface/interface/srv/detail/grounded_sam2_interface__rosidl_typesupport_introspection_c.h
[1.467s] -- Up-to-date: /workspace/install/interface/include/interface/interface/srv/detail/grounded_sam2_interface__type_support.c
[1.467s] -- Up-to-date: /workspace/install/interface/include/interface/interface/msg
[1.467s] -- Up-to-date: /workspace/install/interface/include/interface/interface/msg/rosidl_typesupport_introspection_c__visibility_control.h
[1.468s] -- Installing: /workspace/install/interface/lib/libinterface__rosidl_typesupport_introspection_c.so
[1.468s] -- Set runtime path of "/workspace/install/interface/lib/libinterface__rosidl_typesupport_introspection_c.so" to ""
[1.468s] -- Installing: /workspace/install/interface/lib/libinterface__rosidl_typesupport_c.so
[1.468s] -- Set runtime path of "/workspace/install/interface/lib/libinterface__rosidl_typesupport_c.so" to ""
[1.468s] -- Up-to-date: /workspace/install/interface/include/interface/interface
[1.468s] -- Up-to-date: /workspace/install/interface/include/interface/interface/srv
[1.468s] -- Up-to-date: /workspace/install/interface/include/interface/interface/srv/detail
[1.468s] -- Up-to-date: /workspace/install/interface/include/interface/interface/srv/detail/grounded_sam2_interface__type_support.cpp
[1.468s] -- Up-to-date: /workspace/install/interface/include/interface/interface/srv/detail/grounded_sam2_interface__rosidl_typesupport_introspection_cpp.hpp
[1.468s] -- Installing: /workspace/install/interface/lib/libinterface__rosidl_typesupport_introspection_cpp.so
[1.468s] -- Set runtime path of "/workspace/install/interface/lib/libinterface__rosidl_typesupport_introspection_cpp.so" to ""
[1.468s] -- Installing: /workspace/install/interface/lib/libinterface__rosidl_typesupport_cpp.so
[1.468s] -- Set runtime path of "/workspace/install/interface/lib/libinterface__rosidl_typesupport_cpp.so" to ""
[1.468s] -- Up-to-date: /workspace/install/interface/share/interface/environment/pythonpath.sh
[1.468s] -- Installing: /workspace/install/interface/share/interface/environment/pythonpath.dsv
[1.468s] -- Up-to-date: /workspace/install/interface/local/lib/python3.10/dist-packages/interface-0.0.0-py3.10.egg-info
[1.468s] -- Installing: /workspace/install/interface/local/lib/python3.10/dist-packages/interface-0.0.0-py3.10.egg-info/top_level.txt
[1.468s] -- Installing: /workspace/install/interface/local/lib/python3.10/dist-packages/interface-0.0.0-py3.10.egg-info/dependency_links.txt
[1.468s] -- Installing: /workspace/install/interface/local/lib/python3.10/dist-packages/interface-0.0.0-py3.10.egg-info/PKG-INFO
[1.468s] -- Installing: /workspace/install/interface/local/lib/python3.10/dist-packages/interface-0.0.0-py3.10.egg-info/SOURCES.txt
[1.468s] -- Up-to-date: /workspace/install/interface/local/lib/python3.10/dist-packages/interface
[1.468s] -- Installing: /workspace/install/interface/local/lib/python3.10/dist-packages/interface/interface_s__rosidl_typesupport_fastrtps_c.cpython-310-x86_64-linux-gnu.so
[1.468s] -- Installing: /workspace/install/interface/local/lib/python3.10/dist-packages/interface/interface_s__rosidl_typesupport_c.cpython-310-x86_64-linux-gnu.so
[1.468s] -- Up-to-date: /workspace/install/interface/local/lib/python3.10/dist-packages/interface/srv
[1.468s] -- Up-to-date: /workspace/install/interface/local/lib/python3.10/dist-packages/interface/srv/__init__.py
[1.468s] -- Up-to-date: /workspace/install/interface/local/lib/python3.10/dist-packages/interface/srv/_grounded_sam2_interface.py
[1.468s] -- Up-to-date: /workspace/install/interface/local/lib/python3.10/dist-packages/interface/srv/_grounded_sam2_interface_s.c
[1.468s] -- Installing: /workspace/install/interface/local/lib/python3.10/dist-packages/interface/__init__.py
[1.468s] -- Up-to-date: /workspace/install/interface/local/lib/python3.10/dist-packages/interface/_interface_s.ep.rosidl_typesupport_fastrtps_c.c
[1.468s] -- Up-to-date: /workspace/install/interface/local/lib/python3.10/dist-packages/interface/_interface_s.ep.rosidl_typesupport_introspection_c.c
[1.468s] -- Installing: /workspace/install/interface/local/lib/python3.10/dist-packages/interface/libinterface__rosidl_generator_py.so
[1.469s] -- Installing: /workspace/install/interface/local/lib/python3.10/dist-packages/interface/interface_s__rosidl_typesupport_introspection_c.cpython-310-x86_64-linux-gnu.so
[1.469s] -- Up-to-date: /workspace/install/interface/local/lib/python3.10/dist-packages/interface/_interface_s.ep.rosidl_typesupport_c.c
[1.489s] Listing '/workspace/install/interface/local/lib/python3.10/dist-packages/interface'...
[1.489s] Compiling '/workspace/install/interface/local/lib/python3.10/dist-packages/interface/__init__.py'...
[1.489s] Listing '/workspace/install/interface/local/lib/python3.10/dist-packages/interface/srv'...
[1.489s] Compiling '/workspace/install/interface/local/lib/python3.10/dist-packages/interface/srv/__init__.py'...
[1.489s] Compiling '/workspace/install/interface/local/lib/python3.10/dist-packages/interface/srv/_grounded_sam2_interface.py'...
[1.491s] -- Installing: /workspace/install/interface/local/lib/python3.10/dist-packages/interface/interface_s__rosidl_typesupport_fastrtps_c.cpython-310-x86_64-linux-gnu.so
[1.491s] -- Set runtime path of "/workspace/install/interface/local/lib/python3.10/dist-packages/interface/interface_s__rosidl_typesupport_fastrtps_c.cpython-310-x86_64-linux-gnu.so" to ""
[1.492s] -- Installing: /workspace/install/interface/local/lib/python3.10/dist-packages/interface/interface_s__rosidl_typesupport_introspection_c.cpython-310-x86_64-linux-gnu.so
[1.492s] -- Set runtime path of "/workspace/install/interface/local/lib/python3.10/dist-packages/interface/interface_s__rosidl_typesupport_introspection_c.cpython-310-x86_64-linux-gnu.so" to ""
[1.492s] -- Installing: /workspace/install/interface/local/lib/python3.10/dist-packages/interface/interface_s__rosidl_typesupport_c.cpython-310-x86_64-linux-gnu.so
[1.492s] -- Set runtime path of "/workspace/install/interface/local/lib/python3.10/dist-packages/interface/interface_s__rosidl_typesupport_c.cpython-310-x86_64-linux-gnu.so" to ""
[1.492s] -- Installing: /workspace/install/interface/lib/libinterface__rosidl_generator_py.so
[1.492s] -- Set runtime path of "/workspace/install/interface/lib/libinterface__rosidl_generator_py.so" to ""
[1.492s] -- Up-to-date: /workspace/install/interface/share/interface/srv/GroundedSAM2Interface.idl
[1.492s] -- Up-to-date: /workspace/install/interface/share/interface/srv/GroundedSAM2Interface.srv
[1.492s] -- Up-to-date: /workspace/install/interface/share/interface/srv/GroundedSAM2Interface_Request.msg
[1.492s] -- Up-to-date: /workspace/install/interface/share/interface/srv/GroundedSAM2Interface_Response.msg
[1.492s] -- Up-to-date: /workspace/install/interface/share/ament_index/resource_index/package_run_dependencies/interface
[1.492s] -- Up-to-date: /workspace/install/interface/share/ament_index/resource_index/parent_prefix_path/interface
[1.492s] -- Installing: /workspace/install/interface/share/interface/environment/ament_prefix_path.sh
[1.492s] -- Installing: /workspace/install/interface/share/interface/environment/ament_prefix_path.dsv
[1.492s] -- Installing: /workspace/install/interface/share/interface/environment/path.sh
[1.492s] -- Installing: /workspace/install/interface/share/interface/environment/path.dsv
[1.492s] -- Up-to-date: /workspace/install/interface/share/interface/local_setup.bash
[1.492s] -- Up-to-date: /workspace/install/interface/share/interface/local_setup.sh
[1.492s] -- Up-to-date: /workspace/install/interface/share/interface/local_setup.zsh
[1.492s] -- Installing: /workspace/install/interface/share/interface/local_setup.dsv
[1.492s] -- Installing: /workspace/install/interface/share/interface/package.dsv
[1.492s] -- Up-to-date: /workspace/install/interface/share/ament_index/resource_index/packages/interface
[1.492s] -- Up-to-date: /workspace/install/interface/share/interface/cmake/export_interface__rosidl_generator_cExport.cmake
[1.492s] -- Up-to-date: /workspace/install/interface/share/interface/cmake/export_interface__rosidl_generator_cExport-noconfig.cmake
[1.493s] -- Up-to-date: /workspace/install/interface/share/interface/cmake/export_interface__rosidl_typesupport_fastrtps_cExport.cmake
[1.493s] -- Up-to-date: /workspace/install/interface/share/interface/cmake/export_interface__rosidl_typesupport_fastrtps_cExport-noconfig.cmake
[1.493s] -- Up-to-date: /workspace/install/interface/share/interface/cmake/export_interface__rosidl_generator_cppExport.cmake
[1.493s] -- Up-to-date: /workspace/install/interface/share/interface/cmake/export_interface__rosidl_typesupport_fastrtps_cppExport.cmake
[1.493s] -- Up-to-date: /workspace/install/interface/share/interface/cmake/export_interface__rosidl_typesupport_fastrtps_cppExport-noconfig.cmake
[1.493s] -- Up-to-date: /workspace/install/interface/share/interface/cmake/interface__rosidl_typesupport_introspection_cExport.cmake
[1.493s] -- Up-to-date: /workspace/install/interface/share/interface/cmake/interface__rosidl_typesupport_introspection_cExport-noconfig.cmake
[1.493s] -- Up-to-date: /workspace/install/interface/share/interface/cmake/interface__rosidl_typesupport_cExport.cmake
[1.493s] -- Up-to-date: /workspace/install/interface/share/interface/cmake/interface__rosidl_typesupport_cExport-noconfig.cmake
[1.493s] -- Up-to-date: /workspace/install/interface/share/interface/cmake/interface__rosidl_typesupport_introspection_cppExport.cmake
[1.493s] -- Up-to-date: /workspace/install/interface/share/interface/cmake/interface__rosidl_typesupport_introspection_cppExport-noconfig.cmake
[1.493s] -- Up-to-date: /workspace/install/interface/share/interface/cmake/interface__rosidl_typesupport_cppExport.cmake
[1.493s] -- Up-to-date: /workspace/install/interface/share/interface/cmake/interface__rosidl_typesupport_cppExport-noconfig.cmake
[1.493s] -- Up-to-date: /workspace/install/interface/share/interface/cmake/export_interface__rosidl_generator_pyExport.cmake
[1.493s] -- Up-to-date: /workspace/install/interface/share/interface/cmake/export_interface__rosidl_generator_pyExport-noconfig.cmake
[1.493s] -- Up-to-date: /workspace/install/interface/share/interface/cmake/rosidl_cmake-extras.cmake
[1.493s] -- Up-to-date: /workspace/install/interface/share/interface/cmake/ament_cmake_export_dependencies-extras.cmake
[1.493s] -- Up-to-date: /workspace/install/interface/share/interface/cmake/ament_cmake_export_include_directories-extras.cmake
[1.493s] -- Up-to-date: /workspace/install/interface/share/interface/cmake/ament_cmake_export_libraries-extras.cmake
[1.493s] -- Up-to-date: /workspace/install/interface/share/interface/cmake/ament_cmake_export_targets-extras.cmake
[1.493s] -- Up-to-date: /workspace/install/interface/share/interface/cmake/rosidl_cmake_export_typesupport_targets-extras.cmake
[1.493s] -- Up-to-date: /workspace/install/interface/share/interface/cmake/rosidl_cmake_export_typesupport_libraries-extras.cmake
[1.493s] -- Up-to-date: /workspace/install/interface/share/interface/cmake/interfaceConfig.cmake
[1.493s] -- Up-to-date: /workspace/install/interface/share/interface/cmake/interfaceConfig-version.cmake
[1.493s] -- Up-to-date: /workspace/install/interface/share/interface/package.xml
[1.494s] Invoked command in '/workspace/build/interface' returned '0': CMAKE_PREFIX_PATH=/opt/ros/humble /usr/bin/cmake --install /workspace/build/interface
