[1.552s] Invoking command in '/workspace/src/groundedsam2': PYTHONPATH=/workspace/build/groundedsam2/prefix_override:/usr/lib/python3/dist-packages/colcon_core/task/python/colcon_distutils_commands:/workspace/install/groundedsam2/lib/python3.10/site-packages:${PYTHONPATH} /usr/bin/python3 -W ignore:setup.py install is deprecated -W ignore:easy_install command is deprecated setup.py egg_info --egg-base ../../build/groundedsam2 build --build-base /workspace/build/groundedsam2/build install --record /workspace/build/groundedsam2/install.log --single-version-externally-managed install_data
[1.698s] running egg_info
[1.699s] writing ../../build/groundedsam2/groundedsam2.egg-info/PKG-INFO
[1.699s] writing dependency_links to ../../build/groundedsam2/groundedsam2.egg-info/dependency_links.txt
[1.699s] writing entry points to ../../build/groundedsam2/groundedsam2.egg-info/entry_points.txt
[1.699s] writing requirements to ../../build/groundedsam2/groundedsam2.egg-info/requires.txt
[1.699s] writing top-level names to ../../build/groundedsam2/groundedsam2.egg-info/top_level.txt
[1.700s] reading manifest file '../../build/groundedsam2/groundedsam2.egg-info/SOURCES.txt'
[1.701s] writing manifest file '../../build/groundedsam2/groundedsam2.egg-info/SOURCES.txt'
[1.701s] running build
[1.701s] running build_py
[1.701s] running install
[1.701s] running install_lib
[1.702s] running install_data
[1.702s] running install_egg_info
[1.703s] removing '/workspace/install/groundedsam2/lib/python3.10/site-packages/groundedsam2-0.0.0-py3.10.egg-info' (and everything under it)
[1.704s] Copying ../../build/groundedsam2/groundedsam2.egg-info to /workspace/install/groundedsam2/lib/python3.10/site-packages/groundedsam2-0.0.0-py3.10.egg-info
[1.704s] running install_scripts
[1.720s] Installing service script to /workspace/install/groundedsam2/lib/groundedsam2
[1.720s] Installing test_client script to /workspace/install/groundedsam2/lib/groundedsam2
[1.720s] writing list of installed files to '/workspace/build/groundedsam2/install.log'
[1.738s] Invoked command in '/workspace/src/groundedsam2' returned '0': PYTHONPATH=/workspace/build/groundedsam2/prefix_override:/usr/lib/python3/dist-packages/colcon_core/task/python/colcon_distutils_commands:/workspace/install/groundedsam2/lib/python3.10/site-packages:${PYTHONPATH} /usr/bin/python3 -W ignore:setup.py install is deprecated -W ignore:easy_install command is deprecated setup.py egg_info --egg-base ../../build/groundedsam2 build --build-base /workspace/build/groundedsam2/build install --record /workspace/build/groundedsam2/install.log --single-version-externally-managed install_data
