[0.051s] DEBUG:colcon:Command line arguments: ['/usr/bin/colcon', 'build']
[0.051s] DEBUG:colcon:Parsed command line arguments: Namespace(log_base=None, log_level=None, verb_name='build', build_base='build', install_base='install', merge_install=False, symlink_install=False, test_result_base=None, continue_on_error=False, executor='parallel', parallel_workers=24, event_handlers=None, ignore_user_meta=False, metas=['./colcon.meta'], base_paths=['.'], packages_ignore=None, packages_ignore_regex=None, paths=None, packages_up_to=None, packages_up_to_regex=None, packages_above=None, packages_above_and_dependencies=None, packages_above_depth=None, packages_select_by_dep=None, packages_skip_by_dep=None, packages_skip_up_to=None, packages_select_build_failed=False, packages_skip_build_finished=False, packages_select_test_failures=False, packages_skip_test_passed=False, packages_select=None, packages_skip=None, packages_select_regex=None, packages_skip_regex=None, packages_start=None, packages_end=None, allow_overriding=[], cmake_args=None, cmake_target=None, cmake_target_skip_unavailable=False, cmake_clean_cache=False, cmake_clean_first=False, cmake_force_configure=False, ament_cmake_args=None, catkin_cmake_args=None, catkin_skip_building_tests=False, verb_parser=<colcon_defaults.argument_parser.defaults.DefaultArgumentsDecorator object at 0x73aeabb5e9b0>, verb_extension=<colcon_core.verb.build.BuildVerb object at 0x73aeabe5bdc0>, main=<bound method BuildVerb.main of <colcon_core.verb.build.BuildVerb object at 0x73aeabe5bdc0>>)
[0.071s] Level 1:colcon.colcon_core.package_discovery:discover_packages(colcon_meta) check parameters
[0.071s] Level 1:colcon.colcon_core.package_discovery:discover_packages(recursive) check parameters
[0.071s] Level 1:colcon.colcon_core.package_discovery:discover_packages(ignore) check parameters
[0.071s] Level 1:colcon.colcon_core.package_discovery:discover_packages(path) check parameters
[0.071s] Level 1:colcon.colcon_core.package_discovery:discover_packages(colcon_meta) discover
[0.071s] Level 1:colcon.colcon_core.package_discovery:discover_packages(recursive) discover
[0.071s] INFO:colcon.colcon_core.package_discovery:Crawling recursively for packages in '/workspace'
[0.071s] Level 1:colcon.colcon_core.package_identification:_identify(.) by extensions ['ignore', 'ignore_ament_install']
[0.071s] Level 1:colcon.colcon_core.package_identification:_identify(.) by extension 'ignore'
[0.071s] Level 1:colcon.colcon_core.package_identification:_identify(.) by extension 'ignore_ament_install'
[0.071s] Level 1:colcon.colcon_core.package_identification:_identify(.) by extensions ['colcon_pkg']
[0.071s] Level 1:colcon.colcon_core.package_identification:_identify(.) by extension 'colcon_pkg'
[0.071s] Level 1:colcon.colcon_core.package_identification:_identify(.) by extensions ['colcon_meta']
[0.071s] Level 1:colcon.colcon_core.package_identification:_identify(.) by extension 'colcon_meta'
[0.071s] Level 1:colcon.colcon_core.package_identification:_identify(.) by extensions ['ros']
[0.071s] Level 1:colcon.colcon_core.package_identification:_identify(.) by extension 'ros'
[0.085s] Level 1:colcon.colcon_core.package_identification:_identify(.) by extensions ['cmake', 'python']
[0.085s] Level 1:colcon.colcon_core.package_identification:_identify(.) by extension 'cmake'
[0.085s] Level 1:colcon.colcon_core.package_identification:_identify(.) by extension 'python'
[0.085s] Level 1:colcon.colcon_core.package_identification:_identify(.) by extensions ['python_setup_py']
[0.085s] Level 1:colcon.colcon_core.package_identification:_identify(.) by extension 'python_setup_py'
[0.085s] Level 1:colcon.colcon_core.package_identification:_identify(Grounded_SAM2_ROS2) by extensions ['ignore', 'ignore_ament_install']
[0.085s] Level 1:colcon.colcon_core.package_identification:_identify(Grounded_SAM2_ROS2) by extension 'ignore'
[0.085s] Level 1:colcon.colcon_core.package_identification:_identify(Grounded_SAM2_ROS2) by extension 'ignore_ament_install'
[0.085s] Level 1:colcon.colcon_core.package_identification:_identify(Grounded_SAM2_ROS2) by extensions ['colcon_pkg']
[0.085s] Level 1:colcon.colcon_core.package_identification:_identify(Grounded_SAM2_ROS2) by extension 'colcon_pkg'
[0.085s] Level 1:colcon.colcon_core.package_identification:_identify(Grounded_SAM2_ROS2) by extensions ['colcon_meta']
[0.085s] Level 1:colcon.colcon_core.package_identification:_identify(Grounded_SAM2_ROS2) by extension 'colcon_meta'
[0.085s] Level 1:colcon.colcon_core.package_identification:_identify(Grounded_SAM2_ROS2) by extensions ['ros']
[0.085s] Level 1:colcon.colcon_core.package_identification:_identify(Grounded_SAM2_ROS2) by extension 'ros'
[0.085s] Level 1:colcon.colcon_core.package_identification:_identify(Grounded_SAM2_ROS2) by extensions ['cmake', 'python']
[0.085s] Level 1:colcon.colcon_core.package_identification:_identify(Grounded_SAM2_ROS2) by extension 'cmake'
[0.085s] Level 1:colcon.colcon_core.package_identification:_identify(Grounded_SAM2_ROS2) by extension 'python'
[0.085s] Level 1:colcon.colcon_core.package_identification:_identify(Grounded_SAM2_ROS2) by extensions ['python_setup_py']
[0.085s] Level 1:colcon.colcon_core.package_identification:_identify(Grounded_SAM2_ROS2) by extension 'python_setup_py'
[0.085s] Level 1:colcon.colcon_core.package_identification:_identify(Grounded_SAM2_ROS2/Grounded-SAM-2) by extensions ['ignore', 'ignore_ament_install']
[0.085s] Level 1:colcon.colcon_core.package_identification:_identify(Grounded_SAM2_ROS2/Grounded-SAM-2) by extension 'ignore'
[0.085s] Level 1:colcon.colcon_core.package_identification:_identify(Grounded_SAM2_ROS2/Grounded-SAM-2) by extension 'ignore_ament_install'
[0.085s] Level 1:colcon.colcon_core.package_identification:_identify(Grounded_SAM2_ROS2/Grounded-SAM-2) by extensions ['colcon_pkg']
[0.085s] Level 1:colcon.colcon_core.package_identification:_identify(Grounded_SAM2_ROS2/Grounded-SAM-2) by extension 'colcon_pkg'
[0.085s] Level 1:colcon.colcon_core.package_identification:_identify(Grounded_SAM2_ROS2/Grounded-SAM-2) by extensions ['colcon_meta']
[0.085s] Level 1:colcon.colcon_core.package_identification:_identify(Grounded_SAM2_ROS2/Grounded-SAM-2) by extension 'colcon_meta'
[0.085s] Level 1:colcon.colcon_core.package_identification:_identify(Grounded_SAM2_ROS2/Grounded-SAM-2) by extensions ['ros']
[0.085s] Level 1:colcon.colcon_core.package_identification:_identify(Grounded_SAM2_ROS2/Grounded-SAM-2) by extension 'ros'
[0.085s] Level 1:colcon.colcon_core.package_identification:_identify(Grounded_SAM2_ROS2/Grounded-SAM-2) by extensions ['cmake', 'python']
[0.085s] Level 1:colcon.colcon_core.package_identification:_identify(Grounded_SAM2_ROS2/Grounded-SAM-2) by extension 'cmake'
[0.085s] Level 1:colcon.colcon_core.package_identification:_identify(Grounded_SAM2_ROS2/Grounded-SAM-2) by extension 'python'
[0.085s] Level 1:colcon.colcon_core.package_identification:_identify(Grounded_SAM2_ROS2/Grounded-SAM-2) by extensions ['python_setup_py']
[0.085s] Level 1:colcon.colcon_core.package_identification:_identify(Grounded_SAM2_ROS2/Grounded-SAM-2) by extension 'python_setup_py'
[1.260s] DEBUG:colcon.colcon_core.package_identification:Package 'Grounded_SAM2_ROS2/Grounded-SAM-2' with type 'python' and name 'SAM-2'
[1.260s] Level 1:colcon.colcon_core.package_identification:_identify(Grounded_SAM2_ROS2/build) by extensions ['ignore', 'ignore_ament_install']
[1.260s] Level 1:colcon.colcon_core.package_identification:_identify(Grounded_SAM2_ROS2/build) by extension 'ignore'
[1.260s] Level 1:colcon.colcon_core.package_identification:_identify(Grounded_SAM2_ROS2/build) ignored
[1.260s] Level 1:colcon.colcon_core.package_identification:_identify(Grounded_SAM2_ROS2/docker) by extensions ['ignore', 'ignore_ament_install']
[1.260s] Level 1:colcon.colcon_core.package_identification:_identify(Grounded_SAM2_ROS2/docker) by extension 'ignore'
[1.260s] Level 1:colcon.colcon_core.package_identification:_identify(Grounded_SAM2_ROS2/docker) by extension 'ignore_ament_install'
[1.260s] Level 1:colcon.colcon_core.package_identification:_identify(Grounded_SAM2_ROS2/docker) by extensions ['colcon_pkg']
[1.260s] Level 1:colcon.colcon_core.package_identification:_identify(Grounded_SAM2_ROS2/docker) by extension 'colcon_pkg'
[1.260s] Level 1:colcon.colcon_core.package_identification:_identify(Grounded_SAM2_ROS2/docker) by extensions ['colcon_meta']
[1.260s] Level 1:colcon.colcon_core.package_identification:_identify(Grounded_SAM2_ROS2/docker) by extension 'colcon_meta'
[1.260s] Level 1:colcon.colcon_core.package_identification:_identify(Grounded_SAM2_ROS2/docker) by extensions ['ros']
[1.260s] Level 1:colcon.colcon_core.package_identification:_identify(Grounded_SAM2_ROS2/docker) by extension 'ros'
[1.260s] Level 1:colcon.colcon_core.package_identification:_identify(Grounded_SAM2_ROS2/docker) by extensions ['cmake', 'python']
[1.260s] Level 1:colcon.colcon_core.package_identification:_identify(Grounded_SAM2_ROS2/docker) by extension 'cmake'
[1.260s] Level 1:colcon.colcon_core.package_identification:_identify(Grounded_SAM2_ROS2/docker) by extension 'python'
[1.260s] Level 1:colcon.colcon_core.package_identification:_identify(Grounded_SAM2_ROS2/docker) by extensions ['python_setup_py']
[1.260s] Level 1:colcon.colcon_core.package_identification:_identify(Grounded_SAM2_ROS2/docker) by extension 'python_setup_py'
[1.260s] Level 1:colcon.colcon_core.package_identification:_identify(Grounded_SAM2_ROS2/docker/ubuntu) by extensions ['ignore', 'ignore_ament_install']
[1.260s] Level 1:colcon.colcon_core.package_identification:_identify(Grounded_SAM2_ROS2/docker/ubuntu) by extension 'ignore'
[1.260s] Level 1:colcon.colcon_core.package_identification:_identify(Grounded_SAM2_ROS2/docker/ubuntu) by extension 'ignore_ament_install'
[1.260s] Level 1:colcon.colcon_core.package_identification:_identify(Grounded_SAM2_ROS2/docker/ubuntu) by extensions ['colcon_pkg']
[1.260s] Level 1:colcon.colcon_core.package_identification:_identify(Grounded_SAM2_ROS2/docker/ubuntu) by extension 'colcon_pkg'
[1.260s] Level 1:colcon.colcon_core.package_identification:_identify(Grounded_SAM2_ROS2/docker/ubuntu) by extensions ['colcon_meta']
[1.260s] Level 1:colcon.colcon_core.package_identification:_identify(Grounded_SAM2_ROS2/docker/ubuntu) by extension 'colcon_meta'
[1.260s] Level 1:colcon.colcon_core.package_identification:_identify(Grounded_SAM2_ROS2/docker/ubuntu) by extensions ['ros']
[1.260s] Level 1:colcon.colcon_core.package_identification:_identify(Grounded_SAM2_ROS2/docker/ubuntu) by extension 'ros'
[1.261s] Level 1:colcon.colcon_core.package_identification:_identify(Grounded_SAM2_ROS2/docker/ubuntu) by extensions ['cmake', 'python']
[1.261s] Level 1:colcon.colcon_core.package_identification:_identify(Grounded_SAM2_ROS2/docker/ubuntu) by extension 'cmake'
[1.261s] Level 1:colcon.colcon_core.package_identification:_identify(Grounded_SAM2_ROS2/docker/ubuntu) by extension 'python'
[1.261s] Level 1:colcon.colcon_core.package_identification:_identify(Grounded_SAM2_ROS2/docker/ubuntu) by extensions ['python_setup_py']
[1.261s] Level 1:colcon.colcon_core.package_identification:_identify(Grounded_SAM2_ROS2/docker/ubuntu) by extension 'python_setup_py'
[1.261s] Level 1:colcon.colcon_core.package_identification:_identify(Grounded_SAM2_ROS2/install) by extensions ['ignore', 'ignore_ament_install']
[1.261s] Level 1:colcon.colcon_core.package_identification:_identify(Grounded_SAM2_ROS2/install) by extension 'ignore'
[1.261s] Level 1:colcon.colcon_core.package_identification:_identify(Grounded_SAM2_ROS2/install) ignored
[1.261s] Level 1:colcon.colcon_core.package_identification:_identify(Grounded_SAM2_ROS2/log) by extensions ['ignore', 'ignore_ament_install']
[1.261s] Level 1:colcon.colcon_core.package_identification:_identify(Grounded_SAM2_ROS2/log) by extension 'ignore'
[1.261s] Level 1:colcon.colcon_core.package_identification:_identify(Grounded_SAM2_ROS2/log) ignored
[1.261s] Level 1:colcon.colcon_core.package_identification:_identify(Grounded_SAM2_ROS2/src) by extensions ['ignore', 'ignore_ament_install']
[1.261s] Level 1:colcon.colcon_core.package_identification:_identify(Grounded_SAM2_ROS2/src) by extension 'ignore'
[1.261s] Level 1:colcon.colcon_core.package_identification:_identify(Grounded_SAM2_ROS2/src) by extension 'ignore_ament_install'
[1.261s] Level 1:colcon.colcon_core.package_identification:_identify(Grounded_SAM2_ROS2/src) by extensions ['colcon_pkg']
[1.261s] Level 1:colcon.colcon_core.package_identification:_identify(Grounded_SAM2_ROS2/src) by extension 'colcon_pkg'
[1.261s] Level 1:colcon.colcon_core.package_identification:_identify(Grounded_SAM2_ROS2/src) by extensions ['colcon_meta']
[1.261s] Level 1:colcon.colcon_core.package_identification:_identify(Grounded_SAM2_ROS2/src) by extension 'colcon_meta'
[1.261s] Level 1:colcon.colcon_core.package_identification:_identify(Grounded_SAM2_ROS2/src) by extensions ['ros']
[1.261s] Level 1:colcon.colcon_core.package_identification:_identify(Grounded_SAM2_ROS2/src) by extension 'ros'
[1.261s] Level 1:colcon.colcon_core.package_identification:_identify(Grounded_SAM2_ROS2/src) by extensions ['cmake', 'python']
[1.261s] Level 1:colcon.colcon_core.package_identification:_identify(Grounded_SAM2_ROS2/src) by extension 'cmake'
[1.261s] Level 1:colcon.colcon_core.package_identification:_identify(Grounded_SAM2_ROS2/src) by extension 'python'
[1.261s] Level 1:colcon.colcon_core.package_identification:_identify(Grounded_SAM2_ROS2/src) by extensions ['python_setup_py']
[1.261s] Level 1:colcon.colcon_core.package_identification:_identify(Grounded_SAM2_ROS2/src) by extension 'python_setup_py'
[1.261s] Level 1:colcon.colcon_core.package_identification:_identify(Grounded_SAM2_ROS2/src/groundedsam2) by extensions ['ignore', 'ignore_ament_install']
[1.261s] Level 1:colcon.colcon_core.package_identification:_identify(Grounded_SAM2_ROS2/src/groundedsam2) by extension 'ignore'
[1.261s] Level 1:colcon.colcon_core.package_identification:_identify(Grounded_SAM2_ROS2/src/groundedsam2) by extension 'ignore_ament_install'
[1.261s] Level 1:colcon.colcon_core.package_identification:_identify(Grounded_SAM2_ROS2/src/groundedsam2) by extensions ['colcon_pkg']
[1.261s] Level 1:colcon.colcon_core.package_identification:_identify(Grounded_SAM2_ROS2/src/groundedsam2) by extension 'colcon_pkg'
[1.261s] Level 1:colcon.colcon_core.package_identification:_identify(Grounded_SAM2_ROS2/src/groundedsam2) by extensions ['colcon_meta']
[1.261s] Level 1:colcon.colcon_core.package_identification:_identify(Grounded_SAM2_ROS2/src/groundedsam2) by extension 'colcon_meta'
[1.261s] Level 1:colcon.colcon_core.package_identification:_identify(Grounded_SAM2_ROS2/src/groundedsam2) by extensions ['ros']
[1.261s] Level 1:colcon.colcon_core.package_identification:_identify(Grounded_SAM2_ROS2/src/groundedsam2) by extension 'ros'
[1.262s] DEBUG:colcon.colcon_core.package_identification:Package 'Grounded_SAM2_ROS2/src/groundedsam2' with type 'ros.ament_python' and name 'groundedsam2'
[1.262s] Level 1:colcon.colcon_core.package_identification:_identify(Grounded_SAM2_ROS2/src/interface) by extensions ['ignore', 'ignore_ament_install']
[1.263s] Level 1:colcon.colcon_core.package_identification:_identify(Grounded_SAM2_ROS2/src/interface) by extension 'ignore'
[1.263s] Level 1:colcon.colcon_core.package_identification:_identify(Grounded_SAM2_ROS2/src/interface) by extension 'ignore_ament_install'
[1.263s] Level 1:colcon.colcon_core.package_identification:_identify(Grounded_SAM2_ROS2/src/interface) by extensions ['colcon_pkg']
[1.263s] Level 1:colcon.colcon_core.package_identification:_identify(Grounded_SAM2_ROS2/src/interface) by extension 'colcon_pkg'
[1.263s] Level 1:colcon.colcon_core.package_identification:_identify(Grounded_SAM2_ROS2/src/interface) by extensions ['colcon_meta']
[1.263s] Level 1:colcon.colcon_core.package_identification:_identify(Grounded_SAM2_ROS2/src/interface) by extension 'colcon_meta'
[1.263s] Level 1:colcon.colcon_core.package_identification:_identify(Grounded_SAM2_ROS2/src/interface) by extensions ['ros']
[1.263s] Level 1:colcon.colcon_core.package_identification:_identify(Grounded_SAM2_ROS2/src/interface) by extension 'ros'
[1.263s] DEBUG:colcon.colcon_core.package_identification:Package 'Grounded_SAM2_ROS2/src/interface' with type 'ros.ament_cmake' and name 'tm_robot_if'
[1.263s] Level 1:colcon.colcon_core.package_identification:_identify(Grounded_SAM2_ROS2/test_img) by extensions ['ignore', 'ignore_ament_install']
[1.263s] Level 1:colcon.colcon_core.package_identification:_identify(Grounded_SAM2_ROS2/test_img) by extension 'ignore'
[1.263s] Level 1:colcon.colcon_core.package_identification:_identify(Grounded_SAM2_ROS2/test_img) by extension 'ignore_ament_install'
[1.263s] Level 1:colcon.colcon_core.package_identification:_identify(Grounded_SAM2_ROS2/test_img) by extensions ['colcon_pkg']
[1.263s] Level 1:colcon.colcon_core.package_identification:_identify(Grounded_SAM2_ROS2/test_img) by extension 'colcon_pkg'
[1.263s] Level 1:colcon.colcon_core.package_identification:_identify(Grounded_SAM2_ROS2/test_img) by extensions ['colcon_meta']
[1.263s] Level 1:colcon.colcon_core.package_identification:_identify(Grounded_SAM2_ROS2/test_img) by extension 'colcon_meta'
[1.263s] Level 1:colcon.colcon_core.package_identification:_identify(Grounded_SAM2_ROS2/test_img) by extensions ['ros']
[1.263s] Level 1:colcon.colcon_core.package_identification:_identify(Grounded_SAM2_ROS2/test_img) by extension 'ros'
[1.263s] Level 1:colcon.colcon_core.package_identification:_identify(Grounded_SAM2_ROS2/test_img) by extensions ['cmake', 'python']
[1.263s] Level 1:colcon.colcon_core.package_identification:_identify(Grounded_SAM2_ROS2/test_img) by extension 'cmake'
[1.263s] Level 1:colcon.colcon_core.package_identification:_identify(Grounded_SAM2_ROS2/test_img) by extension 'python'
[1.263s] Level 1:colcon.colcon_core.package_identification:_identify(Grounded_SAM2_ROS2/test_img) by extensions ['python_setup_py']
[1.263s] Level 1:colcon.colcon_core.package_identification:_identify(Grounded_SAM2_ROS2/test_img) by extension 'python_setup_py'
[1.263s] Level 1:colcon.colcon_core.package_identification:_identify(build) by extensions ['ignore', 'ignore_ament_install']
[1.263s] Level 1:colcon.colcon_core.package_identification:_identify(build) by extension 'ignore'
[1.263s] Level 1:colcon.colcon_core.package_identification:_identify(build) ignored
[1.263s] Level 1:colcon.colcon_core.package_identification:_identify(docker) by extensions ['ignore', 'ignore_ament_install']
[1.263s] Level 1:colcon.colcon_core.package_identification:_identify(docker) by extension 'ignore'
[1.263s] Level 1:colcon.colcon_core.package_identification:_identify(docker) by extension 'ignore_ament_install'
[1.263s] Level 1:colcon.colcon_core.package_identification:_identify(docker) by extensions ['colcon_pkg']
[1.263s] Level 1:colcon.colcon_core.package_identification:_identify(docker) by extension 'colcon_pkg'
[1.264s] Level 1:colcon.colcon_core.package_identification:_identify(docker) by extensions ['colcon_meta']
[1.264s] Level 1:colcon.colcon_core.package_identification:_identify(docker) by extension 'colcon_meta'
[1.264s] Level 1:colcon.colcon_core.package_identification:_identify(docker) by extensions ['ros']
[1.264s] Level 1:colcon.colcon_core.package_identification:_identify(docker) by extension 'ros'
[1.264s] Level 1:colcon.colcon_core.package_identification:_identify(docker) by extensions ['cmake', 'python']
[1.264s] Level 1:colcon.colcon_core.package_identification:_identify(docker) by extension 'cmake'
[1.264s] Level 1:colcon.colcon_core.package_identification:_identify(docker) by extension 'python'
[1.264s] Level 1:colcon.colcon_core.package_identification:_identify(docker) by extensions ['python_setup_py']
[1.264s] Level 1:colcon.colcon_core.package_identification:_identify(docker) by extension 'python_setup_py'
[1.264s] Level 1:colcon.colcon_core.package_identification:_identify(extra_package) by extensions ['ignore', 'ignore_ament_install']
[1.264s] Level 1:colcon.colcon_core.package_identification:_identify(extra_package) by extension 'ignore'
[1.264s] Level 1:colcon.colcon_core.package_identification:_identify(extra_package) by extension 'ignore_ament_install'
[1.264s] Level 1:colcon.colcon_core.package_identification:_identify(extra_package) by extensions ['colcon_pkg']
[1.264s] Level 1:colcon.colcon_core.package_identification:_identify(extra_package) by extension 'colcon_pkg'
[1.264s] Level 1:colcon.colcon_core.package_identification:_identify(extra_package) by extensions ['colcon_meta']
[1.264s] Level 1:colcon.colcon_core.package_identification:_identify(extra_package) by extension 'colcon_meta'
[1.264s] Level 1:colcon.colcon_core.package_identification:_identify(extra_package) by extensions ['ros']
[1.264s] Level 1:colcon.colcon_core.package_identification:_identify(extra_package) by extension 'ros'
[1.264s] Level 1:colcon.colcon_core.package_identification:_identify(extra_package) by extensions ['cmake', 'python']
[1.264s] Level 1:colcon.colcon_core.package_identification:_identify(extra_package) by extension 'cmake'
[1.264s] Level 1:colcon.colcon_core.package_identification:_identify(extra_package) by extension 'python'
[1.264s] Level 1:colcon.colcon_core.package_identification:_identify(extra_package) by extensions ['python_setup_py']
[1.264s] Level 1:colcon.colcon_core.package_identification:_identify(extra_package) by extension 'python_setup_py'
[1.264s] Level 1:colcon.colcon_core.package_identification:_identify(extra_package/groundsam) by extensions ['ignore', 'ignore_ament_install']
[1.264s] Level 1:colcon.colcon_core.package_identification:_identify(extra_package/groundsam) by extension 'ignore'
[1.264s] Level 1:colcon.colcon_core.package_identification:_identify(extra_package/groundsam) by extension 'ignore_ament_install'
[1.264s] Level 1:colcon.colcon_core.package_identification:_identify(extra_package/groundsam) by extensions ['colcon_pkg']
[1.264s] Level 1:colcon.colcon_core.package_identification:_identify(extra_package/groundsam) by extension 'colcon_pkg'
[1.264s] Level 1:colcon.colcon_core.package_identification:_identify(extra_package/groundsam) by extensions ['colcon_meta']
[1.264s] Level 1:colcon.colcon_core.package_identification:_identify(extra_package/groundsam) by extension 'colcon_meta'
[1.264s] Level 1:colcon.colcon_core.package_identification:_identify(extra_package/groundsam) by extensions ['ros']
[1.264s] Level 1:colcon.colcon_core.package_identification:_identify(extra_package/groundsam) by extension 'ros'
[1.264s] Level 1:colcon.colcon_core.package_identification:_identify(extra_package/groundsam) by extensions ['cmake', 'python']
[1.264s] Level 1:colcon.colcon_core.package_identification:_identify(extra_package/groundsam) by extension 'cmake'
[1.264s] Level 1:colcon.colcon_core.package_identification:_identify(extra_package/groundsam) by extension 'python'
[1.264s] Level 1:colcon.colcon_core.package_identification:_identify(extra_package/groundsam) by extensions ['python_setup_py']
[1.264s] Level 1:colcon.colcon_core.package_identification:_identify(extra_package/groundsam) by extension 'python_setup_py'
[1.264s] Level 1:colcon.colcon_core.package_identification:_identify(extra_package/groundsam/GroundingDINO) by extensions ['ignore', 'ignore_ament_install']
[1.264s] Level 1:colcon.colcon_core.package_identification:_identify(extra_package/groundsam/GroundingDINO) by extension 'ignore'
[1.264s] Level 1:colcon.colcon_core.package_identification:_identify(extra_package/groundsam/GroundingDINO) by extension 'ignore_ament_install'
[1.264s] Level 1:colcon.colcon_core.package_identification:_identify(extra_package/groundsam/GroundingDINO) by extensions ['colcon_pkg']
[1.264s] Level 1:colcon.colcon_core.package_identification:_identify(extra_package/groundsam/GroundingDINO) by extension 'colcon_pkg'
[1.264s] Level 1:colcon.colcon_core.package_identification:_identify(extra_package/groundsam/GroundingDINO) by extensions ['colcon_meta']
[1.264s] Level 1:colcon.colcon_core.package_identification:_identify(extra_package/groundsam/GroundingDINO) by extension 'colcon_meta'
[1.264s] Level 1:colcon.colcon_core.package_identification:_identify(extra_package/groundsam/GroundingDINO) by extensions ['ros']
[1.264s] Level 1:colcon.colcon_core.package_identification:_identify(extra_package/groundsam/GroundingDINO) by extension 'ros'
[1.264s] Level 1:colcon.colcon_core.package_identification:_identify(extra_package/groundsam/GroundingDINO) by extensions ['cmake', 'python']
[1.264s] Level 1:colcon.colcon_core.package_identification:_identify(extra_package/groundsam/GroundingDINO) by extension 'cmake'
[1.264s] Level 1:colcon.colcon_core.package_identification:_identify(extra_package/groundsam/GroundingDINO) by extension 'python'
[1.264s] Level 1:colcon.colcon_core.package_identification:_identify(extra_package/groundsam/GroundingDINO) by extensions ['python_setup_py']
[1.264s] Level 1:colcon.colcon_core.package_identification:_identify(extra_package/groundsam/GroundingDINO) by extension 'python_setup_py'
