running egg_info
writing ../build/SAM-2/SAM_2.egg-info/PKG-INFO
writing dependency_links to ../build/SAM-2/SAM_2.egg-info/dependency_links.txt
writing requirements to ../build/SAM-2/SAM_2.egg-info/requires.txt
writing top-level names to ../build/SAM-2/SAM_2.egg-info/top_level.txt
reading manifest file '../build/SAM-2/SAM_2.egg-info/SOURCES.txt'
reading manifest template 'MANIFEST.in'
adding license file 'LICENSE'
adding license file 'LICENSE_cctorch'
adding license file 'LICENSE_groundingdino'
adding license file 'LICENSE_sam2'
writing manifest file '../build/SAM-2/SAM_2.egg-info/SOURCES.txt'
running build
running build_py
running build_ext
running install
running install_lib
running install_egg_info
removing '/workspace/install/SAM-2/lib/python3.10/site-packages/SAM_2-1.0-py3.10.egg-info' (and everything under it)
Copying ../build/SAM-2/SAM_2.egg-info to /workspace/install/SAM-2/lib/python3.10/site-packages/SAM_2-1.0-py3.10.egg-info
running install_scripts
writing list of installed files to '/workspace/build/SAM-2/install.log'
