[0.113s] Invoking command in '/workspace/build/interface': CMAKE_PREFIX_PATH=/opt/ros/humble /usr/bin/cmake --build /workspace/build/interface -- -j24 -l24
[0.138s] [35m[1mConsolidate compiler generated dependencies of target interface__rosidl_generator_c[0m
[0.143s] [  3%] Built target interface__cpp
[0.145s] [ 12%] Built target interface__rosidl_generator_c
[0.149s] [35m[1mConsolidate compiler generated dependencies of target interface__rosidl_typesupport_fastrtps_cpp[0m
[0.150s] [35m[1mConsolidate compiler generated dependencies of target interface__rosidl_typesupport_cpp[0m
[0.150s] [35m[1mConsolidate compiler generated dependencies of target interface__rosidl_typesupport_introspection_cpp[0m
[0.150s] [ 12%] Built target ament_cmake_python_copy_interface
[0.151s] [35m[1mConsolidate compiler generated dependencies of target interface__rosidl_typesupport_fastrtps_c[0m
[0.151s] [35m[1mConsolidate compiler generated dependencies of target interface__rosidl_typesupport_introspection_c[0m
[0.152s] [35m[1mConsolidate compiler generated dependencies of target interface__rosidl_typesupport_c[0m
[0.156s] [ 22%] Built target interface__rosidl_typesupport_fastrtps_cpp
[0.156s] [ 32%] Built target interface__rosidl_typesupport_introspection_cpp
[0.156s] [ 41%] Built target interface__rosidl_typesupport_introspection_c
[0.157s] [ 51%] Built target interface__rosidl_typesupport_c
[0.159s] [ 70%] Built target interface__rosidl_typesupport_fastrtps_c
[0.159s] [ 70%] Built target interface__rosidl_typesupport_cpp
[0.170s] [ 70%] Built target interface
[0.184s] [ 74%] Built target interface__py
[0.192s] [35m[1mConsolidate compiler generated dependencies of target interface__rosidl_generator_py[0m
[0.201s] [ 80%] Built target interface__rosidl_generator_py
[0.209s] [35m[1mConsolidate compiler generated dependencies of target interface__rosidl_typesupport_fastrtps_c__pyext[0m
[0.209s] [35m[1mConsolidate compiler generated dependencies of target interface__rosidl_typesupport_c__pyext[0m
[0.209s] [35m[1mConsolidate compiler generated dependencies of target interface__rosidl_typesupport_introspection_c__pyext[0m
[0.217s] [ 87%] Built target interface__rosidl_typesupport_introspection_c__pyext
[0.217s] [100%] Built target interface__rosidl_typesupport_fastrtps_c__pyext
[0.217s] [100%] Built target interface__rosidl_typesupport_c__pyext
[0.257s] running egg_info
[0.257s] writing interface.egg-info/PKG-INFO
[0.258s] writing dependency_links to interface.egg-info/dependency_links.txt
[0.258s] writing top-level names to interface.egg-info/top_level.txt
[0.259s] reading manifest file 'interface.egg-info/SOURCES.txt'
[0.259s] writing manifest file 'interface.egg-info/SOURCES.txt'
[0.279s] [100%] Built target ament_cmake_python_build_interface_egg
[0.286s] Invoked command in '/workspace/build/interface' returned '0': CMAKE_PREFIX_PATH=/opt/ros/humble /usr/bin/cmake --build /workspace/build/interface -- -j24 -l24
[0.291s] Invoking command in '/workspace/build/interface': CMAKE_PREFIX_PATH=/opt/ros/humble /usr/bin/cmake --install /workspace/build/interface
[0.297s] -- Install configuration: ""
[0.297s] -- Up-to-date: /workspace/install/interface/share/ament_index/resource_index/rosidl_interfaces/interface
[0.297s] -- Up-to-date: /workspace/install/interface/include/interface/interface
[0.297s] -- Up-to-date: /workspace/install/interface/include/interface/interface/srv
[0.297s] -- Up-to-date: /workspace/install/interface/include/interface/interface/srv/grounded_sam2_interface.h
[0.297s] -- Up-to-date: /workspace/install/interface/include/interface/interface/srv/detail
[0.297s] -- Up-to-date: /workspace/install/interface/include/interface/interface/srv/detail/grounded_sam2_interface__type_support.h
[0.297s] -- Up-to-date: /workspace/install/interface/include/interface/interface/srv/detail/grounded_sam2_interface__struct.h
[0.297s] -- Up-to-date: /workspace/install/interface/include/interface/interface/srv/detail/grounded_sam2_interface__functions.c
[0.297s] -- Up-to-date: /workspace/install/interface/include/interface/interface/srv/detail/grounded_sam2_interface__functions.h
[0.297s] -- Up-to-date: /workspace/install/interface/include/interface/interface/msg
[0.297s] -- Up-to-date: /workspace/install/interface/include/interface/interface/msg/rosidl_generator_c__visibility_control.h
[0.297s] -- Up-to-date: /workspace/install/interface/share/interface/environment/library_path.sh
[0.297s] -- Up-to-date: /workspace/install/interface/share/interface/environment/library_path.dsv
[0.297s] -- Up-to-date: /workspace/install/interface/lib/libinterface__rosidl_generator_c.so
[0.298s] -- Up-to-date: /workspace/install/interface/include/interface/interface
[0.298s] -- Up-to-date: /workspace/install/interface/include/interface/interface/srv
[0.298s] -- Up-to-date: /workspace/install/interface/include/interface/interface/srv/detail
[0.298s] -- Up-to-date: /workspace/install/interface/include/interface/interface/srv/detail/grounded_sam2_interface__rosidl_typesupport_fastrtps_c.h
[0.298s] -- Up-to-date: /workspace/install/interface/include/interface/interface/msg
[0.298s] -- Up-to-date: /workspace/install/interface/include/interface/interface/msg/rosidl_typesupport_fastrtps_c__visibility_control.h
[0.298s] -- Up-to-date: /workspace/install/interface/lib/libinterface__rosidl_typesupport_fastrtps_c.so
[0.298s] -- Up-to-date: /workspace/install/interface/include/interface/interface
[0.298s] -- Up-to-date: /workspace/install/interface/include/interface/interface/srv
[0.298s] -- Up-to-date: /workspace/install/interface/include/interface/interface/srv/detail
[0.298s] -- Up-to-date: /workspace/install/interface/include/interface/interface/srv/detail/grounded_sam2_interface__traits.hpp
[0.298s] -- Up-to-date: /workspace/install/interface/include/interface/interface/srv/detail/grounded_sam2_interface__type_support.hpp
[0.298s] -- Up-to-date: /workspace/install/interface/include/interface/interface/srv/detail/grounded_sam2_interface__builder.hpp
[0.298s] -- Up-to-date: /workspace/install/interface/include/interface/interface/srv/detail/grounded_sam2_interface__struct.hpp
[0.298s] -- Up-to-date: /workspace/install/interface/include/interface/interface/srv/grounded_sam2_interface.hpp
[0.298s] -- Up-to-date: /workspace/install/interface/include/interface/interface/msg
[0.298s] -- Up-to-date: /workspace/install/interface/include/interface/interface/msg/rosidl_generator_cpp__visibility_control.hpp
[0.298s] -- Up-to-date: /workspace/install/interface/include/interface/interface
[0.298s] -- Up-to-date: /workspace/install/interface/include/interface/interface/srv
[0.298s] -- Up-to-date: /workspace/install/interface/include/interface/interface/srv/detail
[0.298s] -- Up-to-date: /workspace/install/interface/include/interface/interface/srv/detail/dds_fastrtps
[0.298s] -- Up-to-date: /workspace/install/interface/include/interface/interface/srv/detail/grounded_sam2_interface__rosidl_typesupport_fastrtps_cpp.hpp
[0.298s] -- Up-to-date: /workspace/install/interface/include/interface/interface/msg
[0.298s] -- Up-to-date: /workspace/install/interface/include/interface/interface/msg/rosidl_typesupport_fastrtps_cpp__visibility_control.h
[0.298s] -- Up-to-date: /workspace/install/interface/lib/libinterface__rosidl_typesupport_fastrtps_cpp.so
[0.298s] -- Up-to-date: /workspace/install/interface/include/interface/interface
[0.298s] -- Up-to-date: /workspace/install/interface/include/interface/interface/srv
[0.298s] -- Up-to-date: /workspace/install/interface/include/interface/interface/srv/detail
[0.298s] -- Up-to-date: /workspace/install/interface/include/interface/interface/srv/detail/grounded_sam2_interface__rosidl_typesupport_introspection_c.h
[0.298s] -- Up-to-date: /workspace/install/interface/include/interface/interface/srv/detail/grounded_sam2_interface__type_support.c
[0.298s] -- Up-to-date: /workspace/install/interface/include/interface/interface/msg
[0.298s] -- Up-to-date: /workspace/install/interface/include/interface/interface/msg/rosidl_typesupport_introspection_c__visibility_control.h
[0.298s] -- Up-to-date: /workspace/install/interface/lib/libinterface__rosidl_typesupport_introspection_c.so
[0.299s] -- Up-to-date: /workspace/install/interface/lib/libinterface__rosidl_typesupport_c.so
[0.299s] -- Up-to-date: /workspace/install/interface/include/interface/interface
[0.299s] -- Up-to-date: /workspace/install/interface/include/interface/interface/srv
[0.299s] -- Up-to-date: /workspace/install/interface/include/interface/interface/srv/detail
[0.299s] -- Up-to-date: /workspace/install/interface/include/interface/interface/srv/detail/grounded_sam2_interface__type_support.cpp
[0.299s] -- Up-to-date: /workspace/install/interface/include/interface/interface/srv/detail/grounded_sam2_interface__rosidl_typesupport_introspection_cpp.hpp
[0.299s] -- Up-to-date: /workspace/install/interface/lib/libinterface__rosidl_typesupport_introspection_cpp.so
[0.299s] -- Up-to-date: /workspace/install/interface/lib/libinterface__rosidl_typesupport_cpp.so
[0.299s] -- Up-to-date: /workspace/install/interface/share/interface/environment/pythonpath.sh
[0.299s] -- Up-to-date: /workspace/install/interface/share/interface/environment/pythonpath.dsv
[0.299s] -- Up-to-date: /workspace/install/interface/local/lib/python3.10/dist-packages/interface-0.0.0-py3.10.egg-info
[0.299s] -- Installing: /workspace/install/interface/local/lib/python3.10/dist-packages/interface-0.0.0-py3.10.egg-info/top_level.txt
[0.299s] -- Installing: /workspace/install/interface/local/lib/python3.10/dist-packages/interface-0.0.0-py3.10.egg-info/dependency_links.txt
[0.299s] -- Installing: /workspace/install/interface/local/lib/python3.10/dist-packages/interface-0.0.0-py3.10.egg-info/PKG-INFO
[0.299s] -- Installing: /workspace/install/interface/local/lib/python3.10/dist-packages/interface-0.0.0-py3.10.egg-info/SOURCES.txt
[0.299s] -- Up-to-date: /workspace/install/interface/local/lib/python3.10/dist-packages/interface
[0.299s] -- Up-to-date: /workspace/install/interface/local/lib/python3.10/dist-packages/interface/interface_s__rosidl_typesupport_fastrtps_c.cpython-310-x86_64-linux-gnu.so
[0.299s] -- Up-to-date: /workspace/install/interface/local/lib/python3.10/dist-packages/interface/interface_s__rosidl_typesupport_c.cpython-310-x86_64-linux-gnu.so
[0.299s] -- Up-to-date: /workspace/install/interface/local/lib/python3.10/dist-packages/interface/srv
[0.299s] -- Up-to-date: /workspace/install/interface/local/lib/python3.10/dist-packages/interface/srv/__init__.py
[0.299s] -- Up-to-date: /workspace/install/interface/local/lib/python3.10/dist-packages/interface/srv/_grounded_sam2_interface.py
[0.299s] -- Up-to-date: /workspace/install/interface/local/lib/python3.10/dist-packages/interface/srv/_grounded_sam2_interface_s.c
[0.299s] -- Up-to-date: /workspace/install/interface/local/lib/python3.10/dist-packages/interface/__init__.py
[0.299s] -- Up-to-date: /workspace/install/interface/local/lib/python3.10/dist-packages/interface/_interface_s.ep.rosidl_typesupport_fastrtps_c.c
[0.299s] -- Up-to-date: /workspace/install/interface/local/lib/python3.10/dist-packages/interface/_interface_s.ep.rosidl_typesupport_introspection_c.c
[0.299s] -- Up-to-date: /workspace/install/interface/local/lib/python3.10/dist-packages/interface/libinterface__rosidl_generator_py.so
[0.299s] -- Up-to-date: /workspace/install/interface/local/lib/python3.10/dist-packages/interface/interface_s__rosidl_typesupport_introspection_c.cpython-310-x86_64-linux-gnu.so
[0.299s] -- Up-to-date: /workspace/install/interface/local/lib/python3.10/dist-packages/interface/_interface_s.ep.rosidl_typesupport_c.c
[0.319s] Listing '/workspace/install/interface/local/lib/python3.10/dist-packages/interface'...
[0.319s] Listing '/workspace/install/interface/local/lib/python3.10/dist-packages/interface/srv'...
[0.321s] -- Up-to-date: /workspace/install/interface/local/lib/python3.10/dist-packages/interface/interface_s__rosidl_typesupport_fastrtps_c.cpython-310-x86_64-linux-gnu.so
[0.321s] -- Up-to-date: /workspace/install/interface/local/lib/python3.10/dist-packages/interface/interface_s__rosidl_typesupport_introspection_c.cpython-310-x86_64-linux-gnu.so
[0.321s] -- Up-to-date: /workspace/install/interface/local/lib/python3.10/dist-packages/interface/interface_s__rosidl_typesupport_c.cpython-310-x86_64-linux-gnu.so
[0.321s] -- Up-to-date: /workspace/install/interface/lib/libinterface__rosidl_generator_py.so
[0.321s] -- Up-to-date: /workspace/install/interface/share/interface/srv/GroundedSAM2Interface.idl
[0.321s] -- Up-to-date: /workspace/install/interface/share/interface/srv/GroundedSAM2Interface.srv
[0.321s] -- Up-to-date: /workspace/install/interface/share/interface/srv/GroundedSAM2Interface_Request.msg
[0.321s] -- Up-to-date: /workspace/install/interface/share/interface/srv/GroundedSAM2Interface_Response.msg
[0.321s] -- Up-to-date: /workspace/install/interface/share/ament_index/resource_index/package_run_dependencies/interface
[0.321s] -- Up-to-date: /workspace/install/interface/share/ament_index/resource_index/parent_prefix_path/interface
[0.321s] -- Up-to-date: /workspace/install/interface/share/interface/environment/ament_prefix_path.sh
[0.321s] -- Up-to-date: /workspace/install/interface/share/interface/environment/ament_prefix_path.dsv
[0.321s] -- Up-to-date: /workspace/install/interface/share/interface/environment/path.sh
[0.321s] -- Up-to-date: /workspace/install/interface/share/interface/environment/path.dsv
[0.321s] -- Up-to-date: /workspace/install/interface/share/interface/local_setup.bash
[0.321s] -- Up-to-date: /workspace/install/interface/share/interface/local_setup.sh
[0.321s] -- Up-to-date: /workspace/install/interface/share/interface/local_setup.zsh
[0.321s] -- Up-to-date: /workspace/install/interface/share/interface/local_setup.dsv
[0.322s] -- Up-to-date: /workspace/install/interface/share/interface/package.dsv
[0.322s] -- Up-to-date: /workspace/install/interface/share/ament_index/resource_index/packages/interface
[0.322s] -- Up-to-date: /workspace/install/interface/share/interface/cmake/export_interface__rosidl_generator_cExport.cmake
[0.322s] -- Up-to-date: /workspace/install/interface/share/interface/cmake/export_interface__rosidl_generator_cExport-noconfig.cmake
[0.322s] -- Up-to-date: /workspace/install/interface/share/interface/cmake/export_interface__rosidl_typesupport_fastrtps_cExport.cmake
[0.322s] -- Up-to-date: /workspace/install/interface/share/interface/cmake/export_interface__rosidl_typesupport_fastrtps_cExport-noconfig.cmake
[0.322s] -- Up-to-date: /workspace/install/interface/share/interface/cmake/export_interface__rosidl_generator_cppExport.cmake
[0.322s] -- Up-to-date: /workspace/install/interface/share/interface/cmake/export_interface__rosidl_typesupport_fastrtps_cppExport.cmake
[0.322s] -- Up-to-date: /workspace/install/interface/share/interface/cmake/export_interface__rosidl_typesupport_fastrtps_cppExport-noconfig.cmake
[0.322s] -- Up-to-date: /workspace/install/interface/share/interface/cmake/interface__rosidl_typesupport_introspection_cExport.cmake
[0.322s] -- Up-to-date: /workspace/install/interface/share/interface/cmake/interface__rosidl_typesupport_introspection_cExport-noconfig.cmake
[0.322s] -- Up-to-date: /workspace/install/interface/share/interface/cmake/interface__rosidl_typesupport_cExport.cmake
[0.322s] -- Up-to-date: /workspace/install/interface/share/interface/cmake/interface__rosidl_typesupport_cExport-noconfig.cmake
[0.322s] -- Up-to-date: /workspace/install/interface/share/interface/cmake/interface__rosidl_typesupport_introspection_cppExport.cmake
[0.322s] -- Up-to-date: /workspace/install/interface/share/interface/cmake/interface__rosidl_typesupport_introspection_cppExport-noconfig.cmake
[0.322s] -- Up-to-date: /workspace/install/interface/share/interface/cmake/interface__rosidl_typesupport_cppExport.cmake
[0.322s] -- Up-to-date: /workspace/install/interface/share/interface/cmake/interface__rosidl_typesupport_cppExport-noconfig.cmake
[0.322s] -- Up-to-date: /workspace/install/interface/share/interface/cmake/export_interface__rosidl_generator_pyExport.cmake
[0.322s] -- Up-to-date: /workspace/install/interface/share/interface/cmake/export_interface__rosidl_generator_pyExport-noconfig.cmake
[0.322s] -- Up-to-date: /workspace/install/interface/share/interface/cmake/rosidl_cmake-extras.cmake
[0.322s] -- Up-to-date: /workspace/install/interface/share/interface/cmake/ament_cmake_export_dependencies-extras.cmake
[0.322s] -- Up-to-date: /workspace/install/interface/share/interface/cmake/ament_cmake_export_include_directories-extras.cmake
[0.322s] -- Up-to-date: /workspace/install/interface/share/interface/cmake/ament_cmake_export_libraries-extras.cmake
[0.322s] -- Up-to-date: /workspace/install/interface/share/interface/cmake/ament_cmake_export_targets-extras.cmake
[0.322s] -- Up-to-date: /workspace/install/interface/share/interface/cmake/rosidl_cmake_export_typesupport_targets-extras.cmake
[0.322s] -- Up-to-date: /workspace/install/interface/share/interface/cmake/rosidl_cmake_export_typesupport_libraries-extras.cmake
[0.322s] -- Up-to-date: /workspace/install/interface/share/interface/cmake/interfaceConfig.cmake
[0.322s] -- Up-to-date: /workspace/install/interface/share/interface/cmake/interfaceConfig-version.cmake
[0.322s] -- Up-to-date: /workspace/install/interface/share/interface/package.xml
[0.323s] Invoked command in '/workspace/build/interface' returned '0': CMAKE_PREFIX_PATH=/opt/ros/humble /usr/bin/cmake --install /workspace/build/interface
