[0.268s] Invoking command in '/workspace/src/groundedsam2': PYTHONPATH=/workspace/build/groundedsam2/prefix_override:/usr/lib/python3/dist-packages/colcon_core/task/python/colcon_distutils_commands:/workspace/install/groundedsam2/lib/python3.10/site-packages:${PYTHONPATH} /usr/bin/python3 -W ignore:setup.py install is deprecated -W ignore:easy_install command is deprecated setup.py egg_info --egg-base ../../build/groundedsam2 build --build-base /workspace/build/groundedsam2/build install --record /workspace/build/groundedsam2/install.log --single-version-externally-managed install_data
[0.373s] running egg_info
[0.373s] writing ../../build/groundedsam2/groundedsam2.egg-info/PKG-INFO
[0.373s] writing dependency_links to ../../build/groundedsam2/groundedsam2.egg-info/dependency_links.txt
[0.373s] writing entry points to ../../build/groundedsam2/groundedsam2.egg-info/entry_points.txt
[0.373s] writing requirements to ../../build/groundedsam2/groundedsam2.egg-info/requires.txt
[0.373s] writing top-level names to ../../build/groundedsam2/groundedsam2.egg-info/top_level.txt
[0.374s] reading manifest file '../../build/groundedsam2/groundedsam2.egg-info/SOURCES.txt'
[0.374s] writing manifest file '../../build/groundedsam2/groundedsam2.egg-info/SOURCES.txt'
[0.375s] running build
[0.375s] running build_py
[0.375s] running install
[0.375s] running install_lib
[0.375s] running install_data
[0.375s] running install_egg_info
[0.376s] removing '/workspace/install/groundedsam2/lib/python3.10/site-packages/groundedsam2-0.0.0-py3.10.egg-info' (and everything under it)
[0.377s] Copying ../../build/groundedsam2/groundedsam2.egg-info to /workspace/install/groundedsam2/lib/python3.10/site-packages/groundedsam2-0.0.0-py3.10.egg-info
[0.377s] running install_scripts
[0.387s] Installing service script to /workspace/install/groundedsam2/lib/groundedsam2
[0.387s] Installing test_client script to /workspace/install/groundedsam2/lib/groundedsam2
[0.388s] writing list of installed files to '/workspace/build/groundedsam2/install.log'
[0.400s] Invoked command in '/workspace/src/groundedsam2' returned '0': PYTHONPATH=/workspace/build/groundedsam2/prefix_override:/usr/lib/python3/dist-packages/colcon_core/task/python/colcon_distutils_commands:/workspace/install/groundedsam2/lib/python3.10/site-packages:${PYTHONPATH} /usr/bin/python3 -W ignore:setup.py install is deprecated -W ignore:easy_install command is deprecated setup.py egg_info --egg-base ../../build/groundedsam2 build --build-base /workspace/build/groundedsam2/build install --record /workspace/build/groundedsam2/install.log --single-version-externally-managed install_data
