[2.200s] Invoking command in '/workspace/Grounded-SAM-2': PYTHONPATH=/workspace/build/SAM-2/prefix_override:/usr/lib/python3/dist-packages/colcon_core/task/python/colcon_distutils_commands:/workspace/install/SAM-2/lib/python3.10/site-packages:${PYTHONPATH} /usr/bin/python3 -W ignore:setup.py install is deprecated -W ignore:easy_install command is deprecated setup.py egg_info --egg-base ../build/SAM-2 build --build-base /workspace/build/SAM-2/build install --record /workspace/build/SAM-2/install.log --single-version-externally-managed
[3.131s] running egg_info
[3.132s] creating ../build/SAM-2/SAM_2.egg-info
[3.132s] writing ../build/SAM-2/SAM_2.egg-info/PKG-INFO
[3.132s] writing dependency_links to ../build/SAM-2/SAM_2.egg-info/dependency_links.txt
[3.132s] writing requirements to ../build/SAM-2/SAM_2.egg-info/requires.txt
[3.132s] writing top-level names to ../build/SAM-2/SAM_2.egg-info/top_level.txt
[3.132s] writing manifest file '../build/SAM-2/SAM_2.egg-info/SOURCES.txt'
[3.134s] /usr/local/lib/python3.10/dist-packages/torch/utils/cpp_extension.py:499: UserWarning: Attempted to use ninja as the BuildExtension backend but we could not find ninja.. Falling back to using the slow distutils backend.
[3.134s]   warnings.warn(msg.format('we could not find ninja.'))
[3.134s] reading manifest file '../build/SAM-2/SAM_2.egg-info/SOURCES.txt'
[3.134s] reading manifest template 'MANIFEST.in'
[3.135s] adding license file 'LICENSE'
[3.135s] adding license file 'LICENSE_cctorch'
[3.135s] adding license file 'LICENSE_groundingdino'
[3.135s] adding license file 'LICENSE_sam2'
[3.135s] writing manifest file '../build/SAM-2/SAM_2.egg-info/SOURCES.txt'
[3.135s] running build
[3.135s] running build_py
[3.135s] creating /workspace/build/SAM-2/build
[3.135s] creating /workspace/build/SAM-2/build/lib.linux-x86_64-3.10
[3.135s] creating /workspace/build/SAM-2/build/lib.linux-x86_64-3.10/sam2
[3.135s] copying sam2/sam2_video_predictor.py -> /workspace/build/SAM-2/build/lib.linux-x86_64-3.10/sam2
[3.135s] copying sam2/build_sam.py -> /workspace/build/SAM-2/build/lib.linux-x86_64-3.10/sam2
[3.135s] copying sam2/__init__.py -> /workspace/build/SAM-2/build/lib.linux-x86_64-3.10/sam2
[3.136s] copying sam2/sam2_image_predictor.py -> /workspace/build/SAM-2/build/lib.linux-x86_64-3.10/sam2
[3.136s] copying sam2/automatic_mask_generator.py -> /workspace/build/SAM-2/build/lib.linux-x86_64-3.10/sam2
[3.136s] creating /workspace/build/SAM-2/build/lib.linux-x86_64-3.10/training
[3.136s] copying training/optimizer.py -> /workspace/build/SAM-2/build/lib.linux-x86_64-3.10/training
[3.136s] copying training/trainer.py -> /workspace/build/SAM-2/build/lib.linux-x86_64-3.10/training
[3.136s] copying training/__init__.py -> /workspace/build/SAM-2/build/lib.linux-x86_64-3.10/training
[3.136s] copying training/train.py -> /workspace/build/SAM-2/build/lib.linux-x86_64-3.10/training
[3.136s] copying training/loss_fns.py -> /workspace/build/SAM-2/build/lib.linux-x86_64-3.10/training
[3.136s] creating /workspace/build/SAM-2/build/lib.linux-x86_64-3.10/sam2/modeling
[3.136s] copying sam2/modeling/__init__.py -> /workspace/build/SAM-2/build/lib.linux-x86_64-3.10/sam2/modeling
[3.136s] copying sam2/modeling/memory_encoder.py -> /workspace/build/SAM-2/build/lib.linux-x86_64-3.10/sam2/modeling
[3.136s] copying sam2/modeling/sam2_base.py -> /workspace/build/SAM-2/build/lib.linux-x86_64-3.10/sam2/modeling
[3.136s] copying sam2/modeling/sam2_utils.py -> /workspace/build/SAM-2/build/lib.linux-x86_64-3.10/sam2/modeling
[3.136s] copying sam2/modeling/position_encoding.py -> /workspace/build/SAM-2/build/lib.linux-x86_64-3.10/sam2/modeling
[3.136s] copying sam2/modeling/memory_attention.py -> /workspace/build/SAM-2/build/lib.linux-x86_64-3.10/sam2/modeling
[3.136s] creating /workspace/build/SAM-2/build/lib.linux-x86_64-3.10/sam2/utils
[3.136s] copying sam2/utils/transforms.py -> /workspace/build/SAM-2/build/lib.linux-x86_64-3.10/sam2/utils
[3.136s] copying sam2/utils/misc.py -> /workspace/build/SAM-2/build/lib.linux-x86_64-3.10/sam2/utils
[3.136s] copying sam2/utils/__init__.py -> /workspace/build/SAM-2/build/lib.linux-x86_64-3.10/sam2/utils
[3.137s] copying sam2/utils/amg.py -> /workspace/build/SAM-2/build/lib.linux-x86_64-3.10/sam2/utils
[3.137s] creating /workspace/build/SAM-2/build/lib.linux-x86_64-3.10/sam2/modeling/backbones
[3.137s] copying sam2/modeling/backbones/hieradet.py -> /workspace/build/SAM-2/build/lib.linux-x86_64-3.10/sam2/modeling/backbones
[3.137s] copying sam2/modeling/backbones/image_encoder.py -> /workspace/build/SAM-2/build/lib.linux-x86_64-3.10/sam2/modeling/backbones
[3.137s] copying sam2/modeling/backbones/utils.py -> /workspace/build/SAM-2/build/lib.linux-x86_64-3.10/sam2/modeling/backbones
[3.137s] copying sam2/modeling/backbones/__init__.py -> /workspace/build/SAM-2/build/lib.linux-x86_64-3.10/sam2/modeling/backbones
[3.137s] creating /workspace/build/SAM-2/build/lib.linux-x86_64-3.10/sam2/modeling/sam
[3.137s] copying sam2/modeling/sam/transformer.py -> /workspace/build/SAM-2/build/lib.linux-x86_64-3.10/sam2/modeling/sam
[3.137s] copying sam2/modeling/sam/__init__.py -> /workspace/build/SAM-2/build/lib.linux-x86_64-3.10/sam2/modeling/sam
[3.137s] copying sam2/modeling/sam/prompt_encoder.py -> /workspace/build/SAM-2/build/lib.linux-x86_64-3.10/sam2/modeling/sam
[3.137s] copying sam2/modeling/sam/mask_decoder.py -> /workspace/build/SAM-2/build/lib.linux-x86_64-3.10/sam2/modeling/sam
[3.137s] creating /workspace/build/SAM-2/build/lib.linux-x86_64-3.10/training/model
[3.137s] copying training/model/__init__.py -> /workspace/build/SAM-2/build/lib.linux-x86_64-3.10/training/model
[3.137s] copying training/model/sam2.py -> /workspace/build/SAM-2/build/lib.linux-x86_64-3.10/training/model
[3.137s] creating /workspace/build/SAM-2/build/lib.linux-x86_64-3.10/training/dataset
[3.137s] copying training/dataset/transforms.py -> /workspace/build/SAM-2/build/lib.linux-x86_64-3.10/training/dataset
[3.137s] copying training/dataset/vos_segment_loader.py -> /workspace/build/SAM-2/build/lib.linux-x86_64-3.10/training/dataset
[3.137s] copying training/dataset/utils.py -> /workspace/build/SAM-2/build/lib.linux-x86_64-3.10/training/dataset
[3.137s] copying training/dataset/__init__.py -> /workspace/build/SAM-2/build/lib.linux-x86_64-3.10/training/dataset
[3.137s] copying training/dataset/vos_sampler.py -> /workspace/build/SAM-2/build/lib.linux-x86_64-3.10/training/dataset
[3.138s] copying training/dataset/vos_dataset.py -> /workspace/build/SAM-2/build/lib.linux-x86_64-3.10/training/dataset
[3.138s] copying training/dataset/vos_raw_dataset.py -> /workspace/build/SAM-2/build/lib.linux-x86_64-3.10/training/dataset
[3.138s] copying training/dataset/sam2_datasets.py -> /workspace/build/SAM-2/build/lib.linux-x86_64-3.10/training/dataset
[3.138s] creating /workspace/build/SAM-2/build/lib.linux-x86_64-3.10/training/utils
[3.138s] copying training/utils/checkpoint_utils.py -> /workspace/build/SAM-2/build/lib.linux-x86_64-3.10/training/utils
[3.138s] copying training/utils/train_utils.py -> /workspace/build/SAM-2/build/lib.linux-x86_64-3.10/training/utils
[3.138s] copying training/utils/logger.py -> /workspace/build/SAM-2/build/lib.linux-x86_64-3.10/training/utils
[3.138s] copying training/utils/__init__.py -> /workspace/build/SAM-2/build/lib.linux-x86_64-3.10/training/utils
[3.138s] copying training/utils/data_utils.py -> /workspace/build/SAM-2/build/lib.linux-x86_64-3.10/training/utils
[3.138s] copying training/utils/distributed.py -> /workspace/build/SAM-2/build/lib.linux-x86_64-3.10/training/utils
[3.138s] copying sam2/sam2_hiera_b+.yaml -> /workspace/build/SAM-2/build/lib.linux-x86_64-3.10/sam2
[3.138s] copying sam2/sam2_hiera_l.yaml -> /workspace/build/SAM-2/build/lib.linux-x86_64-3.10/sam2
[3.138s] copying sam2/sam2_hiera_s.yaml -> /workspace/build/SAM-2/build/lib.linux-x86_64-3.10/sam2
[3.138s] copying sam2/sam2_hiera_t.yaml -> /workspace/build/SAM-2/build/lib.linux-x86_64-3.10/sam2
[3.138s] creating /workspace/build/SAM-2/build/lib.linux-x86_64-3.10/sam2/configs
[3.138s] creating /workspace/build/SAM-2/build/lib.linux-x86_64-3.10/sam2/configs/sam2
[3.138s] copying sam2/configs/sam2/sam2_hiera_b+.yaml -> /workspace/build/SAM-2/build/lib.linux-x86_64-3.10/sam2/configs/sam2
[3.138s] copying sam2/configs/sam2/sam2_hiera_l.yaml -> /workspace/build/SAM-2/build/lib.linux-x86_64-3.10/sam2/configs/sam2
[3.138s] copying sam2/configs/sam2/sam2_hiera_s.yaml -> /workspace/build/SAM-2/build/lib.linux-x86_64-3.10/sam2/configs/sam2
[3.138s] copying sam2/configs/sam2/sam2_hiera_t.yaml -> /workspace/build/SAM-2/build/lib.linux-x86_64-3.10/sam2/configs/sam2
[3.138s] creating /workspace/build/SAM-2/build/lib.linux-x86_64-3.10/sam2/configs/sam2.1
[3.139s] copying sam2/configs/sam2.1/sam2.1_hiera_b+.yaml -> /workspace/build/SAM-2/build/lib.linux-x86_64-3.10/sam2/configs/sam2.1
[3.139s] copying sam2/configs/sam2.1/sam2.1_hiera_l.yaml -> /workspace/build/SAM-2/build/lib.linux-x86_64-3.10/sam2/configs/sam2.1
[3.139s] copying sam2/configs/sam2.1/sam2.1_hiera_s.yaml -> /workspace/build/SAM-2/build/lib.linux-x86_64-3.10/sam2/configs/sam2.1
[3.139s] copying sam2/configs/sam2.1/sam2.1_hiera_t.yaml -> /workspace/build/SAM-2/build/lib.linux-x86_64-3.10/sam2/configs/sam2.1
[3.139s] creating /workspace/build/SAM-2/build/lib.linux-x86_64-3.10/sam2/configs/sam2.1_training
[3.139s] copying sam2/configs/sam2.1_training/sam2.1_hiera_b+_MOSE_finetune.yaml -> /workspace/build/SAM-2/build/lib.linux-x86_64-3.10/sam2/configs/sam2.1_training
[3.139s] creating /workspace/build/SAM-2/build/lib.linux-x86_64-3.10/sam2/csrc
[3.139s] copying sam2/csrc/connected_components.cu -> /workspace/build/SAM-2/build/lib.linux-x86_64-3.10/sam2/csrc
[3.139s] running build_ext
[3.144s] /usr/local/lib/python3.10/dist-packages/torch/utils/cpp_extension.py:428: UserWarning: There are no x86_64-linux-gnu-g++ version bounds defined for CUDA version 12.1
[3.144s]   warnings.warn(f'There are no {compiler_name} version bounds defined for CUDA version {cuda_str_version}')
[3.144s] building 'sam2._C' extension
[3.144s] creating /workspace/build/SAM-2/build/temp.linux-x86_64-3.10
[3.144s] creating /workspace/build/SAM-2/build/temp.linux-x86_64-3.10/sam2
[3.144s] creating /workspace/build/SAM-2/build/temp.linux-x86_64-3.10/sam2/csrc
[3.144s] /usr/local/lib/python3.10/dist-packages/torch/utils/cpp_extension.py:1967: UserWarning: TORCH_CUDA_ARCH_LIST is not set, all archs for visible cards are included for compilation. 
[3.144s] If this is not desired, please set os.environ['TORCH_CUDA_ARCH_LIST'].
[3.144s]   warnings.warn(
[3.156s] /usr/local/cuda/bin/nvcc -I/usr/local/lib/python3.10/dist-packages/torch/include -I/usr/local/lib/python3.10/dist-packages/torch/include/torch/csrc/api/include -I/usr/local/lib/python3.10/dist-packages/torch/include/TH -I/usr/local/lib/python3.10/dist-packages/torch/include/THC -I/usr/local/cuda/include -I/workspace/install/SAM-2/include -I/usr/include/python3.10 -c sam2/csrc/connected_components.cu -o /workspace/build/SAM-2/build/temp.linux-x86_64-3.10/sam2/csrc/connected_components.o -D__CUDA_NO_HALF_OPERATORS__ -D__CUDA_NO_HALF_CONVERSIONS__ -D__CUDA_NO_BFLOAT16_CONVERSIONS__ -D__CUDA_NO_HALF2_OPERATORS__ --expt-relaxed-constexpr --compiler-options '-fPIC' -DCUDA_HAS_FP16=1 -D__CUDA_NO_HALF_OPERATORS__ -D__CUDA_NO_HALF_CONVERSIONS__ -D__CUDA_NO_HALF2_OPERATORS__ -DTORCH_API_INCLUDE_EXTENSION_H -DPYBIND11_COMPILER_TYPE="_gcc" -DPYBIND11_STDLIB="_libstdcpp" -DPYBIND11_BUILD_ABI="_cxxabi1011" -DTORCH_EXTENSION_NAME=_C -D_GLIBCXX_USE_CXX11_ABI=0 -gencode=arch=compute_89,code=compute_89 -gencode=arch=compute_89,code=sm_89 -std=c++17
[34.077s] x86_64-linux-gnu-g++ -shared -Wl,-O1 -Wl,-Bsymbolic-functions -Wl,-Bsymbolic-functions -g -fwrapv -O2 -Wl,-Bsymbolic-functions -g -fwrapv -O2 -g -fstack-protector-strong -Wformat -Werror=format-security -Wdate-time -D_FORTIFY_SOURCE=2 /workspace/build/SAM-2/build/temp.linux-x86_64-3.10/sam2/csrc/connected_components.o -L/usr/local/lib/python3.10/dist-packages/torch/lib -L/usr/local/cuda/lib64 -lc10 -ltorch -ltorch_cpu -ltorch_python -lcudart -lc10_cuda -ltorch_cuda -o /workspace/build/SAM-2/build/lib.linux-x86_64-3.10/sam2/_C.so
[34.310s] running install
[34.310s] running install_lib
[34.311s] creating /workspace/install/SAM-2/lib/python3.10/site-packages/sam2
[34.311s] copying /workspace/build/SAM-2/build/lib.linux-x86_64-3.10/sam2/_C.so -> /workspace/install/SAM-2/lib/python3.10/site-packages/sam2
[34.312s] creating /workspace/install/SAM-2/lib/python3.10/site-packages/sam2/modeling
[34.312s] creating /workspace/install/SAM-2/lib/python3.10/site-packages/sam2/modeling/backbones
[34.312s] copying /workspace/build/SAM-2/build/lib.linux-x86_64-3.10/sam2/modeling/backbones/hieradet.py -> /workspace/install/SAM-2/lib/python3.10/site-packages/sam2/modeling/backbones
[34.312s] copying /workspace/build/SAM-2/build/lib.linux-x86_64-3.10/sam2/modeling/backbones/image_encoder.py -> /workspace/install/SAM-2/lib/python3.10/site-packages/sam2/modeling/backbones
[34.312s] copying /workspace/build/SAM-2/build/lib.linux-x86_64-3.10/sam2/modeling/backbones/utils.py -> /workspace/install/SAM-2/lib/python3.10/site-packages/sam2/modeling/backbones
[34.312s] copying /workspace/build/SAM-2/build/lib.linux-x86_64-3.10/sam2/modeling/backbones/__init__.py -> /workspace/install/SAM-2/lib/python3.10/site-packages/sam2/modeling/backbones
[34.312s] copying /workspace/build/SAM-2/build/lib.linux-x86_64-3.10/sam2/modeling/__init__.py -> /workspace/install/SAM-2/lib/python3.10/site-packages/sam2/modeling
[34.312s] copying /workspace/build/SAM-2/build/lib.linux-x86_64-3.10/sam2/modeling/memory_encoder.py -> /workspace/install/SAM-2/lib/python3.10/site-packages/sam2/modeling
[34.312s] copying /workspace/build/SAM-2/build/lib.linux-x86_64-3.10/sam2/modeling/sam2_base.py -> /workspace/install/SAM-2/lib/python3.10/site-packages/sam2/modeling
[34.312s] copying /workspace/build/SAM-2/build/lib.linux-x86_64-3.10/sam2/modeling/sam2_utils.py -> /workspace/install/SAM-2/lib/python3.10/site-packages/sam2/modeling
[34.312s] copying /workspace/build/SAM-2/build/lib.linux-x86_64-3.10/sam2/modeling/position_encoding.py -> /workspace/install/SAM-2/lib/python3.10/site-packages/sam2/modeling
[34.312s] copying /workspace/build/SAM-2/build/lib.linux-x86_64-3.10/sam2/modeling/memory_attention.py -> /workspace/install/SAM-2/lib/python3.10/site-packages/sam2/modeling
[34.312s] creating /workspace/install/SAM-2/lib/python3.10/site-packages/sam2/modeling/sam
[34.312s] copying /workspace/build/SAM-2/build/lib.linux-x86_64-3.10/sam2/modeling/sam/transformer.py -> /workspace/install/SAM-2/lib/python3.10/site-packages/sam2/modeling/sam
[34.312s] copying /workspace/build/SAM-2/build/lib.linux-x86_64-3.10/sam2/modeling/sam/__init__.py -> /workspace/install/SAM-2/lib/python3.10/site-packages/sam2/modeling/sam
[34.312s] copying /workspace/build/SAM-2/build/lib.linux-x86_64-3.10/sam2/modeling/sam/prompt_encoder.py -> /workspace/install/SAM-2/lib/python3.10/site-packages/sam2/modeling/sam
[34.312s] copying /workspace/build/SAM-2/build/lib.linux-x86_64-3.10/sam2/modeling/sam/mask_decoder.py -> /workspace/install/SAM-2/lib/python3.10/site-packages/sam2/modeling/sam
[34.312s] creating /workspace/install/SAM-2/lib/python3.10/site-packages/sam2/configs
[34.312s] creating /workspace/install/SAM-2/lib/python3.10/site-packages/sam2/configs/sam2.1
[34.312s] copying /workspace/build/SAM-2/build/lib.linux-x86_64-3.10/sam2/configs/sam2.1/sam2.1_hiera_l.yaml -> /workspace/install/SAM-2/lib/python3.10/site-packages/sam2/configs/sam2.1
[34.312s] copying /workspace/build/SAM-2/build/lib.linux-x86_64-3.10/sam2/configs/sam2.1/sam2.1_hiera_s.yaml -> /workspace/install/SAM-2/lib/python3.10/site-packages/sam2/configs/sam2.1
[34.312s] copying /workspace/build/SAM-2/build/lib.linux-x86_64-3.10/sam2/configs/sam2.1/sam2.1_hiera_b+.yaml -> /workspace/install/SAM-2/lib/python3.10/site-packages/sam2/configs/sam2.1
[34.312s] copying /workspace/build/SAM-2/build/lib.linux-x86_64-3.10/sam2/configs/sam2.1/sam2.1_hiera_t.yaml -> /workspace/install/SAM-2/lib/python3.10/site-packages/sam2/configs/sam2.1
[34.312s] creating /workspace/install/SAM-2/lib/python3.10/site-packages/sam2/configs/sam2
[34.312s] copying /workspace/build/SAM-2/build/lib.linux-x86_64-3.10/sam2/configs/sam2/sam2_hiera_t.yaml -> /workspace/install/SAM-2/lib/python3.10/site-packages/sam2/configs/sam2
[34.312s] copying /workspace/build/SAM-2/build/lib.linux-x86_64-3.10/sam2/configs/sam2/sam2_hiera_l.yaml -> /workspace/install/SAM-2/lib/python3.10/site-packages/sam2/configs/sam2
[34.312s] copying /workspace/build/SAM-2/build/lib.linux-x86_64-3.10/sam2/configs/sam2/sam2_hiera_s.yaml -> /workspace/install/SAM-2/lib/python3.10/site-packages/sam2/configs/sam2
[34.312s] copying /workspace/build/SAM-2/build/lib.linux-x86_64-3.10/sam2/configs/sam2/sam2_hiera_b+.yaml -> /workspace/install/SAM-2/lib/python3.10/site-packages/sam2/configs/sam2
[34.312s] creating /workspace/install/SAM-2/lib/python3.10/site-packages/sam2/configs/sam2.1_training
[34.312s] copying /workspace/build/SAM-2/build/lib.linux-x86_64-3.10/sam2/configs/sam2.1_training/sam2.1_hiera_b+_MOSE_finetune.yaml -> /workspace/install/SAM-2/lib/python3.10/site-packages/sam2/configs/sam2.1_training
[34.312s] creating /workspace/install/SAM-2/lib/python3.10/site-packages/sam2/csrc
[34.312s] copying /workspace/build/SAM-2/build/lib.linux-x86_64-3.10/sam2/csrc/connected_components.cu -> /workspace/install/SAM-2/lib/python3.10/site-packages/sam2/csrc
[34.312s] copying /workspace/build/SAM-2/build/lib.linux-x86_64-3.10/sam2/sam2_video_predictor.py -> /workspace/install/SAM-2/lib/python3.10/site-packages/sam2
[34.312s] copying /workspace/build/SAM-2/build/lib.linux-x86_64-3.10/sam2/sam2_hiera_t.yaml -> /workspace/install/SAM-2/lib/python3.10/site-packages/sam2
[34.312s] copying /workspace/build/SAM-2/build/lib.linux-x86_64-3.10/sam2/build_sam.py -> /workspace/install/SAM-2/lib/python3.10/site-packages/sam2
[34.312s] copying /workspace/build/SAM-2/build/lib.linux-x86_64-3.10/sam2/__init__.py -> /workspace/install/SAM-2/lib/python3.10/site-packages/sam2
[34.312s] copying /workspace/build/SAM-2/build/lib.linux-x86_64-3.10/sam2/sam2_hiera_l.yaml -> /workspace/install/SAM-2/lib/python3.10/site-packages/sam2
[34.313s] copying /workspace/build/SAM-2/build/lib.linux-x86_64-3.10/sam2/sam2_image_predictor.py -> /workspace/install/SAM-2/lib/python3.10/site-packages/sam2
[34.313s] creating /workspace/install/SAM-2/lib/python3.10/site-packages/sam2/utils
[34.313s] copying /workspace/build/SAM-2/build/lib.linux-x86_64-3.10/sam2/utils/transforms.py -> /workspace/install/SAM-2/lib/python3.10/site-packages/sam2/utils
[34.313s] copying /workspace/build/SAM-2/build/lib.linux-x86_64-3.10/sam2/utils/misc.py -> /workspace/install/SAM-2/lib/python3.10/site-packages/sam2/utils
[34.313s] copying /workspace/build/SAM-2/build/lib.linux-x86_64-3.10/sam2/utils/__init__.py -> /workspace/install/SAM-2/lib/python3.10/site-packages/sam2/utils
[34.313s] copying /workspace/build/SAM-2/build/lib.linux-x86_64-3.10/sam2/utils/amg.py -> /workspace/install/SAM-2/lib/python3.10/site-packages/sam2/utils
[34.313s] copying /workspace/build/SAM-2/build/lib.linux-x86_64-3.10/sam2/sam2_hiera_s.yaml -> /workspace/install/SAM-2/lib/python3.10/site-packages/sam2
[34.313s] copying /workspace/build/SAM-2/build/lib.linux-x86_64-3.10/sam2/automatic_mask_generator.py -> /workspace/install/SAM-2/lib/python3.10/site-packages/sam2
[34.313s] copying /workspace/build/SAM-2/build/lib.linux-x86_64-3.10/sam2/sam2_hiera_b+.yaml -> /workspace/install/SAM-2/lib/python3.10/site-packages/sam2
[34.313s] creating /workspace/install/SAM-2/lib/python3.10/site-packages/training
[34.313s] copying /workspace/build/SAM-2/build/lib.linux-x86_64-3.10/training/optimizer.py -> /workspace/install/SAM-2/lib/python3.10/site-packages/training
[34.313s] copying /workspace/build/SAM-2/build/lib.linux-x86_64-3.10/training/trainer.py -> /workspace/install/SAM-2/lib/python3.10/site-packages/training
[34.313s] copying /workspace/build/SAM-2/build/lib.linux-x86_64-3.10/training/__init__.py -> /workspace/install/SAM-2/lib/python3.10/site-packages/training
[34.313s] copying /workspace/build/SAM-2/build/lib.linux-x86_64-3.10/training/train.py -> /workspace/install/SAM-2/lib/python3.10/site-packages/training
[34.313s] creating /workspace/install/SAM-2/lib/python3.10/site-packages/training/model
[34.313s] copying /workspace/build/SAM-2/build/lib.linux-x86_64-3.10/training/model/__init__.py -> /workspace/install/SAM-2/lib/python3.10/site-packages/training/model
[34.313s] copying /workspace/build/SAM-2/build/lib.linux-x86_64-3.10/training/model/sam2.py -> /workspace/install/SAM-2/lib/python3.10/site-packages/training/model
[34.313s] creating /workspace/install/SAM-2/lib/python3.10/site-packages/training/dataset
[34.313s] copying /workspace/build/SAM-2/build/lib.linux-x86_64-3.10/training/dataset/transforms.py -> /workspace/install/SAM-2/lib/python3.10/site-packages/training/dataset
[34.313s] copying /workspace/build/SAM-2/build/lib.linux-x86_64-3.10/training/dataset/vos_segment_loader.py -> /workspace/install/SAM-2/lib/python3.10/site-packages/training/dataset
[34.313s] copying /workspace/build/SAM-2/build/lib.linux-x86_64-3.10/training/dataset/utils.py -> /workspace/install/SAM-2/lib/python3.10/site-packages/training/dataset
[34.313s] copying /workspace/build/SAM-2/build/lib.linux-x86_64-3.10/training/dataset/__init__.py -> /workspace/install/SAM-2/lib/python3.10/site-packages/training/dataset
[34.313s] copying /workspace/build/SAM-2/build/lib.linux-x86_64-3.10/training/dataset/vos_sampler.py -> /workspace/install/SAM-2/lib/python3.10/site-packages/training/dataset
[34.313s] copying /workspace/build/SAM-2/build/lib.linux-x86_64-3.10/training/dataset/vos_dataset.py -> /workspace/install/SAM-2/lib/python3.10/site-packages/training/dataset
[34.313s] copying /workspace/build/SAM-2/build/lib.linux-x86_64-3.10/training/dataset/vos_raw_dataset.py -> /workspace/install/SAM-2/lib/python3.10/site-packages/training/dataset
[34.313s] copying /workspace/build/SAM-2/build/lib.linux-x86_64-3.10/training/dataset/sam2_datasets.py -> /workspace/install/SAM-2/lib/python3.10/site-packages/training/dataset
[34.313s] creating /workspace/install/SAM-2/lib/python3.10/site-packages/training/utils
[34.313s] copying /workspace/build/SAM-2/build/lib.linux-x86_64-3.10/training/utils/checkpoint_utils.py -> /workspace/install/SAM-2/lib/python3.10/site-packages/training/utils
[34.313s] copying /workspace/build/SAM-2/build/lib.linux-x86_64-3.10/training/utils/train_utils.py -> /workspace/install/SAM-2/lib/python3.10/site-packages/training/utils
[34.313s] copying /workspace/build/SAM-2/build/lib.linux-x86_64-3.10/training/utils/logger.py -> /workspace/install/SAM-2/lib/python3.10/site-packages/training/utils
[34.313s] copying /workspace/build/SAM-2/build/lib.linux-x86_64-3.10/training/utils/__init__.py -> /workspace/install/SAM-2/lib/python3.10/site-packages/training/utils
[34.313s] copying /workspace/build/SAM-2/build/lib.linux-x86_64-3.10/training/utils/data_utils.py -> /workspace/install/SAM-2/lib/python3.10/site-packages/training/utils
[34.313s] copying /workspace/build/SAM-2/build/lib.linux-x86_64-3.10/training/utils/distributed.py -> /workspace/install/SAM-2/lib/python3.10/site-packages/training/utils
[34.313s] copying /workspace/build/SAM-2/build/lib.linux-x86_64-3.10/training/loss_fns.py -> /workspace/install/SAM-2/lib/python3.10/site-packages/training
[34.314s] byte-compiling /workspace/install/SAM-2/lib/python3.10/site-packages/sam2/modeling/backbones/hieradet.py to hieradet.cpython-310.pyc
[34.315s] byte-compiling /workspace/install/SAM-2/lib/python3.10/site-packages/sam2/modeling/backbones/image_encoder.py to image_encoder.cpython-310.pyc
[34.315s] byte-compiling /workspace/install/SAM-2/lib/python3.10/site-packages/sam2/modeling/backbones/utils.py to utils.cpython-310.pyc
[34.315s] byte-compiling /workspace/install/SAM-2/lib/python3.10/site-packages/sam2/modeling/backbones/__init__.py to __init__.cpython-310.pyc
[34.315s] byte-compiling /workspace/install/SAM-2/lib/python3.10/site-packages/sam2/modeling/__init__.py to __init__.cpython-310.pyc
[34.316s] byte-compiling /workspace/install/SAM-2/lib/python3.10/site-packages/sam2/modeling/memory_encoder.py to memory_encoder.cpython-310.pyc
[34.316s] byte-compiling /workspace/install/SAM-2/lib/python3.10/site-packages/sam2/modeling/sam2_base.py to sam2_base.cpython-310.pyc
[34.318s] byte-compiling /workspace/install/SAM-2/lib/python3.10/site-packages/sam2/modeling/sam2_utils.py to sam2_utils.cpython-310.pyc
[34.319s] byte-compiling /workspace/install/SAM-2/lib/python3.10/site-packages/sam2/modeling/position_encoding.py to position_encoding.cpython-310.pyc
[34.320s] byte-compiling /workspace/install/SAM-2/lib/python3.10/site-packages/sam2/modeling/memory_attention.py to memory_attention.cpython-310.pyc
[34.320s] byte-compiling /workspace/install/SAM-2/lib/python3.10/site-packages/sam2/modeling/sam/transformer.py to transformer.cpython-310.pyc
[34.321s] byte-compiling /workspace/install/SAM-2/lib/python3.10/site-packages/sam2/modeling/sam/__init__.py to __init__.cpython-310.pyc
[34.321s] byte-compiling /workspace/install/SAM-2/lib/python3.10/site-packages/sam2/modeling/sam/prompt_encoder.py to prompt_encoder.cpython-310.pyc
[34.322s] byte-compiling /workspace/install/SAM-2/lib/python3.10/site-packages/sam2/modeling/sam/mask_decoder.py to mask_decoder.cpython-310.pyc
[34.322s] byte-compiling /workspace/install/SAM-2/lib/python3.10/site-packages/sam2/sam2_video_predictor.py to sam2_video_predictor.cpython-310.pyc
[34.325s] byte-compiling /workspace/install/SAM-2/lib/python3.10/site-packages/sam2/build_sam.py to build_sam.cpython-310.pyc
[34.326s] byte-compiling /workspace/install/SAM-2/lib/python3.10/site-packages/sam2/__init__.py to __init__.cpython-310.pyc
[34.326s] byte-compiling /workspace/install/SAM-2/lib/python3.10/site-packages/sam2/sam2_image_predictor.py to sam2_image_predictor.cpython-310.pyc
[34.327s] byte-compiling /workspace/install/SAM-2/lib/python3.10/site-packages/sam2/utils/transforms.py to transforms.cpython-310.pyc
[34.327s] byte-compiling /workspace/install/SAM-2/lib/python3.10/site-packages/sam2/utils/misc.py to misc.cpython-310.pyc
[34.328s] byte-compiling /workspace/install/SAM-2/lib/python3.10/site-packages/sam2/utils/__init__.py to __init__.cpython-310.pyc
[34.328s] byte-compiling /workspace/install/SAM-2/lib/python3.10/site-packages/sam2/utils/amg.py to amg.cpython-310.pyc
[34.329s] byte-compiling /workspace/install/SAM-2/lib/python3.10/site-packages/sam2/automatic_mask_generator.py to automatic_mask_generator.cpython-310.pyc
[34.330s] byte-compiling /workspace/install/SAM-2/lib/python3.10/site-packages/training/optimizer.py to optimizer.cpython-310.pyc
[34.331s] byte-compiling /workspace/install/SAM-2/lib/python3.10/site-packages/training/trainer.py to trainer.cpython-310.pyc
[34.362s] byte-compiling /workspace/install/SAM-2/lib/python3.10/site-packages/training/__init__.py to __init__.cpython-310.pyc
[34.362s] byte-compiling /workspace/install/SAM-2/lib/python3.10/site-packages/training/train.py to train.cpython-310.pyc
[34.363s] byte-compiling /workspace/install/SAM-2/lib/python3.10/site-packages/training/model/__init__.py to __init__.cpython-310.pyc
[34.363s] byte-compiling /workspace/install/SAM-2/lib/python3.10/site-packages/training/model/sam2.py to sam2.cpython-310.pyc
[34.364s] byte-compiling /workspace/install/SAM-2/lib/python3.10/site-packages/training/dataset/transforms.py to transforms.cpython-310.pyc
[34.365s] byte-compiling /workspace/install/SAM-2/lib/python3.10/site-packages/training/dataset/vos_segment_loader.py to vos_segment_loader.cpython-310.pyc
[34.366s] byte-compiling /workspace/install/SAM-2/lib/python3.10/site-packages/training/dataset/utils.py to utils.cpython-310.pyc
[34.366s] byte-compiling /workspace/install/SAM-2/lib/python3.10/site-packages/training/dataset/__init__.py to __init__.cpython-310.pyc
[34.367s] byte-compiling /workspace/install/SAM-2/lib/python3.10/site-packages/training/dataset/vos_sampler.py to vos_sampler.cpython-310.pyc
[34.367s] byte-compiling /workspace/install/SAM-2/lib/python3.10/site-packages/training/dataset/vos_dataset.py to vos_dataset.cpython-310.pyc
[34.367s] byte-compiling /workspace/install/SAM-2/lib/python3.10/site-packages/training/dataset/vos_raw_dataset.py to vos_raw_dataset.cpython-310.pyc
[34.368s] byte-compiling /workspace/install/SAM-2/lib/python3.10/site-packages/training/dataset/sam2_datasets.py to sam2_datasets.cpython-310.pyc
[34.369s] byte-compiling /workspace/install/SAM-2/lib/python3.10/site-packages/training/utils/checkpoint_utils.py to checkpoint_utils.cpython-310.pyc
[34.369s] byte-compiling /workspace/install/SAM-2/lib/python3.10/site-packages/training/utils/train_utils.py to train_utils.cpython-310.pyc
[34.370s] byte-compiling /workspace/install/SAM-2/lib/python3.10/site-packages/training/utils/logger.py to logger.cpython-310.pyc
[34.371s] byte-compiling /workspace/install/SAM-2/lib/python3.10/site-packages/training/utils/__init__.py to __init__.cpython-310.pyc
[34.371s] byte-compiling /workspace/install/SAM-2/lib/python3.10/site-packages/training/utils/data_utils.py to data_utils.cpython-310.pyc
[34.371s] byte-compiling /workspace/install/SAM-2/lib/python3.10/site-packages/training/utils/distributed.py to distributed.cpython-310.pyc
[34.372s] byte-compiling /workspace/install/SAM-2/lib/python3.10/site-packages/training/loss_fns.py to loss_fns.cpython-310.pyc
[34.373s] running install_egg_info
[34.373s] Copying ../build/SAM-2/SAM_2.egg-info to /workspace/install/SAM-2/lib/python3.10/site-packages/SAM_2-1.0-py3.10.egg-info
[34.374s] running install_scripts
[34.378s] writing list of installed files to '/workspace/build/SAM-2/install.log'
[34.562s] Invoked command in '/workspace/Grounded-SAM-2' returned '0': PYTHONPATH=/workspace/build/SAM-2/prefix_override:/usr/lib/python3/dist-packages/colcon_core/task/python/colcon_distutils_commands:/workspace/install/SAM-2/lib/python3.10/site-packages:${PYTHONPATH} /usr/bin/python3 -W ignore:setup.py install is deprecated -W ignore:easy_install command is deprecated setup.py egg_info --egg-base ../build/SAM-2 build --build-base /workspace/build/SAM-2/build install --record /workspace/build/SAM-2/install.log --single-version-externally-managed
