[0.274s] Invoking command in '/workspace/src/groundedsam2': PYTHONPATH=/workspace/build/groundedsam2/prefix_override:/usr/lib/python3/dist-packages/colcon_core/task/python/colcon_distutils_commands:/workspace/install/groundedsam2/lib/python3.10/site-packages:${PYTHONPATH} /usr/bin/python3 -W ignore:setup.py install is deprecated -W ignore:easy_install command is deprecated setup.py egg_info --egg-base ../../build/groundedsam2 build --build-base /workspace/build/groundedsam2/build install --record /workspace/build/groundedsam2/install.log --single-version-externally-managed install_data
[0.378s] running egg_info
[0.378s] writing ../../build/groundedsam2/groundedsam2.egg-info/PKG-INFO
[0.378s] writing dependency_links to ../../build/groundedsam2/groundedsam2.egg-info/dependency_links.txt
[0.378s] writing entry points to ../../build/groundedsam2/groundedsam2.egg-info/entry_points.txt
[0.378s] writing requirements to ../../build/groundedsam2/groundedsam2.egg-info/requires.txt
[0.378s] writing top-level names to ../../build/groundedsam2/groundedsam2.egg-info/top_level.txt
[0.379s] reading manifest file '../../build/groundedsam2/groundedsam2.egg-info/SOURCES.txt'
[0.379s] writing manifest file '../../build/groundedsam2/groundedsam2.egg-info/SOURCES.txt'
[0.379s] running build
[0.379s] running build_py
[0.379s] copying groundedsam2/test_groundedsam2_client.py -> /workspace/build/groundedsam2/build/lib/groundedsam2
[0.380s] copying groundedsam2/__init__.py -> /workspace/build/groundedsam2/build/lib/groundedsam2
[0.380s] copying groundedsam2/grounded_sam2_service.py -> /workspace/build/groundedsam2/build/lib/groundedsam2
[0.380s] running install
[0.380s] running install_lib
[0.380s] running install_data
[0.380s] running install_egg_info
[0.381s] removing '/workspace/install/groundedsam2/lib/python3.10/site-packages/groundedsam2-0.0.0-py3.10.egg-info' (and everything under it)
[0.381s] Copying ../../build/groundedsam2/groundedsam2.egg-info to /workspace/install/groundedsam2/lib/python3.10/site-packages/groundedsam2-0.0.0-py3.10.egg-info
[0.382s] running install_scripts
[0.392s] Installing service script to /workspace/install/groundedsam2/lib/groundedsam2
[0.393s] Installing test_client script to /workspace/install/groundedsam2/lib/groundedsam2
[0.393s] writing list of installed files to '/workspace/build/groundedsam2/install.log'
[0.406s] Invoked command in '/workspace/src/groundedsam2' returned '0': PYTHONPATH=/workspace/build/groundedsam2/prefix_override:/usr/lib/python3/dist-packages/colcon_core/task/python/colcon_distutils_commands:/workspace/install/groundedsam2/lib/python3.10/site-packages:${PYTHONPATH} /usr/bin/python3 -W ignore:setup.py install is deprecated -W ignore:easy_install command is deprecated setup.py egg_info --egg-base ../../build/groundedsam2 build --build-base /workspace/build/groundedsam2/build install --record /workspace/build/groundedsam2/install.log --single-version-externally-managed install_data
