[1.397s] Invoking command in '/workspace/build/tm_robot_if': CMAKE_PREFIX_PATH=${CMAKE_PREFIX_PATH}:/workspace/install/groundedsam2:/opt/ros/humble /usr/bin/cmake --build /workspace/build/tm_robot_if -- -j24 -l24
[1.434s] [  3%] Built target tm_robot_if__cpp
[1.435s] [ 12%] Built target tm_robot_if__rosidl_generator_c
[1.441s] [ 12%] Built target ament_cmake_python_copy_tm_robot_if
[1.447s] [ 22%] Built target tm_robot_if__rosidl_typesupport_introspection_c
[1.447s] [ 32%] Built target tm_robot_if__rosidl_typesupport_c
[1.448s] [ 45%] Built target tm_robot_if__rosidl_typesupport_cpp
[1.448s] [ 51%] Built target tm_robot_if__rosidl_typesupport_fastrtps_c
[1.450s] [ 70%] Built target tm_robot_if__rosidl_typesupport_fastrtps_cpp
[1.450s] [ 70%] Built target tm_robot_if__rosidl_typesupport_introspection_cpp
[1.466s] [ 70%] Built target tm_robot_if
[1.481s] [ 74%] Built target tm_robot_if__py
[1.498s] [ 80%] Built target tm_robot_if__rosidl_generator_py
[1.516s] [ 87%] Built target tm_robot_if__rosidl_typesupport_c__pyext
[1.516s] [100%] Built target tm_robot_if__rosidl_typesupport_fastrtps_c__pyext
[1.516s] [100%] Built target tm_robot_if__rosidl_typesupport_introspection_c__pyext
[1.581s] running egg_info
[1.581s] writing tm_robot_if.egg-info/PKG-INFO
[1.581s] writing dependency_links to tm_robot_if.egg-info/dependency_links.txt
[1.581s] writing top-level names to tm_robot_if.egg-info/top_level.txt
[1.581s] reading manifest file 'tm_robot_if.egg-info/SOURCES.txt'
[1.581s] writing manifest file 'tm_robot_if.egg-info/SOURCES.txt'
[1.599s] [100%] Built target ament_cmake_python_build_tm_robot_if_egg
[1.608s] Invoked command in '/workspace/build/tm_robot_if' returned '0': CMAKE_PREFIX_PATH=${CMAKE_PREFIX_PATH}:/workspace/install/groundedsam2:/opt/ros/humble /usr/bin/cmake --build /workspace/build/tm_robot_if -- -j24 -l24
[1.617s] Invoking command in '/workspace/build/tm_robot_if': CMAKE_PREFIX_PATH=${CMAKE_PREFIX_PATH}:/workspace/install/groundedsam2:/opt/ros/humble /usr/bin/cmake --install /workspace/build/tm_robot_if
[1.624s] -- Install configuration: ""
[1.624s] -- Up-to-date: /workspace/install/tm_robot_if/share/ament_index/resource_index/rosidl_interfaces/tm_robot_if
[1.626s] -- Up-to-date: /workspace/install/tm_robot_if/include/tm_robot_if/tm_robot_if
[1.626s] -- Up-to-date: /workspace/install/tm_robot_if/include/tm_robot_if/tm_robot_if/srv
[1.627s] -- Up-to-date: /workspace/install/tm_robot_if/include/tm_robot_if/tm_robot_if/srv/grounded_sam2_interface.h
[1.627s] -- Up-to-date: /workspace/install/tm_robot_if/include/tm_robot_if/tm_robot_if/srv/detail
[1.627s] -- Up-to-date: /workspace/install/tm_robot_if/include/tm_robot_if/tm_robot_if/srv/detail/grounded_sam2_interface__type_support.h
[1.627s] -- Up-to-date: /workspace/install/tm_robot_if/include/tm_robot_if/tm_robot_if/srv/detail/grounded_sam2_interface__struct.h
[1.627s] -- Up-to-date: /workspace/install/tm_robot_if/include/tm_robot_if/tm_robot_if/srv/detail/grounded_sam2_interface__functions.c
[1.627s] -- Up-to-date: /workspace/install/tm_robot_if/include/tm_robot_if/tm_robot_if/srv/detail/grounded_sam2_interface__functions.h
[1.627s] -- Up-to-date: /workspace/install/tm_robot_if/include/tm_robot_if/tm_robot_if/msg
[1.627s] -- Up-to-date: /workspace/install/tm_robot_if/include/tm_robot_if/tm_robot_if/msg/rosidl_generator_c__visibility_control.h
[1.627s] -- Up-to-date: /workspace/install/tm_robot_if/share/tm_robot_if/environment/library_path.sh
[1.627s] -- Up-to-date: /workspace/install/tm_robot_if/share/tm_robot_if/environment/library_path.dsv
[1.627s] -- Up-to-date: /workspace/install/tm_robot_if/lib/libtm_robot_if__rosidl_generator_c.so
[1.627s] -- Up-to-date: /workspace/install/tm_robot_if/include/tm_robot_if/tm_robot_if
[1.627s] -- Up-to-date: /workspace/install/tm_robot_if/include/tm_robot_if/tm_robot_if/srv
[1.627s] -- Up-to-date: /workspace/install/tm_robot_if/include/tm_robot_if/tm_robot_if/srv/detail
[1.627s] -- Up-to-date: /workspace/install/tm_robot_if/include/tm_robot_if/tm_robot_if/srv/detail/grounded_sam2_interface__rosidl_typesupport_fastrtps_c.h
[1.627s] -- Up-to-date: /workspace/install/tm_robot_if/include/tm_robot_if/tm_robot_if/msg
[1.627s] -- Up-to-date: /workspace/install/tm_robot_if/include/tm_robot_if/tm_robot_if/msg/rosidl_typesupport_fastrtps_c__visibility_control.h
[1.627s] -- Up-to-date: /workspace/install/tm_robot_if/lib/libtm_robot_if__rosidl_typesupport_fastrtps_c.so
[1.627s] -- Up-to-date: /workspace/install/tm_robot_if/include/tm_robot_if/tm_robot_if
[1.627s] -- Up-to-date: /workspace/install/tm_robot_if/include/tm_robot_if/tm_robot_if/srv
[1.628s] -- Up-to-date: /workspace/install/tm_robot_if/include/tm_robot_if/tm_robot_if/srv/detail
[1.628s] -- Up-to-date: /workspace/install/tm_robot_if/include/tm_robot_if/tm_robot_if/srv/detail/grounded_sam2_interface__traits.hpp
[1.628s] -- Up-to-date: /workspace/install/tm_robot_if/include/tm_robot_if/tm_robot_if/srv/detail/grounded_sam2_interface__type_support.hpp
[1.628s] -- Up-to-date: /workspace/install/tm_robot_if/include/tm_robot_if/tm_robot_if/srv/detail/grounded_sam2_interface__builder.hpp
[1.628s] -- Up-to-date: /workspace/install/tm_robot_if/include/tm_robot_if/tm_robot_if/srv/detail/grounded_sam2_interface__struct.hpp
[1.628s] -- Up-to-date: /workspace/install/tm_robot_if/include/tm_robot_if/tm_robot_if/srv/grounded_sam2_interface.hpp
[1.628s] -- Up-to-date: /workspace/install/tm_robot_if/include/tm_robot_if/tm_robot_if/msg
[1.628s] -- Up-to-date: /workspace/install/tm_robot_if/include/tm_robot_if/tm_robot_if/msg/rosidl_generator_cpp__visibility_control.hpp
[1.628s] -- Up-to-date: /workspace/install/tm_robot_if/include/tm_robot_if/tm_robot_if
[1.628s] -- Up-to-date: /workspace/install/tm_robot_if/include/tm_robot_if/tm_robot_if/srv
[1.628s] -- Up-to-date: /workspace/install/tm_robot_if/include/tm_robot_if/tm_robot_if/srv/detail
[1.628s] -- Up-to-date: /workspace/install/tm_robot_if/include/tm_robot_if/tm_robot_if/srv/detail/dds_fastrtps
[1.628s] -- Up-to-date: /workspace/install/tm_robot_if/include/tm_robot_if/tm_robot_if/srv/detail/grounded_sam2_interface__rosidl_typesupport_fastrtps_cpp.hpp
[1.628s] -- Up-to-date: /workspace/install/tm_robot_if/include/tm_robot_if/tm_robot_if/msg
[1.628s] -- Up-to-date: /workspace/install/tm_robot_if/include/tm_robot_if/tm_robot_if/msg/rosidl_typesupport_fastrtps_cpp__visibility_control.h
[1.628s] -- Up-to-date: /workspace/install/tm_robot_if/lib/libtm_robot_if__rosidl_typesupport_fastrtps_cpp.so
[1.628s] -- Up-to-date: /workspace/install/tm_robot_if/include/tm_robot_if/tm_robot_if
[1.628s] -- Up-to-date: /workspace/install/tm_robot_if/include/tm_robot_if/tm_robot_if/srv
[1.628s] -- Up-to-date: /workspace/install/tm_robot_if/include/tm_robot_if/tm_robot_if/srv/detail
[1.628s] -- Up-to-date: /workspace/install/tm_robot_if/include/tm_robot_if/tm_robot_if/srv/detail/grounded_sam2_interface__rosidl_typesupport_introspection_c.h
[1.628s] -- Up-to-date: /workspace/install/tm_robot_if/include/tm_robot_if/tm_robot_if/srv/detail/grounded_sam2_interface__type_support.c
[1.629s] -- Up-to-date: /workspace/install/tm_robot_if/include/tm_robot_if/tm_robot_if/msg
[1.629s] -- Up-to-date: /workspace/install/tm_robot_if/include/tm_robot_if/tm_robot_if/msg/rosidl_typesupport_introspection_c__visibility_control.h
[1.629s] -- Up-to-date: /workspace/install/tm_robot_if/lib/libtm_robot_if__rosidl_typesupport_introspection_c.so
[1.629s] -- Up-to-date: /workspace/install/tm_robot_if/lib/libtm_robot_if__rosidl_typesupport_c.so
[1.629s] -- Up-to-date: /workspace/install/tm_robot_if/include/tm_robot_if/tm_robot_if
[1.631s] -- Up-to-date: /workspace/install/tm_robot_if/include/tm_robot_if/tm_robot_if/srv
[1.631s] -- Up-to-date: /workspace/install/tm_robot_if/include/tm_robot_if/tm_robot_if/srv/detail
[1.631s] -- Up-to-date: /workspace/install/tm_robot_if/include/tm_robot_if/tm_robot_if/srv/detail/grounded_sam2_interface__type_support.cpp
[1.631s] -- Up-to-date: /workspace/install/tm_robot_if/include/tm_robot_if/tm_robot_if/srv/detail/grounded_sam2_interface__rosidl_typesupport_introspection_cpp.hpp
[1.631s] -- Up-to-date: /workspace/install/tm_robot_if/lib/libtm_robot_if__rosidl_typesupport_introspection_cpp.so
[1.631s] -- Up-to-date: /workspace/install/tm_robot_if/lib/libtm_robot_if__rosidl_typesupport_cpp.so
[1.631s] -- Up-to-date: /workspace/install/tm_robot_if/share/tm_robot_if/environment/pythonpath.sh
[1.631s] -- Up-to-date: /workspace/install/tm_robot_if/share/tm_robot_if/environment/pythonpath.dsv
[1.631s] -- Up-to-date: /workspace/install/tm_robot_if/local/lib/python3.10/dist-packages/tm_robot_if-0.0.0-py3.10.egg-info
[1.631s] -- Installing: /workspace/install/tm_robot_if/local/lib/python3.10/dist-packages/tm_robot_if-0.0.0-py3.10.egg-info/top_level.txt
[1.632s] -- Installing: /workspace/install/tm_robot_if/local/lib/python3.10/dist-packages/tm_robot_if-0.0.0-py3.10.egg-info/dependency_links.txt
[1.632s] -- Installing: /workspace/install/tm_robot_if/local/lib/python3.10/dist-packages/tm_robot_if-0.0.0-py3.10.egg-info/PKG-INFO
[1.632s] -- Installing: /workspace/install/tm_robot_if/local/lib/python3.10/dist-packages/tm_robot_if-0.0.0-py3.10.egg-info/SOURCES.txt
[1.632s] -- Up-to-date: /workspace/install/tm_robot_if/local/lib/python3.10/dist-packages/tm_robot_if
[1.632s] -- Up-to-date: /workspace/install/tm_robot_if/local/lib/python3.10/dist-packages/tm_robot_if/_tm_robot_if_s.ep.rosidl_typesupport_c.c
[1.632s] -- Up-to-date: /workspace/install/tm_robot_if/local/lib/python3.10/dist-packages/tm_robot_if/libtm_robot_if__rosidl_generator_py.so
[1.632s] -- Up-to-date: /workspace/install/tm_robot_if/local/lib/python3.10/dist-packages/tm_robot_if/srv
[1.632s] -- Up-to-date: /workspace/install/tm_robot_if/local/lib/python3.10/dist-packages/tm_robot_if/srv/__init__.py
[1.632s] -- Up-to-date: /workspace/install/tm_robot_if/local/lib/python3.10/dist-packages/tm_robot_if/srv/_grounded_sam2_interface.py
[1.632s] -- Up-to-date: /workspace/install/tm_robot_if/local/lib/python3.10/dist-packages/tm_robot_if/srv/_grounded_sam2_interface_s.c
[1.634s] -- Up-to-date: /workspace/install/tm_robot_if/local/lib/python3.10/dist-packages/tm_robot_if/__init__.py
[1.634s] -- Up-to-date: /workspace/install/tm_robot_if/local/lib/python3.10/dist-packages/tm_robot_if/tm_robot_if_s__rosidl_typesupport_introspection_c.cpython-310-x86_64-linux-gnu.so
[1.634s] -- Up-to-date: /workspace/install/tm_robot_if/local/lib/python3.10/dist-packages/tm_robot_if/_tm_robot_if_s.ep.rosidl_typesupport_introspection_c.c
[1.634s] -- Up-to-date: /workspace/install/tm_robot_if/local/lib/python3.10/dist-packages/tm_robot_if/_tm_robot_if_s.ep.rosidl_typesupport_fastrtps_c.c
[1.634s] -- Up-to-date: /workspace/install/tm_robot_if/local/lib/python3.10/dist-packages/tm_robot_if/tm_robot_if_s__rosidl_typesupport_c.cpython-310-x86_64-linux-gnu.so
[1.634s] -- Up-to-date: /workspace/install/tm_robot_if/local/lib/python3.10/dist-packages/tm_robot_if/tm_robot_if_s__rosidl_typesupport_fastrtps_c.cpython-310-x86_64-linux-gnu.so
[1.656s] Listing '/workspace/install/tm_robot_if/local/lib/python3.10/dist-packages/tm_robot_if'...
[1.656s] Listing '/workspace/install/tm_robot_if/local/lib/python3.10/dist-packages/tm_robot_if/srv'...
[1.660s] -- Up-to-date: /workspace/install/tm_robot_if/local/lib/python3.10/dist-packages/tm_robot_if/tm_robot_if_s__rosidl_typesupport_fastrtps_c.cpython-310-x86_64-linux-gnu.so
[1.660s] -- Up-to-date: /workspace/install/tm_robot_if/local/lib/python3.10/dist-packages/tm_robot_if/tm_robot_if_s__rosidl_typesupport_introspection_c.cpython-310-x86_64-linux-gnu.so
[1.660s] -- Up-to-date: /workspace/install/tm_robot_if/local/lib/python3.10/dist-packages/tm_robot_if/tm_robot_if_s__rosidl_typesupport_c.cpython-310-x86_64-linux-gnu.so
[1.661s] -- Up-to-date: /workspace/install/tm_robot_if/lib/libtm_robot_if__rosidl_generator_py.so
[1.661s] -- Up-to-date: /workspace/install/tm_robot_if/share/tm_robot_if/srv/GroundedSAM2Interface.idl
[1.661s] -- Up-to-date: /workspace/install/tm_robot_if/share/tm_robot_if/srv/GroundedSAM2Interface.srv
[1.661s] -- Up-to-date: /workspace/install/tm_robot_if/share/tm_robot_if/srv/GroundedSAM2Interface_Request.msg
[1.661s] -- Up-to-date: /workspace/install/tm_robot_if/share/tm_robot_if/srv/GroundedSAM2Interface_Response.msg
[1.661s] -- Up-to-date: /workspace/install/tm_robot_if/share/ament_index/resource_index/package_run_dependencies/tm_robot_if
[1.661s] -- Up-to-date: /workspace/install/tm_robot_if/share/ament_index/resource_index/parent_prefix_path/tm_robot_if
[1.661s] -- Up-to-date: /workspace/install/tm_robot_if/share/tm_robot_if/environment/ament_prefix_path.sh
[1.661s] -- Up-to-date: /workspace/install/tm_robot_if/share/tm_robot_if/environment/ament_prefix_path.dsv
[1.661s] -- Up-to-date: /workspace/install/tm_robot_if/share/tm_robot_if/environment/path.sh
[1.661s] -- Up-to-date: /workspace/install/tm_robot_if/share/tm_robot_if/environment/path.dsv
[1.661s] -- Up-to-date: /workspace/install/tm_robot_if/share/tm_robot_if/local_setup.bash
[1.661s] -- Up-to-date: /workspace/install/tm_robot_if/share/tm_robot_if/local_setup.sh
[1.662s] -- Up-to-date: /workspace/install/tm_robot_if/share/tm_robot_if/local_setup.zsh
[1.662s] -- Up-to-date: /workspace/install/tm_robot_if/share/tm_robot_if/local_setup.dsv
[1.662s] -- Installing: /workspace/install/tm_robot_if/share/tm_robot_if/package.dsv
[1.662s] -- Up-to-date: /workspace/install/tm_robot_if/share/ament_index/resource_index/packages/tm_robot_if
[1.662s] -- Up-to-date: /workspace/install/tm_robot_if/share/tm_robot_if/cmake/export_tm_robot_if__rosidl_generator_cExport.cmake
[1.662s] -- Up-to-date: /workspace/install/tm_robot_if/share/tm_robot_if/cmake/export_tm_robot_if__rosidl_generator_cExport-noconfig.cmake
[1.662s] -- Up-to-date: /workspace/install/tm_robot_if/share/tm_robot_if/cmake/export_tm_robot_if__rosidl_typesupport_fastrtps_cExport.cmake
[1.662s] -- Up-to-date: /workspace/install/tm_robot_if/share/tm_robot_if/cmake/export_tm_robot_if__rosidl_typesupport_fastrtps_cExport-noconfig.cmake
[1.662s] -- Up-to-date: /workspace/install/tm_robot_if/share/tm_robot_if/cmake/export_tm_robot_if__rosidl_generator_cppExport.cmake
[1.662s] -- Up-to-date: /workspace/install/tm_robot_if/share/tm_robot_if/cmake/export_tm_robot_if__rosidl_typesupport_fastrtps_cppExport.cmake
[1.663s] -- Up-to-date: /workspace/install/tm_robot_if/share/tm_robot_if/cmake/export_tm_robot_if__rosidl_typesupport_fastrtps_cppExport-noconfig.cmake
[1.663s] -- Up-to-date: /workspace/install/tm_robot_if/share/tm_robot_if/cmake/tm_robot_if__rosidl_typesupport_introspection_cExport.cmake
[1.663s] -- Up-to-date: /workspace/install/tm_robot_if/share/tm_robot_if/cmake/tm_robot_if__rosidl_typesupport_introspection_cExport-noconfig.cmake
[1.663s] -- Up-to-date: /workspace/install/tm_robot_if/share/tm_robot_if/cmake/tm_robot_if__rosidl_typesupport_cExport.cmake
[1.663s] -- Up-to-date: /workspace/install/tm_robot_if/share/tm_robot_if/cmake/tm_robot_if__rosidl_typesupport_cExport-noconfig.cmake
[1.663s] -- Up-to-date: /workspace/install/tm_robot_if/share/tm_robot_if/cmake/tm_robot_if__rosidl_typesupport_introspection_cppExport.cmake
[1.663s] -- Up-to-date: /workspace/install/tm_robot_if/share/tm_robot_if/cmake/tm_robot_if__rosidl_typesupport_introspection_cppExport-noconfig.cmake
[1.663s] -- Up-to-date: /workspace/install/tm_robot_if/share/tm_robot_if/cmake/tm_robot_if__rosidl_typesupport_cppExport.cmake
[1.663s] -- Up-to-date: /workspace/install/tm_robot_if/share/tm_robot_if/cmake/tm_robot_if__rosidl_typesupport_cppExport-noconfig.cmake
[1.663s] -- Up-to-date: /workspace/install/tm_robot_if/share/tm_robot_if/cmake/export_tm_robot_if__rosidl_generator_pyExport.cmake
[1.663s] -- Up-to-date: /workspace/install/tm_robot_if/share/tm_robot_if/cmake/export_tm_robot_if__rosidl_generator_pyExport-noconfig.cmake
[1.663s] -- Up-to-date: /workspace/install/tm_robot_if/share/tm_robot_if/cmake/rosidl_cmake-extras.cmake
[1.663s] -- Up-to-date: /workspace/install/tm_robot_if/share/tm_robot_if/cmake/ament_cmake_export_dependencies-extras.cmake
[1.663s] -- Up-to-date: /workspace/install/tm_robot_if/share/tm_robot_if/cmake/ament_cmake_export_include_directories-extras.cmake
[1.663s] -- Up-to-date: /workspace/install/tm_robot_if/share/tm_robot_if/cmake/ament_cmake_export_libraries-extras.cmake
[1.663s] -- Up-to-date: /workspace/install/tm_robot_if/share/tm_robot_if/cmake/ament_cmake_export_targets-extras.cmake
[1.664s] -- Up-to-date: /workspace/install/tm_robot_if/share/tm_robot_if/cmake/rosidl_cmake_export_typesupport_targets-extras.cmake
[1.664s] -- Up-to-date: /workspace/install/tm_robot_if/share/tm_robot_if/cmake/rosidl_cmake_export_typesupport_libraries-extras.cmake
[1.664s] -- Up-to-date: /workspace/install/tm_robot_if/share/tm_robot_if/cmake/tm_robot_ifConfig.cmake
[1.664s] -- Up-to-date: /workspace/install/tm_robot_if/share/tm_robot_if/cmake/tm_robot_ifConfig-version.cmake
[1.664s] -- Up-to-date: /workspace/install/tm_robot_if/share/tm_robot_if/package.xml
[1.666s] Invoked command in '/workspace/build/tm_robot_if' returned '0': CMAKE_PREFIX_PATH=${CMAKE_PREFIX_PATH}:/workspace/install/groundedsam2:/opt/ros/humble /usr/bin/cmake --install /workspace/build/tm_robot_if
