[0.053s] DEBUG:colcon:Command line arguments: ['/usr/bin/colcon', 'build']
[0.053s] DEBUG:colcon:Parsed command line arguments: Namespace(log_base=None, log_level=None, verb_name='build', build_base='build', install_base='install', merge_install=False, symlink_install=False, test_result_base=None, continue_on_error=False, executor='parallel', parallel_workers=24, event_handlers=None, ignore_user_meta=False, metas=['./colcon.meta'], base_paths=['.'], packages_ignore=None, packages_ignore_regex=None, paths=None, packages_up_to=None, packages_up_to_regex=None, packages_above=None, packages_above_and_dependencies=None, packages_above_depth=None, packages_select_by_dep=None, packages_skip_by_dep=None, packages_skip_up_to=None, packages_select_build_failed=False, packages_skip_build_finished=False, packages_select_test_failures=False, packages_skip_test_passed=False, packages_select=None, packages_skip=None, packages_select_regex=None, packages_skip_regex=None, packages_start=None, packages_end=None, allow_overriding=[], cmake_args=None, cmake_target=None, cmake_target_skip_unavailable=False, cmake_clean_cache=False, cmake_clean_first=False, cmake_force_configure=False, ament_cmake_args=None, catkin_cmake_args=None, catkin_skip_building_tests=False, verb_parser=<colcon_defaults.argument_parser.defaults.DefaultArgumentsDecorator object at 0x70a9f1e44100>, verb_extension=<colcon_core.verb.build.BuildVerb object at 0x70a9f1f355a0>, main=<bound method BuildVerb.main of <colcon_core.verb.build.BuildVerb object at 0x70a9f1f355a0>>)
[0.127s] Level 1:colcon.colcon_core.package_discovery:discover_packages(colcon_meta) check parameters
[0.127s] Level 1:colcon.colcon_core.package_discovery:discover_packages(recursive) check parameters
[0.127s] Level 1:colcon.colcon_core.package_discovery:discover_packages(ignore) check parameters
[0.127s] Level 1:colcon.colcon_core.package_discovery:discover_packages(path) check parameters
[0.127s] Level 1:colcon.colcon_core.package_discovery:discover_packages(colcon_meta) discover
[0.127s] Level 1:colcon.colcon_core.package_discovery:discover_packages(recursive) discover
[0.127s] INFO:colcon.colcon_core.package_discovery:Crawling recursively for packages in '/workspace'
[0.127s] Level 1:colcon.colcon_core.package_identification:_identify(.) by extensions ['ignore', 'ignore_ament_install']
[0.127s] Level 1:colcon.colcon_core.package_identification:_identify(.) by extension 'ignore'
[0.127s] Level 1:colcon.colcon_core.package_identification:_identify(.) by extension 'ignore_ament_install'
[0.127s] Level 1:colcon.colcon_core.package_identification:_identify(.) by extensions ['colcon_pkg']
[0.127s] Level 1:colcon.colcon_core.package_identification:_identify(.) by extension 'colcon_pkg'
[0.127s] Level 1:colcon.colcon_core.package_identification:_identify(.) by extensions ['colcon_meta']
[0.127s] Level 1:colcon.colcon_core.package_identification:_identify(.) by extension 'colcon_meta'
[0.128s] Level 1:colcon.colcon_core.package_identification:_identify(.) by extensions ['ros']
[0.128s] Level 1:colcon.colcon_core.package_identification:_identify(.) by extension 'ros'
[0.133s] Level 1:colcon.colcon_core.package_identification:_identify(.) by extensions ['cmake', 'python']
[0.133s] Level 1:colcon.colcon_core.package_identification:_identify(.) by extension 'cmake'
[0.133s] Level 1:colcon.colcon_core.package_identification:_identify(.) by extension 'python'
[0.133s] Level 1:colcon.colcon_core.package_identification:_identify(.) by extensions ['python_setup_py']
[0.133s] Level 1:colcon.colcon_core.package_identification:_identify(.) by extension 'python_setup_py'
[0.134s] Level 1:colcon.colcon_core.package_identification:_identify(Grounded-SAM-2) by extensions ['ignore', 'ignore_ament_install']
[0.134s] Level 1:colcon.colcon_core.package_identification:_identify(Grounded-SAM-2) by extension 'ignore'
[0.134s] Level 1:colcon.colcon_core.package_identification:_identify(Grounded-SAM-2) by extension 'ignore_ament_install'
[0.134s] Level 1:colcon.colcon_core.package_identification:_identify(Grounded-SAM-2) by extensions ['colcon_pkg']
[0.134s] Level 1:colcon.colcon_core.package_identification:_identify(Grounded-SAM-2) by extension 'colcon_pkg'
[0.134s] Level 1:colcon.colcon_core.package_identification:_identify(Grounded-SAM-2) by extensions ['colcon_meta']
[0.134s] Level 1:colcon.colcon_core.package_identification:_identify(Grounded-SAM-2) by extension 'colcon_meta'
[0.134s] Level 1:colcon.colcon_core.package_identification:_identify(Grounded-SAM-2) by extensions ['ros']
[0.134s] Level 1:colcon.colcon_core.package_identification:_identify(Grounded-SAM-2) by extension 'ros'
[0.134s] Level 1:colcon.colcon_core.package_identification:_identify(Grounded-SAM-2) by extensions ['cmake', 'python']
[0.134s] Level 1:colcon.colcon_core.package_identification:_identify(Grounded-SAM-2) by extension 'cmake'
[0.134s] Level 1:colcon.colcon_core.package_identification:_identify(Grounded-SAM-2) by extension 'python'
[0.134s] Level 1:colcon.colcon_core.package_identification:_identify(Grounded-SAM-2) by extensions ['python_setup_py']
[0.134s] Level 1:colcon.colcon_core.package_identification:_identify(Grounded-SAM-2) by extension 'python_setup_py'
[1.296s] DEBUG:colcon.colcon_core.package_identification:Package 'Grounded-SAM-2' with type 'python' and name 'SAM-2'
[1.296s] Level 1:colcon.colcon_core.package_identification:_identify(build) by extensions ['ignore', 'ignore_ament_install']
[1.296s] Level 1:colcon.colcon_core.package_identification:_identify(build) by extension 'ignore'
[1.297s] Level 1:colcon.colcon_core.package_identification:_identify(build) ignored
[1.297s] Level 1:colcon.colcon_core.package_identification:_identify(docker) by extensions ['ignore', 'ignore_ament_install']
[1.297s] Level 1:colcon.colcon_core.package_identification:_identify(docker) by extension 'ignore'
[1.297s] Level 1:colcon.colcon_core.package_identification:_identify(docker) by extension 'ignore_ament_install'
[1.297s] Level 1:colcon.colcon_core.package_identification:_identify(docker) by extensions ['colcon_pkg']
[1.297s] Level 1:colcon.colcon_core.package_identification:_identify(docker) by extension 'colcon_pkg'
[1.297s] Level 1:colcon.colcon_core.package_identification:_identify(docker) by extensions ['colcon_meta']
[1.297s] Level 1:colcon.colcon_core.package_identification:_identify(docker) by extension 'colcon_meta'
[1.297s] Level 1:colcon.colcon_core.package_identification:_identify(docker) by extensions ['ros']
[1.297s] Level 1:colcon.colcon_core.package_identification:_identify(docker) by extension 'ros'
[1.297s] Level 1:colcon.colcon_core.package_identification:_identify(docker) by extensions ['cmake', 'python']
[1.297s] Level 1:colcon.colcon_core.package_identification:_identify(docker) by extension 'cmake'
[1.297s] Level 1:colcon.colcon_core.package_identification:_identify(docker) by extension 'python'
[1.297s] Level 1:colcon.colcon_core.package_identification:_identify(docker) by extensions ['python_setup_py']
[1.297s] Level 1:colcon.colcon_core.package_identification:_identify(docker) by extension 'python_setup_py'
[1.297s] Level 1:colcon.colcon_core.package_identification:_identify(docker/ubuntu) by extensions ['ignore', 'ignore_ament_install']
[1.297s] Level 1:colcon.colcon_core.package_identification:_identify(docker/ubuntu) by extension 'ignore'
[1.297s] Level 1:colcon.colcon_core.package_identification:_identify(docker/ubuntu) by extension 'ignore_ament_install'
[1.297s] Level 1:colcon.colcon_core.package_identification:_identify(docker/ubuntu) by extensions ['colcon_pkg']
[1.297s] Level 1:colcon.colcon_core.package_identification:_identify(docker/ubuntu) by extension 'colcon_pkg'
[1.297s] Level 1:colcon.colcon_core.package_identification:_identify(docker/ubuntu) by extensions ['colcon_meta']
[1.297s] Level 1:colcon.colcon_core.package_identification:_identify(docker/ubuntu) by extension 'colcon_meta'
[1.297s] Level 1:colcon.colcon_core.package_identification:_identify(docker/ubuntu) by extensions ['ros']
[1.297s] Level 1:colcon.colcon_core.package_identification:_identify(docker/ubuntu) by extension 'ros'
[1.297s] Level 1:colcon.colcon_core.package_identification:_identify(docker/ubuntu) by extensions ['cmake', 'python']
[1.297s] Level 1:colcon.colcon_core.package_identification:_identify(docker/ubuntu) by extension 'cmake'
[1.297s] Level 1:colcon.colcon_core.package_identification:_identify(docker/ubuntu) by extension 'python'
[1.297s] Level 1:colcon.colcon_core.package_identification:_identify(docker/ubuntu) by extensions ['python_setup_py']
[1.297s] Level 1:colcon.colcon_core.package_identification:_identify(docker/ubuntu) by extension 'python_setup_py'
[1.297s] Level 1:colcon.colcon_core.package_identification:_identify(install) by extensions ['ignore', 'ignore_ament_install']
[1.298s] Level 1:colcon.colcon_core.package_identification:_identify(install) by extension 'ignore'
[1.298s] Level 1:colcon.colcon_core.package_identification:_identify(install) ignored
[1.298s] Level 1:colcon.colcon_core.package_identification:_identify(log) by extensions ['ignore', 'ignore_ament_install']
[1.298s] Level 1:colcon.colcon_core.package_identification:_identify(log) by extension 'ignore'
[1.298s] Level 1:colcon.colcon_core.package_identification:_identify(log) ignored
[1.298s] Level 1:colcon.colcon_core.package_identification:_identify(src) by extensions ['ignore', 'ignore_ament_install']
[1.298s] Level 1:colcon.colcon_core.package_identification:_identify(src) by extension 'ignore'
[1.298s] Level 1:colcon.colcon_core.package_identification:_identify(src) by extension 'ignore_ament_install'
[1.298s] Level 1:colcon.colcon_core.package_identification:_identify(src) by extensions ['colcon_pkg']
[1.298s] Level 1:colcon.colcon_core.package_identification:_identify(src) by extension 'colcon_pkg'
[1.298s] Level 1:colcon.colcon_core.package_identification:_identify(src) by extensions ['colcon_meta']
[1.298s] Level 1:colcon.colcon_core.package_identification:_identify(src) by extension 'colcon_meta'
[1.298s] Level 1:colcon.colcon_core.package_identification:_identify(src) by extensions ['ros']
[1.298s] Level 1:colcon.colcon_core.package_identification:_identify(src) by extension 'ros'
[1.298s] Level 1:colcon.colcon_core.package_identification:_identify(src) by extensions ['cmake', 'python']
[1.298s] Level 1:colcon.colcon_core.package_identification:_identify(src) by extension 'cmake'
[1.298s] Level 1:colcon.colcon_core.package_identification:_identify(src) by extension 'python'
[1.298s] Level 1:colcon.colcon_core.package_identification:_identify(src) by extensions ['python_setup_py']
[1.298s] Level 1:colcon.colcon_core.package_identification:_identify(src) by extension 'python_setup_py'
[1.298s] Level 1:colcon.colcon_core.package_identification:_identify(src/groundedsam2) by extensions ['ignore', 'ignore_ament_install']
[1.298s] Level 1:colcon.colcon_core.package_identification:_identify(src/groundedsam2) by extension 'ignore'
[1.298s] Level 1:colcon.colcon_core.package_identification:_identify(src/groundedsam2) by extension 'ignore_ament_install'
[1.298s] Level 1:colcon.colcon_core.package_identification:_identify(src/groundedsam2) by extensions ['colcon_pkg']
[1.298s] Level 1:colcon.colcon_core.package_identification:_identify(src/groundedsam2) by extension 'colcon_pkg'
[1.298s] Level 1:colcon.colcon_core.package_identification:_identify(src/groundedsam2) by extensions ['colcon_meta']
[1.298s] Level 1:colcon.colcon_core.package_identification:_identify(src/groundedsam2) by extension 'colcon_meta'
[1.298s] Level 1:colcon.colcon_core.package_identification:_identify(src/groundedsam2) by extensions ['ros']
[1.298s] Level 1:colcon.colcon_core.package_identification:_identify(src/groundedsam2) by extension 'ros'
[1.300s] DEBUG:colcon.colcon_core.package_identification:Package 'src/groundedsam2' with type 'ros.ament_python' and name 'groundedsam2'
[1.300s] Level 1:colcon.colcon_core.package_identification:_identify(src/interface) by extensions ['ignore', 'ignore_ament_install']
[1.300s] Level 1:colcon.colcon_core.package_identification:_identify(src/interface) by extension 'ignore'
[1.300s] Level 1:colcon.colcon_core.package_identification:_identify(src/interface) by extension 'ignore_ament_install'
[1.300s] Level 1:colcon.colcon_core.package_identification:_identify(src/interface) by extensions ['colcon_pkg']
[1.300s] Level 1:colcon.colcon_core.package_identification:_identify(src/interface) by extension 'colcon_pkg'
[1.300s] Level 1:colcon.colcon_core.package_identification:_identify(src/interface) by extensions ['colcon_meta']
[1.300s] Level 1:colcon.colcon_core.package_identification:_identify(src/interface) by extension 'colcon_meta'
[1.300s] Level 1:colcon.colcon_core.package_identification:_identify(src/interface) by extensions ['ros']
[1.300s] Level 1:colcon.colcon_core.package_identification:_identify(src/interface) by extension 'ros'
[1.300s] DEBUG:colcon.colcon_core.package_identification:Package 'src/interface' with type 'ros.ament_cmake' and name 'tm_robot_if'
[1.300s] Level 1:colcon.colcon_core.package_identification:_identify(test_img) by extensions ['ignore', 'ignore_ament_install']
[1.300s] Level 1:colcon.colcon_core.package_identification:_identify(test_img) by extension 'ignore'
[1.301s] Level 1:colcon.colcon_core.package_identification:_identify(test_img) by extension 'ignore_ament_install'
[1.301s] Level 1:colcon.colcon_core.package_identification:_identify(test_img) by extensions ['colcon_pkg']
[1.301s] Level 1:colcon.colcon_core.package_identification:_identify(test_img) by extension 'colcon_pkg'
[1.301s] Level 1:colcon.colcon_core.package_identification:_identify(test_img) by extensions ['colcon_meta']
[1.301s] Level 1:colcon.colcon_core.package_identification:_identify(test_img) by extension 'colcon_meta'
[1.301s] Level 1:colcon.colcon_core.package_identification:_identify(test_img) by extensions ['ros']
[1.301s] Level 1:colcon.colcon_core.package_identification:_identify(test_img) by extension 'ros'
[1.301s] Level 1:colcon.colcon_core.package_identification:_identify(test_img) by extensions ['cmake', 'python']
[1.301s] Level 1:colcon.colcon_core.package_identification:_identify(test_img) by extension 'cmake'
[1.301s] Level 1:colcon.colcon_core.package_identification:_identify(test_img) by extension 'python'
[1.301s] Level 1:colcon.colcon_core.package_identification:_identify(test_img) by extensions ['python_setup_py']
[1.301s] Level 1:colcon.colcon_core.package_identification:_identify(test_img) by extension 'python_setup_py'
[1.301s] Level 1:colcon.colcon_core.package_discovery:discover_packages(recursive) using defaults
[1.301s] Level 1:colcon.colcon_core.package_discovery:discover_packages(ignore) discover
[1.301s] Level 1:colcon.colcon_core.package_discovery:discover_packages(ignore) using defaults
[1.301s] Level 1:colcon.colcon_core.package_discovery:discover_packages(path) discover
[1.301s] Level 1:colcon.colcon_core.package_discovery:discover_packages(path) using defaults
[1.311s] Level 1:colcon.colcon_core.package_discovery:discover_packages(prefix_path) check parameters
[1.311s] Level 1:colcon.colcon_core.package_discovery:discover_packages(prefix_path) discover
[1.312s] DEBUG:colcon.colcon_installed_package_information.package_discovery:Found 4 installed packages in /workspace/install
[1.313s] DEBUG:colcon.colcon_installed_package_information.package_discovery:Found 271 installed packages in /opt/ros/humble
[1.314s] Level 1:colcon.colcon_core.package_discovery:discover_packages(prefix_path) using defaults
[1.335s] Level 5:colcon.colcon_core.verb:set package 'SAM-2' build argument 'cmake_args' from command line to 'None'
[1.335s] Level 5:colcon.colcon_core.verb:set package 'SAM-2' build argument 'cmake_target' from command line to 'None'
[1.335s] Level 5:colcon.colcon_core.verb:set package 'SAM-2' build argument 'cmake_target_skip_unavailable' from command line to 'False'
[1.335s] Level 5:colcon.colcon_core.verb:set package 'SAM-2' build argument 'cmake_clean_cache' from command line to 'False'
[1.335s] Level 5:colcon.colcon_core.verb:set package 'SAM-2' build argument 'cmake_clean_first' from command line to 'False'
[1.335s] Level 5:colcon.colcon_core.verb:set package 'SAM-2' build argument 'cmake_force_configure' from command line to 'False'
[1.335s] Level 5:colcon.colcon_core.verb:set package 'SAM-2' build argument 'ament_cmake_args' from command line to 'None'
[1.335s] Level 5:colcon.colcon_core.verb:set package 'SAM-2' build argument 'catkin_cmake_args' from command line to 'None'
[1.335s] Level 5:colcon.colcon_core.verb:set package 'SAM-2' build argument 'catkin_skip_building_tests' from command line to 'False'
[1.335s] DEBUG:colcon.colcon_core.verb:Building package 'SAM-2' with the following arguments: {'ament_cmake_args': None, 'build_base': '/workspace/build/SAM-2', 'catkin_cmake_args': None, 'catkin_skip_building_tests': False, 'cmake_args': None, 'cmake_clean_cache': False, 'cmake_clean_first': False, 'cmake_force_configure': False, 'cmake_target': None, 'cmake_target_skip_unavailable': False, 'install_base': '/workspace/install/SAM-2', 'merge_install': False, 'path': '/workspace/Grounded-SAM-2', 'symlink_install': False, 'test_result_base': None}
[1.335s] Level 5:colcon.colcon_core.verb:set package 'groundedsam2' build argument 'cmake_args' from command line to 'None'
[1.335s] Level 5:colcon.colcon_core.verb:set package 'groundedsam2' build argument 'cmake_target' from command line to 'None'
[1.335s] Level 5:colcon.colcon_core.verb:set package 'groundedsam2' build argument 'cmake_target_skip_unavailable' from command line to 'False'
[1.335s] Level 5:colcon.colcon_core.verb:set package 'groundedsam2' build argument 'cmake_clean_cache' from command line to 'False'
[1.335s] Level 5:colcon.colcon_core.verb:set package 'groundedsam2' build argument 'cmake_clean_first' from command line to 'False'
[1.335s] Level 5:colcon.colcon_core.verb:set package 'groundedsam2' build argument 'cmake_force_configure' from command line to 'False'
[1.335s] Level 5:colcon.colcon_core.verb:set package 'groundedsam2' build argument 'ament_cmake_args' from command line to 'None'
[1.335s] Level 5:colcon.colcon_core.verb:set package 'groundedsam2' build argument 'catkin_cmake_args' from command line to 'None'
[1.335s] Level 5:colcon.colcon_core.verb:set package 'groundedsam2' build argument 'catkin_skip_building_tests' from command line to 'False'
[1.336s] DEBUG:colcon.colcon_core.verb:Building package 'groundedsam2' with the following arguments: {'ament_cmake_args': None, 'build_base': '/workspace/build/groundedsam2', 'catkin_cmake_args': None, 'catkin_skip_building_tests': False, 'cmake_args': None, 'cmake_clean_cache': False, 'cmake_clean_first': False, 'cmake_force_configure': False, 'cmake_target': None, 'cmake_target_skip_unavailable': False, 'install_base': '/workspace/install/groundedsam2', 'merge_install': False, 'path': '/workspace/src/groundedsam2', 'symlink_install': False, 'test_result_base': None}
[1.336s] Level 5:colcon.colcon_core.verb:set package 'tm_robot_if' build argument 'cmake_args' from command line to 'None'
[1.336s] Level 5:colcon.colcon_core.verb:set package 'tm_robot_if' build argument 'cmake_target' from command line to 'None'
[1.336s] Level 5:colcon.colcon_core.verb:set package 'tm_robot_if' build argument 'cmake_target_skip_unavailable' from command line to 'False'
[1.336s] Level 5:colcon.colcon_core.verb:set package 'tm_robot_if' build argument 'cmake_clean_cache' from command line to 'False'
[1.336s] Level 5:colcon.colcon_core.verb:set package 'tm_robot_if' build argument 'cmake_clean_first' from command line to 'False'
[1.336s] Level 5:colcon.colcon_core.verb:set package 'tm_robot_if' build argument 'cmake_force_configure' from command line to 'False'
[1.336s] Level 5:colcon.colcon_core.verb:set package 'tm_robot_if' build argument 'ament_cmake_args' from command line to 'None'
[1.336s] Level 5:colcon.colcon_core.verb:set package 'tm_robot_if' build argument 'catkin_cmake_args' from command line to 'None'
[1.336s] Level 5:colcon.colcon_core.verb:set package 'tm_robot_if' build argument 'catkin_skip_building_tests' from command line to 'False'
[1.336s] DEBUG:colcon.colcon_core.verb:Building package 'tm_robot_if' with the following arguments: {'ament_cmake_args': None, 'build_base': '/workspace/build/tm_robot_if', 'catkin_cmake_args': None, 'catkin_skip_building_tests': False, 'cmake_args': None, 'cmake_clean_cache': False, 'cmake_clean_first': False, 'cmake_force_configure': False, 'cmake_target': None, 'cmake_target_skip_unavailable': False, 'install_base': '/workspace/install/tm_robot_if', 'merge_install': False, 'path': '/workspace/src/interface', 'symlink_install': False, 'test_result_base': None}
[1.336s] INFO:colcon.colcon_core.executor:Executing jobs using 'parallel' executor
[1.336s] DEBUG:colcon.colcon_parallel_executor.executor.parallel:run_until_complete
[1.337s] INFO:colcon.colcon_core.task.python.build:Building Python package in '/workspace/Grounded-SAM-2'
[1.338s] INFO:colcon.colcon_core.plugin_system:Skipping extension 'colcon_core.shell.bat': Not used on non-Windows systems
[1.338s] INFO:colcon.colcon_core.shell:Skip shell extension 'powershell' for command environment: Not usable outside of PowerShell
[1.338s] DEBUG:colcon.colcon_core.shell:Skip shell extension 'dsv' for command environment
[1.339s] INFO:colcon.colcon_ros.task.ament_python.build:Building ROS package in '/workspace/src/groundedsam2' with build type 'ament_python'
[1.339s] Level 1:colcon.colcon_core.shell:create_environment_hook('groundedsam2', 'ament_prefix_path')
[1.340s] INFO:colcon.colcon_core.shell:Creating environment hook '/workspace/install/groundedsam2/share/groundedsam2/hook/ament_prefix_path.ps1'
[1.340s] INFO:colcon.colcon_core.shell:Creating environment descriptor '/workspace/install/groundedsam2/share/groundedsam2/hook/ament_prefix_path.dsv'
[1.340s] INFO:colcon.colcon_core.shell:Creating environment hook '/workspace/install/groundedsam2/share/groundedsam2/hook/ament_prefix_path.sh'
[1.340s] INFO:colcon.colcon_core.shell:Skip shell extension 'powershell' for command environment: Not usable outside of PowerShell
[1.340s] DEBUG:colcon.colcon_core.shell:Skip shell extension 'dsv' for command environment
[1.342s] INFO:colcon.colcon_ros.task.ament_cmake.build:Building ROS package in '/workspace/src/interface' with build type 'ament_cmake'
[1.342s] INFO:colcon.colcon_cmake.task.cmake.build:Building CMake package in '/workspace/src/interface'
[1.342s] INFO:colcon.colcon_core.shell:Skip shell extension 'powershell' for command environment: Not usable outside of PowerShell
[1.342s] DEBUG:colcon.colcon_core.shell:Skip shell extension 'dsv' for command environment
[2.591s] INFO:colcon.colcon_core.task.python.build:Building Python package in '/workspace/src/groundedsam2'
[2.592s] INFO:colcon.colcon_core.shell:Skip shell extension 'powershell' for command environment: Not usable outside of PowerShell
[2.592s] DEBUG:colcon.colcon_core.shell:Skip shell extension 'dsv' for command environment
[2.595s] DEBUG:colcon.colcon_core.event_handler.log_command:Invoking command in '/workspace/build/tm_robot_if': CMAKE_PREFIX_PATH=${CMAKE_PREFIX_PATH}:/workspace/install/groundedsam2:/opt/ros/humble /usr/bin/cmake --build /workspace/build/tm_robot_if -- -j24 -l24
[2.757s] DEBUG:colcon.colcon_core.event_handler.log_command:Invoking command in '/workspace/src/groundedsam2': PYTHONPATH=/workspace/build/groundedsam2/prefix_override:/usr/lib/python3/dist-packages/colcon_core/task/python/colcon_distutils_commands:/workspace/install/groundedsam2/lib/python3.10/site-packages:${PYTHONPATH} /usr/bin/python3 -W ignore:setup.py install is deprecated -W ignore:easy_install command is deprecated setup.py egg_info --egg-base ../../build/groundedsam2 build --build-base /workspace/build/groundedsam2/build install --record /workspace/build/groundedsam2/install.log --single-version-externally-managed install_data
[2.773s] DEBUG:colcon.colcon_core.event_handler.log_command:Invoked command in '/workspace/build/tm_robot_if' returned '0': CMAKE_PREFIX_PATH=${CMAKE_PREFIX_PATH}:/workspace/install/groundedsam2:/opt/ros/humble /usr/bin/cmake --build /workspace/build/tm_robot_if -- -j24 -l24
[2.781s] DEBUG:colcon.colcon_core.event_handler.log_command:Invoking command in '/workspace/build/tm_robot_if': CMAKE_PREFIX_PATH=${CMAKE_PREFIX_PATH}:/workspace/install/groundedsam2:/opt/ros/humble /usr/bin/cmake --install /workspace/build/tm_robot_if
[2.809s] Level 1:colcon.colcon_core.environment:create_environment_scripts_only(tm_robot_if)
[2.810s] DEBUG:colcon.colcon_core.event_handler.log_command:Invoked command in '/workspace/build/tm_robot_if' returned '0': CMAKE_PREFIX_PATH=${CMAKE_PREFIX_PATH}:/workspace/install/groundedsam2:/opt/ros/humble /usr/bin/cmake --install /workspace/build/tm_robot_if
[2.811s] Level 1:colcon.colcon_core.environment:checking '/workspace/install/tm_robot_if' for CMake module files
[2.811s] Level 1:colcon.colcon_core.environment:checking '/workspace/install/tm_robot_if' for CMake config files
[2.811s] Level 1:colcon.colcon_core.shell:create_environment_hook('tm_robot_if', 'cmake_prefix_path')
[2.811s] INFO:colcon.colcon_core.shell:Creating environment hook '/workspace/install/tm_robot_if/share/tm_robot_if/hook/cmake_prefix_path.ps1'
[2.811s] INFO:colcon.colcon_core.shell:Creating environment descriptor '/workspace/install/tm_robot_if/share/tm_robot_if/hook/cmake_prefix_path.dsv'
[2.812s] INFO:colcon.colcon_core.shell:Creating environment hook '/workspace/install/tm_robot_if/share/tm_robot_if/hook/cmake_prefix_path.sh'
[2.812s] Level 1:colcon.colcon_core.environment:checking '/workspace/install/tm_robot_if/lib'
[2.812s] Level 1:colcon.colcon_core.shell:create_environment_hook('tm_robot_if', 'ld_library_path_lib')
[2.812s] INFO:colcon.colcon_core.shell:Creating environment hook '/workspace/install/tm_robot_if/share/tm_robot_if/hook/ld_library_path_lib.ps1'
[2.812s] INFO:colcon.colcon_core.shell:Creating environment descriptor '/workspace/install/tm_robot_if/share/tm_robot_if/hook/ld_library_path_lib.dsv'
[2.812s] INFO:colcon.colcon_core.shell:Creating environment hook '/workspace/install/tm_robot_if/share/tm_robot_if/hook/ld_library_path_lib.sh'
[2.813s] Level 1:colcon.colcon_core.environment:checking '/workspace/install/tm_robot_if/bin'
[2.813s] Level 1:colcon.colcon_core.environment:checking '/workspace/install/tm_robot_if/lib/pkgconfig/tm_robot_if.pc'
[2.813s] Level 1:colcon.colcon_core.environment:checking '/workspace/install/tm_robot_if/lib/python3.10/site-packages'
[2.813s] Level 1:colcon.colcon_core.environment:checking '/workspace/install/tm_robot_if/bin'
[2.813s] INFO:colcon.colcon_core.shell:Creating package script '/workspace/install/tm_robot_if/share/tm_robot_if/package.ps1'
[2.813s] INFO:colcon.colcon_core.shell:Creating package descriptor '/workspace/install/tm_robot_if/share/tm_robot_if/package.dsv'
[2.814s] INFO:colcon.colcon_core.shell:Creating package script '/workspace/install/tm_robot_if/share/tm_robot_if/package.sh'
[2.814s] INFO:colcon.colcon_core.shell:Creating package script '/workspace/install/tm_robot_if/share/tm_robot_if/package.bash'
[2.814s] INFO:colcon.colcon_core.shell:Creating package script '/workspace/install/tm_robot_if/share/tm_robot_if/package.zsh'
[2.815s] Level 1:colcon.colcon_core.environment:create_file_with_runtime_dependencies(/workspace/install/tm_robot_if/share/colcon-core/packages/tm_robot_if)
[2.815s] Level 1:colcon.colcon_core.environment:create_environment_scripts_only(tm_robot_if)
[2.815s] Level 1:colcon.colcon_core.environment:checking '/workspace/install/tm_robot_if' for CMake module files
[2.815s] Level 1:colcon.colcon_core.environment:checking '/workspace/install/tm_robot_if' for CMake config files
[2.815s] Level 1:colcon.colcon_core.shell:create_environment_hook('tm_robot_if', 'cmake_prefix_path')
[2.815s] INFO:colcon.colcon_core.shell:Creating environment hook '/workspace/install/tm_robot_if/share/tm_robot_if/hook/cmake_prefix_path.ps1'
[2.816s] INFO:colcon.colcon_core.shell:Creating environment descriptor '/workspace/install/tm_robot_if/share/tm_robot_if/hook/cmake_prefix_path.dsv'
[2.816s] INFO:colcon.colcon_core.shell:Creating environment hook '/workspace/install/tm_robot_if/share/tm_robot_if/hook/cmake_prefix_path.sh'
[2.816s] Level 1:colcon.colcon_core.environment:checking '/workspace/install/tm_robot_if/lib'
[2.816s] Level 1:colcon.colcon_core.shell:create_environment_hook('tm_robot_if', 'ld_library_path_lib')
[2.816s] INFO:colcon.colcon_core.shell:Creating environment hook '/workspace/install/tm_robot_if/share/tm_robot_if/hook/ld_library_path_lib.ps1'
[2.816s] INFO:colcon.colcon_core.shell:Creating environment descriptor '/workspace/install/tm_robot_if/share/tm_robot_if/hook/ld_library_path_lib.dsv'
[2.816s] INFO:colcon.colcon_core.shell:Creating environment hook '/workspace/install/tm_robot_if/share/tm_robot_if/hook/ld_library_path_lib.sh'
[2.817s] Level 1:colcon.colcon_core.environment:checking '/workspace/install/tm_robot_if/bin'
[2.817s] Level 1:colcon.colcon_core.environment:checking '/workspace/install/tm_robot_if/lib/pkgconfig/tm_robot_if.pc'
[2.817s] Level 1:colcon.colcon_core.environment:checking '/workspace/install/tm_robot_if/lib/python3.10/site-packages'
[2.817s] Level 1:colcon.colcon_core.environment:checking '/workspace/install/tm_robot_if/bin'
[2.817s] INFO:colcon.colcon_core.shell:Creating package script '/workspace/install/tm_robot_if/share/tm_robot_if/package.ps1'
[2.817s] INFO:colcon.colcon_core.shell:Creating package descriptor '/workspace/install/tm_robot_if/share/tm_robot_if/package.dsv'
[2.817s] INFO:colcon.colcon_core.shell:Creating package script '/workspace/install/tm_robot_if/share/tm_robot_if/package.sh'
[2.818s] INFO:colcon.colcon_core.shell:Creating package script '/workspace/install/tm_robot_if/share/tm_robot_if/package.bash'
[2.818s] INFO:colcon.colcon_core.shell:Creating package script '/workspace/install/tm_robot_if/share/tm_robot_if/package.zsh'
[2.818s] Level 1:colcon.colcon_core.environment:create_file_with_runtime_dependencies(/workspace/install/tm_robot_if/share/colcon-core/packages/tm_robot_if)
[2.918s] Level 1:colcon.colcon_core.environment:checking '/workspace/install/groundedsam2' for CMake module files
[2.919s] DEBUG:colcon.colcon_core.event_handler.log_command:Invoked command in '/workspace/src/groundedsam2' returned '0': PYTHONPATH=/workspace/build/groundedsam2/prefix_override:/usr/lib/python3/dist-packages/colcon_core/task/python/colcon_distutils_commands:/workspace/install/groundedsam2/lib/python3.10/site-packages:${PYTHONPATH} /usr/bin/python3 -W ignore:setup.py install is deprecated -W ignore:easy_install command is deprecated setup.py egg_info --egg-base ../../build/groundedsam2 build --build-base /workspace/build/groundedsam2/build install --record /workspace/build/groundedsam2/install.log --single-version-externally-managed install_data
[2.920s] Level 1:colcon.colcon_core.environment:checking '/workspace/install/groundedsam2' for CMake config files
[2.920s] Level 1:colcon.colcon_core.environment:checking '/workspace/install/groundedsam2/lib'
[2.920s] Level 1:colcon.colcon_core.environment:checking '/workspace/install/groundedsam2/bin'
[2.920s] Level 1:colcon.colcon_core.environment:checking '/workspace/install/groundedsam2/lib/pkgconfig/groundedsam2.pc'
[2.921s] Level 1:colcon.colcon_core.environment:checking '/workspace/install/groundedsam2/lib/python3.10/site-packages'
[2.921s] Level 1:colcon.colcon_core.shell:create_environment_hook('groundedsam2', 'pythonpath')
[2.921s] INFO:colcon.colcon_core.shell:Creating environment hook '/workspace/install/groundedsam2/share/groundedsam2/hook/pythonpath.ps1'
[2.922s] INFO:colcon.colcon_core.shell:Creating environment descriptor '/workspace/install/groundedsam2/share/groundedsam2/hook/pythonpath.dsv'
[2.922s] INFO:colcon.colcon_core.shell:Creating environment hook '/workspace/install/groundedsam2/share/groundedsam2/hook/pythonpath.sh'
[2.922s] Level 1:colcon.colcon_core.environment:checking '/workspace/install/groundedsam2/bin'
[2.922s] Level 1:colcon.colcon_core.environment:create_environment_scripts_only(groundedsam2)
[2.922s] INFO:colcon.colcon_core.shell:Creating package script '/workspace/install/groundedsam2/share/groundedsam2/package.ps1'
[2.923s] INFO:colcon.colcon_core.shell:Creating package descriptor '/workspace/install/groundedsam2/share/groundedsam2/package.dsv'
[2.923s] INFO:colcon.colcon_core.shell:Creating package script '/workspace/install/groundedsam2/share/groundedsam2/package.sh'
[2.923s] INFO:colcon.colcon_core.shell:Creating package script '/workspace/install/groundedsam2/share/groundedsam2/package.bash'
[2.923s] INFO:colcon.colcon_core.shell:Creating package script '/workspace/install/groundedsam2/share/groundedsam2/package.zsh'
[2.924s] Level 1:colcon.colcon_core.environment:create_file_with_runtime_dependencies(/workspace/install/groundedsam2/share/colcon-core/packages/groundedsam2)
[3.661s] DEBUG:colcon.colcon_core.event_handler.log_command:Invoking command in '/workspace/Grounded-SAM-2': PYTHONPATH=/workspace/build/SAM-2/prefix_override:/usr/lib/python3/dist-packages/colcon_core/task/python/colcon_distutils_commands:/workspace/install/SAM-2/lib/python3.10/site-packages:${PYTHONPATH} /usr/bin/python3 -W ignore:setup.py install is deprecated -W ignore:easy_install command is deprecated setup.py egg_info --egg-base ../build/SAM-2 build --build-base /workspace/build/SAM-2/build install --record /workspace/build/SAM-2/install.log --single-version-externally-managed
[4.838s] Level 1:colcon.colcon_core.environment:checking '/workspace/install/SAM-2' for CMake module files
[4.838s] DEBUG:colcon.colcon_core.event_handler.log_command:Invoked command in '/workspace/Grounded-SAM-2' returned '0': PYTHONPATH=/workspace/build/SAM-2/prefix_override:/usr/lib/python3/dist-packages/colcon_core/task/python/colcon_distutils_commands:/workspace/install/SAM-2/lib/python3.10/site-packages:${PYTHONPATH} /usr/bin/python3 -W ignore:setup.py install is deprecated -W ignore:easy_install command is deprecated setup.py egg_info --egg-base ../build/SAM-2 build --build-base /workspace/build/SAM-2/build install --record /workspace/build/SAM-2/install.log --single-version-externally-managed
[4.839s] Level 1:colcon.colcon_core.environment:checking '/workspace/install/SAM-2' for CMake config files
[4.839s] Level 1:colcon.colcon_core.environment:checking '/workspace/install/SAM-2/lib'
[4.839s] Level 1:colcon.colcon_core.environment:checking '/workspace/install/SAM-2/bin'
[4.839s] Level 1:colcon.colcon_core.environment:checking '/workspace/install/SAM-2/lib/pkgconfig/SAM-2.pc'
[4.839s] Level 1:colcon.colcon_core.environment:checking '/workspace/install/SAM-2/lib/python3.10/site-packages'
[4.839s] Level 1:colcon.colcon_core.shell:create_environment_hook('SAM-2', 'pythonpath')
[4.839s] INFO:colcon.colcon_core.shell:Creating environment hook '/workspace/install/SAM-2/share/SAM-2/hook/pythonpath.ps1'
[4.840s] INFO:colcon.colcon_core.shell:Creating environment descriptor '/workspace/install/SAM-2/share/SAM-2/hook/pythonpath.dsv'
[4.840s] INFO:colcon.colcon_core.shell:Creating environment hook '/workspace/install/SAM-2/share/SAM-2/hook/pythonpath.sh'
[4.840s] Level 1:colcon.colcon_core.environment:checking '/workspace/install/SAM-2/bin'
[4.840s] Level 1:colcon.colcon_core.environment:create_environment_scripts_only(SAM-2)
[4.840s] INFO:colcon.colcon_core.shell:Creating package script '/workspace/install/SAM-2/share/SAM-2/package.ps1'
[4.840s] INFO:colcon.colcon_core.shell:Creating package descriptor '/workspace/install/SAM-2/share/SAM-2/package.dsv'
[4.841s] INFO:colcon.colcon_core.shell:Creating package script '/workspace/install/SAM-2/share/SAM-2/package.sh'
[4.841s] INFO:colcon.colcon_core.shell:Creating package script '/workspace/install/SAM-2/share/SAM-2/package.bash'
[4.841s] INFO:colcon.colcon_core.shell:Creating package script '/workspace/install/SAM-2/share/SAM-2/package.zsh'
[4.841s] Level 1:colcon.colcon_core.environment:create_file_with_runtime_dependencies(/workspace/install/SAM-2/share/colcon-core/packages/SAM-2)
[4.841s] DEBUG:colcon.colcon_parallel_executor.executor.parallel:closing loop
[4.841s] DEBUG:colcon.colcon_parallel_executor.executor.parallel:loop closed
[4.841s] DEBUG:colcon.colcon_parallel_executor.executor.parallel:run_until_complete finished with '0'
[4.841s] DEBUG:colcon.colcon_core.event_reactor:joining thread
[4.846s] INFO:colcon.colcon_core.plugin_system:Skipping extension 'colcon_notification.desktop_notification.notify_send': Could not find 'notify-send'
[4.846s] INFO:colcon.colcon_core.plugin_system:Skipping extension 'colcon_notification.desktop_notification.terminal_notifier': Not used on non-Darwin systems
[4.846s] INFO:colcon.colcon_core.plugin_system:Skipping extension 'colcon_notification.desktop_notification.win32': Not used on non-Windows systems
[4.846s] INFO:colcon.colcon_notification.desktop_notification:Sending desktop notification using 'notify2'
[4.848s] DEBUG:colcon.colcon_notification.desktop_notification.notify2:Failed to initialize notify2: org.freedesktop.DBus.Error.Spawn.ExecFailed: /usr/bin/dbus-launch terminated abnormally without any error message
[4.848s] DEBUG:colcon.colcon_core.event_reactor:joined thread
[4.849s] INFO:colcon.colcon_core.shell:Creating prefix script '/workspace/install/local_setup.ps1'
[4.849s] INFO:colcon.colcon_core.shell:Creating prefix util module '/workspace/install/_local_setup_util_ps1.py'
[4.850s] INFO:colcon.colcon_core.shell:Creating prefix chain script '/workspace/install/setup.ps1'
[4.850s] INFO:colcon.colcon_core.shell:Creating prefix script '/workspace/install/local_setup.sh'
[4.850s] INFO:colcon.colcon_core.shell:Creating prefix util module '/workspace/install/_local_setup_util_sh.py'
[4.851s] INFO:colcon.colcon_core.shell:Creating prefix chain script '/workspace/install/setup.sh'
[4.851s] INFO:colcon.colcon_core.shell:Creating prefix script '/workspace/install/local_setup.bash'
[4.851s] INFO:colcon.colcon_core.shell:Creating prefix chain script '/workspace/install/setup.bash'
[4.852s] INFO:colcon.colcon_core.shell:Creating prefix script '/workspace/install/local_setup.zsh'
[4.852s] INFO:colcon.colcon_core.shell:Creating prefix chain script '/workspace/install/setup.zsh'
