/workspace/install/SAM-2/lib/python3.10/site-packages/sam2/sam2_video_predictor.py
/workspace/install/SAM-2/lib/python3.10/site-packages/sam2/build_sam.py
/workspace/install/SAM-2/lib/python3.10/site-packages/sam2/__init__.py
/workspace/install/SAM-2/lib/python3.10/site-packages/sam2/sam2_image_predictor.py
/workspace/install/SAM-2/lib/python3.10/site-packages/sam2/automatic_mask_generator.py
/workspace/install/SAM-2/lib/python3.10/site-packages/training/optimizer.py
/workspace/install/SAM-2/lib/python3.10/site-packages/training/trainer.py
/workspace/install/SAM-2/lib/python3.10/site-packages/training/__init__.py
/workspace/install/SAM-2/lib/python3.10/site-packages/training/train.py
/workspace/install/SAM-2/lib/python3.10/site-packages/training/loss_fns.py
/workspace/install/SAM-2/lib/python3.10/site-packages/sam2/modeling/__init__.py
/workspace/install/SAM-2/lib/python3.10/site-packages/sam2/modeling/memory_encoder.py
/workspace/install/SAM-2/lib/python3.10/site-packages/sam2/modeling/sam2_base.py
/workspace/install/SAM-2/lib/python3.10/site-packages/sam2/modeling/sam2_utils.py
/workspace/install/SAM-2/lib/python3.10/site-packages/sam2/modeling/position_encoding.py
/workspace/install/SAM-2/lib/python3.10/site-packages/sam2/modeling/memory_attention.py
/workspace/install/SAM-2/lib/python3.10/site-packages/sam2/utils/transforms.py
/workspace/install/SAM-2/lib/python3.10/site-packages/sam2/utils/misc.py
/workspace/install/SAM-2/lib/python3.10/site-packages/sam2/utils/__init__.py
/workspace/install/SAM-2/lib/python3.10/site-packages/sam2/utils/amg.py
/workspace/install/SAM-2/lib/python3.10/site-packages/sam2/modeling/backbones/hieradet.py
/workspace/install/SAM-2/lib/python3.10/site-packages/sam2/modeling/backbones/image_encoder.py
/workspace/install/SAM-2/lib/python3.10/site-packages/sam2/modeling/backbones/utils.py
/workspace/install/SAM-2/lib/python3.10/site-packages/sam2/modeling/backbones/__init__.py
/workspace/install/SAM-2/lib/python3.10/site-packages/sam2/modeling/sam/transformer.py
/workspace/install/SAM-2/lib/python3.10/site-packages/sam2/modeling/sam/__init__.py
/workspace/install/SAM-2/lib/python3.10/site-packages/sam2/modeling/sam/prompt_encoder.py
/workspace/install/SAM-2/lib/python3.10/site-packages/sam2/modeling/sam/mask_decoder.py
/workspace/install/SAM-2/lib/python3.10/site-packages/training/model/__init__.py
/workspace/install/SAM-2/lib/python3.10/site-packages/training/model/sam2.py
/workspace/install/SAM-2/lib/python3.10/site-packages/training/dataset/transforms.py
/workspace/install/SAM-2/lib/python3.10/site-packages/training/dataset/vos_segment_loader.py
/workspace/install/SAM-2/lib/python3.10/site-packages/training/dataset/utils.py
/workspace/install/SAM-2/lib/python3.10/site-packages/training/dataset/__init__.py
/workspace/install/SAM-2/lib/python3.10/site-packages/training/dataset/vos_sampler.py
/workspace/install/SAM-2/lib/python3.10/site-packages/training/dataset/vos_dataset.py
/workspace/install/SAM-2/lib/python3.10/site-packages/training/dataset/vos_raw_dataset.py
/workspace/install/SAM-2/lib/python3.10/site-packages/training/dataset/sam2_datasets.py
/workspace/install/SAM-2/lib/python3.10/site-packages/training/utils/checkpoint_utils.py
/workspace/install/SAM-2/lib/python3.10/site-packages/training/utils/train_utils.py
/workspace/install/SAM-2/lib/python3.10/site-packages/training/utils/logger.py
/workspace/install/SAM-2/lib/python3.10/site-packages/training/utils/__init__.py
/workspace/install/SAM-2/lib/python3.10/site-packages/training/utils/data_utils.py
/workspace/install/SAM-2/lib/python3.10/site-packages/training/utils/distributed.py
/workspace/install/SAM-2/lib/python3.10/site-packages/sam2/sam2_hiera_b+.yaml
/workspace/install/SAM-2/lib/python3.10/site-packages/sam2/sam2_hiera_l.yaml
/workspace/install/SAM-2/lib/python3.10/site-packages/sam2/sam2_hiera_s.yaml
/workspace/install/SAM-2/lib/python3.10/site-packages/sam2/sam2_hiera_t.yaml
/workspace/install/SAM-2/lib/python3.10/site-packages/sam2/configs/sam2/sam2_hiera_b+.yaml
/workspace/install/SAM-2/lib/python3.10/site-packages/sam2/configs/sam2/sam2_hiera_l.yaml
/workspace/install/SAM-2/lib/python3.10/site-packages/sam2/configs/sam2/sam2_hiera_s.yaml
/workspace/install/SAM-2/lib/python3.10/site-packages/sam2/configs/sam2/sam2_hiera_t.yaml
/workspace/install/SAM-2/lib/python3.10/site-packages/sam2/configs/sam2.1/sam2.1_hiera_b+.yaml
/workspace/install/SAM-2/lib/python3.10/site-packages/sam2/configs/sam2.1/sam2.1_hiera_l.yaml
/workspace/install/SAM-2/lib/python3.10/site-packages/sam2/configs/sam2.1/sam2.1_hiera_s.yaml
/workspace/install/SAM-2/lib/python3.10/site-packages/sam2/configs/sam2.1/sam2.1_hiera_t.yaml
/workspace/install/SAM-2/lib/python3.10/site-packages/sam2/configs/sam2.1_training/sam2.1_hiera_b+_MOSE_finetune.yaml
/workspace/install/SAM-2/lib/python3.10/site-packages/sam2/csrc/connected_components.cu
/workspace/install/SAM-2/lib/python3.10/site-packages/sam2/__pycache__/sam2_video_predictor.cpython-310.pyc
/workspace/install/SAM-2/lib/python3.10/site-packages/sam2/__pycache__/build_sam.cpython-310.pyc
/workspace/install/SAM-2/lib/python3.10/site-packages/sam2/__pycache__/__init__.cpython-310.pyc
/workspace/install/SAM-2/lib/python3.10/site-packages/sam2/__pycache__/sam2_image_predictor.cpython-310.pyc
/workspace/install/SAM-2/lib/python3.10/site-packages/sam2/__pycache__/automatic_mask_generator.cpython-310.pyc
/workspace/install/SAM-2/lib/python3.10/site-packages/training/__pycache__/optimizer.cpython-310.pyc
/workspace/install/SAM-2/lib/python3.10/site-packages/training/__pycache__/trainer.cpython-310.pyc
/workspace/install/SAM-2/lib/python3.10/site-packages/training/__pycache__/__init__.cpython-310.pyc
/workspace/install/SAM-2/lib/python3.10/site-packages/training/__pycache__/train.cpython-310.pyc
/workspace/install/SAM-2/lib/python3.10/site-packages/training/__pycache__/loss_fns.cpython-310.pyc
/workspace/install/SAM-2/lib/python3.10/site-packages/sam2/modeling/__pycache__/__init__.cpython-310.pyc
/workspace/install/SAM-2/lib/python3.10/site-packages/sam2/modeling/__pycache__/memory_encoder.cpython-310.pyc
/workspace/install/SAM-2/lib/python3.10/site-packages/sam2/modeling/__pycache__/sam2_base.cpython-310.pyc
/workspace/install/SAM-2/lib/python3.10/site-packages/sam2/modeling/__pycache__/sam2_utils.cpython-310.pyc
/workspace/install/SAM-2/lib/python3.10/site-packages/sam2/modeling/__pycache__/position_encoding.cpython-310.pyc
/workspace/install/SAM-2/lib/python3.10/site-packages/sam2/modeling/__pycache__/memory_attention.cpython-310.pyc
/workspace/install/SAM-2/lib/python3.10/site-packages/sam2/utils/__pycache__/transforms.cpython-310.pyc
/workspace/install/SAM-2/lib/python3.10/site-packages/sam2/utils/__pycache__/misc.cpython-310.pyc
/workspace/install/SAM-2/lib/python3.10/site-packages/sam2/utils/__pycache__/__init__.cpython-310.pyc
/workspace/install/SAM-2/lib/python3.10/site-packages/sam2/utils/__pycache__/amg.cpython-310.pyc
/workspace/install/SAM-2/lib/python3.10/site-packages/sam2/modeling/backbones/__pycache__/hieradet.cpython-310.pyc
/workspace/install/SAM-2/lib/python3.10/site-packages/sam2/modeling/backbones/__pycache__/image_encoder.cpython-310.pyc
/workspace/install/SAM-2/lib/python3.10/site-packages/sam2/modeling/backbones/__pycache__/utils.cpython-310.pyc
/workspace/install/SAM-2/lib/python3.10/site-packages/sam2/modeling/backbones/__pycache__/__init__.cpython-310.pyc
/workspace/install/SAM-2/lib/python3.10/site-packages/sam2/modeling/sam/__pycache__/transformer.cpython-310.pyc
/workspace/install/SAM-2/lib/python3.10/site-packages/sam2/modeling/sam/__pycache__/__init__.cpython-310.pyc
/workspace/install/SAM-2/lib/python3.10/site-packages/sam2/modeling/sam/__pycache__/prompt_encoder.cpython-310.pyc
/workspace/install/SAM-2/lib/python3.10/site-packages/sam2/modeling/sam/__pycache__/mask_decoder.cpython-310.pyc
/workspace/install/SAM-2/lib/python3.10/site-packages/training/model/__pycache__/__init__.cpython-310.pyc
/workspace/install/SAM-2/lib/python3.10/site-packages/training/model/__pycache__/sam2.cpython-310.pyc
/workspace/install/SAM-2/lib/python3.10/site-packages/training/dataset/__pycache__/transforms.cpython-310.pyc
/workspace/install/SAM-2/lib/python3.10/site-packages/training/dataset/__pycache__/vos_segment_loader.cpython-310.pyc
/workspace/install/SAM-2/lib/python3.10/site-packages/training/dataset/__pycache__/utils.cpython-310.pyc
/workspace/install/SAM-2/lib/python3.10/site-packages/training/dataset/__pycache__/__init__.cpython-310.pyc
/workspace/install/SAM-2/lib/python3.10/site-packages/training/dataset/__pycache__/vos_sampler.cpython-310.pyc
/workspace/install/SAM-2/lib/python3.10/site-packages/training/dataset/__pycache__/vos_dataset.cpython-310.pyc
/workspace/install/SAM-2/lib/python3.10/site-packages/training/dataset/__pycache__/vos_raw_dataset.cpython-310.pyc
/workspace/install/SAM-2/lib/python3.10/site-packages/training/dataset/__pycache__/sam2_datasets.cpython-310.pyc
/workspace/install/SAM-2/lib/python3.10/site-packages/training/utils/__pycache__/checkpoint_utils.cpython-310.pyc
/workspace/install/SAM-2/lib/python3.10/site-packages/training/utils/__pycache__/train_utils.cpython-310.pyc
/workspace/install/SAM-2/lib/python3.10/site-packages/training/utils/__pycache__/logger.cpython-310.pyc
/workspace/install/SAM-2/lib/python3.10/site-packages/training/utils/__pycache__/__init__.cpython-310.pyc
/workspace/install/SAM-2/lib/python3.10/site-packages/training/utils/__pycache__/data_utils.cpython-310.pyc
/workspace/install/SAM-2/lib/python3.10/site-packages/training/utils/__pycache__/distributed.cpython-310.pyc
/workspace/install/SAM-2/lib/python3.10/site-packages/sam2/_C.so
/workspace/install/SAM-2/lib/python3.10/site-packages/SAM_2-1.0-py3.10.egg-info/top_level.txt
/workspace/install/SAM-2/lib/python3.10/site-packages/SAM_2-1.0-py3.10.egg-info/dependency_links.txt
/workspace/install/SAM-2/lib/python3.10/site-packages/SAM_2-1.0-py3.10.egg-info/PKG-INFO
/workspace/install/SAM-2/lib/python3.10/site-packages/SAM_2-1.0-py3.10.egg-info/requires.txt
/workspace/install/SAM-2/lib/python3.10/site-packages/SAM_2-1.0-py3.10.egg-info/SOURCES.txt
