[1.453s] Invoking command in '/workspace/src/groundedsam2': PYTHONPATH=/workspace/build/groundedsam2/prefix_override:/usr/lib/python3/dist-packages/colcon_core/task/python/colcon_distutils_commands:/workspace/install/groundedsam2/lib/python3.10/site-packages:${PYTHONPATH} /usr/bin/python3 -W ignore:setup.py install is deprecated -W ignore:easy_install command is deprecated setup.py egg_info --egg-base ../../build/groundedsam2 build --build-base /workspace/build/groundedsam2/build install --record /workspace/build/groundedsam2/install.log --single-version-externally-managed install_data
[1.592s] running egg_info
[1.592s] writing ../../build/groundedsam2/groundedsam2.egg-info/PKG-INFO
[1.592s] writing dependency_links to ../../build/groundedsam2/groundedsam2.egg-info/dependency_links.txt
[1.592s] writing entry points to ../../build/groundedsam2/groundedsam2.egg-info/entry_points.txt
[1.592s] writing requirements to ../../build/groundedsam2/groundedsam2.egg-info/requires.txt
[1.592s] writing top-level names to ../../build/groundedsam2/groundedsam2.egg-info/top_level.txt
[1.592s] reading manifest file '../../build/groundedsam2/groundedsam2.egg-info/SOURCES.txt'
[1.593s] writing manifest file '../../build/groundedsam2/groundedsam2.egg-info/SOURCES.txt'
[1.593s] running build
[1.593s] running build_py
[1.593s] copying groundedsam2/grounded_sam2_service.py -> /workspace/build/groundedsam2/build/lib/groundedsam2
[1.593s] running install
[1.593s] running install_lib
[1.593s] copying /workspace/build/groundedsam2/build/lib/groundedsam2/grounded_sam2_service.py -> /workspace/install/groundedsam2/lib/python3.10/site-packages/groundedsam2
[1.594s] byte-compiling /workspace/install/groundedsam2/lib/python3.10/site-packages/groundedsam2/grounded_sam2_service.py to grounded_sam2_service.cpython-310.pyc
[1.595s] running install_data
[1.595s] running install_egg_info
[1.596s] removing '/workspace/install/groundedsam2/lib/python3.10/site-packages/groundedsam2-0.0.0-py3.10.egg-info' (and everything under it)
[1.596s] Copying ../../build/groundedsam2/groundedsam2.egg-info to /workspace/install/groundedsam2/lib/python3.10/site-packages/groundedsam2-0.0.0-py3.10.egg-info
[1.597s] running install_scripts
[1.612s] Installing service script to /workspace/install/groundedsam2/lib/groundedsam2
[1.612s] Installing test_client script to /workspace/install/groundedsam2/lib/groundedsam2
[1.612s] writing list of installed files to '/workspace/build/groundedsam2/install.log'
[1.628s] Invoked command in '/workspace/src/groundedsam2' returned '0': PYTHONPATH=/workspace/build/groundedsam2/prefix_override:/usr/lib/python3/dist-packages/colcon_core/task/python/colcon_distutils_commands:/workspace/install/groundedsam2/lib/python3.10/site-packages:${PYTHONPATH} /usr/bin/python3 -W ignore:setup.py install is deprecated -W ignore:easy_install command is deprecated setup.py egg_info --egg-base ../../build/groundedsam2 build --build-base /workspace/build/groundedsam2/build install --record /workspace/build/groundedsam2/install.log --single-version-externally-managed install_data
